[2018-04-08 18:59:09,143 INFO root] Taurus CLI Tool v1.11.0
[2018-04-08 18:59:09,143 DEBUG root] Command-line options: {'verbose': None, 'no_system_configs': None, 'quiet': None, 'log': '/var/folders/db/22vnvx8j4xz2xw6yvkfbmkr80000gn/T/bzt_zI6nh9.log', 'option': None, 'aliases': []}
[2018-04-08 18:59:09,143 DEBUG root] Python: CPython 2.7.12
[2018-04-08 18:59:09,143 DEBUG root] OS: ('Darwin', 'MacBook-Pro-de-Sergio-2.local', '17.5.0', 'Darwin Kernel Version 17.5.0: Mon Mar  5 22:24:32 PST 2018; root:xnu-4570.51.1~1/RELEASE_X86_64', 'x86_64', 'i386')
[2018-04-08 18:59:09,144 INFO root] Starting with configs: ['Test-Easytravel.yml', 'bzm-report-easytravel-demo.yml']
[2018-04-08 18:59:09,144 DEBUG root] Using personal config: /Users/sergiomaurenzi/.bzt-rc
[2018-04-08 18:59:09,144 INFO Engine] Configuring...
[2018-04-08 18:59:09,144 DEBUG Engine] Reading extension configs from: /usr/local/etc/bzt.d
[2018-04-08 18:59:09,145 DEBUG Engine] Base configs list: ['/usr/local/lib/python2.7/site-packages/bzt/resources/base-config.yml', '/usr/local/etc/bzt.d/99-installID.yml']
[2018-04-08 18:59:09,145 DEBUG Engine.Configuration] Configs: ['/usr/local/lib/python2.7/site-packages/bzt/resources/base-config.yml', '/usr/local/etc/bzt.d/99-installID.yml']
[2018-04-08 18:59:09,146 DEBUG Engine.Configuration] Reading /usr/local/lib/python2.7/site-packages/bzt/resources/base-config.yml as YAML
[2018-04-08 18:59:09,177 DEBUG Engine.Configuration] Reading /usr/local/etc/bzt.d/99-installID.yml as YAML
[2018-04-08 18:59:09,177 DEBUG Engine] User configs list: ['/Users/sergiomaurenzi/.bzt-rc', 'Test-Easytravel.yml', 'bzm-report-easytravel-demo.yml']
[2018-04-08 18:59:09,177 DEBUG Engine.Configuration] Configs: ['/Users/sergiomaurenzi/.bzt-rc', 'Test-Easytravel.yml', 'bzm-report-easytravel-demo.yml']
[2018-04-08 18:59:09,179 DEBUG Engine.Configuration] Reading /Users/sergiomaurenzi/.bzt-rc as YAML
[2018-04-08 18:59:09,188 DEBUG Engine.Configuration] Reading Test-Easytravel.yml as YAML
[2018-04-08 18:59:09,265 DEBUG Engine.Configuration] Reading bzm-report-easytravel-demo.yml as YAML
[2018-04-08 18:59:09,267 DEBUG Engine.Configuration] Configs: ['/Users/sergiomaurenzi/.bzt-rc', 'Test-Easytravel.yml', 'bzm-report-easytravel-demo.yml']
[2018-04-08 18:59:09,268 DEBUG Engine.Configuration] Reading /Users/sergiomaurenzi/.bzt-rc as YAML
[2018-04-08 18:59:09,273 DEBUG Engine.Configuration] Reading Test-Easytravel.yml as YAML
[2018-04-08 18:59:09,346 DEBUG Engine.Configuration] Reading bzm-report-easytravel-demo.yml as YAML
[2018-04-08 18:59:09,358 DEBUG Engine] Requesting updates info: http://gettaurus.org/updates/?version=1.11.0&installID=a45e60ee260f
[2018-04-08 18:59:09,364 INFO Engine] Artifacts dir: /Users/sergiomaurenzi/Documents/GitHub/Taurus-Jenkins-ServiceNow-demo/2018-04-08_18-59-09.359010
[2018-04-08 18:59:09,364 DEBUG Engine] New artifact filename: /Users/sergiomaurenzi/Documents/GitHub/Taurus-Jenkins-ServiceNow-demo/2018-04-08_18-59-09.359010/effective
[2018-04-08 18:59:09,368 DEBUG Engine.Configuration] Dumping YAML config into /Users/sergiomaurenzi/Documents/GitHub/Taurus-Jenkins-ServiceNow-demo/2018-04-08_18-59-09.359010/effective.yml
[2018-04-08 18:59:09,482 DEBUG Engine.Configuration] Dumping JSON config into /Users/sergiomaurenzi/Documents/GitHub/Taurus-Jenkins-ServiceNow-demo/2018-04-08_18-59-09.359010/effective.json
[2018-04-08 18:59:09,486 DEBUG Engine] New artifact filename: /Users/sergiomaurenzi/Documents/GitHub/Taurus-Jenkins-ServiceNow-demo/2018-04-08_18-59-09.359010/merged.yml
[2018-04-08 18:59:09,488 DEBUG Engine.Configuration] Dumping YAML config into /Users/sergiomaurenzi/Documents/GitHub/Taurus-Jenkins-ServiceNow-demo/2018-04-08_18-59-09.359010/merged.yml
[2018-04-08 18:59:09,581 DEBUG Engine] New artifact filename: /Users/sergiomaurenzi/Documents/GitHub/Taurus-Jenkins-ServiceNow-demo/2018-04-08_18-59-09.359010/merged.json
[2018-04-08 18:59:09,582 DEBUG Engine.Configuration] Dumping JSON config into /Users/sergiomaurenzi/Documents/GitHub/Taurus-Jenkins-ServiceNow-demo/2018-04-08_18-59-09.359010/merged.json
[2018-04-08 18:59:09,586 DEBUG Engine] Add existing artifact (move=False): Test-Easytravel.yml
[2018-04-08 18:59:09,586 DEBUG Engine] Copying Test-Easytravel.yml to /Users/sergiomaurenzi/Documents/GitHub/Taurus-Jenkins-ServiceNow-demo/2018-04-08_18-59-09.359010/Test-Easytravel.yml
[2018-04-08 18:59:09,587 DEBUG Engine] Add existing artifact (move=False): bzm-report-easytravel-demo.yml
[2018-04-08 18:59:09,587 DEBUG Engine] Copying bzm-report-easytravel-demo.yml to /Users/sergiomaurenzi/Documents/GitHub/Taurus-Jenkins-ServiceNow-demo/2018-04-08_18-59-09.359010/bzm-report-easytravel-demo.yml
[2018-04-08 18:59:09,588 DEBUG root] Closing log handler: /var/folders/db/22vnvx8j4xz2xw6yvkfbmkr80000gn/T/bzt_zI6nh9.log
[2018-04-08 18:59:09,590 DEBUG root] Switched writing logs to /Users/sergiomaurenzi/Documents/GitHub/Taurus-Jenkins-ServiceNow-demo/2018-04-08_18-59-09.359010/bzt.log
[2018-04-08 18:59:09,590 DEBUG root] Linting config
[2018-04-08 18:59:09,594 WARNING root] at path 'execution': 'execution' should be a list
[2018-04-08 18:59:09,594 INFO Engine] Preparing...
[2018-04-08 18:59:09,594 DEBUG Engine] Module config: consolidator defaultdict(None, {'class': 'bzt.modules.aggregator.ConsolidatingAggregator'})
[2018-04-08 18:59:09,595 DEBUG root] Importing module: bzt.modules.aggregator
[2018-04-08 18:59:10,089 DEBUG root] Loading class: 'ConsolidatingAggregator' from <module 'bzt.modules.aggregator' from '/usr/local/lib/python2.7/site-packages/bzt/modules/aggregator.pyc'>
[2018-04-08 18:59:10,090 DEBUG Engine.consolidator] Buffer scaling setup: percentile 95.0 from [0.0, 50.0, 90.0, 95.0, 99.0, 99.9, 100.0] selected
[2018-04-08 18:59:10,090 DEBUG Engine] Module config: monitoring defaultdict(None, {'class': 'bzt.modules.monitoring.Monitoring'})
[2018-04-08 18:59:10,090 DEBUG root] Importing module: bzt.modules.monitoring
[2018-04-08 18:59:10,092 DEBUG root] Loading class: 'Monitoring' from <module 'bzt.modules.monitoring' from '/usr/local/lib/python2.7/site-packages/bzt/modules/monitoring.pyc'>
[2018-04-08 18:59:10,092 DEBUG Engine] Module config: passfail defaultdict(None, {'class': 'bzt.modules.passfail.PassFailStatus'})
[2018-04-08 18:59:10,093 DEBUG root] Importing module: bzt.modules.passfail
[2018-04-08 18:59:10,093 DEBUG root] Loading class: 'PassFailStatus' from <module 'bzt.modules.passfail' from '/usr/local/lib/python2.7/site-packages/bzt/modules/passfail.pyc'>
[2018-04-08 18:59:10,094 DEBUG root] Importing module: bzt.modules.passfail
[2018-04-08 18:59:10,095 DEBUG root] Loading class: 'DataCriterion' from <module 'bzt.modules.passfail' from '/usr/local/lib/python2.7/site-packages/bzt/modules/passfail.pyc'>
[2018-04-08 18:59:10,095 DEBUG root] Importing module: bzt.modules.passfail
[2018-04-08 18:59:10,095 DEBUG root] Loading class: 'DataCriterion' from <module 'bzt.modules.passfail' from '/usr/local/lib/python2.7/site-packages/bzt/modules/passfail.pyc'>
[2018-04-08 18:59:10,095 DEBUG Engine] Module config: local defaultdict(None, {'class': 'bzt.modules.provisioning.Local'})
[2018-04-08 18:59:10,095 DEBUG root] Importing module: bzt.modules.provisioning
[2018-04-08 18:59:10,095 DEBUG root] Loading class: 'Local' from <module 'bzt.modules.provisioning' from '/usr/local/lib/python2.7/site-packages/bzt/modules/provisioning.pyc'>
[2018-04-08 18:59:10,096 DEBUG Engine] Module config: jmeter defaultdict(None, {'properties': defaultdict(None, {'jmeter.save.saveservice.autoflush': 'true', 'jmeter.save.saveservice.connect_time': 'true', 'summariser.name': '', 'jmeterengine.force.system.exit': 'true'}), 'class': 'bzt.modules.jmeter.JMeterExecutor', 'plugins': ['jpgc-casutg', 'jpgc-dummy', 'jpgc-ffw', 'jpgc-fifo', 'jpgc-functions', 'jpgc-json', 'jpgc-perfmon', 'jpgc-prmctl', 'jpgc-tst']})
[2018-04-08 18:59:10,096 DEBUG root] Importing module: bzt.modules.jmeter
[2018-04-08 18:59:10,169 DEBUG root] Loading class: 'JMeterExecutor' from <module 'bzt.modules.jmeter' from '/usr/local/lib/python2.7/site-packages/bzt/modules/jmeter.pyc'>
[2018-04-08 18:59:10,169 DEBUG Engine.local] Preparing executor: None/4396805648
[2018-04-08 18:59:10,170 DEBUG Engine] New artifact filename: /Users/sergiomaurenzi/Documents/GitHub/Taurus-Jenkins-ServiceNow-demo/2018-04-08_18-59-09.359010/jmeter.log
[2018-04-08 18:59:10,170 DEBUG Engine.jmeter] Checking if port 4445 is free
[2018-04-08 18:59:10,170 DEBUG Engine.jmeter] Port 4445 is free
[2018-04-08 18:59:10,170 DEBUG Engine.jmeter] Using port 4445 for management
[2018-04-08 18:59:10,171 DEBUG Engine.jmeter.JavaVM] Trying JavaVM: ['java', '-version']
[2018-04-08 18:59:10,343 DEBUG Engine.jmeter.JavaVM] JavaVM output: java version "1.8.0_91"
Java(TM) SE Runtime Environment (build 1.8.0_91-b14)
Java HotSpot(TM) 64-Bit Server VM (build 25.91-b14, mixed mode)
[2018-04-08 18:59:10,343 DEBUG Engine.jmeter.TclLibrary] We don't need to check tcl library on this platform
[2018-04-08 18:59:10,343 DEBUG Engine.jmeter.JMeter] Trying jmeter: /Users/sergiomaurenzi/.bzt/jmeter-taurus/4.0/bin/jmeter.sh
[2018-04-08 18:59:10,344 DEBUG bzt.utils] Executing shell: ['/Users/sergiomaurenzi/.bzt/jmeter-taurus/4.0/bin/jmeter.sh', '-j', '/var/folders/db/22vnvx8j4xz2xw6yvkfbmkr80000gn/T/jmeter64Gj1Blog', '--version'] at .
[2018-04-08 18:59:10,451 DEBUG Engine] Taurus updates info: {"latest":"1.11.0","needsUpgrade":false}
[2018-04-08 18:59:10,451 DEBUG Engine] Installation is up-to-date
[2018-04-08 18:59:11,985 DEBUG Engine.jmeter.JMeter] JMeter check:     _    ____   _    ____ _   _ _____       _ __  __ _____ _____ _____ ____     
   / \  |  _ \ / \  / ___| | | | ____|     | |  \/  | ____|_   _| ____|  _ \   
  / _ \ | |_) / _ \| |   | |_| |  _|    _  | | |\/| |  _|   | | |  _| | |_) | 
 / ___ \|  __/ ___ \ |___|  _  | |___  | |_| | |  | | |___  | | | |___|  _ <  
/_/   \_\_| /_/   \_\____|_| |_|_____|  \___/|_|  |_|_____| |_| |_____|_| \_\ 4.0 r1823414  

Copyright (c) 1999-2018 The Apache Software Foundation

 / None
[2018-04-08 18:59:11,986 DEBUG Engine] New artifact filename: /Users/sergiomaurenzi/Documents/GitHub/Taurus-Jenkins-ServiceNow-demo/2018-04-08_18-59-09.359010/requests.jmx
[2018-04-08 18:59:11,995 DEBUG JMeterScenarioBuilder] Saving JMX to: /Users/sergiomaurenzi/Documents/GitHub/Taurus-Jenkins-ServiceNow-demo/2018-04-08_18-59-09.359010/requests.jmx
[2018-04-08 18:59:11,997 DEBUG Engine.jmeter] Load: LoadSpec(concurrency=20, throughput=None, ramp_up=60.0, hold=300.0, iterations=0, duration=360.0, steps=None)
[2018-04-08 18:59:12,004 DEBUG Engine] New artifact filename: /Users/sergiomaurenzi/Documents/GitHub/Taurus-Jenkins-ServiceNow-demo/2018-04-08_18-59-09.359010/kpi.jtl
[2018-04-08 18:59:12,005 DEBUG Engine] New artifact filename: /Users/sergiomaurenzi/Documents/GitHub/Taurus-Jenkins-ServiceNow-demo/2018-04-08_18-59-09.359010/error.jtl
[2018-04-08 18:59:12,008 DEBUG Engine.jmeter.LoadSettingsProcessor.ThreadGroupHandler] Converting ThreadGroup (Test-Easytravel) to ConcurrencyThreadGroup and apply load parameters
[2018-04-08 18:59:12,008 DEBUG Engine] New artifact filename: /Users/sergiomaurenzi/Documents/GitHub/Taurus-Jenkins-ServiceNow-demo/2018-04-08_18-59-09.359010/modified_requests.jmx
[2018-04-08 18:59:12,008 DEBUG JMX] Saving JMX to: /Users/sergiomaurenzi/Documents/GitHub/Taurus-Jenkins-ServiceNow-demo/2018-04-08_18-59-09.359010/modified_requests.jmx
[2018-04-08 18:59:12,009 DEBUG Engine.jmeter] Additional properties: defaultdict(None, {'jmeter.save.saveservice.autoflush': 'true', 'jmeter.save.saveservice.connect_time': 'true', 'user.classpath': '/Users/sergiomaurenzi/Documents/GitHub/Taurus-Jenkins-ServiceNow-demo/2018-04-08_18-59-09.359010:/Users/sergiomaurenzi/Documents/GitHub/Taurus-Jenkins-ServiceNow-demo/2018-04-08_18-59-09.359010', 'sampleresult.default.encoding': 'UTF-8', 'summariser.name': '', 'jmeterengine.force.system.exit': 'true', 'jmeter.save.saveservice.timestamp_format': 'ms', 'jmeterengine.nongui.maxport': 4445, 'jmeterengine.nongui.port': 4445})
[2018-04-08 18:59:12,009 DEBUG Engine] New artifact filename: /Users/sergiomaurenzi/Documents/GitHub/Taurus-Jenkins-ServiceNow-demo/2018-04-08_18-59-09.359010/jmeter-bzt.properties
[2018-04-08 18:59:12,009 DEBUG Engine.jmeter] Additional system properties defaultdict(None, {'sun.net.inetaddr.ttl': 0})
[2018-04-08 18:59:12,010 DEBUG Engine] New artifact filename: /Users/sergiomaurenzi/Documents/GitHub/Taurus-Jenkins-ServiceNow-demo/2018-04-08_18-59-09.359010/system.properties
[2018-04-08 18:59:12,010 DEBUG bzt.utils] Executing shell: ['/Users/sergiomaurenzi/.bzt/jmeter-taurus/4.0/bin/PluginsManagerCMD.sh', 'install-for-jmx', '/Users/sergiomaurenzi/Documents/GitHub/Taurus-Jenkins-ServiceNow-demo/2018-04-08_18-59-09.359010/modified_requests.jmx'] at .
[2018-04-08 18:59:22,004 DEBUG Engine.jmeter.JMeter] Try to detect plugins for /Users/sergiomaurenzi/Documents/GitHub/Taurus-Jenkins-ServiceNow-demo/2018-04-08_18-59-09.359010/modified_requests.jmx
18:59:20.890 [main] INFO  org.jmeterplugins.repository.PluginManager - Plugins Status: [jpgc-functions=2.0, jpgc-casutg=2.5, jpgc-dummy=0.2, jpgc-ffw=2.0, jpgc-fifo=0.2, jpgc-json=2.6, jpgc-prmctl=0.3, jpgc-perfmon=2.1, jpgc-plugins-manager=0.20, jpgc-tst=2.3, jmeter-core=4.0, jmeter-ftp=4.0, jmeter-http=4.0, jmeter-jdbc=4.0, jmeter-jms=4.0, jmeter-junit=4.0, jmeter-java=4.0, jmeter-ldap=4.0, jmeter-mail=4.0, jmeter-mongodb=4.0, jmeter-native=4.0, jmeter-tcp=4.0, jmeter-components=4.0]
2018-04-08 18:59:20,890 INFO o.j.r.PluginManager: Plugins Status: [jpgc-functions=2.0, jpgc-casutg=2.5, jpgc-dummy=0.2, jpgc-ffw=2.0, jpgc-fifo=0.2, jpgc-json=2.6, jpgc-prmctl=0.3, jpgc-perfmon=2.1, jpgc-plugins-manager=0.20, jpgc-tst=2.3, jmeter-core=4.0, jmeter-ftp=4.0, jmeter-http=4.0, jmeter-jdbc=4.0, jmeter-jms=4.0, jmeter-junit=4.0, jmeter-java=4.0, jmeter-ldap=4.0, jmeter-mail=4.0, jmeter-mongodb=4.0, jmeter-native=4.0, jmeter-tcp=4.0, jmeter-components=4.0]
18:59:21.387 [main] INFO  org.apache.jmeter.save.SaveService - Testplan (JMX) version: 2.2. Testlog (JTL) version: 2.2
2018-04-08 18:59:21,387 INFO o.a.j.s.SaveService: Testplan (JMX) version: 2.2. Testlog (JTL) version: 2.2
18:59:21.406 [main] INFO  org.apache.jmeter.save.SaveService - Using SaveService properties file encoding UTF-8
2018-04-08 18:59:21,406 INFO o.a.j.s.SaveService: Using SaveService properties file encoding UTF-8
18:59:21.412 [main] INFO  org.apache.jmeter.save.SaveService - Using SaveService properties version 4.0
2018-04-08 18:59:21,412 INFO o.a.j.s.SaveService: Using SaveService properties version 4.0
18:59:21.456 [main] INFO  org.apache.jmeter.protocol.http.control.CacheManager - Will only cache the following methods: [GET]
2018-04-08 18:59:21,456 INFO o.a.j.p.h.c.CacheManager: Will only cache the following methods: [GET]
18:59:21.460 [main] INFO  org.apache.jmeter.protocol.http.control.CookieManager - Settings: Delete null: true Check: true Allow variable: true Save: false Prefix: COOKIE_
2018-04-08 18:59:21,460 INFO o.a.j.p.h.c.CookieManager: Settings: Delete null: true Check: true Allow variable: true Save: false Prefix: COOKIE_
18:59:21.562 [main] INFO  org.jmeterplugins.repository.PluginManager - Restarting JMeter...
2018-04-08 18:59:21,562 INFO o.j.r.PluginManager: Restarting JMeter...

ERROR StatusLogger No log4j2 configuration file found. Using default configuration: logging only errors to the console. Set system property 'log4j2.debug' to show Log4j2 internal initialization logging.

[2018-04-08 18:59:27,006 DEBUG Engine] New artifact filename: /Users/sergiomaurenzi/Documents/GitHub/Taurus-Jenkins-ServiceNow-demo/2018-04-08_18-59-09.359010/jmeter.out
[2018-04-08 18:59:27,006 DEBUG Engine] New artifact filename: /Users/sergiomaurenzi/Documents/GitHub/Taurus-Jenkins-ServiceNow-demo/2018-04-08_18-59-09.359010/jmeter.err
[2018-04-08 18:59:27,011 DEBUG Engine] Module config: final-stats defaultdict(None, {'class': 'bzt.modules.reporting.FinalStatus'})
[2018-04-08 18:59:27,011 DEBUG root] Importing module: bzt.modules.reporting
[2018-04-08 18:59:27,259 DEBUG easyprocess] version=0.2.3
[2018-04-08 18:59:27,269 DEBUG pyvirtualdisplay] version=0.2.1
[2018-04-08 18:59:27,271 DEBUG root] Loading class: 'FinalStatus' from <module 'bzt.modules.reporting' from '/usr/local/lib/python2.7/site-packages/bzt/modules/reporting.pyc'>
[2018-04-08 18:59:27,272 DEBUG Engine] Module config: console defaultdict(None, {'class': 'bzt.modules.console.ConsoleStatusReporter'})
[2018-04-08 18:59:27,272 DEBUG root] Importing module: bzt.modules.console
[2018-04-08 18:59:27,272 DEBUG root] Loading class: 'ConsoleStatusReporter' from <module 'bzt.modules.console' from '/usr/local/lib/python2.7/site-packages/bzt/modules/console.pyc'>
[2018-04-08 18:59:27,272 DEBUG Engine] Module config: junit-xml defaultdict(None, {'class': 'bzt.modules.reporting.JUnitXMLReporter'})
[2018-04-08 18:59:27,272 DEBUG root] Importing module: bzt.modules.reporting
[2018-04-08 18:59:27,273 DEBUG root] Loading class: 'JUnitXMLReporter' from <module 'bzt.modules.reporting' from '/usr/local/lib/python2.7/site-packages/bzt/modules/reporting.pyc'>
[2018-04-08 18:59:27,273 DEBUG Engine] Module config: blazemeter defaultdict(None, {'token': '********', 'class': 'bzt.modules.blazemeter.BlazeMeterUploader'})
[2018-04-08 18:59:27,273 DEBUG root] Importing module: bzt.modules.blazemeter
[2018-04-08 18:59:27,273 DEBUG root] Loading class: 'BlazeMeterUploader' from <module 'bzt.modules.blazemeter' from '/usr/local/lib/python2.7/site-packages/bzt/modules/blazemeter.pyc'>
[2018-04-08 18:59:27,281 DEBUG User] Request: GET https://a.blazemeter.com/api/v4/web/version None
[2018-04-08 18:59:27,344 DEBUG urllib3.connectionpool] Starting new HTTPS connection (1): a.blazemeter.com
[2018-04-08 18:59:28,360 DEBUG urllib3.connectionpool] https://a.blazemeter.com:443 "GET /api/v4/web/version HTTP/1.1" 200 198
[2018-04-08 18:59:28,362 DEBUG User] Response [200]: {
    "api_version": 4,
    "error": null,
    "result": "packages_backendPackageBuild 10844 release/2018-04-02_92 B10844  Sun Apr 8 17:00:37 2018 +0300 af26941fa9dcd0131574ef71f62d84bf229295a6\n"
}
[2018-04-08 18:59:28,363 DEBUG User] Request: GET https://a.blazemeter.com/api/v4/accounts None
[2018-04-08 18:59:28,667 DEBUG urllib3.connectionpool] https://a.blazemeter.com:443 "GET /api/v4/accounts HTTP/1.1" 200 983
[2018-04-08 18:59:28,668 DEBUG User] Response [200]: {
    "limit": 10,
    "skip": 0,
    "total": 1,
    "hidden": 0,
    "api_version": 4,
    "error": null,
    "result": [
        {
            "id": 163653,
            "name": "Sergio@Performen.com.ar Account",
            "thumbnailUrl": "",
         
[2018-04-08 18:59:28,669 DEBUG User] Request: GET https://a.blazemeter.com/api/v4/workspaces?accountId=163653&enabled=true&limit=100 None
[2018-04-08 18:59:29,017 DEBUG urllib3.connectionpool] https://a.blazemeter.com:443 "GET /api/v4/workspaces?accountId=163653&enabled=true&limit=100 HTTP/1.1" 200 817
[2018-04-08 18:59:29,018 DEBUG User] Response [200]: {
    "limit": 100,
    "skip": 0,
    "total": 1,
    "hidden": 0,
    "api_version": 4,
    "error": null,
    "result": [
        {
            "id": 157232,
            "name": "Default workspace",
            "userId": 379105,
            "created": 1
[2018-04-08 18:59:29,019 DEBUG User] Request: GET https://a.blazemeter.com/api/v4/projects?workspaceId=157232&name=Default None
[2018-04-08 18:59:29,354 DEBUG urllib3.connectionpool] https://a.blazemeter.com:443 "GET /api/v4/projects?workspaceId=157232&name=Default HTTP/1.1" 200 686
[2018-04-08 18:59:29,355 DEBUG User] Response [200]: {
    "limit": 10,
    "skip": 0,
    "total": 2,
    "hidden": 0,
    "api_version": 4,
    "error": null,
    "result": [
        {
            "id": 270298,
            "name": "Default",
            "userId": 379105,
            "description": null,
  
[2018-04-08 18:59:29,356 DEBUG User] Request: GET https://a.blazemeter.com/api/v4/tests?projectId=270298&name=Test-Easytravel.yml None
[2018-04-08 18:59:29,720 DEBUG urllib3.connectionpool] https://a.blazemeter.com:443 "GET /api/v4/tests?projectId=270298&name=Test-Easytravel.yml HTTP/1.1" 200 593
[2018-04-08 18:59:29,721 DEBUG User] Response [200]: {
    "limit": 10,
    "skip": 0,
    "total": 1,
    "hidden": 0,
    "api_version": 4,
    "error": null,
    "result": [
        {
            "id": 6013956,
            "name": "Test-Easytravel.yml",
            "userId": 379105,
            "created":
[2018-04-08 18:59:29,728 DEBUG Engine.Configuration] Dumping YAML config into /Users/sergiomaurenzi/Documents/GitHub/Taurus-Jenkins-ServiceNow-demo/2018-04-08_18-59-09.359010/effective.yml
[2018-04-08 18:59:29,841 DEBUG Engine.Configuration] Dumping JSON config into /Users/sergiomaurenzi/Documents/GitHub/Taurus-Jenkins-ServiceNow-demo/2018-04-08_18-59-09.359010/effective.json
[2018-04-08 18:59:29,846 INFO Engine] Starting...
[2018-04-08 18:59:29,846 DEBUG Engine] Startup <bzt.modules.monitoring.Monitoring object at 0x104ffead0>
[2018-04-08 18:59:29,846 DEBUG Engine] Startup <bzt.modules.passfail.PassFailStatus object at 0x1060e7a90>
[2018-04-08 18:59:29,847 DEBUG Engine] Startup <bzt.modules.aggregator.ConsolidatingAggregator object at 0x104ffe490>
[2018-04-08 18:59:29,847 DEBUG Engine] Startup <bzt.modules.reporting.FinalStatus object at 0x106266e50>
[2018-04-08 18:59:29,847 DEBUG Engine] Startup <bzt.modules.console.ConsoleStatusReporter object at 0x106266f10>
[2018-04-08 18:59:29,847 INFO Engine.console] Waiting for results...
[2018-04-08 18:59:29,847 DEBUG Engine] Startup <bzt.modules.reporting.JUnitXMLReporter object at 0x104fba910>
[2018-04-08 18:59:29,847 DEBUG Engine] Startup <bzt.modules.blazemeter.BlazeMeterUploader object at 0x1065b2b10>
[2018-04-08 18:59:29,847 INFO Engine.blazemeter] Initiating data feeding...
[2018-04-08 18:59:29,847 DEBUG User] Request: POST https://a.blazemeter.com/api/v4/tests/6013956/start-external None
[2018-04-08 18:59:30,197 DEBUG urllib3.connectionpool] https://a.blazemeter.com:443 "POST /api/v4/tests/6013956/start-external HTTP/1.1" 202 1618
[2018-04-08 18:59:30,198 DEBUG User] Response [202]: {
    "api_version": 4,
    "error": null,
    "result": {
        "session": {
            "id": "r-ext-5aca90c20914a",
            "name": "Test-Easytravel.yml",
            "userId": 379105,
            "offset": 0,
            "statusCode": 15,
       
[2018-04-08 18:59:30,199 DEBUG User] Request: PATCH https://a.blazemeter.com/api/v4/sessions/r-ext-5aca90c20914a {
 "name": "Easytravel-LoadTest-Demo"
}
[2018-04-08 18:59:30,528 DEBUG urllib3.connectionpool] https://a.blazemeter.com:443 "PATCH /api/v4/sessions/r-ext-5aca90c20914a HTTP/1.1" 200 871
[2018-04-08 18:59:30,529 DEBUG User] Response [200]: {
    "api_version": 4,
    "error": null,
    "result": {
        "id": "r-ext-5aca90c20914a",
        "name": "Easytravel-LoadTest-Demo",
        "userId": 379105,
        "offset": 0,
        "statusCode": 15,
        "status": "INITIALIZING",
        "
[2018-04-08 18:59:30,529 INFO Engine.blazemeter] Started data feeding: https://a.blazemeter.com/app/#/masters/17472473
[2018-04-08 18:59:30,717 DEBUG Engine] Startup <bzt.modules.provisioning.Local object at 0x104b66450>
[2018-04-08 18:59:30,717 DEBUG Engine.local] Delay setup for None/Test-Easytravel: 0(start-at) + 0(delay) = 0
[2018-04-08 18:59:30,727 DEBUG Engine.Configuration] Dumping YAML config into /Users/sergiomaurenzi/Documents/GitHub/Taurus-Jenkins-ServiceNow-demo/2018-04-08_18-59-09.359010/effective.yml
[2018-04-08 18:59:30,990 DEBUG Engine.Configuration] Dumping JSON config into /Users/sergiomaurenzi/Documents/GitHub/Taurus-Jenkins-ServiceNow-demo/2018-04-08_18-59-09.359010/effective.json
[2018-04-08 18:59:30,995 DEBUG root] Leveling down log file verbosity, use -v option to have DEBUG messages enabled
[2018-04-08 18:59:30,995 DEBUG root] Leveled up log file verbosity
[2018-04-08 18:59:30,996 DEBUG bzt.utils] Executing shell: ['/Users/sergiomaurenzi/.bzt/jmeter-taurus/4.0/bin/jmeter.sh', '-n', '-t', '/Users/sergiomaurenzi/Documents/GitHub/Taurus-Jenkins-ServiceNow-demo/2018-04-08_18-59-09.359010/modified_requests.jmx', '-j', '/Users/sergiomaurenzi/Documents/GitHub/Taurus-Jenkins-ServiceNow-demo/2018-04-08_18-59-09.359010/jmeter.log', '-q', '/Users/sergiomaurenzi/Documents/GitHub/Taurus-Jenkins-ServiceNow-demo/2018-04-08_18-59-09.359010/jmeter-bzt.properties', '-S', '/Users/sergiomaurenzi/Documents/GitHub/Taurus-Jenkins-ServiceNow-demo/2018-04-08_18-59-09.359010/system.properties'] at /Users/sergiomaurenzi/Documents/GitHub/Taurus-Jenkins-ServiceNow-demo
[2018-04-08 18:59:31,006 DEBUG root] Leveling down log file verbosity, use -v option to have DEBUG messages enabled
[2018-04-08 18:59:31,244 INFO Engine.console] Waiting for finish...
[2018-04-08 18:59:45,751 INFO Engine.jmeter.JTLReader] Changed data analysis delay to 17s
[2018-04-08 19:00:04,582 WARNING root] Alert: avg-rt>50ms for 10 sec
[2018-04-08 19:00:04,619 INFO root] Pass/Fail criterion triggered shutdown: Failed: avg-rt>50ms for 10 sec
[2018-04-08 19:00:04,653 WARNING Engine] Please wait for graceful shutdown...
[2018-04-08 19:00:04,662 DEBUG root] Leveled up log file verbosity
[2018-04-08 19:00:04,662 INFO Engine] Shutting down...
[2018-04-08 19:00:04,671 DEBUG Engine] Current stop reason: Failed: avg-rt>50ms for 10 sec
[2018-04-08 19:00:04,672 DEBUG Engine.local] Shutdown None/Test-Easytravel
[2018-04-08 19:00:05,675 INFO Engine.jmeter] Sending Shutdown command to JMeter on port 4445...
[2018-04-08 19:00:06,695 DEBUG Engine.jmeter] JMeter stopped on Shutdown command
[2018-04-08 19:00:06,696 DEBUG Engine.console] Restoring logging streams, [<logging.StreamHandler object at 0x104b5fa50>]/{<logging.StreamHandler object at 0x104b5fa50>: <open file '<stdout>', mode 'w' at 0x103861150>}
[2018-04-08 19:00:06,701 DEBUG Engine.Configuration] Dumping YAML config into /Users/sergiomaurenzi/Documents/GitHub/Taurus-Jenkins-ServiceNow-demo/2018-04-08_18-59-09.359010/effective.yml
[2018-04-08 19:00:06,819 DEBUG Engine.Configuration] Dumping JSON config into /Users/sergiomaurenzi/Documents/GitHub/Taurus-Jenkins-ServiceNow-demo/2018-04-08_18-59-09.359010/effective.json
[2018-04-08 19:00:06,824 WARNING root] Automated shutdown
[2018-04-08 19:00:06,826 DEBUG root] AutomatedShutdown: Failed: avg-rt>50ms for 10 sec
Traceback (most recent call last):
  File "/usr/local/lib/python2.7/site-packages/bzt/cli.py", line 250, in perform
    self.engine.run()
  File "/usr/local/lib/python2.7/site-packages/bzt/engine.py", line 219, in run
    reraise(exc_info)
  File "/usr/local/lib/python2.7/site-packages/bzt/engine.py", line 201, in run
    self._wait()
  File "/usr/local/lib/python2.7/site-packages/bzt/engine.py", line 240, in _wait
    while not self._check_modules_list():
  File "/usr/local/lib/python2.7/site-packages/bzt/engine.py", line 227, in _check_modules_list
    finished = bool(module.check())
  File "/usr/local/lib/python2.7/site-packages/bzt/modules/passfail.py", line 96, in check
    res = res or crit.check()
  File "/usr/local/lib/python2.7/site-packages/bzt/modules/passfail.py", line 202, in check
    raise AutomatedShutdown("%s" % self)
AutomatedShutdown: Failed: avg-rt>50ms for 10 sec
[2018-04-08 19:00:06,826 INFO Engine] Post-processing...
[2018-04-08 19:00:06,826 DEBUG Engine.local] Post-process None/Test-Easytravel
[2018-04-08 19:00:06,826 DEBUG Engine] Add existing artifact (move=True): /Users/sergiomaurenzi/Documents/GitHub/Taurus-Jenkins-ServiceNow-demo/2018-04-08_18-59-09.359010/modified_requests.jmx
[2018-04-08 19:00:06,826 DEBUG Engine] No need to copy /Users/sergiomaurenzi/Documents/GitHub/Taurus-Jenkins-ServiceNow-demo/2018-04-08_18-59-09.359010/modified_requests.jmx
[2018-04-08 19:00:06,827 DEBUG Engine.jmeter.JTLErrorsReader.FileReader] Opening file: /Users/sergiomaurenzi/Documents/GitHub/Taurus-Jenkins-ServiceNow-demo/2018-04-08_18-59-09.359010/error.jtl
[2018-04-08 19:00:06,828 DEBUG Engine.jmeter.JTLErrorsReader.FileReader] Reading: /Users/sergiomaurenzi/Documents/GitHub/Taurus-Jenkins-ServiceNow-demo/2018-04-08_18-59-09.359010/error.jtl
[2018-04-08 19:00:06,830 DEBUG Engine.jmeter.JTLErrorsReader.FileReader] Reading: /Users/sergiomaurenzi/Documents/GitHub/Taurus-Jenkins-ServiceNow-demo/2018-04-08_18-59-09.359010/error.jtl
[2018-04-08 19:00:06,830 DEBUG Engine.jmeter.JTLReader.IncrementalCSVReader.FileReader] Reading: /Users/sergiomaurenzi/Documents/GitHub/Taurus-Jenkins-ServiceNow-demo/2018-04-08_18-59-09.359010/kpi.jtl
[2018-04-08 19:00:06,830 DEBUG Engine.jmeter.JTLReader.IncrementalCSVReader] Read: 6 lines / 1341 bytes (at speed 1048576)
[2018-04-08 19:00:06,830 DEBUG Engine.jmeter.JTLReader] Buffer len: 13
[2018-04-08 19:00:06,831 DEBUG Engine.jmeter.JTLReader] Aggregating: 1523224787
[2018-04-08 19:00:06,859 DEBUG Engine.jmeter.JTLReader] Aggregating: 1523224789
[2018-04-08 19:00:06,898 DEBUG Engine.jmeter.JTLReader] Aggregating: 1523224790
[2018-04-08 19:00:06,929 DEBUG Engine.jmeter.JTLReader] Aggregating: 1523224792
[2018-04-08 19:00:06,948 DEBUG Engine.jmeter.JTLReader] Aggregating: 1523224793
[2018-04-08 19:00:06,984 DEBUG Engine.jmeter.JTLReader] Aggregating: 1523224796
[2018-04-08 19:00:07,018 DEBUG Engine.jmeter.JTLReader] Aggregating: 1523224797
[2018-04-08 19:00:07,039 DEBUG Engine.jmeter.JTLReader] Aggregating: 1523224798
[2018-04-08 19:00:07,059 DEBUG Engine.jmeter.JTLReader] Aggregating: 1523224799
[2018-04-08 19:00:07,087 DEBUG Engine.jmeter.JTLReader] Aggregating: 1523224801
[2018-04-08 19:00:07,109 DEBUG Engine.jmeter.JTLReader] Aggregating: 1523224802
[2018-04-08 19:00:07,138 DEBUG Engine.jmeter.JTLReader] Aggregating: 1523224803
[2018-04-08 19:00:07,166 DEBUG Engine.jmeter.JTLReader] Aggregating: 1523224804
[2018-04-08 19:00:07,196 DEBUG Engine.consolidator] Consolidator buffer[14]: [1523224801, 1523224802, 1523224803, 1523224804, 1523224786, 1523224787, 1523224789, 1523224790, 1523224792, 1523224793, 1523224796, 1523224797, 1523224798, 1523224799]
[2018-04-08 19:00:07,196 DEBUG Engine.consolidator] Merging into 1523224786
[2018-04-08 19:00:07,196 DEBUG Engine.consolidator] Merging 1523224786
[2018-04-08 19:00:07,233 DEBUG root] 1523224786 Failed: avg-rt>50ms for 12 sec: True
[2018-04-08 19:00:07,233 DEBUG root] No label reserve  in ['', u'http://ec2-54-84-118-207.compute-1.amazonaws.com:8079/rb_ecc29184-1ae2-46dd-96fe-06997671fc57']
[2018-04-08 19:00:07,235 DEBUG Engine.consolidator] Processed datapoint: 1523224786/None
[2018-04-08 19:00:07,235 DEBUG Engine.consolidator] Merging into 1523224787
[2018-04-08 19:00:07,235 DEBUG Engine.consolidator] Merging 1523224787
[2018-04-08 19:00:07,297 DEBUG root] 1523224787 Failed: avg-rt>50ms for 13 sec: True
[2018-04-08 19:00:07,297 DEBUG root] No label reserve  in ['', u'http://ec2-54-84-118-207.compute-1.amazonaws.com:8079/special-offers.jsp', u'http://ec2-54-84-118-207.compute-1.amazonaws.com:8079/rb_ecc29184-1ae2-46dd-96fe-06997671fc57']
[2018-04-08 19:00:07,299 DEBUG Engine.consolidator] Processed datapoint: 1523224787/None
[2018-04-08 19:00:07,299 DEBUG Engine.consolidator] Merging into 1523224789
[2018-04-08 19:00:07,299 DEBUG Engine.consolidator] Merging 1523224789
[2018-04-08 19:00:07,386 DEBUG root] 1523224789 Failed: avg-rt>50ms for 15 sec: True
[2018-04-08 19:00:07,386 DEBUG root] No label reserve  in ['', u'http://ec2-54-84-118-207.compute-1.amazonaws.com:8079/rb_ecc29184-1ae2-46dd-96fe-06997671fc57', u'http://ec2-54-84-118-207.compute-1.amazonaws.com:8079/orange-booking-review.jsf']
[2018-04-08 19:00:07,388 DEBUG Engine.consolidator] Processed datapoint: 1523224789/None
[2018-04-08 19:00:07,388 DEBUG Engine.consolidator] Merging into 1523224790
[2018-04-08 19:00:07,388 DEBUG Engine.consolidator] Merging 1523224790
[2018-04-08 19:00:07,464 DEBUG root] 1523224790 Failed: avg-rt>50ms for 16 sec: True
[2018-04-08 19:00:07,464 DEBUG root] No label reserve  in ['', u'http://ec2-54-84-118-207.compute-1.amazonaws.com:8079/special-offers.jsp']
[2018-04-08 19:00:07,466 DEBUG Engine.consolidator] Processed datapoint: 1523224790/None
[2018-04-08 19:00:07,466 DEBUG Engine.consolidator] Merging into 1523224792
[2018-04-08 19:00:07,466 DEBUG Engine.consolidator] Merging 1523224792
[2018-04-08 19:00:07,519 DEBUG root] 1523224792 Failed: avg-rt>50ms for 18 sec: True
[2018-04-08 19:00:07,519 DEBUG root] No label reserve  in ['', u'http://ec2-54-84-118-207.compute-1.amazonaws.com:8079/rb_ecc29184-1ae2-46dd-96fe-06997671fc57']
[2018-04-08 19:00:07,522 DEBUG Engine.consolidator] Processed datapoint: 1523224792/None
[2018-04-08 19:00:07,522 DEBUG Engine.consolidator] Merging into 1523224793
[2018-04-08 19:00:07,522 DEBUG Engine.consolidator] Merging 1523224793
[2018-04-08 19:00:07,606 DEBUG root] 1523224793 Failed: avg-rt>50ms for 19 sec: True
[2018-04-08 19:00:07,606 DEBUG root] No label reserve  in ['', u'http://ec2-54-84-118-207.compute-1.amazonaws.com:8079/special-offers.jsp', u'http://ec2-54-84-118-207.compute-1.amazonaws.com:8079/rb_ecc29184-1ae2-46dd-96fe-06997671fc57']
[2018-04-08 19:00:07,608 DEBUG Engine.consolidator] Processed datapoint: 1523224793/None
[2018-04-08 19:00:07,608 DEBUG Engine.consolidator] Merging into 1523224796
[2018-04-08 19:00:07,608 DEBUG Engine.consolidator] Merging 1523224796
[2018-04-08 19:00:07,689 DEBUG root] 1523224796 Failed: avg-rt>50ms for 22 sec: True
[2018-04-08 19:00:07,689 DEBUG root] No label reserve  in ['', u'http://ec2-54-84-118-207.compute-1.amazonaws.com:8079/special-offers.jsp']
[2018-04-08 19:00:07,691 DEBUG Engine.consolidator] Processed datapoint: 1523224796/None
[2018-04-08 19:00:07,691 DEBUG Engine.consolidator] Merging into 1523224797
[2018-04-08 19:00:07,691 DEBUG Engine.consolidator] Merging 1523224797
[2018-04-08 19:00:07,749 DEBUG root] 1523224797 Failed: avg-rt>50ms for 23 sec: True
[2018-04-08 19:00:07,750 DEBUG root] No label reserve  in ['', u'http://ec2-54-84-118-207.compute-1.amazonaws.com:8079/rb_ecc29184-1ae2-46dd-96fe-06997671fc57']
[2018-04-08 19:00:07,751 DEBUG Engine.consolidator] Processed datapoint: 1523224797/None
[2018-04-08 19:00:07,751 DEBUG Engine.consolidator] Merging into 1523224798
[2018-04-08 19:00:07,751 DEBUG Engine.consolidator] Merging 1523224798
[2018-04-08 19:00:07,808 DEBUG root] 1523224798 Failed: avg-rt>50ms for 24 sec: True
[2018-04-08 19:00:07,808 DEBUG root] No label reserve  in ['', u'http://ec2-54-84-118-207.compute-1.amazonaws.com:8079/rb_ecc29184-1ae2-46dd-96fe-06997671fc57']
[2018-04-08 19:00:07,810 DEBUG Engine.consolidator] Processed datapoint: 1523224798/None
[2018-04-08 19:00:07,810 DEBUG Engine.consolidator] Merging into 1523224799
[2018-04-08 19:00:07,810 DEBUG Engine.consolidator] Merging 1523224799
[2018-04-08 19:00:07,876 DEBUG root] 1523224799 Failed: avg-rt>50ms for 25 sec: True
[2018-04-08 19:00:07,876 DEBUG root] No label reserve  in ['', u'http://ec2-54-84-118-207.compute-1.amazonaws.com:8079/orange-booking-review.jsf']
[2018-04-08 19:00:07,878 DEBUG Engine.consolidator] Processed datapoint: 1523224799/None
[2018-04-08 19:00:07,878 DEBUG Engine.consolidator] Merging into 1523224801
[2018-04-08 19:00:07,878 DEBUG Engine.consolidator] Merging 1523224801
[2018-04-08 19:00:07,938 DEBUG root] 1523224801 Failed: avg-rt>50ms for 27 sec: True
[2018-04-08 19:00:07,938 DEBUG root] No label reserve  in ['', u'http://ec2-54-84-118-207.compute-1.amazonaws.com:8079/rating/ratings.php']
[2018-04-08 19:00:07,940 DEBUG Engine.consolidator] Processed datapoint: 1523224801/None
[2018-04-08 19:00:07,940 DEBUG Engine.consolidator] Merging into 1523224802
[2018-04-08 19:00:07,940 DEBUG Engine.consolidator] Merging 1523224802
[2018-04-08 19:00:08,013 DEBUG root] 1523224802 Failed: avg-rt>50ms for 28 sec: True
[2018-04-08 19:00:08,014 DEBUG root] No label reserve  in ['', u'http://ec2-54-84-118-207.compute-1.amazonaws.com:8079/rating/ratings.php', u'http://ec2-54-84-118-207.compute-1.amazonaws.com:8079/rb_ecc29184-1ae2-46dd-96fe-06997671fc57']
[2018-04-08 19:00:08,016 DEBUG Engine.consolidator] Processed datapoint: 1523224802/None
[2018-04-08 19:00:08,016 DEBUG Engine.consolidator] Merging into 1523224803
[2018-04-08 19:00:08,016 DEBUG Engine.consolidator] Merging 1523224803
[2018-04-08 19:00:08,088 DEBUG root] 1523224803 Failed: avg-rt>50ms for 29 sec: True
[2018-04-08 19:00:08,088 DEBUG root] No label reserve  in ['', u'http://ec2-54-84-118-207.compute-1.amazonaws.com:8079/rating/ratings.php', u'http://ec2-54-84-118-207.compute-1.amazonaws.com:8079/rb_ecc29184-1ae2-46dd-96fe-06997671fc57']
[2018-04-08 19:00:08,090 DEBUG Engine.consolidator] Processed datapoint: 1523224803/None
[2018-04-08 19:00:08,090 DEBUG Engine.consolidator] Merging into 1523224804
[2018-04-08 19:00:08,090 DEBUG Engine.consolidator] Merging 1523224804
[2018-04-08 19:00:08,162 DEBUG root] 1523224804 Failed: avg-rt>50ms for 30 sec: True
[2018-04-08 19:00:08,162 DEBUG root] No label reserve  in ['', u'http://ec2-54-84-118-207.compute-1.amazonaws.com:8079/rb_ecc29184-1ae2-46dd-96fe-06997671fc57', u'http://ec2-54-84-118-207.compute-1.amazonaws.com:8079/orange-booking-review.jsf']
[2018-04-08 19:00:08,164 DEBUG Engine.consolidator] Processed datapoint: 1523224804/None
[2018-04-08 19:00:08,164 INFO Engine.final-stats] Test duration: 0:00:37
[2018-04-08 19:00:08,164 INFO Engine.final-stats] Samples count: 35, 8.57% failures
[2018-04-08 19:00:08,164 INFO Engine.final-stats] Average times: total 2.731, latency 0.646, connect 0.000
[2018-04-08 19:00:08,164 INFO Engine.final-stats] Percentile 0.0%: 0.250
[2018-04-08 19:00:08,165 INFO Engine.final-stats] Percentile 50.0%: 0.944
[2018-04-08 19:00:08,165 INFO Engine.final-stats] Percentile 90.0%: 8.407
[2018-04-08 19:00:08,165 INFO Engine.final-stats] Percentile 95.0%: 9.103
[2018-04-08 19:00:08,165 INFO Engine.final-stats] Percentile 99.0%: 12.551
[2018-04-08 19:00:08,165 INFO Engine.final-stats] Percentile 99.9%: 12.551
[2018-04-08 19:00:08,165 INFO Engine.final-stats] Percentile 100.0%: 12.551
[2018-04-08 19:00:08,165 DEBUG Engine.console] No logger_handler or orig_stream was detected
[2018-04-08 19:00:08,165 DEBUG Engine.junit-xml] Processing passfail objects: [<bzt.modules.passfail.PassFailStatus object at 0x1060e7a90>]
[2018-04-08 19:00:08,169 DEBUG Engine] post_process: Cannot create file /var/lib/jenkins/workspace/Taurus-Jenkins-ServiceNow-Demo/junit-report.xml
Traceback (most recent call last):
  File "/usr/local/lib/python2.7/site-packages/bzt/engine.py", line 287, in post_process
    module.post_process()
  File "/usr/local/lib/python2.7/site-packages/bzt/modules/reporting.py", line 337, in post_process
    writer.save_report(filename)
  File "/usr/local/lib/python2.7/site-packages/bzt/modules/reporting.py", line 505, in save_report
    raise TaurusInternalException("Cannot create file %s" % fname)
TaurusInternalException: Cannot create file /var/lib/jenkins/workspace/Taurus-Jenkins-ServiceNow-Demo/junit-report.xml

[2018-04-08 19:00:08,169 DEBUG Engine.blazemeter] KPI bulk buffer len in post-proc: 17
[2018-04-08 19:00:08,169 INFO Engine.blazemeter] Sending remaining KPI data to server...
[2018-04-08 19:00:08,176 DEBUG User] Request: POST https://data.blazemeter.com/submit.php?session_id=r-ext-5aca90c20914a&signature=eb680b6f228ae82a159ccb736d281ca2&test_id=6013956&user_id=379105&pq=0&target=labels_bulk&update=1 {
 "sourceID": 4401605392, 
 "labels": [
  {
   "percentileHistogramBytes": [], 
   "errors": [], 
   "name": "ALL", 
   "interval": 1, 
   "otherErrorsCount": 0, 
   "n": 35, 
   "percentileHistogramLatency": [], 
   "intervals": [
    {
     "by": {
    
[2018-04-08 19:00:08,729 DEBUG urllib3.connectionpool] https://data.blazemeter.com:443 "POST /submit.php?session_id=r-ext-5aca90c20914a&signature=eb680b6f228ae82a159ccb736d281ca2&test_id=6013956&user_id=379105&pq=0&target=labels_bulk&update=1 HTTP/1.1" 200 156
[2018-04-08 19:00:08,730 DEBUG User] Response [200]: {"api_version":2,"error":null,"result":{"session":{"_id":"r-ext-5aca90c20914a","name":"Easytravel-LoadTest-Demo","statusCode":100,"status":"INITIALIZING"}}}
[2018-04-08 19:00:08,737 DEBUG User] Request: POST https://data.blazemeter.com/api/v4/image/r-ext-5aca90c20914a/files?signature=eb680b6f228ae82a159ccb736d281ca2 --===============2817306835123823097==
Content-Disposition: file; name="file"; filename="r-ext-5aca90c20914a-0-c.monitoring.json"
Content-Type: application/json

{
 "kpis": {
  "Connections": "Connections", 
  "CPU": "CPU", 
  "Network I/O": "Network I
[2018-04-08 19:00:09,499 DEBUG urllib3.connectionpool] https://data.blazemeter.com:443 "POST /api/v4/image/r-ext-5aca90c20914a/files?signature=eb680b6f228ae82a159ccb736d281ca2 HTTP/1.1" 200 116
[2018-04-08 19:00:09,500 DEBUG User] Response [200]: {
    "api_version": 4,
    "error": null,
    "result": [
        "r-ext-5aca90c20914a-0-c.monitoring.json"
    ]
}
[2018-04-08 19:00:09,562 INFO Engine.blazemeter] Uploading all artifacts as artifacts.zip ...
[2018-04-08 19:00:09,562 DEBUG User] Request: POST https://data.blazemeter.com/api/v4/image/r-ext-5aca90c20914a/files?signature=eb680b6f228ae82a159ccb736d281ca2 --===============4132951102610934177==
Content-Disposition: file; name="file"; filename="artifacts.zip"
Content-Type: application/zip

PK    dóàL‹2ÀT≥!  £π     merged.jsonÌ]ks€Hv˝>øB•íæLL∫ﬂèŸ“&ñ<öÒ¨«ˆÿ^g7[	"A@p ,'˘Ôπ∑ë 	 í“⁄å]f¬£˚ÙÎˆΩ›∑˛˚ª
[2018-04-08 19:00:10,960 DEBUG urllib3.connectionpool] https://data.blazemeter.com:443 "POST /api/v4/image/r-ext-5aca90c20914a/files?signature=eb680b6f228ae82a159ccb736d281ca2 HTTP/1.1" 200 90
[2018-04-08 19:00:10,961 DEBUG User] Response [200]: {
    "api_version": 4,
    "error": null,
    "result": [
        "artifacts.zip"
    ]
}
[2018-04-08 19:00:10,961 DEBUG User] Request: POST https://data.blazemeter.com/api/v4/image/r-ext-5aca90c20914a/files?signature=eb680b6f228ae82a159ccb736d281ca2 --===============4095466597799278223==
Content-Disposition: file; name="file"; filename="artifacts.zip.tail.bz"
Content-Type: application/x-bzip

45K Test-Easytravel.yml
307  bzm-report-easytravel-demo.yml
39K bzt.log
52K effective.json
49K effective.y
[2018-04-08 19:00:11,566 DEBUG urllib3.connectionpool] https://data.blazemeter.com:443 "POST /api/v4/image/r-ext-5aca90c20914a/files?signature=eb680b6f228ae82a159ccb736d281ca2 HTTP/1.1" 200 98
[2018-04-08 19:00:11,567 DEBUG User] Response [200]: {
    "api_version": 4,
    "error": null,
    "result": [
        "artifacts.zip.tail.bz"
    ]
}
[2018-04-08 19:00:11,567 INFO Engine.blazemeter] Uploading /Users/sergiomaurenzi/Documents/GitHub/Taurus-Jenkins-ServiceNow-demo/2018-04-08_18-59-09.359010/bzt.log
[2018-04-08 19:00:11,576 DEBUG User] Request: POST https://data.blazemeter.com/api/v4/image/r-ext-5aca90c20914a/files?signature=eb680b6f228ae82a159ccb736d281ca2 --===============4613317373621136221==
Content-Disposition: file; name="file"; filename="bzt.log"
Content-Type: text/plain

[2018-04-08 18:59:09,143 INFO root] Taurus CLI Tool v1.11.0
[2018-04-08 18:59:09,143 DEBUG root] Command-line options: {'verbose
[2018-04-08 19:00:12,521 DEBUG urllib3.connectionpool] https://data.blazemeter.com:443 "POST /api/v4/image/r-ext-5aca90c20914a/files?signature=eb680b6f228ae82a159ccb736d281ca2 HTTP/1.1" 200 84
[2018-04-08 19:00:12,522 DEBUG User] Response [200]: {
    "api_version": 4,
    "error": null,
    "result": [
        "bzt.log"
    ]
}
[2018-04-08 19:00:12,522 DEBUG User] Request: POST https://data.blazemeter.com/api/v4/image/r-ext-5aca90c20914a/files?signature=eb680b6f228ae82a159ccb736d281ca2 --===============6868416247350833255==
Content-Disposition: file; name="file"; filename="bzt.log.tail.bz"
Content-Type: application/x-bzip

 "sourceID": 4401605392, 
 "labels": [
  {
   "percentileHistogramBytes": [], 
   "errors": [], 
   "name": "ALL
[2018-04-08 19:00:13,057 DEBUG urllib3.connectionpool] https://data.blazemeter.com:443 "POST /api/v4/image/r-ext-5aca90c20914a/files?signature=eb680b6f228ae82a159ccb736d281ca2 HTTP/1.1" 200 92
[2018-04-08 19:00:13,058 DEBUG User] Response [200]: {
    "api_version": 4,
    "error": null,
    "result": [
        "bzt.log.tail.bz"
    ]
}
[2018-04-08 19:00:13,058 DEBUG Engine.blazemeter] Set last check time to: 1523224767.27
[2018-04-08 19:00:13,058 INFO Engine.blazemeter] Ending data feeding...
[2018-04-08 19:00:13,058 DEBUG User] Request: POST https://a.blazemeter.com/api/v4/sessions/r-ext-5aca90c20914a/stop None
[2018-04-08 19:00:13,621 DEBUG urllib3.connectionpool] https://a.blazemeter.com:443 "POST /api/v4/sessions/r-ext-5aca90c20914a/stop HTTP/1.1" 202 63
[2018-04-08 19:00:13,622 DEBUG User] Response [202]: {
    "api_version": 4,
    "error": null,
    "result": true
}
[2018-04-08 19:00:13,622 DEBUG User] Request: GET https://a.blazemeter.com/api/v4/sessions/r-ext-5aca90c20914a None
[2018-04-08 19:00:14,042 DEBUG urllib3.connectionpool] https://a.blazemeter.com:443 "GET /api/v4/sessions/r-ext-5aca90c20914a HTTP/1.1" 200 2589
[2018-04-08 19:00:14,043 DEBUG User] Response [200]: {
    "api_version": 4,
    "error": null,
    "result": {
        "id": "r-ext-5aca90c20914a",
        "name": "Easytravel-LoadTest-Demo",
        "userId": 379105,
        "offset": 0,
        "statusCode": 140,
        "status": "ENDED",
        "ended"
[2018-04-08 19:00:14,044 DEBUG User] Request: PATCH https://a.blazemeter.com/api/v4/sessions/r-ext-5aca90c20914a {
 "note": "AutomatedShutdown: Failed: avg-rt>50ms for 10 sec"
}
[2018-04-08 19:00:14,459 DEBUG urllib3.connectionpool] https://a.blazemeter.com:443 "PATCH /api/v4/sessions/r-ext-5aca90c20914a HTTP/1.1" 200 2407
[2018-04-08 19:00:14,460 DEBUG User] Response [200]: {
    "api_version": 4,
    "error": null,
    "result": {
        "id": "r-ext-5aca90c20914a",
        "name": "Easytravel-LoadTest-Demo",
        "userId": 379105,
        "offset": 0,
        "statusCode": 140,
        "status": "ENDED",
        "ended"
[2018-04-08 19:00:14,461 DEBUG User] Request: GET https://a.blazemeter.com/api/v4/masters/17472473 None
[2018-04-08 19:00:14,798 DEBUG urllib3.connectionpool] https://a.blazemeter.com:443 "GET /api/v4/masters/17472473 HTTP/1.1" 200 1990
[2018-04-08 19:00:14,799 DEBUG User] Response [200]: {
    "api_version": 4,
    "error": null,
    "result": {
        "id": 17472473,
        "name": "Easytravel-LoadTest-Demo",
        "userId": 379105,
        "ended": 1523224813,
        "maxUsers": 10,
        "created": 1523224770,
        "updated": 
[2018-04-08 19:00:14,799 DEBUG User] Request: PATCH https://a.blazemeter.com/api/v4/masters/17472473 {
 "note": "AutomatedShutdown: Failed: avg-rt>50ms for 10 sec"
}
[2018-04-08 19:00:15,114 DEBUG urllib3.connectionpool] https://a.blazemeter.com:443 "PATCH /api/v4/masters/17472473 HTTP/1.1" 200 453
[2018-04-08 19:00:15,115 DEBUG User] Response [200]: {
    "api_version": 4,
    "error": null,
    "result": {
        "id": 17472473,
        "name": "Easytravel-LoadTest-Demo",
        "userId": 379105,
        "ended": 1523224813,
        "maxUsers": 10,
        "isSandbox": false,
        "executorClien
[2018-04-08 19:00:15,115 INFO Engine.blazemeter] Online report link: https://a.blazemeter.com/app/#/masters/17472473
[2018-04-08 19:00:15,120 DEBUG Engine.Configuration] Dumping YAML config into /Users/sergiomaurenzi/Documents/GitHub/Taurus-Jenkins-ServiceNow-demo/2018-04-08_18-59-09.359010/effective.yml
[2018-04-08 19:00:15,234 DEBUG Engine.Configuration] Dumping JSON config into /Users/sergiomaurenzi/Documents/GitHub/Taurus-Jenkins-ServiceNow-demo/2018-04-08_18-59-09.359010/effective.json
[2018-04-08 19:00:15,238 DEBUG root] Internal Error: Cannot create file /var/lib/jenkins/workspace/Taurus-Jenkins-ServiceNow-Demo/junit-report.xml
[2018-04-08 19:00:15,239 DEBUG root] TaurusInternalException: Cannot create file /var/lib/jenkins/workspace/Taurus-Jenkins-ServiceNow-Demo/junit-report.xml
Traceback (most recent call last):
  File "/usr/local/lib/python2.7/site-packages/bzt/cli.py", line 257, in perform
    self.engine.post_process()
  File "/usr/local/lib/python2.7/site-packages/bzt/engine.py", line 300, in post_process
    reraise(exc_info)
  File "/usr/local/lib/python2.7/site-packages/bzt/engine.py", line 287, in post_process
    module.post_process()
  File "/usr/local/lib/python2.7/site-packages/bzt/modules/reporting.py", line 337, in post_process
    writer.save_report(filename)
  File "/usr/local/lib/python2.7/site-packages/bzt/modules/reporting.py", line 505, in save_report
    raise TaurusInternalException("Cannot create file %s" % fname)
TaurusInternalException: Cannot create file /var/lib/jenkins/workspace/Taurus-Jenkins-ServiceNow-Demo/junit-report.xml
[2018-04-08 19:00:15,239 INFO root] Artifacts dir: /Users/sergiomaurenzi/Documents/GitHub/Taurus-Jenkins-ServiceNow-demo/2018-04-08_18-59-09.359010
[2018-04-08 19:00:15,239 WARNING root] Done performing with code: 3
[2018-04-08 19:00:15,239 DEBUG root] Closing log handler: /Users/sergiomaurenzi/Documents/GitHub/Taurus-Jenkins-ServiceNow-demo/2018-04-08_18-59-09.359010/bzt.log
