2018-04-08 18:59:32,289 INFO o.a.j.u.JMeterUtils: Setting Locale to es_ES
2018-04-08 18:59:32,310 INFO o.a.j.u.JMeterUtils: Could not find resources for 'es_ES', using 'es'
2018-04-08 18:59:32,311 INFO o.a.j.JMeter: Loading user properties from: /Users/sergiomaurenzi/.bzt/jmeter-taurus/4.0/bin/user.properties
2018-04-08 18:59:32,312 INFO o.a.j.JMeter: Loading system properties from: /Users/sergiomaurenzi/.bzt/jmeter-taurus/4.0/bin/system.properties
2018-04-08 18:59:32,313 INFO o.a.j.JMeter: Setting System properties from file: /Users/sergiomaurenzi/Documents/GitHub/Taurus-Jenkins-ServiceNow-demo/2018-04-08_18-59-09.359010/system.properties
2018-04-08 18:59:32,319 INFO o.a.j.JMeter: Copyright (c) 1998-2018 The Apache Software Foundation
2018-04-08 18:59:32,319 INFO o.a.j.JMeter: Version 4.0 r1823414
2018-04-08 18:59:32,319 INFO o.a.j.JMeter: java.version=1.8.0_91
2018-04-08 18:59:32,319 INFO o.a.j.JMeter: java.vm.name=Java HotSpot(TM) 64-Bit Server VM
2018-04-08 18:59:32,319 INFO o.a.j.JMeter: os.name=Mac OS X
2018-04-08 18:59:32,319 INFO o.a.j.JMeter: os.arch=x86_64
2018-04-08 18:59:32,319 INFO o.a.j.JMeter: os.version=10.13.4
2018-04-08 18:59:32,319 INFO o.a.j.JMeter: file.encoding=UTF-8
2018-04-08 18:59:32,320 INFO o.a.j.JMeter: Max memory     =1908932608
2018-04-08 18:59:32,320 INFO o.a.j.JMeter: Available Processors =4
2018-04-08 18:59:32,327 INFO o.a.j.JMeter: Default Locale=espa単ol (Espa単a)
2018-04-08 18:59:32,327 INFO o.a.j.JMeter: JMeter  Locale=espa単ol (Espa単a)
2018-04-08 18:59:32,327 INFO o.a.j.JMeter: JMeterHome=/Users/sergiomaurenzi/.bzt/jmeter-taurus/4.0
2018-04-08 18:59:32,327 INFO o.a.j.JMeter: user.dir  =/Users/sergiomaurenzi/Documents/GitHub/Taurus-Jenkins-ServiceNow-demo
2018-04-08 18:59:32,328 INFO o.a.j.JMeter: PWD       =/Users/sergiomaurenzi/Documents/GitHub/Taurus-Jenkins-ServiceNow-demo
2018-04-08 18:59:32,329 INFO o.a.j.JMeter: IP: 192.168.1.13 Name: MacBook-Pro-de-Sergio-2.local FullName: 192.168.1.13
2018-04-08 18:59:32,329 INFO o.a.j.JMeter: user.classpath=/Users/sergiomaurenzi/Documents/GitHub/Taurus-Jenkins-ServiceNow-demo/2018-04-08_18-59-09.359010:/Users/sergiomaurenzi/Documents/GitHub/Taurus-Jenkins-ServiceNow-demo/2018-04-08_18-59-09.359010
2018-04-08 18:59:32,330 INFO o.a.j.JMeter: Adding to classpath and loader: /Users/sergiomaurenzi/Documents/GitHub/Taurus-Jenkins-ServiceNow-demo/2018-04-08_18-59-09.359010
2018-04-08 18:59:32,330 INFO o.a.j.JMeter: Adding to classpath and loader: /Users/sergiomaurenzi/Documents/GitHub/Taurus-Jenkins-ServiceNow-demo/2018-04-08_18-59-09.359010
2018-04-08 18:59:32,336 INFO o.a.j.s.FileServer: Default base='/Users/sergiomaurenzi/Documents/GitHub/Taurus-Jenkins-ServiceNow-demo'
2018-04-08 18:59:32,346 INFO o.a.j.s.FileServer: Set new base='/Users/sergiomaurenzi/Documents/GitHub/Taurus-Jenkins-ServiceNow-demo/2018-04-08_18-59-09.359010'
2018-04-08 18:59:32,636 INFO o.a.j.s.SaveService: Testplan (JMX) version: 2.2. Testlog (JTL) version: 2.2
2018-04-08 18:59:32,658 INFO o.a.j.s.SaveService: Using SaveService properties file encoding UTF-8
2018-04-08 18:59:32,663 INFO o.a.j.s.SaveService: Using SaveService properties version 4.0
2018-04-08 18:59:32,671 INFO o.a.j.s.SaveService: Loading file: /Users/sergiomaurenzi/Documents/GitHub/Taurus-Jenkins-ServiceNow-demo/2018-04-08_18-59-09.359010/modified_requests.jmx
2018-04-08 18:59:32,815 INFO o.a.j.p.h.c.CacheManager: Will only cache the following methods: [GET]
2018-04-08 18:59:32,819 INFO o.a.j.p.h.c.CookieManager: Settings: Delete null: true Check: true Allow variable: true Save: false Prefix: COOKIE_
2018-04-08 18:59:32,929 INFO o.a.j.p.h.s.HTTPSamplerBase: Parser for text/html is org.apache.jmeter.protocol.http.parser.LagartoBasedHtmlParser
2018-04-08 18:59:32,929 INFO o.a.j.p.h.s.HTTPSamplerBase: Parser for application/xhtml+xml is org.apache.jmeter.protocol.http.parser.LagartoBasedHtmlParser
2018-04-08 18:59:32,929 INFO o.a.j.p.h.s.HTTPSamplerBase: Parser for application/xml is org.apache.jmeter.protocol.http.parser.LagartoBasedHtmlParser
2018-04-08 18:59:32,929 INFO o.a.j.p.h.s.HTTPSamplerBase: Parser for text/xml is org.apache.jmeter.protocol.http.parser.LagartoBasedHtmlParser
2018-04-08 18:59:32,930 INFO o.a.j.p.h.s.HTTPSamplerBase: Parser for text/vnd.wap.wml is org.apache.jmeter.protocol.http.parser.RegexpHTMLParser
2018-04-08 18:59:32,930 INFO o.a.j.p.h.s.HTTPSamplerBase: Parser for text/css is org.apache.jmeter.protocol.http.parser.CssParser
2018-04-08 18:59:33,137 INFO o.a.j.e.StandardJMeterEngine: Running the test!
2018-04-08 18:59:33,138 INFO o.a.j.s.SampleEvent: List of sample_variables: []
2018-04-08 18:59:33,138 INFO o.a.j.s.SampleEvent: List of sample_variables: []
2018-04-08 18:59:33,145 INFO o.a.j.e.u.CompoundVariable: Note: Function class names must contain the string: '.functions.'
2018-04-08 18:59:33,145 INFO o.a.j.e.u.CompoundVariable: Note: Function class names must not contain the string: '.gui.'
2018-04-08 18:59:34,031 INFO o.a.j.JMeter: Test lanzado (1523224774031)
2018-04-08 18:59:34,100 INFO o.a.j.e.StandardJMeterEngine: Starting ThreadGroup: 1 : Test-Easytravel
2018-04-08 18:59:34,101 INFO o.a.j.e.StandardJMeterEngine: Starting 20 threads for group Test-Easytravel.
2018-04-08 18:59:34,101 INFO o.a.j.e.StandardJMeterEngine: Thread will continue on error
2018-04-08 18:59:34,112 INFO c.b.j.t.c.ConcurrencyThreadStarter: Start supplying threads
2018-04-08 18:59:34,112 INFO o.a.j.e.StandardJMeterEngine: All thread groups have been started
2018-04-08 18:59:35,619 INFO o.a.j.t.JMeterThread: Thread started: Test-Easytravel 1-1
2018-04-08 18:59:35,619 INFO o.a.j.s.SampleResult: Note: Sample TimeStamps are START times
2018-04-08 18:59:35,620 INFO o.a.j.s.SampleResult: sampleresult.default.encoding is set to UTF-8
2018-04-08 18:59:35,620 INFO o.a.j.s.SampleResult: sampleresult.useNanoTime=true
2018-04-08 18:59:35,620 INFO o.a.j.s.SampleResult: sampleresult.nanoThreadSleep=5000
2018-04-08 18:59:35,643 INFO o.a.j.p.h.s.HTTPHCAbstractImpl: Local host = MacBook-Pro-de-Sergio-2.local
2018-04-08 18:59:35,648 INFO o.a.j.p.h.s.HTTPHC4Impl: HTTP request retry count = 0
2018-04-08 18:59:37,685 INFO o.a.j.p.h.p.BaseParser: Created org.apache.jmeter.protocol.http.parser.LagartoBasedHtmlParser
2018-04-08 18:59:37,823 INFO o.a.j.p.h.s.ResourcesDownloader: Creating ResourcesDownloader with keepalive_inseconds : 60
2018-04-08 18:59:38,274 INFO o.a.j.p.h.p.BaseParser: Created org.apache.jmeter.protocol.http.parser.CssParser
2018-04-08 18:59:38,274 INFO o.a.j.p.h.p.BaseParser: Created org.apache.jmeter.protocol.http.parser.CssParser
2018-04-08 18:59:38,505 WARN c.h.c.r.e.LoggingCSSParseErrorHandler: Browser compliant mode skipped CSS from [70:14] starting at token 'text-align' until [71:7] to token '}' (based on com.helger.css.parser.ParseException: Encountered unexpected token: ":" ":"
    at line 70, column 24.

Was expecting one of:

    "+"
    "-"
    "/"
    ";"
    "="
    "["
    "and"
    "expression("
    "from"
    "inherit"
    "not"
    "only"
    "or"
    "to"
    "}"
    <ANGLE_DEG>
    <ANGLE_GRAD>
    <ANGLE_RAD>
    <ANGLE_TURN>
    <CH>
    <COMMA>
    <DPCM>
    <DPI>
    <DPPX>
    <EM>
    <EX>
    <FR>
    <FREQ_HZ>
    <FREQ_KHZ>
    <FUNCTION>
    <FUNCTION_CALC>
    <HASH>
    <IDENT>
    <IMPORTANT_SYM>
    <LENGTH_CM>
    <LENGTH_IN>
    <LENGTH_MM>
    <LENGTH_PC>
    <LENGTH_PT>
    <LENGTH_Q>
    <NUMBER>
    <PERCENTAGE>
    <PX>
    <REM>
    <S>
    <STRING1>
    <STRING2>
    <TIME_MS>
    <TIME_S>
    <URANGE>
    <URL>
    <VH>
    <VMAX>
    <VMIN>
    <VW>
)
2018-04-08 18:59:38,628 INFO o.a.j.t.JMeterThread: Thread started: Test-Easytravel 1-2
2018-04-08 18:59:41,240 INFO o.a.j.p.h.s.LazySchemeSocketFactory: Setting up HTTPS TrustAll Socket Factory
2018-04-08 18:59:41,247 INFO o.a.j.u.JsseSSLManager: Using default SSL protocol: TLS
2018-04-08 18:59:41,247 INFO o.a.j.u.JsseSSLManager: SSL session context: per-thread
2018-04-08 18:59:41,360 INFO o.a.j.u.SSLManager: JmeterKeyStore Location:  type JKS
2018-04-08 18:59:41,361 INFO o.a.j.u.SSLManager: KeyStore created OK
2018-04-08 18:59:41,362 WARN o.a.j.u.SSLManager: Keystore file not found, loading empty keystore
2018-04-08 18:59:41,639 INFO o.a.j.t.JMeterThread: Thread started: Test-Easytravel 1-3
2018-04-08 18:59:44,650 INFO o.a.j.t.JMeterThread: Thread started: Test-Easytravel 1-4
2018-04-08 18:59:47,658 INFO o.a.j.t.JMeterThread: Thread started: Test-Easytravel 1-5
2018-04-08 18:59:50,667 INFO o.a.j.t.JMeterThread: Thread started: Test-Easytravel 1-6
2018-04-08 18:59:53,676 INFO o.a.j.t.JMeterThread: Thread started: Test-Easytravel 1-7
2018-04-08 18:59:56,681 INFO o.a.j.t.JMeterThread: Thread started: Test-Easytravel 1-8
2018-04-08 18:59:59,686 INFO o.a.j.t.JMeterThread: Thread started: Test-Easytravel 1-9
2018-04-08 19:00:02,699 INFO o.a.j.t.JMeterThread: Thread started: Test-Easytravel 1-10
2018-04-08 19:00:05,691 INFO o.a.j.JMeter: Command: Shutdown received from /127.0.0.1
2018-04-08 19:00:05,693 INFO c.b.j.t.c.ConcurrencyThreadStarter: Done supplying threads
2018-04-08 19:00:05,693 WARN o.a.j.t.JMeterThread: Interrupting: Test-Easytravel 1-5 sampler: http://ec2-54-84-118-207.compute-1.amazonaws.com:8079/orange-booking-review.jsf
2018-04-08 19:00:05,693 WARN o.a.j.t.JMeterThread: No operation pending
2018-04-08 19:00:05,694 WARN o.a.j.t.JMeterThread: Interrupting: Test-Easytravel 1-9 sampler: http://ec2-54-84-118-207.compute-1.amazonaws.com:8079/special-offers.jsp
2018-04-08 19:00:05,695 WARN o.a.j.t.JMeterThread: No operation pending
2018-04-08 19:00:05,695 WARN o.a.j.t.JMeterThread: Interrupting: Test-Easytravel 1-2 sampler: http://ec2-54-84-118-207.compute-1.amazonaws.com:8079/rb_ecc29184-1ae2-46dd-96fe-06997671fc57
2018-04-08 19:00:05,696 WARN o.a.j.t.JMeterThread: Interrupting: Test-Easytravel 1-6 sampler: http://ec2-54-84-118-207.compute-1.amazonaws.com:8079/orange-booking-review.jsf
2018-04-08 19:00:05,699 WARN o.a.j.t.JMeterThread: Interrupting: Test-Easytravel 1-8 sampler: http://ec2-54-84-118-207.compute-1.amazonaws.com:8079/rb_ecc29184-1ae2-46dd-96fe-06997671fc57
2018-04-08 19:00:05,702 WARN o.a.j.t.JMeterThread: Interrupting: Test-Easytravel 1-4 sampler: http://ec2-54-84-118-207.compute-1.amazonaws.com:8079/orange-booking-review.jsf
2018-04-08 19:00:05,702 WARN o.a.j.t.JMeterThread: No operation pending
2018-04-08 19:00:05,702 WARN o.a.j.t.JMeterThread: Interrupting: Test-Easytravel 1-3 sampler: http://ec2-54-84-118-207.compute-1.amazonaws.com:8079/orange-booking-review.jsf
2018-04-08 19:00:05,702 WARN o.a.j.t.JMeterThread: No operation pending
2018-04-08 19:00:05,703 WARN o.a.j.t.JMeterThread: Interrupting: Test-Easytravel 1-10 sampler: http://ec2-54-84-118-207.compute-1.amazonaws.com:8079/special-offers.jsp
2018-04-08 19:00:05,703 WARN o.a.j.t.JMeterThread: No operation pending
2018-04-08 19:00:05,704 WARN o.a.j.t.JMeterThread: The delay timer was interrupted - probably did not wait as long as intended.
2018-04-08 19:00:05,704 WARN o.a.j.t.JMeterThread: The delay timer was interrupted - probably did not wait as long as intended.
2018-04-08 19:00:05,694 WARN o.a.j.p.h.s.HTTPSamplerBase: Interrupted fetching embedded resources
java.lang.InterruptedException: null
	at java.util.concurrent.locks.AbstractQueuedSynchronizer$ConditionObject.reportInterruptAfterWait(AbstractQueuedSynchronizer.java:2014) ~[?:1.8.0_91]
	at java.util.concurrent.locks.AbstractQueuedSynchronizer$ConditionObject.await(AbstractQueuedSynchronizer.java:2048) ~[?:1.8.0_91]
	at java.util.concurrent.LinkedBlockingQueue.take(LinkedBlockingQueue.java:442) ~[?:1.8.0_91]
	at java.util.concurrent.ExecutorCompletionService.take(ExecutorCompletionService.java:193) ~[?:1.8.0_91]
	at org.apache.jmeter.protocol.http.sampler.ResourcesDownloader.invokeAllAndAwaitTermination(ResourcesDownloader.java:178) ~[ApacheJMeter_http.jar:4.0 r1823414]
	at org.apache.jmeter.protocol.http.sampler.HTTPSamplerBase.downloadPageResources(HTTPSamplerBase.java:1343) [ApacheJMeter_http.jar:4.0 r1823414]
	at org.apache.jmeter.protocol.http.sampler.HTTPSamplerBase.resultProcessing(HTTPSamplerBase.java:1657) [ApacheJMeter_http.jar:4.0 r1823414]
	at org.apache.jmeter.protocol.http.sampler.HTTPAbstractImpl.resultProcessing(HTTPAbstractImpl.java:525) [ApacheJMeter_http.jar:4.0 r1823414]
	at org.apache.jmeter.protocol.http.sampler.HTTPHC4Impl.sample(HTTPHC4Impl.java:536) [ApacheJMeter_http.jar:4.0 r1823414]
	at org.apache.jmeter.protocol.http.sampler.HTTPSamplerProxy.sample(HTTPSamplerProxy.java:74) [ApacheJMeter_http.jar:4.0 r1823414]
	at org.apache.jmeter.protocol.http.sampler.HTTPSamplerBase.sample(HTTPSamplerBase.java:1189) [ApacheJMeter_http.jar:4.0 r1823414]
	at org.apache.jmeter.protocol.http.sampler.HTTPSamplerBase.sample(HTTPSamplerBase.java:1178) [ApacheJMeter_http.jar:4.0 r1823414]
	at org.apache.jmeter.threads.JMeterThread.executeSamplePackage(JMeterThread.java:490) [ApacheJMeter_core.jar:4.0 r1823414]
	at org.apache.jmeter.threads.JMeterThread.processSampler(JMeterThread.java:416) [ApacheJMeter_core.jar:4.0 r1823414]
	at org.apache.jmeter.threads.JMeterThread.run(JMeterThread.java:250) [ApacheJMeter_core.jar:4.0 r1823414]
	at java.lang.Thread.run(Thread.java:745) [?:1.8.0_91]
2018-04-08 19:00:05,708 INFO o.a.j.t.JMeterThread: Thread is done: Test-Easytravel 1-5
2018-04-08 19:00:05,709 INFO o.a.j.t.JMeterThread: Thread finished: Test-Easytravel 1-5
2018-04-08 19:00:05,711 INFO o.a.j.e.StandardJMeterEngine: Notifying test listeners of end of test
2018-04-08 19:00:05,695 WARN o.a.j.p.h.s.HTTPSamplerBase: Interrupted fetching embedded resources
java.lang.InterruptedException: null
	at java.util.concurrent.locks.AbstractQueuedSynchronizer$ConditionObject.reportInterruptAfterWait(AbstractQueuedSynchronizer.java:2014) ~[?:1.8.0_91]
	at java.util.concurrent.locks.AbstractQueuedSynchronizer$ConditionObject.await(AbstractQueuedSynchronizer.java:2048) ~[?:1.8.0_91]
	at java.util.concurrent.LinkedBlockingQueue.take(LinkedBlockingQueue.java:442) ~[?:1.8.0_91]
	at java.util.concurrent.ExecutorCompletionService.take(ExecutorCompletionService.java:193) ~[?:1.8.0_91]
	at org.apache.jmeter.protocol.http.sampler.ResourcesDownloader.invokeAllAndAwaitTermination(ResourcesDownloader.java:178) ~[ApacheJMeter_http.jar:4.0 r1823414]
	at org.apache.jmeter.protocol.http.sampler.HTTPSamplerBase.downloadPageResources(HTTPSamplerBase.java:1343) [ApacheJMeter_http.jar:4.0 r1823414]
	at org.apache.jmeter.protocol.http.sampler.HTTPSamplerBase.resultProcessing(HTTPSamplerBase.java:1657) [ApacheJMeter_http.jar:4.0 r1823414]
	at org.apache.jmeter.protocol.http.sampler.HTTPAbstractImpl.resultProcessing(HTTPAbstractImpl.java:525) [ApacheJMeter_http.jar:4.0 r1823414]
	at org.apache.jmeter.protocol.http.sampler.HTTPHC4Impl.sample(HTTPHC4Impl.java:536) [ApacheJMeter_http.jar:4.0 r1823414]
	at org.apache.jmeter.protocol.http.sampler.HTTPSamplerProxy.sample(HTTPSamplerProxy.java:74) [ApacheJMeter_http.jar:4.0 r1823414]
	at org.apache.jmeter.protocol.http.sampler.HTTPSamplerBase.sample(HTTPSamplerBase.java:1189) [ApacheJMeter_http.jar:4.0 r1823414]
	at org.apache.jmeter.protocol.http.sampler.HTTPSamplerBase.sample(HTTPSamplerBase.java:1178) [ApacheJMeter_http.jar:4.0 r1823414]
	at org.apache.jmeter.threads.JMeterThread.executeSamplePackage(JMeterThread.java:490) [ApacheJMeter_core.jar:4.0 r1823414]
	at org.apache.jmeter.threads.JMeterThread.processSampler(JMeterThread.java:416) [ApacheJMeter_core.jar:4.0 r1823414]
	at org.apache.jmeter.threads.JMeterThread.run(JMeterThread.java:250) [ApacheJMeter_core.jar:4.0 r1823414]
	at java.lang.Thread.run(Thread.java:745) [?:1.8.0_91]
2018-04-08 19:00:05,712 INFO o.a.j.t.JMeterThread: Thread is done: Test-Easytravel 1-9
2018-04-08 19:00:05,712 INFO o.a.j.t.JMeterThread: Thread finished: Test-Easytravel 1-9
2018-04-08 19:00:05,704 WARN o.a.j.p.h.s.HTTPSamplerBase: Interrupted fetching embedded resources
java.lang.InterruptedException: null
	at java.util.concurrent.locks.AbstractQueuedSynchronizer$ConditionObject.reportInterruptAfterWait(AbstractQueuedSynchronizer.java:2014) ~[?:1.8.0_91]
	at java.util.concurrent.locks.AbstractQueuedSynchronizer$ConditionObject.await(AbstractQueuedSynchronizer.java:2048) ~[?:1.8.0_91]
	at java.util.concurrent.LinkedBlockingQueue.take(LinkedBlockingQueue.java:442) ~[?:1.8.0_91]
	at java.util.concurrent.ExecutorCompletionService.take(ExecutorCompletionService.java:193) ~[?:1.8.0_91]
	at org.apache.jmeter.protocol.http.sampler.ResourcesDownloader.invokeAllAndAwaitTermination(ResourcesDownloader.java:186) ~[ApacheJMeter_http.jar:4.0 r1823414]
	at org.apache.jmeter.protocol.http.sampler.HTTPSamplerBase.downloadPageResources(HTTPSamplerBase.java:1343) [ApacheJMeter_http.jar:4.0 r1823414]
	at org.apache.jmeter.protocol.http.sampler.HTTPSamplerBase.resultProcessing(HTTPSamplerBase.java:1657) [ApacheJMeter_http.jar:4.0 r1823414]
	at org.apache.jmeter.protocol.http.sampler.HTTPAbstractImpl.resultProcessing(HTTPAbstractImpl.java:525) [ApacheJMeter_http.jar:4.0 r1823414]
	at org.apache.jmeter.protocol.http.sampler.HTTPHC4Impl.sample(HTTPHC4Impl.java:536) [ApacheJMeter_http.jar:4.0 r1823414]
	at org.apache.jmeter.protocol.http.sampler.HTTPSamplerProxy.sample(HTTPSamplerProxy.java:74) [ApacheJMeter_http.jar:4.0 r1823414]
	at org.apache.jmeter.protocol.http.sampler.HTTPSamplerBase.sample(HTTPSamplerBase.java:1189) [ApacheJMeter_http.jar:4.0 r1823414]
	at org.apache.jmeter.protocol.http.sampler.HTTPSamplerBase.sample(HTTPSamplerBase.java:1178) [ApacheJMeter_http.jar:4.0 r1823414]
	at org.apache.jmeter.threads.JMeterThread.executeSamplePackage(JMeterThread.java:490) [ApacheJMeter_core.jar:4.0 r1823414]
	at org.apache.jmeter.threads.JMeterThread.processSampler(JMeterThread.java:416) [ApacheJMeter_core.jar:4.0 r1823414]
	at org.apache.jmeter.threads.JMeterThread.run(JMeterThread.java:250) [ApacheJMeter_core.jar:4.0 r1823414]
	at java.lang.Thread.run(Thread.java:745) [?:1.8.0_91]
2018-04-08 19:00:05,713 INFO o.a.j.t.JMeterThread: Thread is done: Test-Easytravel 1-3
2018-04-08 19:00:05,714 INFO o.a.j.t.JMeterThread: Thread finished: Test-Easytravel 1-3
2018-04-08 19:00:05,715 INFO o.a.j.e.StandardJMeterEngine: Forced JVM shutdown requested at end of test
2018-04-08 19:00:05,705 WARN o.a.j.p.h.s.HTTPSamplerBase: Interrupted fetching embedded resources
java.lang.InterruptedException: null
	at java.util.concurrent.locks.AbstractQueuedSynchronizer$ConditionObject.reportInterruptAfterWait(AbstractQueuedSynchronizer.java:2014) ~[?:1.8.0_91]
	at java.util.concurrent.locks.AbstractQueuedSynchronizer$ConditionObject.await(AbstractQueuedSynchronizer.java:2048) ~[?:1.8.0_91]
	at java.util.concurrent.LinkedBlockingQueue.take(LinkedBlockingQueue.java:442) ~[?:1.8.0_91]
	at java.util.concurrent.ExecutorCompletionService.take(ExecutorCompletionService.java:193) ~[?:1.8.0_91]
	at org.apache.jmeter.protocol.http.sampler.ResourcesDownloader.invokeAllAndAwaitTermination(ResourcesDownloader.java:178) ~[ApacheJMeter_http.jar:4.0 r1823414]
	at org.apache.jmeter.protocol.http.sampler.HTTPSamplerBase.downloadPageResources(HTTPSamplerBase.java:1343) [ApacheJMeter_http.jar:4.0 r1823414]
	at org.apache.jmeter.protocol.http.sampler.HTTPSamplerBase.resultProcessing(HTTPSamplerBase.java:1657) [ApacheJMeter_http.jar:4.0 r1823414]
	at org.apache.jmeter.protocol.http.sampler.HTTPAbstractImpl.resultProcessing(HTTPAbstractImpl.java:525) [ApacheJMeter_http.jar:4.0 r1823414]
	at org.apache.jmeter.protocol.http.sampler.HTTPHC4Impl.sample(HTTPHC4Impl.java:536) [ApacheJMeter_http.jar:4.0 r1823414]
	at org.apache.jmeter.protocol.http.sampler.HTTPSamplerProxy.sample(HTTPSamplerProxy.java:74) [ApacheJMeter_http.jar:4.0 r1823414]
	at org.apache.jmeter.protocol.http.sampler.HTTPSamplerBase.sample(HTTPSamplerBase.java:1189) [ApacheJMeter_http.jar:4.0 r1823414]
	at org.apache.jmeter.protocol.http.sampler.HTTPSamplerBase.sample(HTTPSamplerBase.java:1178) [ApacheJMeter_http.jar:4.0 r1823414]
	at org.apache.jmeter.threads.JMeterThread.executeSamplePackage(JMeterThread.java:490) [ApacheJMeter_core.jar:4.0 r1823414]
	at org.apache.jmeter.threads.JMeterThread.processSampler(JMeterThread.java:416) [ApacheJMeter_core.jar:4.0 r1823414]
	at org.apache.jmeter.threads.JMeterThread.run(JMeterThread.java:250) [ApacheJMeter_core.jar:4.0 r1823414]
	at java.lang.Thread.run(Thread.java:745) [?:1.8.0_91]
2018-04-08 19:00:05,717 INFO o.a.j.t.JMeterThread: Thread is done: Test-Easytravel 1-10
2018-04-08 19:00:05,717 INFO o.a.j.t.JMeterThread: Thread finished: Test-Easytravel 1-10
2018-04-08 19:00:05,704 WARN o.a.j.p.h.s.HTTPSamplerBase: Interrupted fetching embedded resources
java.lang.InterruptedException: null
	at java.util.concurrent.locks.AbstractQueuedSynchronizer$ConditionObject.reportInterruptAfterWait(AbstractQueuedSynchronizer.java:2014) ~[?:1.8.0_91]
	at java.util.concurrent.locks.AbstractQueuedSynchronizer$ConditionObject.await(AbstractQueuedSynchronizer.java:2048) ~[?:1.8.0_91]
	at java.util.concurrent.LinkedBlockingQueue.take(LinkedBlockingQueue.java:442) ~[?:1.8.0_91]
	at java.util.concurrent.ExecutorCompletionService.take(ExecutorCompletionService.java:193) ~[?:1.8.0_91]
	at org.apache.jmeter.protocol.http.sampler.ResourcesDownloader.invokeAllAndAwaitTermination(ResourcesDownloader.java:178) ~[ApacheJMeter_http.jar:4.0 r1823414]
	at org.apache.jmeter.protocol.http.sampler.HTTPSamplerBase.downloadPageResources(HTTPSamplerBase.java:1343) [ApacheJMeter_http.jar:4.0 r1823414]
	at org.apache.jmeter.protocol.http.sampler.HTTPSamplerBase.resultProcessing(HTTPSamplerBase.java:1657) [ApacheJMeter_http.jar:4.0 r1823414]
	at org.apache.jmeter.protocol.http.sampler.HTTPAbstractImpl.resultProcessing(HTTPAbstractImpl.java:525) [ApacheJMeter_http.jar:4.0 r1823414]
	at org.apache.jmeter.protocol.http.sampler.HTTPHC4Impl.sample(HTTPHC4Impl.java:536) [ApacheJMeter_http.jar:4.0 r1823414]
	at org.apache.jmeter.protocol.http.sampler.HTTPSamplerProxy.sample(HTTPSamplerProxy.java:74) [ApacheJMeter_http.jar:4.0 r1823414]
	at org.apache.jmeter.protocol.http.sampler.HTTPSamplerBase.sample(HTTPSamplerBase.java:1189) [ApacheJMeter_http.jar:4.0 r1823414]
	at org.apache.jmeter.protocol.http.sampler.HTTPSamplerBase.sample(HTTPSamplerBase.java:1178) [ApacheJMeter_http.jar:4.0 r1823414]
	at org.apache.jmeter.threads.JMeterThread.executeSamplePackage(JMeterThread.java:490) [ApacheJMeter_core.jar:4.0 r1823414]
	at org.apache.jmeter.threads.JMeterThread.processSampler(JMeterThread.java:416) [ApacheJMeter_core.jar:4.0 r1823414]
	at org.apache.jmeter.threads.JMeterThread.run(JMeterThread.java:250) [ApacheJMeter_core.jar:4.0 r1823414]
	at java.lang.Thread.run(Thread.java:745) [?:1.8.0_91]
