[2018-04-08 20:07:58,423 INFO root] Taurus CLI Tool v1.11.0
[2018-04-08 20:07:58,424 DEBUG root] Command-line options: {'verbose': None, 'no_system_configs': None, 'quiet': None, 'log': '/var/folders/db/22vnvx8j4xz2xw6yvkfbmkr80000gn/T/bzt_ngwrUE.log', 'option': None, 'aliases': []}
[2018-04-08 20:07:58,424 DEBUG root] Python: CPython 2.7.12
[2018-04-08 20:07:58,424 DEBUG root] OS: ('Darwin', 'MacBook-Pro-de-Sergio-2.local', '17.5.0', 'Darwin Kernel Version 17.5.0: Mon Mar  5 22:24:32 PST 2018; root:xnu-4570.51.1~1/RELEASE_X86_64', 'x86_64', 'i386')
[2018-04-08 20:07:58,424 INFO root] Starting with configs: ['LT-Easytravel.yml', 'bzm-report-easytravel-demo.yml']
[2018-04-08 20:07:58,426 DEBUG root] Using personal config: /Users/sergiomaurenzi/.bzt-rc
[2018-04-08 20:07:58,426 INFO Engine] Configuring...
[2018-04-08 20:07:58,426 DEBUG Engine] Reading extension configs from: /usr/local/etc/bzt.d
[2018-04-08 20:07:58,427 DEBUG Engine] Base configs list: ['/usr/local/lib/python2.7/site-packages/bzt/resources/base-config.yml', '/usr/local/etc/bzt.d/99-installID.yml']
[2018-04-08 20:07:58,427 DEBUG Engine.Configuration] Configs: ['/usr/local/lib/python2.7/site-packages/bzt/resources/base-config.yml', '/usr/local/etc/bzt.d/99-installID.yml']
[2018-04-08 20:07:58,427 DEBUG Engine.Configuration] Reading /usr/local/lib/python2.7/site-packages/bzt/resources/base-config.yml as YAML
[2018-04-08 20:07:58,458 DEBUG Engine.Configuration] Reading /usr/local/etc/bzt.d/99-installID.yml as YAML
[2018-04-08 20:07:58,459 DEBUG Engine] User configs list: ['/Users/sergiomaurenzi/.bzt-rc', 'LT-Easytravel.yml', 'bzm-report-easytravel-demo.yml']
[2018-04-08 20:07:58,459 DEBUG Engine.Configuration] Configs: ['/Users/sergiomaurenzi/.bzt-rc', 'LT-Easytravel.yml', 'bzm-report-easytravel-demo.yml']
[2018-04-08 20:07:58,460 DEBUG Engine.Configuration] Reading /Users/sergiomaurenzi/.bzt-rc as YAML
[2018-04-08 20:07:58,485 DEBUG Engine.Configuration] Reading LT-Easytravel.yml as YAML
[2018-04-08 20:07:58,502 DEBUG Engine.Configuration] Reading bzm-report-easytravel-demo.yml as YAML
[2018-04-08 20:07:58,504 DEBUG Engine.Configuration] Configs: ['/Users/sergiomaurenzi/.bzt-rc', 'LT-Easytravel.yml', 'bzm-report-easytravel-demo.yml']
[2018-04-08 20:07:58,504 DEBUG Engine.Configuration] Reading /Users/sergiomaurenzi/.bzt-rc as YAML
[2018-04-08 20:07:58,508 DEBUG Engine.Configuration] Reading LT-Easytravel.yml as YAML
[2018-04-08 20:07:58,523 DEBUG Engine.Configuration] Reading bzm-report-easytravel-demo.yml as YAML
[2018-04-08 20:07:58,534 DEBUG Engine] Requesting updates info: http://gettaurus.org/updates/?version=1.11.0&installID=a45e60ee260f
[2018-04-08 20:07:58,541 INFO Engine] Artifacts dir: /Users/sergiomaurenzi/Documents/GitHub/Taurus-Jenkins-ServiceNow-demo/2018-04-08_20-07-58.535116
[2018-04-08 20:07:58,542 DEBUG Engine] New artifact filename: /Users/sergiomaurenzi/Documents/GitHub/Taurus-Jenkins-ServiceNow-demo/2018-04-08_20-07-58.535116/effective
[2018-04-08 20:07:58,546 DEBUG Engine.Configuration] Dumping YAML config into /Users/sergiomaurenzi/Documents/GitHub/Taurus-Jenkins-ServiceNow-demo/2018-04-08_20-07-58.535116/effective.yml
[2018-04-08 20:07:58,580 DEBUG Engine.Configuration] Dumping JSON config into /Users/sergiomaurenzi/Documents/GitHub/Taurus-Jenkins-ServiceNow-demo/2018-04-08_20-07-58.535116/effective.json
[2018-04-08 20:07:58,583 DEBUG Engine] New artifact filename: /Users/sergiomaurenzi/Documents/GitHub/Taurus-Jenkins-ServiceNow-demo/2018-04-08_20-07-58.535116/merged.yml
[2018-04-08 20:07:58,584 DEBUG Engine.Configuration] Dumping YAML config into /Users/sergiomaurenzi/Documents/GitHub/Taurus-Jenkins-ServiceNow-demo/2018-04-08_20-07-58.535116/merged.yml
[2018-04-08 20:07:58,596 DEBUG Engine] New artifact filename: /Users/sergiomaurenzi/Documents/GitHub/Taurus-Jenkins-ServiceNow-demo/2018-04-08_20-07-58.535116/merged.json
[2018-04-08 20:07:58,597 DEBUG Engine.Configuration] Dumping JSON config into /Users/sergiomaurenzi/Documents/GitHub/Taurus-Jenkins-ServiceNow-demo/2018-04-08_20-07-58.535116/merged.json
[2018-04-08 20:07:58,598 DEBUG Engine] Add existing artifact (move=False): LT-Easytravel.yml
[2018-04-08 20:07:58,598 DEBUG Engine] Copying LT-Easytravel.yml to /Users/sergiomaurenzi/Documents/GitHub/Taurus-Jenkins-ServiceNow-demo/2018-04-08_20-07-58.535116/LT-Easytravel.yml
[2018-04-08 20:07:58,599 DEBUG Engine] Add existing artifact (move=False): bzm-report-easytravel-demo.yml
[2018-04-08 20:07:58,600 DEBUG Engine] Copying bzm-report-easytravel-demo.yml to /Users/sergiomaurenzi/Documents/GitHub/Taurus-Jenkins-ServiceNow-demo/2018-04-08_20-07-58.535116/bzm-report-easytravel-demo.yml
[2018-04-08 20:07:58,602 DEBUG root] Closing log handler: /var/folders/db/22vnvx8j4xz2xw6yvkfbmkr80000gn/T/bzt_ngwrUE.log
[2018-04-08 20:07:58,602 DEBUG root] Switched writing logs to /Users/sergiomaurenzi/Documents/GitHub/Taurus-Jenkins-ServiceNow-demo/2018-04-08_20-07-58.535116/bzt.log
[2018-04-08 20:07:58,602 DEBUG root] Linting config
[2018-04-08 20:07:58,605 WARNING root] at path 'execution': 'execution' should be a list
[2018-04-08 20:07:58,606 INFO Engine] Preparing...
[2018-04-08 20:07:58,606 DEBUG Engine] Module config: consolidator defaultdict(None, {'class': 'bzt.modules.aggregator.ConsolidatingAggregator'})
[2018-04-08 20:07:58,606 DEBUG root] Importing module: bzt.modules.aggregator
[2018-04-08 20:07:59,026 DEBUG root] Loading class: 'ConsolidatingAggregator' from <module 'bzt.modules.aggregator' from '/usr/local/lib/python2.7/site-packages/bzt/modules/aggregator.pyc'>
[2018-04-08 20:07:59,026 DEBUG Engine.consolidator] Buffer scaling setup: percentile 95.0 from [0.0, 50.0, 90.0, 95.0, 99.0, 99.9, 100.0] selected
[2018-04-08 20:07:59,026 DEBUG Engine] Module config: monitoring defaultdict(None, {'class': 'bzt.modules.monitoring.Monitoring'})
[2018-04-08 20:07:59,026 DEBUG root] Importing module: bzt.modules.monitoring
[2018-04-08 20:07:59,029 DEBUG root] Loading class: 'Monitoring' from <module 'bzt.modules.monitoring' from '/usr/local/lib/python2.7/site-packages/bzt/modules/monitoring.pyc'>
[2018-04-08 20:07:59,029 DEBUG Engine] Module config: passfail defaultdict(None, {'class': 'bzt.modules.passfail.PassFailStatus'})
[2018-04-08 20:07:59,029 DEBUG root] Importing module: bzt.modules.passfail
[2018-04-08 20:07:59,029 DEBUG root] Loading class: 'PassFailStatus' from <module 'bzt.modules.passfail' from '/usr/local/lib/python2.7/site-packages/bzt/modules/passfail.pyc'>
[2018-04-08 20:07:59,030 DEBUG root] Importing module: bzt.modules.passfail
[2018-04-08 20:07:59,030 DEBUG root] Loading class: 'DataCriterion' from <module 'bzt.modules.passfail' from '/usr/local/lib/python2.7/site-packages/bzt/modules/passfail.pyc'>
[2018-04-08 20:07:59,030 DEBUG root] Importing module: bzt.modules.passfail
[2018-04-08 20:07:59,031 DEBUG root] Loading class: 'DataCriterion' from <module 'bzt.modules.passfail' from '/usr/local/lib/python2.7/site-packages/bzt/modules/passfail.pyc'>
[2018-04-08 20:07:59,031 DEBUG Engine] Module config: local defaultdict(None, {'class': 'bzt.modules.provisioning.Local'})
[2018-04-08 20:07:59,031 DEBUG root] Importing module: bzt.modules.provisioning
[2018-04-08 20:07:59,031 DEBUG root] Loading class: 'Local' from <module 'bzt.modules.provisioning' from '/usr/local/lib/python2.7/site-packages/bzt/modules/provisioning.pyc'>
[2018-04-08 20:07:59,031 DEBUG Engine] Module config: jmeter defaultdict(None, {'properties': defaultdict(None, {'jmeter.save.saveservice.autoflush': 'true', 'jmeter.save.saveservice.connect_time': 'true', 'summariser.name': '', 'jmeterengine.force.system.exit': 'true'}), 'class': 'bzt.modules.jmeter.JMeterExecutor', 'plugins': ['jpgc-casutg', 'jpgc-dummy', 'jpgc-ffw', 'jpgc-fifo', 'jpgc-functions', 'jpgc-json', 'jpgc-perfmon', 'jpgc-prmctl', 'jpgc-tst']})
[2018-04-08 20:07:59,031 DEBUG root] Importing module: bzt.modules.jmeter
[2018-04-08 20:07:59,080 DEBUG root] Loading class: 'JMeterExecutor' from <module 'bzt.modules.jmeter' from '/usr/local/lib/python2.7/site-packages/bzt/modules/jmeter.pyc'>
[2018-04-08 20:07:59,080 DEBUG Engine.local] Preparing executor: None/4456454096
[2018-04-08 20:07:59,081 DEBUG Engine] New artifact filename: /Users/sergiomaurenzi/Documents/GitHub/Taurus-Jenkins-ServiceNow-demo/2018-04-08_20-07-58.535116/jmeter.log
[2018-04-08 20:07:59,081 DEBUG Engine.jmeter] Checking if port 4445 is free
[2018-04-08 20:07:59,082 DEBUG Engine.jmeter] Port 4445 is free
[2018-04-08 20:07:59,082 DEBUG Engine.jmeter] Using port 4445 for management
[2018-04-08 20:07:59,082 DEBUG Engine.jmeter.JavaVM] Trying JavaVM: ['java', '-version']
[2018-04-08 20:07:59,262 DEBUG Engine.jmeter.JavaVM] JavaVM output: java version "1.8.0_91"
Java(TM) SE Runtime Environment (build 1.8.0_91-b14)
Java HotSpot(TM) 64-Bit Server VM (build 25.91-b14, mixed mode)
[2018-04-08 20:07:59,263 DEBUG Engine.jmeter.TclLibrary] We don't need to check tcl library on this platform
[2018-04-08 20:07:59,263 DEBUG Engine.jmeter.JMeter] Trying jmeter: /Users/sergiomaurenzi/.bzt/jmeter-taurus/4.0/bin/jmeter.sh
[2018-04-08 20:07:59,264 DEBUG bzt.utils] Executing shell: ['/Users/sergiomaurenzi/.bzt/jmeter-taurus/4.0/bin/jmeter.sh', '-j', '/var/folders/db/22vnvx8j4xz2xw6yvkfbmkr80000gn/T/jmeterC4HgIwlog', '--version'] at .
[2018-04-08 20:07:59,530 DEBUG Engine] Taurus updates info: {"latest":"1.11.0","needsUpgrade":false}
[2018-04-08 20:07:59,530 DEBUG Engine] Installation is up-to-date
[2018-04-08 20:08:01,589 DEBUG Engine.jmeter.JMeter] JMeter check:     _    ____   _    ____ _   _ _____       _ __  __ _____ _____ _____ ____     
   / \  |  _ \ / \  / ___| | | | ____|     | |  \/  | ____|_   _| ____|  _ \   
  / _ \ | |_) / _ \| |   | |_| |  _|    _  | | |\/| |  _|   | | |  _| | |_) | 
 / ___ \|  __/ ___ \ |___|  _  | |___  | |_| | |  | | |___  | | | |___|  _ <  
/_/   \_\_| /_/   \_\____|_| |_|_____|  \___/|_|  |_|_____| |_| |_____|_| \_\ 4.0 r1823414  

Copyright (c) 1999-2018 The Apache Software Foundation

 / None
[2018-04-08 20:08:01,589 DEBUG Engine] New artifact filename: /Users/sergiomaurenzi/Documents/GitHub/Taurus-Jenkins-ServiceNow-demo/2018-04-08_20-07-58.535116/requests.jmx
[2018-04-08 20:08:01,600 DEBUG JMeterScenarioBuilder] Saving JMX to: /Users/sergiomaurenzi/Documents/GitHub/Taurus-Jenkins-ServiceNow-demo/2018-04-08_20-07-58.535116/requests.jmx
[2018-04-08 20:08:01,602 DEBUG Engine.jmeter] Load: LoadSpec(concurrency=20, throughput=None, ramp_up=60.0, hold=60.0, iterations=0, duration=120.0, steps=None)
[2018-04-08 20:08:01,606 DEBUG Engine] New artifact filename: /Users/sergiomaurenzi/Documents/GitHub/Taurus-Jenkins-ServiceNow-demo/2018-04-08_20-07-58.535116/kpi.jtl
[2018-04-08 20:08:01,607 DEBUG Engine] New artifact filename: /Users/sergiomaurenzi/Documents/GitHub/Taurus-Jenkins-ServiceNow-demo/2018-04-08_20-07-58.535116/error.jtl
[2018-04-08 20:08:01,611 DEBUG Engine.jmeter.LoadSettingsProcessor.ThreadGroupHandler] Converting ThreadGroup (LT-Easytravel) to ConcurrencyThreadGroup and apply load parameters
[2018-04-08 20:08:01,611 DEBUG Engine] New artifact filename: /Users/sergiomaurenzi/Documents/GitHub/Taurus-Jenkins-ServiceNow-demo/2018-04-08_20-07-58.535116/modified_requests.jmx
[2018-04-08 20:08:01,612 DEBUG JMX] Saving JMX to: /Users/sergiomaurenzi/Documents/GitHub/Taurus-Jenkins-ServiceNow-demo/2018-04-08_20-07-58.535116/modified_requests.jmx
[2018-04-08 20:08:01,612 DEBUG Engine.jmeter] Additional properties: defaultdict(None, {'jmeter.save.saveservice.autoflush': 'true', 'jmeter.save.saveservice.connect_time': 'true', 'user.classpath': '/Users/sergiomaurenzi/Documents/GitHub/Taurus-Jenkins-ServiceNow-demo/2018-04-08_20-07-58.535116:/Users/sergiomaurenzi/Documents/GitHub/Taurus-Jenkins-ServiceNow-demo/2018-04-08_20-07-58.535116', 'sampleresult.default.encoding': 'UTF-8', 'summariser.name': '', 'jmeterengine.force.system.exit': 'true', 'jmeter.save.saveservice.timestamp_format': 'ms', 'jmeterengine.nongui.maxport': 4445, 'jmeterengine.nongui.port': 4445})
[2018-04-08 20:08:01,612 DEBUG Engine] New artifact filename: /Users/sergiomaurenzi/Documents/GitHub/Taurus-Jenkins-ServiceNow-demo/2018-04-08_20-07-58.535116/jmeter-bzt.properties
[2018-04-08 20:08:01,613 DEBUG Engine.jmeter] Additional system properties defaultdict(None, {'sun.net.inetaddr.ttl': 0})
[2018-04-08 20:08:01,613 DEBUG Engine] New artifact filename: /Users/sergiomaurenzi/Documents/GitHub/Taurus-Jenkins-ServiceNow-demo/2018-04-08_20-07-58.535116/system.properties
[2018-04-08 20:08:01,613 DEBUG bzt.utils] Executing shell: ['/Users/sergiomaurenzi/.bzt/jmeter-taurus/4.0/bin/PluginsManagerCMD.sh', 'install-for-jmx', '/Users/sergiomaurenzi/Documents/GitHub/Taurus-Jenkins-ServiceNow-demo/2018-04-08_20-07-58.535116/modified_requests.jmx'] at .
[2018-04-08 20:08:11,813 DEBUG Engine.jmeter.JMeter] Try to detect plugins for /Users/sergiomaurenzi/Documents/GitHub/Taurus-Jenkins-ServiceNow-demo/2018-04-08_20-07-58.535116/modified_requests.jmx
20:08:10.666 [main] INFO  org.jmeterplugins.repository.PluginManager - Plugins Status: [jpgc-functions=2.0, jpgc-casutg=2.5, jpgc-dummy=0.2, jpgc-ffw=2.0, jpgc-fifo=0.2, jpgc-json=2.6, jpgc-prmctl=0.3, jpgc-perfmon=2.1, jpgc-plugins-manager=0.20, jpgc-tst=2.3, jmeter-core=4.0, jmeter-ftp=4.0, jmeter-http=4.0, jmeter-jdbc=4.0, jmeter-jms=4.0, jmeter-junit=4.0, jmeter-java=4.0, jmeter-ldap=4.0, jmeter-mail=4.0, jmeter-mongodb=4.0, jmeter-native=4.0, jmeter-tcp=4.0, jmeter-components=4.0]
2018-04-08 20:08:10,666 INFO o.j.r.PluginManager: Plugins Status: [jpgc-functions=2.0, jpgc-casutg=2.5, jpgc-dummy=0.2, jpgc-ffw=2.0, jpgc-fifo=0.2, jpgc-json=2.6, jpgc-prmctl=0.3, jpgc-perfmon=2.1, jpgc-plugins-manager=0.20, jpgc-tst=2.3, jmeter-core=4.0, jmeter-ftp=4.0, jmeter-http=4.0, jmeter-jdbc=4.0, jmeter-jms=4.0, jmeter-junit=4.0, jmeter-java=4.0, jmeter-ldap=4.0, jmeter-mail=4.0, jmeter-mongodb=4.0, jmeter-native=4.0, jmeter-tcp=4.0, jmeter-components=4.0]
20:08:11.155 [main] INFO  org.apache.jmeter.save.SaveService - Testplan (JMX) version: 2.2. Testlog (JTL) version: 2.2
2018-04-08 20:08:11,155 INFO o.a.j.s.SaveService: Testplan (JMX) version: 2.2. Testlog (JTL) version: 2.2
20:08:11.173 [main] INFO  org.apache.jmeter.save.SaveService - Using SaveService properties file encoding UTF-8
2018-04-08 20:08:11,173 INFO o.a.j.s.SaveService: Using SaveService properties file encoding UTF-8
20:08:11.178 [main] INFO  org.apache.jmeter.save.SaveService - Using SaveService properties version 4.0
2018-04-08 20:08:11,178 INFO o.a.j.s.SaveService: Using SaveService properties version 4.0
20:08:11.219 [main] INFO  org.apache.jmeter.protocol.http.control.CacheManager - Will only cache the following methods: [GET]
2018-04-08 20:08:11,219 INFO o.a.j.p.h.c.CacheManager: Will only cache the following methods: [GET]
20:08:11.223 [main] INFO  org.apache.jmeter.protocol.http.control.CookieManager - Settings: Delete null: true Check: true Allow variable: true Save: false Prefix: COOKIE_
2018-04-08 20:08:11,223 INFO o.a.j.p.h.c.CookieManager: Settings: Delete null: true Check: true Allow variable: true Save: false Prefix: COOKIE_
20:08:11.331 [main] INFO  org.jmeterplugins.repository.PluginManager - Restarting JMeter...
2018-04-08 20:08:11,331 INFO o.j.r.PluginManager: Restarting JMeter...

ERROR StatusLogger No log4j2 configuration file found. Using default configuration: logging only errors to the console. Set system property 'log4j2.debug' to show Log4j2 internal initialization logging.

[2018-04-08 20:08:16,820 DEBUG Engine] New artifact filename: /Users/sergiomaurenzi/Documents/GitHub/Taurus-Jenkins-ServiceNow-demo/2018-04-08_20-07-58.535116/jmeter.out
[2018-04-08 20:08:16,820 DEBUG Engine] New artifact filename: /Users/sergiomaurenzi/Documents/GitHub/Taurus-Jenkins-ServiceNow-demo/2018-04-08_20-07-58.535116/jmeter.err
[2018-04-08 20:08:16,824 DEBUG Engine] Module config: final-stats defaultdict(None, {'class': 'bzt.modules.reporting.FinalStatus'})
[2018-04-08 20:08:16,824 DEBUG root] Importing module: bzt.modules.reporting
[2018-04-08 20:08:17,059 DEBUG easyprocess] version=0.2.3
[2018-04-08 20:08:17,091 DEBUG pyvirtualdisplay] version=0.2.1
[2018-04-08 20:08:17,093 DEBUG root] Loading class: 'FinalStatus' from <module 'bzt.modules.reporting' from '/usr/local/lib/python2.7/site-packages/bzt/modules/reporting.pyc'>
[2018-04-08 20:08:17,094 DEBUG Engine] Module config: console defaultdict(None, {'class': 'bzt.modules.console.ConsoleStatusReporter'})
[2018-04-08 20:08:17,094 DEBUG root] Importing module: bzt.modules.console
[2018-04-08 20:08:17,094 DEBUG root] Loading class: 'ConsoleStatusReporter' from <module 'bzt.modules.console' from '/usr/local/lib/python2.7/site-packages/bzt/modules/console.pyc'>
[2018-04-08 20:08:17,094 DEBUG Engine] Module config: junit-xml defaultdict(None, {'class': 'bzt.modules.reporting.JUnitXMLReporter'})
[2018-04-08 20:08:17,094 DEBUG root] Importing module: bzt.modules.reporting
[2018-04-08 20:08:17,094 DEBUG root] Loading class: 'JUnitXMLReporter' from <module 'bzt.modules.reporting' from '/usr/local/lib/python2.7/site-packages/bzt/modules/reporting.pyc'>
[2018-04-08 20:08:17,094 DEBUG Engine] Module config: blazemeter defaultdict(None, {'token': '********', 'class': 'bzt.modules.blazemeter.BlazeMeterUploader'})
[2018-04-08 20:08:17,094 DEBUG root] Importing module: bzt.modules.blazemeter
[2018-04-08 20:08:17,094 DEBUG root] Loading class: 'BlazeMeterUploader' from <module 'bzt.modules.blazemeter' from '/usr/local/lib/python2.7/site-packages/bzt/modules/blazemeter.pyc'>
[2018-04-08 20:08:17,104 DEBUG User] Request: GET https://a.blazemeter.com/api/v4/web/version None
[2018-04-08 20:08:17,556 DEBUG urllib3.connectionpool] Starting new HTTPS connection (1): a.blazemeter.com
[2018-04-08 20:08:18,457 DEBUG urllib3.connectionpool] https://a.blazemeter.com:443 "GET /api/v4/web/version HTTP/1.1" 200 198
[2018-04-08 20:08:18,460 DEBUG User] Response [200]: {
    "api_version": 4,
    "error": null,
    "result": "packages_backendPackageBuild 10844 release/2018-04-02_92 B10844  Sun Apr 8 17:00:37 2018 +0300 af26941fa9dcd0131574ef71f62d84bf229295a6\n"
}
[2018-04-08 20:08:18,460 DEBUG User] Request: GET https://a.blazemeter.com/api/v4/accounts None
[2018-04-08 20:08:18,755 DEBUG urllib3.connectionpool] https://a.blazemeter.com:443 "GET /api/v4/accounts HTTP/1.1" 200 983
[2018-04-08 20:08:18,756 DEBUG User] Response [200]: {
    "limit": 10,
    "skip": 0,
    "total": 1,
    "hidden": 0,
    "api_version": 4,
    "error": null,
    "result": [
        {
            "id": 163653,
            "name": "Sergio@Performen.com.ar Account",
            "thumbnailUrl": "",
         
[2018-04-08 20:08:18,757 DEBUG User] Request: GET https://a.blazemeter.com/api/v4/workspaces?accountId=163653&enabled=true&limit=100 None
[2018-04-08 20:08:19,105 DEBUG urllib3.connectionpool] https://a.blazemeter.com:443 "GET /api/v4/workspaces?accountId=163653&enabled=true&limit=100 HTTP/1.1" 200 817
[2018-04-08 20:08:19,106 DEBUG User] Response [200]: {
    "limit": 100,
    "skip": 0,
    "total": 1,
    "hidden": 0,
    "api_version": 4,
    "error": null,
    "result": [
        {
            "id": 157232,
            "name": "Default workspace",
            "userId": 379105,
            "created": 1
[2018-04-08 20:08:19,107 DEBUG User] Request: GET https://a.blazemeter.com/api/v4/projects?workspaceId=157232&name=Default None
[2018-04-08 20:08:19,439 DEBUG urllib3.connectionpool] https://a.blazemeter.com:443 "GET /api/v4/projects?workspaceId=157232&name=Default HTTP/1.1" 200 686
[2018-04-08 20:08:19,440 DEBUG User] Response [200]: {
    "limit": 10,
    "skip": 0,
    "total": 2,
    "hidden": 0,
    "api_version": 4,
    "error": null,
    "result": [
        {
            "id": 270298,
            "name": "Default",
            "userId": 379105,
            "description": null,
  
[2018-04-08 20:08:19,441 DEBUG User] Request: GET https://a.blazemeter.com/api/v4/tests?projectId=270298&name=Test-Easytravel.yml None
[2018-04-08 20:08:19,740 DEBUG urllib3.connectionpool] https://a.blazemeter.com:443 "GET /api/v4/tests?projectId=270298&name=Test-Easytravel.yml HTTP/1.1" 200 593
[2018-04-08 20:08:19,742 DEBUG User] Response [200]: {
    "limit": 10,
    "skip": 0,
    "total": 1,
    "hidden": 0,
    "api_version": 4,
    "error": null,
    "result": [
        {
            "id": 6013956,
            "name": "Test-Easytravel.yml",
            "userId": 379105,
            "created":
[2018-04-08 20:08:19,745 DEBUG Engine.Configuration] Dumping YAML config into /Users/sergiomaurenzi/Documents/GitHub/Taurus-Jenkins-ServiceNow-demo/2018-04-08_20-07-58.535116/effective.yml
[2018-04-08 20:08:19,784 DEBUG Engine.Configuration] Dumping JSON config into /Users/sergiomaurenzi/Documents/GitHub/Taurus-Jenkins-ServiceNow-demo/2018-04-08_20-07-58.535116/effective.json
[2018-04-08 20:08:19,787 INFO Engine] Starting...
[2018-04-08 20:08:19,787 DEBUG Engine] Startup <bzt.modules.monitoring.Monitoring object at 0x1083fb810>
[2018-04-08 20:08:19,787 DEBUG Engine] Startup <bzt.modules.passfail.PassFailStatus object at 0x1099d5450>
[2018-04-08 20:08:19,787 DEBUG Engine] Startup <bzt.modules.aggregator.ConsolidatingAggregator object at 0x1083fbc90>
[2018-04-08 20:08:19,787 DEBUG Engine] Startup <bzt.modules.reporting.FinalStatus object at 0x1083d1a50>
[2018-04-08 20:08:19,788 DEBUG Engine] Startup <bzt.modules.console.ConsoleStatusReporter object at 0x109a76850>
[2018-04-08 20:08:19,788 INFO Engine.console] Waiting for results...
[2018-04-08 20:08:19,788 DEBUG Engine] Startup <bzt.modules.reporting.JUnitXMLReporter object at 0x109b8ebd0>
[2018-04-08 20:08:19,788 DEBUG Engine] Startup <bzt.modules.blazemeter.BlazeMeterUploader object at 0x109dbd450>
[2018-04-08 20:08:19,788 INFO Engine.blazemeter] Initiating data feeding...
[2018-04-08 20:08:19,788 DEBUG User] Request: POST https://a.blazemeter.com/api/v4/tests/6013956/start-external None
[2018-04-08 20:08:20,137 DEBUG urllib3.connectionpool] https://a.blazemeter.com:443 "POST /api/v4/tests/6013956/start-external HTTP/1.1" 202 1618
[2018-04-08 20:08:20,138 DEBUG User] Response [202]: {
    "api_version": 4,
    "error": null,
    "result": {
        "session": {
            "id": "r-ext-5acaa0e3ef3bd",
            "name": "Test-Easytravel.yml",
            "userId": 379105,
            "offset": 0,
            "statusCode": 15,
       
[2018-04-08 20:08:20,139 DEBUG User] Request: PATCH https://a.blazemeter.com/api/v4/sessions/r-ext-5acaa0e3ef3bd {
 "name": "Easytravel-LoadTest-Demo"
}
[2018-04-08 20:08:20,550 DEBUG urllib3.connectionpool] https://a.blazemeter.com:443 "PATCH /api/v4/sessions/r-ext-5acaa0e3ef3bd HTTP/1.1" 200 871
[2018-04-08 20:08:20,551 DEBUG User] Response [200]: {
    "api_version": 4,
    "error": null,
    "result": {
        "id": "r-ext-5acaa0e3ef3bd",
        "name": "Easytravel-LoadTest-Demo",
        "userId": 379105,
        "offset": 0,
        "statusCode": 15,
        "status": "INITIALIZING",
        "
[2018-04-08 20:08:20,552 INFO Engine.blazemeter] Started data feeding: https://a.blazemeter.com/app/#/masters/17472617
[2018-04-08 20:08:20,758 DEBUG Engine] Startup <bzt.modules.provisioning.Local object at 0x1083d1450>
[2018-04-08 20:08:20,758 DEBUG Engine.local] Delay setup for None/LT-Easytravel: 0(start-at) + 0(delay) = 0
[2018-04-08 20:08:20,764 DEBUG Engine.Configuration] Dumping YAML config into /Users/sergiomaurenzi/Documents/GitHub/Taurus-Jenkins-ServiceNow-demo/2018-04-08_20-07-58.535116/effective.yml
[2018-04-08 20:08:20,844 DEBUG Engine.Configuration] Dumping JSON config into /Users/sergiomaurenzi/Documents/GitHub/Taurus-Jenkins-ServiceNow-demo/2018-04-08_20-07-58.535116/effective.json
[2018-04-08 20:08:20,846 DEBUG root] Leveling down log file verbosity, use -v option to have DEBUG messages enabled
[2018-04-08 20:08:20,847 DEBUG root] Leveled up log file verbosity
[2018-04-08 20:08:20,847 DEBUG bzt.utils] Executing shell: ['/Users/sergiomaurenzi/.bzt/jmeter-taurus/4.0/bin/jmeter.sh', '-n', '-t', '/Users/sergiomaurenzi/Documents/GitHub/Taurus-Jenkins-ServiceNow-demo/2018-04-08_20-07-58.535116/modified_requests.jmx', '-j', '/Users/sergiomaurenzi/Documents/GitHub/Taurus-Jenkins-ServiceNow-demo/2018-04-08_20-07-58.535116/jmeter.log', '-q', '/Users/sergiomaurenzi/Documents/GitHub/Taurus-Jenkins-ServiceNow-demo/2018-04-08_20-07-58.535116/jmeter-bzt.properties', '-S', '/Users/sergiomaurenzi/Documents/GitHub/Taurus-Jenkins-ServiceNow-demo/2018-04-08_20-07-58.535116/system.properties'] at /Users/sergiomaurenzi/Documents/GitHub/Taurus-Jenkins-ServiceNow-demo
[2018-04-08 20:08:20,857 DEBUG root] Leveling down log file verbosity, use -v option to have DEBUG messages enabled
[2018-04-08 20:08:21,104 INFO Engine.console] Waiting for finish...
[2018-04-08 20:08:37,717 INFO Engine.jmeter.JTLReader] Changed data analysis delay to 18s
[2018-04-08 20:08:55,520 INFO Engine.jmeter.JTLReader] Changed data analysis delay to 25s
[2018-04-08 20:09:06,618 WARNING root] Alert: avg-rt>50ms for 10 sec
[2018-04-08 20:09:06,644 INFO root] Pass/Fail criterion triggered shutdown: Failed: avg-rt>50ms for 10 sec
[2018-04-08 20:09:06,671 WARNING Engine] Please wait for graceful shutdown...
[2018-04-08 20:09:06,679 DEBUG root] Leveled up log file verbosity
[2018-04-08 20:09:06,679 INFO Engine] Shutting down...
[2018-04-08 20:09:06,684 DEBUG Engine] Current stop reason: Failed: avg-rt>50ms for 10 sec
[2018-04-08 20:09:06,684 DEBUG Engine.local] Shutdown None/LT-Easytravel
[2018-04-08 20:09:07,685 INFO Engine.jmeter] Sending Shutdown command to JMeter on port 4445...
[2018-04-08 20:09:08,698 DEBUG Engine.jmeter] JMeter stopped on Shutdown command
[2018-04-08 20:09:08,699 DEBUG Engine.console] Restoring logging streams, [<logging.StreamHandler object at 0x1083caa50>]/{<logging.StreamHandler object at 0x1083caa50>: <open file '<stdout>', mode 'w' at 0x1070cc150>}
[2018-04-08 20:09:08,704 DEBUG Engine.Configuration] Dumping YAML config into /Users/sergiomaurenzi/Documents/GitHub/Taurus-Jenkins-ServiceNow-demo/2018-04-08_20-07-58.535116/effective.yml
[2018-04-08 20:09:08,743 DEBUG Engine.Configuration] Dumping JSON config into /Users/sergiomaurenzi/Documents/GitHub/Taurus-Jenkins-ServiceNow-demo/2018-04-08_20-07-58.535116/effective.json
[2018-04-08 20:09:08,746 WARNING root] Automated shutdown
[2018-04-08 20:09:08,747 DEBUG root] AutomatedShutdown: Failed: avg-rt>50ms for 10 sec
Traceback (most recent call last):
  File "/usr/local/lib/python2.7/site-packages/bzt/cli.py", line 250, in perform
    self.engine.run()
  File "/usr/local/lib/python2.7/site-packages/bzt/engine.py", line 219, in run
    reraise(exc_info)
  File "/usr/local/lib/python2.7/site-packages/bzt/engine.py", line 201, in run
    self._wait()
  File "/usr/local/lib/python2.7/site-packages/bzt/engine.py", line 240, in _wait
    while not self._check_modules_list():
  File "/usr/local/lib/python2.7/site-packages/bzt/engine.py", line 227, in _check_modules_list
    finished = bool(module.check())
  File "/usr/local/lib/python2.7/site-packages/bzt/modules/passfail.py", line 96, in check
    res = res or crit.check()
  File "/usr/local/lib/python2.7/site-packages/bzt/modules/passfail.py", line 202, in check
    raise AutomatedShutdown("%s" % self)
AutomatedShutdown: Failed: avg-rt>50ms for 10 sec
[2018-04-08 20:09:08,747 INFO Engine] Post-processing...
[2018-04-08 20:09:08,747 DEBUG Engine.local] Post-process None/LT-Easytravel
[2018-04-08 20:09:08,747 DEBUG Engine] Add existing artifact (move=True): /Users/sergiomaurenzi/Documents/GitHub/Taurus-Jenkins-ServiceNow-demo/2018-04-08_20-07-58.535116/modified_requests.jmx
[2018-04-08 20:09:08,747 DEBUG Engine] No need to copy /Users/sergiomaurenzi/Documents/GitHub/Taurus-Jenkins-ServiceNow-demo/2018-04-08_20-07-58.535116/modified_requests.jmx
[2018-04-08 20:09:08,747 DEBUG Engine.jmeter.JTLErrorsReader.FileReader] Opening file: /Users/sergiomaurenzi/Documents/GitHub/Taurus-Jenkins-ServiceNow-demo/2018-04-08_20-07-58.535116/error.jtl
[2018-04-08 20:09:08,748 DEBUG Engine.jmeter.JTLErrorsReader.FileReader] Reading: /Users/sergiomaurenzi/Documents/GitHub/Taurus-Jenkins-ServiceNow-demo/2018-04-08_20-07-58.535116/error.jtl
[2018-04-08 20:09:08,751 DEBUG Engine.jmeter.JTLErrorsReader.FileReader] Reading: /Users/sergiomaurenzi/Documents/GitHub/Taurus-Jenkins-ServiceNow-demo/2018-04-08_20-07-58.535116/error.jtl
[2018-04-08 20:09:08,752 DEBUG Engine.jmeter.JTLReader.IncrementalCSVReader.FileReader] Reading: /Users/sergiomaurenzi/Documents/GitHub/Taurus-Jenkins-ServiceNow-demo/2018-04-08_20-07-58.535116/kpi.jtl
[2018-04-08 20:09:08,752 DEBUG Engine.jmeter.JTLReader.IncrementalCSVReader] Read: 9 lines / 1532 bytes (at speed 1048576)
[2018-04-08 20:09:08,752 DEBUG Engine.jmeter.JTLReader] Buffer len: 22
[2018-04-08 20:09:08,752 DEBUG Engine.jmeter.JTLReader] Aggregating: 1523228917
[2018-04-08 20:09:08,801 DEBUG Engine.jmeter.JTLReader] Aggregating: 1523228919
[2018-04-08 20:09:08,831 DEBUG Engine.jmeter.JTLReader] Aggregating: 1523228920
[2018-04-08 20:09:08,869 DEBUG Engine.jmeter.JTLReader] Aggregating: 1523228922
[2018-04-08 20:09:08,900 DEBUG Engine.jmeter.JTLReader] Aggregating: 1523228923
[2018-04-08 20:09:08,946 DEBUG Engine.jmeter.JTLReader] Aggregating: 1523228926
[2018-04-08 20:09:08,987 DEBUG Engine.jmeter.JTLReader] Aggregating: 1523228927
[2018-04-08 20:09:09,021 DEBUG Engine.jmeter.JTLReader] Aggregating: 1523228928
[2018-04-08 20:09:09,059 DEBUG Engine.jmeter.JTLReader] Aggregating: 1523228929
[2018-04-08 20:09:09,088 DEBUG Engine.jmeter.JTLReader] Aggregating: 1523228930
[2018-04-08 20:09:09,125 DEBUG Engine.jmeter.JTLReader] Aggregating: 1523228931
[2018-04-08 20:09:09,160 DEBUG Engine.jmeter.JTLReader] Aggregating: 1523228932
[2018-04-08 20:09:09,204 DEBUG Engine.jmeter.JTLReader] Aggregating: 1523228933
[2018-04-08 20:09:09,239 DEBUG Engine.jmeter.JTLReader] Aggregating: 1523228935
[2018-04-08 20:09:09,294 DEBUG Engine.jmeter.JTLReader] Aggregating: 1523228937
[2018-04-08 20:09:09,328 DEBUG Engine.jmeter.JTLReader] Aggregating: 1523228938
[2018-04-08 20:09:09,376 DEBUG Engine.jmeter.JTLReader] Aggregating: 1523228939
[2018-04-08 20:09:09,401 DEBUG Engine.jmeter.JTLReader] Aggregating: 1523228940
[2018-04-08 20:09:09,440 DEBUG Engine.jmeter.JTLReader] Aggregating: 1523228941
[2018-04-08 20:09:09,475 DEBUG Engine.jmeter.JTLReader] Aggregating: 1523228944
[2018-04-08 20:09:09,509 DEBUG Engine.jmeter.JTLReader] Aggregating: 1523228945
[2018-04-08 20:09:09,538 DEBUG Engine.jmeter.JTLReader] Aggregating: 1523228946
[2018-04-08 20:09:09,575 DEBUG Engine.consolidator] Consolidator buffer[24]: [1523228928, 1523228929, 1523228930, 1523228931, 1523228932, 1523228933, 1523228935, 1523228937, 1523228938, 1523228939, 1523228940, 1523228941, 1523228944, 1523228945, 1523228946, 1523228915, 1523228916, 1523228917, 1523228919, 1523228920, 1523228922, 1523228923, 1523228926, 1523228927]
[2018-04-08 20:09:09,575 DEBUG Engine.consolidator] Merging into 1523228915
[2018-04-08 20:09:09,575 DEBUG Engine.consolidator] Merging 1523228915
[2018-04-08 20:09:09,668 DEBUG root] 1523228915 Failed: avg-rt>50ms for 11 sec: True
[2018-04-08 20:09:09,668 DEBUG root] No label reserve  in ['', u'http://ec2-54-210-22-3.compute-1.amazonaws.com:8079/']
[2018-04-08 20:09:09,671 DEBUG Engine.consolidator] Processed datapoint: 1523228915/None
[2018-04-08 20:09:09,684 DEBUG Engine.consolidator] Merging into 1523228916
[2018-04-08 20:09:09,684 DEBUG Engine.consolidator] Merging 1523228916
[2018-04-08 20:09:09,752 DEBUG root] 1523228916 Failed: avg-rt>50ms for 12 sec: True
[2018-04-08 20:09:09,752 DEBUG root] No label reserve  in ['', u'http://ec2-54-210-22-3.compute-1.amazonaws.com:8079/rating/ratings.php', u'http://ec2-54-210-22-3.compute-1.amazonaws.com:8079/CalculateRecommendations']
[2018-04-08 20:09:09,754 DEBUG Engine.consolidator] Processed datapoint: 1523228916/None
[2018-04-08 20:09:09,754 DEBUG Engine.consolidator] Merging into 1523228917
[2018-04-08 20:09:09,754 DEBUG Engine.consolidator] Merging 1523228917
[2018-04-08 20:09:09,861 DEBUG root] 1523228917 Failed: avg-rt>50ms for 13 sec: True
[2018-04-08 20:09:09,861 DEBUG root] No label reserve  in ['', u'http://ec2-54-210-22-3.compute-1.amazonaws.com:8079/rating/ratings.php', u'http://ec2-54-210-22-3.compute-1.amazonaws.com:8079/CalculateRecommendations', u'http://ec2-54-210-22-3.compute-1.amazonaws.com:8079/']
[2018-04-08 20:09:09,863 DEBUG Engine.consolidator] Processed datapoint: 1523228917/None
[2018-04-08 20:09:09,863 DEBUG Engine.consolidator] Merging into 1523228919
[2018-04-08 20:09:09,863 DEBUG Engine.consolidator] Merging 1523228919
[2018-04-08 20:09:09,944 DEBUG root] 1523228919 Failed: avg-rt>50ms for 15 sec: True
[2018-04-08 20:09:09,945 DEBUG root] No label reserve  in [u'http://ec2-54-210-22-3.compute-1.amazonaws.com:8079/amp/', '']
[2018-04-08 20:09:09,947 DEBUG Engine.consolidator] Processed datapoint: 1523228919/None
[2018-04-08 20:09:09,947 DEBUG Engine.consolidator] Merging into 1523228920
[2018-04-08 20:09:09,947 DEBUG Engine.consolidator] Merging 1523228920
[2018-04-08 20:09:10,034 DEBUG root] 1523228920 Failed: avg-rt>50ms for 16 sec: True
[2018-04-08 20:09:10,034 DEBUG root] No label reserve  in ['', u'http://ec2-54-210-22-3.compute-1.amazonaws.com:8079/']
[2018-04-08 20:09:10,036 DEBUG Engine.consolidator] Processed datapoint: 1523228920/None
[2018-04-08 20:09:10,036 DEBUG Engine.consolidator] Merging into 1523228922
[2018-04-08 20:09:10,036 DEBUG Engine.consolidator] Merging 1523228922
[2018-04-08 20:09:10,113 DEBUG root] 1523228922 Failed: avg-rt>50ms for 18 sec: True
[2018-04-08 20:09:10,113 DEBUG root] No label reserve  in [u'http://ec2-54-210-22-3.compute-1.amazonaws.com:8079/amp/', u'http://ec2-54-210-22-3.compute-1.amazonaws.com:8079/rating/ratings.php', '']
[2018-04-08 20:09:10,115 DEBUG Engine.consolidator] Processed datapoint: 1523228922/None
[2018-04-08 20:09:10,115 DEBUG Engine.consolidator] Merging into 1523228923
[2018-04-08 20:09:10,115 DEBUG Engine.consolidator] Merging 1523228923
[2018-04-08 20:09:10,221 DEBUG root] 1523228923 Failed: avg-rt>50ms for 19 sec: True
[2018-04-08 20:09:10,221 DEBUG root] No label reserve  in ['', u'http://ec2-54-210-22-3.compute-1.amazonaws.com:8079/CalculateRecommendations', u'http://ec2-54-210-22-3.compute-1.amazonaws.com:8079/']
[2018-04-08 20:09:10,223 DEBUG Engine.consolidator] Processed datapoint: 1523228923/None
[2018-04-08 20:09:10,223 DEBUG Engine.consolidator] Merging into 1523228926
[2018-04-08 20:09:10,223 DEBUG Engine.consolidator] Merging 1523228926
[2018-04-08 20:09:10,337 DEBUG root] 1523228926 Failed: avg-rt>50ms for 22 sec: True
[2018-04-08 20:09:10,337 DEBUG root] No label reserve  in ['', u'http://ec2-54-210-22-3.compute-1.amazonaws.com:8079/']
[2018-04-08 20:09:10,339 DEBUG Engine.consolidator] Processed datapoint: 1523228926/None
[2018-04-08 20:09:10,339 DEBUG Engine.consolidator] Merging into 1523228927
[2018-04-08 20:09:10,339 DEBUG Engine.consolidator] Merging 1523228927
[2018-04-08 20:09:10,453 DEBUG root] 1523228927 Failed: avg-rt>50ms for 23 sec: True
[2018-04-08 20:09:10,454 DEBUG root] No label reserve  in [u'http://ec2-54-210-22-3.compute-1.amazonaws.com:8079/amp/', u'http://ec2-54-210-22-3.compute-1.amazonaws.com:8079/rating/ratings.php', '']
[2018-04-08 20:09:10,456 DEBUG Engine.consolidator] Processed datapoint: 1523228927/None
[2018-04-08 20:09:10,456 DEBUG Engine.consolidator] Merging into 1523228928
[2018-04-08 20:09:10,456 DEBUG Engine.consolidator] Merging 1523228928
[2018-04-08 20:09:10,575 DEBUG root] 1523228928 Failed: avg-rt>50ms for 24 sec: True
[2018-04-08 20:09:10,576 DEBUG root] No label reserve  in ['', u'http://ec2-54-210-22-3.compute-1.amazonaws.com:8079/CalculateRecommendations', u'http://ec2-54-210-22-3.compute-1.amazonaws.com:8079/amp/italy/']
[2018-04-08 20:09:10,578 DEBUG Engine.consolidator] Processed datapoint: 1523228928/None
[2018-04-08 20:09:10,579 DEBUG Engine.consolidator] Merging into 1523228929
[2018-04-08 20:09:10,579 DEBUG Engine.consolidator] Merging 1523228929
[2018-04-08 20:09:10,681 DEBUG root] 1523228929 Failed: avg-rt>50ms for 25 sec: True
[2018-04-08 20:09:10,682 DEBUG root] No label reserve  in ['', u'http://ec2-54-210-22-3.compute-1.amazonaws.com:8079/amp/italy/']
[2018-04-08 20:09:10,684 DEBUG Engine.consolidator] Processed datapoint: 1523228929/None
[2018-04-08 20:09:10,684 DEBUG Engine.consolidator] Merging into 1523228930
[2018-04-08 20:09:10,684 DEBUG Engine.consolidator] Merging 1523228930
[2018-04-08 20:09:10,790 DEBUG root] 1523228930 Failed: avg-rt>50ms for 26 sec: True
[2018-04-08 20:09:10,790 DEBUG root] No label reserve  in ['', u'http://ec2-54-210-22-3.compute-1.amazonaws.com:8079/rating/ratings.php', u'http://ec2-54-210-22-3.compute-1.amazonaws.com:8079/']
[2018-04-08 20:09:10,792 DEBUG Engine.consolidator] Processed datapoint: 1523228930/None
[2018-04-08 20:09:10,792 DEBUG Engine.consolidator] Merging into 1523228931
[2018-04-08 20:09:10,792 DEBUG Engine.consolidator] Merging 1523228931
[2018-04-08 20:09:10,935 DEBUG root] 1523228931 Failed: avg-rt>50ms for 27 sec: True
[2018-04-08 20:09:10,935 DEBUG root] No label reserve  in ['', u'http://ec2-54-210-22-3.compute-1.amazonaws.com:8079/rating/ratings.php', u'http://ec2-54-210-22-3.compute-1.amazonaws.com:8079/CalculateRecommendations']
[2018-04-08 20:09:10,937 DEBUG Engine.consolidator] Processed datapoint: 1523228931/None
[2018-04-08 20:09:10,937 DEBUG Engine.consolidator] Merging into 1523228932
[2018-04-08 20:09:10,937 DEBUG Engine.consolidator] Merging 1523228932
[2018-04-08 20:09:11,061 DEBUG root] 1523228932 Failed: avg-rt>50ms for 28 sec: True
[2018-04-08 20:09:11,061 DEBUG root] No label reserve  in [u'http://ec2-54-210-22-3.compute-1.amazonaws.com:8079/amp/', u'http://ec2-54-210-22-3.compute-1.amazonaws.com:8079/rating/ratings.php', '', u'http://ec2-54-210-22-3.compute-1.amazonaws.com:8079/']
[2018-04-08 20:09:11,065 DEBUG Engine.consolidator] Processed datapoint: 1523228932/None
[2018-04-08 20:09:11,065 DEBUG Engine.consolidator] Merging into 1523228933
[2018-04-08 20:09:11,065 DEBUG Engine.consolidator] Merging 1523228933
[2018-04-08 20:09:11,165 DEBUG root] 1523228933 Failed: avg-rt>50ms for 29 sec: True
[2018-04-08 20:09:11,166 DEBUG root] No label reserve  in ['', u'http://ec2-54-210-22-3.compute-1.amazonaws.com:8079/rating/ratings.php', u'http://ec2-54-210-22-3.compute-1.amazonaws.com:8079/CalculateRecommendations']
[2018-04-08 20:09:11,167 DEBUG Engine.consolidator] Processed datapoint: 1523228933/None
[2018-04-08 20:09:11,168 DEBUG Engine.consolidator] Merging into 1523228935
[2018-04-08 20:09:11,168 DEBUG Engine.consolidator] Merging 1523228935
[2018-04-08 20:09:11,268 DEBUG root] 1523228935 Failed: avg-rt>50ms for 31 sec: True
[2018-04-08 20:09:11,269 DEBUG root] No label reserve  in ['', u'http://ec2-54-210-22-3.compute-1.amazonaws.com:8079/', u'http://ec2-54-210-22-3.compute-1.amazonaws.com:8079/amp/italy/']
[2018-04-08 20:09:11,271 DEBUG Engine.consolidator] Processed datapoint: 1523228935/None
[2018-04-08 20:09:11,271 DEBUG Engine.consolidator] Merging into 1523228937
[2018-04-08 20:09:11,271 DEBUG Engine.consolidator] Merging 1523228937
[2018-04-08 20:09:11,361 DEBUG root] 1523228937 Failed: avg-rt>50ms for 33 sec: True
[2018-04-08 20:09:11,361 DEBUG root] No label reserve  in [u'http://ec2-54-210-22-3.compute-1.amazonaws.com:8079/amp/', '']
[2018-04-08 20:09:11,364 DEBUG Engine.consolidator] Processed datapoint: 1523228937/None
[2018-04-08 20:09:11,364 DEBUG Engine.consolidator] Merging into 1523228938
[2018-04-08 20:09:11,364 DEBUG Engine.consolidator] Merging 1523228938
[2018-04-08 20:09:11,483 DEBUG root] 1523228938 Failed: avg-rt>50ms for 34 sec: True
[2018-04-08 20:09:11,483 DEBUG root] No label reserve  in [u'http://ec2-54-210-22-3.compute-1.amazonaws.com:8079/amp/', u'http://ec2-54-210-22-3.compute-1.amazonaws.com:8079/rating/ratings.php', '', u'http://ec2-54-210-22-3.compute-1.amazonaws.com:8079/']
[2018-04-08 20:09:11,485 DEBUG Engine.consolidator] Processed datapoint: 1523228938/None
[2018-04-08 20:09:11,485 DEBUG Engine.consolidator] Merging into 1523228939
[2018-04-08 20:09:11,486 DEBUG Engine.consolidator] Merging 1523228939
[2018-04-08 20:09:11,590 DEBUG root] 1523228939 Failed: avg-rt>50ms for 35 sec: True
[2018-04-08 20:09:11,590 DEBUG root] No label reserve  in ['', u'http://ec2-54-210-22-3.compute-1.amazonaws.com:8079/rating/ratings.php']
[2018-04-08 20:09:11,592 DEBUG Engine.consolidator] Processed datapoint: 1523228939/None
[2018-04-08 20:09:11,592 DEBUG Engine.consolidator] Merging into 1523228940
[2018-04-08 20:09:11,592 DEBUG Engine.consolidator] Merging 1523228940
[2018-04-08 20:09:11,720 DEBUG root] 1523228940 Failed: avg-rt>50ms for 36 sec: True
[2018-04-08 20:09:11,720 DEBUG root] No label reserve  in ['', u'http://ec2-54-210-22-3.compute-1.amazonaws.com:8079/CalculateRecommendations']
[2018-04-08 20:09:11,722 DEBUG Engine.consolidator] Processed datapoint: 1523228940/None
[2018-04-08 20:09:11,722 DEBUG Engine.consolidator] Merging into 1523228941
[2018-04-08 20:09:11,722 DEBUG Engine.consolidator] Merging 1523228941
[2018-04-08 20:09:11,839 DEBUG root] 1523228941 Failed: avg-rt>50ms for 37 sec: True
[2018-04-08 20:09:11,839 DEBUG root] No label reserve  in ['', u'http://ec2-54-210-22-3.compute-1.amazonaws.com:8079/amp/italy/']
[2018-04-08 20:09:11,841 DEBUG Engine.consolidator] Processed datapoint: 1523228941/None
[2018-04-08 20:09:11,842 DEBUG Engine.consolidator] Merging into 1523228944
[2018-04-08 20:09:11,842 DEBUG Engine.consolidator] Merging 1523228944
[2018-04-08 20:09:11,950 DEBUG root] 1523228944 Failed: avg-rt>50ms for 40 sec: True
[2018-04-08 20:09:11,950 DEBUG root] No label reserve  in ['', u'http://ec2-54-210-22-3.compute-1.amazonaws.com:8079/']
[2018-04-08 20:09:11,953 DEBUG Engine.consolidator] Processed datapoint: 1523228944/None
[2018-04-08 20:09:11,953 DEBUG Engine.consolidator] Merging into 1523228945
[2018-04-08 20:09:11,953 DEBUG Engine.consolidator] Merging 1523228945
[2018-04-08 20:09:12,046 DEBUG root] 1523228945 Failed: avg-rt>50ms for 41 sec: True
[2018-04-08 20:09:12,046 DEBUG root] No label reserve  in ['', u'http://ec2-54-210-22-3.compute-1.amazonaws.com:8079/amp/italy/']
[2018-04-08 20:09:12,050 DEBUG Engine.consolidator] Processed datapoint: 1523228945/None
[2018-04-08 20:09:12,050 DEBUG Engine.consolidator] Merging into 1523228946
[2018-04-08 20:09:12,051 DEBUG Engine.consolidator] Merging 1523228946
[2018-04-08 20:09:12,141 DEBUG root] 1523228946 Failed: avg-rt>50ms for 42 sec: True
[2018-04-08 20:09:12,141 DEBUG root] No label reserve  in ['', u'http://ec2-54-210-22-3.compute-1.amazonaws.com:8079/rating/ratings.php', u'http://ec2-54-210-22-3.compute-1.amazonaws.com:8079/']
[2018-04-08 20:09:12,143 DEBUG Engine.consolidator] Processed datapoint: 1523228946/None
[2018-04-08 20:09:12,144 INFO Engine.final-stats] Test duration: 0:00:49
[2018-04-08 20:09:12,144 INFO Engine.final-stats] Samples count: 47, 4.26% failures
[2018-04-08 20:09:12,144 INFO Engine.final-stats] Average times: total 3.844, latency 0.939, connect 0.000
[2018-04-08 20:09:12,144 INFO Engine.final-stats] Percentile 0.0%: 0.222
[2018-04-08 20:09:12,144 INFO Engine.final-stats] Percentile 50.0%: 2.237
[2018-04-08 20:09:12,144 INFO Engine.final-stats] Percentile 90.0%: 10.671
[2018-04-08 20:09:12,144 INFO Engine.final-stats] Percentile 95.0%: 13.087
[2018-04-08 20:09:12,144 INFO Engine.final-stats] Percentile 99.0%: 20.095
[2018-04-08 20:09:12,144 INFO Engine.final-stats] Percentile 99.9%: 20.095
[2018-04-08 20:09:12,145 INFO Engine.final-stats] Percentile 100.0%: 20.095
[2018-04-08 20:09:12,145 DEBUG Engine.console] No logger_handler or orig_stream was detected
[2018-04-08 20:09:12,145 DEBUG Engine.junit-xml] Processing passfail objects: [<bzt.modules.passfail.PassFailStatus object at 0x1099d5450>]
[2018-04-08 20:09:12,148 DEBUG Engine] post_process: Cannot create file /var/lib/jenkins/workspace/Taurus-Jenkins-ServiceNow-Demo/junit-report.xml
Traceback (most recent call last):
  File "/usr/local/lib/python2.7/site-packages/bzt/engine.py", line 287, in post_process
    module.post_process()
  File "/usr/local/lib/python2.7/site-packages/bzt/modules/reporting.py", line 337, in post_process
    writer.save_report(filename)
  File "/usr/local/lib/python2.7/site-packages/bzt/modules/reporting.py", line 505, in save_report
    raise TaurusInternalException("Cannot create file %s" % fname)
TaurusInternalException: Cannot create file /var/lib/jenkins/workspace/Taurus-Jenkins-ServiceNow-Demo/junit-report.xml

[2018-04-08 20:09:12,148 DEBUG Engine.blazemeter] KPI bulk buffer len in post-proc: 25
[2018-04-08 20:09:12,148 INFO Engine.blazemeter] Sending remaining KPI data to server...
[2018-04-08 20:09:12,164 DEBUG User] Request: POST https://data.blazemeter.com/submit.php?session_id=r-ext-5acaa0e3ef3bd&signature=6c3bebf751bc96dfcc4aed21fabc4887&test_id=6013956&user_id=379105&pq=0&target=labels_bulk&update=1 {
 "sourceID": 4460368976, 
 "labels": [
  {
   "percentileHistogramBytes": [], 
   "errors": [], 
   "name": "ALL", 
   "interval": 1, 
   "otherErrorsCount": 0, 
   "n": 47, 
   "percentileHistogramLatency": [], 
   "intervals": [
    {
     "by": {
    
[2018-04-08 20:09:12,869 DEBUG urllib3.connectionpool] https://data.blazemeter.com:443 "POST /submit.php?session_id=r-ext-5acaa0e3ef3bd&signature=6c3bebf751bc96dfcc4aed21fabc4887&test_id=6013956&user_id=379105&pq=0&target=labels_bulk&update=1 HTTP/1.1" 200 156
[2018-04-08 20:09:12,871 DEBUG User] Response [200]: {"api_version":2,"error":null,"result":{"session":{"_id":"r-ext-5acaa0e3ef3bd","name":"Easytravel-LoadTest-Demo","statusCode":100,"status":"INITIALIZING"}}}
[2018-04-08 20:09:12,884 DEBUG User] Request: POST https://data.blazemeter.com/api/v4/image/r-ext-5acaa0e3ef3bd/files?signature=6c3bebf751bc96dfcc4aed21fabc4887 --===============7529801154967181257==
Content-Disposition: file; name="file"; filename="r-ext-5acaa0e3ef3bd-0-c.monitoring.json"
Content-Type: application/json

{
 "kpis": {
  "Connections": "Connections", 
  "CPU": "CPU", 
  "Network I/O": "Network I
[2018-04-08 20:09:13,724 DEBUG urllib3.connectionpool] https://data.blazemeter.com:443 "POST /api/v4/image/r-ext-5acaa0e3ef3bd/files?signature=6c3bebf751bc96dfcc4aed21fabc4887 HTTP/1.1" 200 116
[2018-04-08 20:09:13,725 DEBUG User] Response [200]: {
    "api_version": 4,
    "error": null,
    "result": [
        "r-ext-5acaa0e3ef3bd-0-c.monitoring.json"
    ]
}
[2018-04-08 20:09:13,796 INFO Engine.blazemeter] Uploading all artifacts as artifacts.zip ...
[2018-04-08 20:09:13,796 DEBUG User] Request: POST https://data.blazemeter.com/api/v4/image/r-ext-5acaa0e3ef3bd/files?signature=6c3bebf751bc96dfcc4aed21fabc4887 --===============4668631791560086179==
Content-Disposition: file; name="file"; filename="artifacts.zip"
Content-Type: application/zip

PK    ˝†àLê_K  0     merged.jsonÌWmO€0˛ﬁ_aÂ#´õ§•/iˆ&6&(“Ñêõ\óƒˆlß/ ˛˚l'mRhÇjLà~h¢;˚Œ˜<Olﬂuy*F$Â €B◊
[2018-04-08 20:09:14,554 DEBUG urllib3.connectionpool] https://data.blazemeter.com:443 "POST /api/v4/image/r-ext-5acaa0e3ef3bd/files?signature=6c3bebf751bc96dfcc4aed21fabc4887 HTTP/1.1" 200 90
[2018-04-08 20:09:14,555 DEBUG User] Response [200]: {
    "api_version": 4,
    "error": null,
    "result": [
        "artifacts.zip"
    ]
}
[2018-04-08 20:09:14,555 DEBUG User] Request: POST https://data.blazemeter.com/api/v4/image/r-ext-5acaa0e3ef3bd/files?signature=6c3bebf751bc96dfcc4aed21fabc4887 --===============3171219273494296504==
Content-Disposition: file; name="file"; filename="artifacts.zip.tail.bz"
Content-Type: application/x-bzip

3K LT-Easytravel.yml
307  bzm-report-easytravel-demo.yml
45K bzt.log
9K effective.json
7K effective.yml
83
[2018-04-08 20:09:15,047 DEBUG urllib3.connectionpool] https://data.blazemeter.com:443 "POST /api/v4/image/r-ext-5acaa0e3ef3bd/files?signature=6c3bebf751bc96dfcc4aed21fabc4887 HTTP/1.1" 200 98
[2018-04-08 20:09:15,048 DEBUG User] Response [200]: {
    "api_version": 4,
    "error": null,
    "result": [
        "artifacts.zip.tail.bz"
    ]
}
[2018-04-08 20:09:15,049 INFO Engine.blazemeter] Uploading /Users/sergiomaurenzi/Documents/GitHub/Taurus-Jenkins-ServiceNow-demo/2018-04-08_20-07-58.535116/bzt.log
[2018-04-08 20:09:15,058 DEBUG User] Request: POST https://data.blazemeter.com/api/v4/image/r-ext-5acaa0e3ef3bd/files?signature=6c3bebf751bc96dfcc4aed21fabc4887 --===============2699136643914966588==
Content-Disposition: file; name="file"; filename="bzt.log"
Content-Type: text/plain

[2018-04-08 20:07:58,423 INFO root] Taurus CLI Tool v1.11.0
[2018-04-08 20:07:58,424 DEBUG root] Command-line options: {'verbose
[2018-04-08 20:09:16,005 DEBUG urllib3.connectionpool] https://data.blazemeter.com:443 "POST /api/v4/image/r-ext-5acaa0e3ef3bd/files?signature=6c3bebf751bc96dfcc4aed21fabc4887 HTTP/1.1" 200 84
[2018-04-08 20:09:16,005 DEBUG User] Response [200]: {
    "api_version": 4,
    "error": null,
    "result": [
        "bzt.log"
    ]
}
[2018-04-08 20:09:16,006 DEBUG User] Request: POST https://data.blazemeter.com/api/v4/image/r-ext-5acaa0e3ef3bd/files?signature=6c3bebf751bc96dfcc4aed21fabc4887 --===============1910376754309080417==
Content-Disposition: file; name="file"; filename="bzt.log.tail.bz"
Content-Type: application/x-bzip

 "sourceID": 4460368976, 
 "labels": [
  {
   "percentileHistogramBytes": [], 
   "errors": [], 
   "name": "ALL
[2018-04-08 20:09:16,497 DEBUG urllib3.connectionpool] https://data.blazemeter.com:443 "POST /api/v4/image/r-ext-5acaa0e3ef3bd/files?signature=6c3bebf751bc96dfcc4aed21fabc4887 HTTP/1.1" 200 92
[2018-04-08 20:09:16,498 DEBUG User] Response [200]: {
    "api_version": 4,
    "error": null,
    "result": [
        "bzt.log.tail.bz"
    ]
}
[2018-04-08 20:09:16,498 DEBUG Engine.blazemeter] Set last check time to: 1523228897.1
[2018-04-08 20:09:16,498 INFO Engine.blazemeter] Ending data feeding...
[2018-04-08 20:09:16,498 DEBUG User] Request: POST https://a.blazemeter.com/api/v4/sessions/r-ext-5acaa0e3ef3bd/stop None
[2018-04-08 20:09:16,980 DEBUG urllib3.connectionpool] https://a.blazemeter.com:443 "POST /api/v4/sessions/r-ext-5acaa0e3ef3bd/stop HTTP/1.1" 202 63
[2018-04-08 20:09:16,981 DEBUG User] Response [202]: {
    "api_version": 4,
    "error": null,
    "result": true
}
[2018-04-08 20:09:16,981 DEBUG User] Request: GET https://a.blazemeter.com/api/v4/sessions/r-ext-5acaa0e3ef3bd None
[2018-04-08 20:09:17,353 DEBUG urllib3.connectionpool] https://a.blazemeter.com:443 "GET /api/v4/sessions/r-ext-5acaa0e3ef3bd HTTP/1.1" 200 2794
[2018-04-08 20:09:17,353 DEBUG User] Response [200]: {
    "api_version": 4,
    "error": null,
    "result": {
        "id": "r-ext-5acaa0e3ef3bd",
        "name": "Easytravel-LoadTest-Demo",
        "userId": 379105,
        "offset": 0,
        "statusCode": 140,
        "status": "ENDED",
        "ended"
[2018-04-08 20:09:17,354 DEBUG User] Request: PATCH https://a.blazemeter.com/api/v4/sessions/r-ext-5acaa0e3ef3bd {
 "note": "AutomatedShutdown: Failed: avg-rt>50ms for 10 sec"
}
[2018-04-08 20:09:17,690 DEBUG urllib3.connectionpool] https://a.blazemeter.com:443 "PATCH /api/v4/sessions/r-ext-5acaa0e3ef3bd HTTP/1.1" 200 2612
[2018-04-08 20:09:17,690 DEBUG User] Response [200]: {
    "api_version": 4,
    "error": null,
    "result": {
        "id": "r-ext-5acaa0e3ef3bd",
        "name": "Easytravel-LoadTest-Demo",
        "userId": 379105,
        "offset": 0,
        "statusCode": 140,
        "status": "ENDED",
        "ended"
[2018-04-08 20:09:17,691 DEBUG User] Request: GET https://a.blazemeter.com/api/v4/masters/17472617 None
[2018-04-08 20:09:18,018 DEBUG urllib3.connectionpool] https://a.blazemeter.com:443 "GET /api/v4/masters/17472617 HTTP/1.1" 200 2195
[2018-04-08 20:09:18,019 DEBUG User] Response [200]: {
    "api_version": 4,
    "error": null,
    "result": {
        "id": 17472617,
        "name": "Easytravel-LoadTest-Demo",
        "userId": 379105,
        "ended": 1523228956,
        "maxUsers": 14,
        "created": 1523228899,
        "updated": 
[2018-04-08 20:09:18,019 DEBUG User] Request: PATCH https://a.blazemeter.com/api/v4/masters/17472617 {
 "note": "AutomatedShutdown: Failed: avg-rt>50ms for 10 sec"
}
[2018-04-08 20:09:18,360 DEBUG urllib3.connectionpool] https://a.blazemeter.com:443 "PATCH /api/v4/masters/17472617 HTTP/1.1" 200 453
[2018-04-08 20:09:18,361 DEBUG User] Response [200]: {
    "api_version": 4,
    "error": null,
    "result": {
        "id": 17472617,
        "name": "Easytravel-LoadTest-Demo",
        "userId": 379105,
        "ended": 1523228956,
        "maxUsers": 14,
        "isSandbox": false,
        "executorClien
[2018-04-08 20:09:18,362 INFO Engine.blazemeter] Online report link: https://a.blazemeter.com/app/#/masters/17472617
[2018-04-08 20:09:18,365 DEBUG Engine.Configuration] Dumping YAML config into /Users/sergiomaurenzi/Documents/GitHub/Taurus-Jenkins-ServiceNow-demo/2018-04-08_20-07-58.535116/effective.yml
[2018-04-08 20:09:18,406 DEBUG Engine.Configuration] Dumping JSON config into /Users/sergiomaurenzi/Documents/GitHub/Taurus-Jenkins-ServiceNow-demo/2018-04-08_20-07-58.535116/effective.json
[2018-04-08 20:09:18,409 DEBUG root] Internal Error: Cannot create file /var/lib/jenkins/workspace/Taurus-Jenkins-ServiceNow-Demo/junit-report.xml
[2018-04-08 20:09:18,409 DEBUG root] TaurusInternalException: Cannot create file /var/lib/jenkins/workspace/Taurus-Jenkins-ServiceNow-Demo/junit-report.xml
Traceback (most recent call last):
  File "/usr/local/lib/python2.7/site-packages/bzt/cli.py", line 257, in perform
    self.engine.post_process()
  File "/usr/local/lib/python2.7/site-packages/bzt/engine.py", line 300, in post_process
    reraise(exc_info)
  File "/usr/local/lib/python2.7/site-packages/bzt/engine.py", line 287, in post_process
    module.post_process()
  File "/usr/local/lib/python2.7/site-packages/bzt/modules/reporting.py", line 337, in post_process
    writer.save_report(filename)
  File "/usr/local/lib/python2.7/site-packages/bzt/modules/reporting.py", line 505, in save_report
    raise TaurusInternalException("Cannot create file %s" % fname)
TaurusInternalException: Cannot create file /var/lib/jenkins/workspace/Taurus-Jenkins-ServiceNow-Demo/junit-report.xml
[2018-04-08 20:09:18,409 INFO root] Artifacts dir: /Users/sergiomaurenzi/Documents/GitHub/Taurus-Jenkins-ServiceNow-demo/2018-04-08_20-07-58.535116
[2018-04-08 20:09:18,410 WARNING root] Done performing with code: 3
[2018-04-08 20:09:18,410 DEBUG root] Closing log handler: /Users/sergiomaurenzi/Documents/GitHub/Taurus-Jenkins-ServiceNow-demo/2018-04-08_20-07-58.535116/bzt.log
