2018-04-08 20:08:22,500 INFO o.a.j.u.JMeterUtils: Setting Locale to es_ES
2018-04-08 20:08:22,549 INFO o.a.j.u.JMeterUtils: Could not find resources for 'es_ES', using 'es'
2018-04-08 20:08:22,550 INFO o.a.j.JMeter: Loading user properties from: /Users/sergiomaurenzi/.bzt/jmeter-taurus/4.0/bin/user.properties
2018-04-08 20:08:22,551 INFO o.a.j.JMeter: Loading system properties from: /Users/sergiomaurenzi/.bzt/jmeter-taurus/4.0/bin/system.properties
2018-04-08 20:08:22,552 INFO o.a.j.JMeter: Setting System properties from file: /Users/sergiomaurenzi/Documents/GitHub/Taurus-Jenkins-ServiceNow-demo/2018-04-08_20-07-58.535116/system.properties
2018-04-08 20:08:22,559 INFO o.a.j.JMeter: Copyright (c) 1998-2018 The Apache Software Foundation
2018-04-08 20:08:22,559 INFO o.a.j.JMeter: Version 4.0 r1823414
2018-04-08 20:08:22,559 INFO o.a.j.JMeter: java.version=1.8.0_91
2018-04-08 20:08:22,560 INFO o.a.j.JMeter: java.vm.name=Java HotSpot(TM) 64-Bit Server VM
2018-04-08 20:08:22,560 INFO o.a.j.JMeter: os.name=Mac OS X
2018-04-08 20:08:22,560 INFO o.a.j.JMeter: os.arch=x86_64
2018-04-08 20:08:22,560 INFO o.a.j.JMeter: os.version=10.13.4
2018-04-08 20:08:22,560 INFO o.a.j.JMeter: file.encoding=UTF-8
2018-04-08 20:08:22,560 INFO o.a.j.JMeter: Max memory     =1908932608
2018-04-08 20:08:22,560 INFO o.a.j.JMeter: Available Processors =4
2018-04-08 20:08:22,568 INFO o.a.j.JMeter: Default Locale=espa単ol (Espa単a)
2018-04-08 20:08:22,569 INFO o.a.j.JMeter: JMeter  Locale=espa単ol (Espa単a)
2018-04-08 20:08:22,569 INFO o.a.j.JMeter: JMeterHome=/Users/sergiomaurenzi/.bzt/jmeter-taurus/4.0
2018-04-08 20:08:22,569 INFO o.a.j.JMeter: user.dir  =/Users/sergiomaurenzi/Documents/GitHub/Taurus-Jenkins-ServiceNow-demo
2018-04-08 20:08:22,569 INFO o.a.j.JMeter: PWD       =/Users/sergiomaurenzi/Documents/GitHub/Taurus-Jenkins-ServiceNow-demo
2018-04-08 20:08:22,572 INFO o.a.j.JMeter: IP: 192.168.1.13 Name: MacBook-Pro-de-Sergio-2.local FullName: 192.168.1.13
2018-04-08 20:08:22,572 INFO o.a.j.JMeter: user.classpath=/Users/sergiomaurenzi/Documents/GitHub/Taurus-Jenkins-ServiceNow-demo/2018-04-08_20-07-58.535116:/Users/sergiomaurenzi/Documents/GitHub/Taurus-Jenkins-ServiceNow-demo/2018-04-08_20-07-58.535116
2018-04-08 20:08:22,572 INFO o.a.j.JMeter: Adding to classpath and loader: /Users/sergiomaurenzi/Documents/GitHub/Taurus-Jenkins-ServiceNow-demo/2018-04-08_20-07-58.535116
2018-04-08 20:08:22,573 INFO o.a.j.JMeter: Adding to classpath and loader: /Users/sergiomaurenzi/Documents/GitHub/Taurus-Jenkins-ServiceNow-demo/2018-04-08_20-07-58.535116
2018-04-08 20:08:22,579 INFO o.a.j.s.FileServer: Default base='/Users/sergiomaurenzi/Documents/GitHub/Taurus-Jenkins-ServiceNow-demo'
2018-04-08 20:08:22,587 INFO o.a.j.s.FileServer: Set new base='/Users/sergiomaurenzi/Documents/GitHub/Taurus-Jenkins-ServiceNow-demo/2018-04-08_20-07-58.535116'
2018-04-08 20:08:22,843 INFO o.a.j.s.SaveService: Testplan (JMX) version: 2.2. Testlog (JTL) version: 2.2
2018-04-08 20:08:22,871 INFO o.a.j.s.SaveService: Using SaveService properties file encoding UTF-8
2018-04-08 20:08:22,877 INFO o.a.j.s.SaveService: Using SaveService properties version 4.0
2018-04-08 20:08:22,886 INFO o.a.j.s.SaveService: Loading file: /Users/sergiomaurenzi/Documents/GitHub/Taurus-Jenkins-ServiceNow-demo/2018-04-08_20-07-58.535116/modified_requests.jmx
2018-04-08 20:08:22,990 INFO o.a.j.p.h.c.CacheManager: Will only cache the following methods: [GET]
2018-04-08 20:08:22,993 INFO o.a.j.p.h.c.CookieManager: Settings: Delete null: true Check: true Allow variable: true Save: false Prefix: COOKIE_
2018-04-08 20:08:23,023 INFO o.a.j.p.h.s.HTTPSamplerBase: Parser for text/html is org.apache.jmeter.protocol.http.parser.LagartoBasedHtmlParser
2018-04-08 20:08:23,024 INFO o.a.j.p.h.s.HTTPSamplerBase: Parser for application/xhtml+xml is org.apache.jmeter.protocol.http.parser.LagartoBasedHtmlParser
2018-04-08 20:08:23,024 INFO o.a.j.p.h.s.HTTPSamplerBase: Parser for application/xml is org.apache.jmeter.protocol.http.parser.LagartoBasedHtmlParser
2018-04-08 20:08:23,024 INFO o.a.j.p.h.s.HTTPSamplerBase: Parser for text/xml is org.apache.jmeter.protocol.http.parser.LagartoBasedHtmlParser
2018-04-08 20:08:23,024 INFO o.a.j.p.h.s.HTTPSamplerBase: Parser for text/vnd.wap.wml is org.apache.jmeter.protocol.http.parser.RegexpHTMLParser
2018-04-08 20:08:23,024 INFO o.a.j.p.h.s.HTTPSamplerBase: Parser for text/css is org.apache.jmeter.protocol.http.parser.CssParser
2018-04-08 20:08:23,092 INFO o.a.j.e.StandardJMeterEngine: Running the test!
2018-04-08 20:08:23,092 INFO o.a.j.s.SampleEvent: List of sample_variables: []
2018-04-08 20:08:23,093 INFO o.a.j.s.SampleEvent: List of sample_variables: []
2018-04-08 20:08:23,099 INFO o.a.j.e.u.CompoundVariable: Note: Function class names must contain the string: '.functions.'
2018-04-08 20:08:23,099 INFO o.a.j.e.u.CompoundVariable: Note: Function class names must not contain the string: '.gui.'
2018-04-08 20:08:24,016 INFO o.a.j.JMeter: Test lanzado (1523228904016)
2018-04-08 20:08:24,063 INFO o.a.j.e.StandardJMeterEngine: Starting ThreadGroup: 1 : LT-Easytravel
2018-04-08 20:08:24,064 INFO o.a.j.e.StandardJMeterEngine: Starting 20 threads for group LT-Easytravel.
2018-04-08 20:08:24,064 INFO o.a.j.e.StandardJMeterEngine: Thread will continue on error
2018-04-08 20:08:24,070 INFO o.a.j.e.StandardJMeterEngine: All thread groups have been started
2018-04-08 20:08:24,069 INFO c.b.j.t.c.ConcurrencyThreadStarter: Start supplying threads
2018-04-08 20:08:25,579 INFO o.a.j.t.JMeterThread: Thread started: LT-Easytravel 1-1
2018-04-08 20:08:25,584 INFO o.a.j.s.SampleResult: Note: Sample TimeStamps are START times
2018-04-08 20:08:25,585 INFO o.a.j.s.SampleResult: sampleresult.default.encoding is set to UTF-8
2018-04-08 20:08:25,585 INFO o.a.j.s.SampleResult: sampleresult.useNanoTime=true
2018-04-08 20:08:25,586 INFO o.a.j.s.SampleResult: sampleresult.nanoThreadSleep=5000
2018-04-08 20:08:25,605 INFO o.a.j.p.h.s.HTTPHCAbstractImpl: Local host = MacBook-Pro-de-Sergio-2.local
2018-04-08 20:08:25,611 INFO o.a.j.p.h.s.HTTPHC4Impl: HTTP request retry count = 0
2018-04-08 20:08:26,585 INFO o.a.j.p.h.p.BaseParser: Created org.apache.jmeter.protocol.http.parser.LagartoBasedHtmlParser
2018-04-08 20:08:26,764 INFO o.a.j.p.h.s.ResourcesDownloader: Creating ResourcesDownloader with keepalive_inseconds : 60
2018-04-08 20:08:27,087 INFO o.a.j.p.h.p.BaseParser: Created org.apache.jmeter.protocol.http.parser.CssParser
2018-04-08 20:08:27,514 WARN c.h.c.r.e.LoggingCSSParseErrorHandler: Browser compliant mode skipped CSS from [70:14] starting at token 'text-align' until [71:7] to token '}' (based on com.helger.css.parser.ParseException: Encountered unexpected token: ":" ":"
    at line 70, column 24.

Was expecting one of:

    "+"
    "-"
    "/"
    ";"
    "="
    "["
    "and"
    "expression("
    "from"
    "inherit"
    "not"
    "only"
    "or"
    "to"
    "}"
    <ANGLE_DEG>
    <ANGLE_GRAD>
    <ANGLE_RAD>
    <ANGLE_TURN>
    <CH>
    <COMMA>
    <DPCM>
    <DPI>
    <DPPX>
    <EM>
    <EX>
    <FR>
    <FREQ_HZ>
    <FREQ_KHZ>
    <FUNCTION>
    <FUNCTION_CALC>
    <HASH>
    <IDENT>
    <IMPORTANT_SYM>
    <LENGTH_CM>
    <LENGTH_IN>
    <LENGTH_MM>
    <LENGTH_PC>
    <LENGTH_PT>
    <LENGTH_Q>
    <NUMBER>
    <PERCENTAGE>
    <PX>
    <REM>
    <S>
    <STRING1>
    <STRING2>
    <TIME_MS>
    <TIME_S>
    <URANGE>
    <URL>
    <VH>
    <VMAX>
    <VMIN>
    <VW>
)
2018-04-08 20:08:28,603 INFO o.a.j.t.JMeterThread: Thread started: LT-Easytravel 1-2
2018-04-08 20:08:28,840 INFO o.a.j.p.h.s.LazySchemeSocketFactory: Setting up HTTPS TrustAll Socket Factory
2018-04-08 20:08:28,848 INFO o.a.j.u.JsseSSLManager: Using default SSL protocol: TLS
2018-04-08 20:08:28,849 INFO o.a.j.u.JsseSSLManager: SSL session context: per-thread
2018-04-08 20:08:28,957 INFO o.a.j.u.SSLManager: JmeterKeyStore Location:  type JKS
2018-04-08 20:08:28,958 INFO o.a.j.u.SSLManager: KeyStore created OK
2018-04-08 20:08:28,958 WARN o.a.j.u.SSLManager: Keystore file not found, loading empty keystore
2018-04-08 20:08:31,613 INFO o.a.j.t.JMeterThread: Thread started: LT-Easytravel 1-3
2018-04-08 20:08:34,625 INFO o.a.j.t.JMeterThread: Thread started: LT-Easytravel 1-4
2018-04-08 20:08:37,633 INFO o.a.j.t.JMeterThread: Thread started: LT-Easytravel 1-5
2018-04-08 20:08:40,639 INFO o.a.j.t.JMeterThread: Thread started: LT-Easytravel 1-6
2018-04-08 20:08:43,645 INFO o.a.j.t.JMeterThread: Thread started: LT-Easytravel 1-7
2018-04-08 20:08:46,653 INFO o.a.j.t.JMeterThread: Thread started: LT-Easytravel 1-8
2018-04-08 20:08:49,659 INFO o.a.j.t.JMeterThread: Thread started: LT-Easytravel 1-9
2018-04-08 20:08:52,666 INFO o.a.j.t.JMeterThread: Thread started: LT-Easytravel 1-10
2018-04-08 20:08:55,677 INFO o.a.j.t.JMeterThread: Thread started: LT-Easytravel 1-11
2018-04-08 20:08:58,690 INFO o.a.j.t.JMeterThread: Thread started: LT-Easytravel 1-12
2018-04-08 20:09:01,699 INFO o.a.j.t.JMeterThread: Thread started: LT-Easytravel 1-13
2018-04-08 20:09:04,705 INFO o.a.j.t.JMeterThread: Thread started: LT-Easytravel 1-14
2018-04-08 20:09:07,696 INFO o.a.j.JMeter: Command: Shutdown received from /127.0.0.1
2018-04-08 20:09:07,697 INFO c.b.j.t.c.ConcurrencyThreadStarter: Done supplying threads
2018-04-08 20:09:07,697 WARN o.a.j.t.JMeterThread: Interrupting: LT-Easytravel 1-1 sampler: http://ec2-54-210-22-3.compute-1.amazonaws.com:8079/
2018-04-08 20:09:07,698 WARN o.a.j.t.JMeterThread: No operation pending
2018-04-08 20:09:07,698 WARN o.a.j.t.JMeterThread: Interrupting: LT-Easytravel 1-3 sampler: http://ec2-54-210-22-3.compute-1.amazonaws.com:8079/
2018-04-08 20:09:07,698 WARN o.a.j.t.JMeterThread: The delay timer was interrupted - probably did not wait as long as intended.
2018-04-08 20:09:07,698 WARN o.a.j.t.JMeterThread: No operation pending
2018-04-08 20:09:07,698 WARN o.a.j.t.JMeterThread: Interrupting: LT-Easytravel 1-9 sampler: http://ec2-54-210-22-3.compute-1.amazonaws.com:8079/
2018-04-08 20:09:07,698 WARN o.a.j.t.JMeterThread: No operation pending
2018-04-08 20:09:07,698 WARN o.a.j.t.JMeterThread: Interrupting: LT-Easytravel 1-11 sampler: http://ec2-54-210-22-3.compute-1.amazonaws.com:8079/
2018-04-08 20:09:07,699 WARN o.a.j.t.JMeterThread: No operation pending
2018-04-08 20:09:07,699 WARN o.a.j.t.JMeterThread: Interrupting: LT-Easytravel 1-14 sampler: http://ec2-54-210-22-3.compute-1.amazonaws.com:8079/
2018-04-08 20:09:07,699 WARN o.a.j.t.JMeterThread: No operation pending
2018-04-08 20:09:07,699 WARN o.a.j.t.JMeterThread: Interrupting: LT-Easytravel 1-12 sampler: http://ec2-54-210-22-3.compute-1.amazonaws.com:8079/
2018-04-08 20:09:07,699 WARN o.a.j.t.JMeterThread: No operation pending
2018-04-08 20:09:07,699 WARN o.a.j.t.JMeterThread: Interrupting: LT-Easytravel 1-8 sampler: http://ec2-54-210-22-3.compute-1.amazonaws.com:8079/rating/ratings.php
2018-04-08 20:09:07,700 WARN o.a.j.t.JMeterThread: Interrupting: LT-Easytravel 1-13 sampler: http://ec2-54-210-22-3.compute-1.amazonaws.com:8079/
2018-04-08 20:09:07,701 WARN o.a.j.t.JMeterThread: No operation pending
2018-04-08 20:09:07,701 WARN o.a.j.t.JMeterThread: Interrupting: LT-Easytravel 1-5 sampler: http://ec2-54-210-22-3.compute-1.amazonaws.com:8079/amp/italy/
2018-04-08 20:09:07,701 WARN o.a.j.t.JMeterThread: No operation pending
2018-04-08 20:09:07,701 WARN o.a.j.t.JMeterThread: Interrupting: LT-Easytravel 1-10 sampler: http://ec2-54-210-22-3.compute-1.amazonaws.com:8079/
2018-04-08 20:09:07,701 WARN o.a.j.t.JMeterThread: No operation pending
2018-04-08 20:09:07,701 WARN o.a.j.t.JMeterThread: Interrupting: LT-Easytravel 1-4 sampler: http://ec2-54-210-22-3.compute-1.amazonaws.com:8079/
2018-04-08 20:09:07,703 WARN o.a.j.t.JMeterThread: Interrupting: LT-Easytravel 1-2 sampler: http://ec2-54-210-22-3.compute-1.amazonaws.com:8079/
2018-04-08 20:09:07,704 WARN o.a.j.t.JMeterThread: No operation pending
2018-04-08 20:09:07,705 WARN o.a.j.t.JMeterThread: The delay timer was interrupted - probably did not wait as long as intended.
2018-04-08 20:09:07,698 WARN o.a.j.p.h.s.HTTPSamplerBase: Interrupted fetching embedded resources
java.lang.InterruptedException: null
	at java.util.concurrent.locks.AbstractQueuedSynchronizer$ConditionObject.reportInterruptAfterWait(AbstractQueuedSynchronizer.java:2014) ~[?:1.8.0_91]
	at java.util.concurrent.locks.AbstractQueuedSynchronizer$ConditionObject.await(AbstractQueuedSynchronizer.java:2048) ~[?:1.8.0_91]
	at java.util.concurrent.LinkedBlockingQueue.take(LinkedBlockingQueue.java:442) ~[?:1.8.0_91]
	at java.util.concurrent.ExecutorCompletionService.take(ExecutorCompletionService.java:193) ~[?:1.8.0_91]
	at org.apache.jmeter.protocol.http.sampler.ResourcesDownloader.invokeAllAndAwaitTermination(ResourcesDownloader.java:178) ~[ApacheJMeter_http.jar:4.0 r1823414]
	at org.apache.jmeter.protocol.http.sampler.HTTPSamplerBase.downloadPageResources(HTTPSamplerBase.java:1343) [ApacheJMeter_http.jar:4.0 r1823414]
	at org.apache.jmeter.protocol.http.sampler.HTTPSamplerBase.resultProcessing(HTTPSamplerBase.java:1657) [ApacheJMeter_http.jar:4.0 r1823414]
	at org.apache.jmeter.protocol.http.sampler.HTTPAbstractImpl.resultProcessing(HTTPAbstractImpl.java:525) [ApacheJMeter_http.jar:4.0 r1823414]
	at org.apache.jmeter.protocol.http.sampler.HTTPHC4Impl.sample(HTTPHC4Impl.java:536) [ApacheJMeter_http.jar:4.0 r1823414]
	at org.apache.jmeter.protocol.http.sampler.HTTPSamplerProxy.sample(HTTPSamplerProxy.java:74) [ApacheJMeter_http.jar:4.0 r1823414]
	at org.apache.jmeter.protocol.http.sampler.HTTPSamplerBase.sample(HTTPSamplerBase.java:1189) [ApacheJMeter_http.jar:4.0 r1823414]
	at org.apache.jmeter.protocol.http.sampler.HTTPSamplerBase.sample(HTTPSamplerBase.java:1178) [ApacheJMeter_http.jar:4.0 r1823414]
	at org.apache.jmeter.threads.JMeterThread.executeSamplePackage(JMeterThread.java:490) [ApacheJMeter_core.jar:4.0 r1823414]
	at org.apache.jmeter.threads.JMeterThread.processSampler(JMeterThread.java:416) [ApacheJMeter_core.jar:4.0 r1823414]
	at org.apache.jmeter.threads.JMeterThread.run(JMeterThread.java:250) [ApacheJMeter_core.jar:4.0 r1823414]
	at java.lang.Thread.run(Thread.java:745) [?:1.8.0_91]
2018-04-08 20:09:07,699 WARN o.a.j.p.h.s.HTTPSamplerBase: Interrupted fetching embedded resources
java.lang.InterruptedException: null
	at java.util.concurrent.locks.AbstractQueuedSynchronizer$ConditionObject.reportInterruptAfterWait(AbstractQueuedSynchronizer.java:2014) ~[?:1.8.0_91]
	at java.util.concurrent.locks.AbstractQueuedSynchronizer$ConditionObject.await(AbstractQueuedSynchronizer.java:2048) ~[?:1.8.0_91]
	at java.util.concurrent.LinkedBlockingQueue.take(LinkedBlockingQueue.java:442) ~[?:1.8.0_91]
	at java.util.concurrent.ExecutorCompletionService.take(ExecutorCompletionService.java:193) ~[?:1.8.0_91]
	at org.apache.jmeter.protocol.http.sampler.ResourcesDownloader.invokeAllAndAwaitTermination(ResourcesDownloader.java:178) ~[ApacheJMeter_http.jar:4.0 r1823414]
	at org.apache.jmeter.protocol.http.sampler.HTTPSamplerBase.downloadPageResources(HTTPSamplerBase.java:1343) [ApacheJMeter_http.jar:4.0 r1823414]
	at org.apache.jmeter.protocol.http.sampler.HTTPSamplerBase.resultProcessing(HTTPSamplerBase.java:1657) [ApacheJMeter_http.jar:4.0 r1823414]
	at org.apache.jmeter.protocol.http.sampler.HTTPAbstractImpl.resultProcessing(HTTPAbstractImpl.java:525) [ApacheJMeter_http.jar:4.0 r1823414]
	at org.apache.jmeter.protocol.http.sampler.HTTPHC4Impl.sample(HTTPHC4Impl.java:536) [ApacheJMeter_http.jar:4.0 r1823414]
	at org.apache.jmeter.protocol.http.sampler.HTTPSamplerProxy.sample(HTTPSamplerProxy.java:74) [ApacheJMeter_http.jar:4.0 r1823414]
	at org.apache.jmeter.protocol.http.sampler.HTTPSamplerBase.sample(HTTPSamplerBase.java:1189) [ApacheJMeter_http.jar:4.0 r1823414]
	at org.apache.jmeter.protocol.http.sampler.HTTPSamplerBase.sample(HTTPSamplerBase.java:1178) [ApacheJMeter_http.jar:4.0 r1823414]
	at org.apache.jmeter.threads.JMeterThread.executeSamplePackage(JMeterThread.java:490) [ApacheJMeter_core.jar:4.0 r1823414]
	at org.apache.jmeter.threads.JMeterThread.processSampler(JMeterThread.java:416) [ApacheJMeter_core.jar:4.0 r1823414]
	at org.apache.jmeter.threads.JMeterThread.run(JMeterThread.java:250) [ApacheJMeter_core.jar:4.0 r1823414]
	at java.lang.Thread.run(Thread.java:745) [?:1.8.0_91]
2018-04-08 20:09:07,708 INFO o.a.j.t.JMeterThread: Thread is done: LT-Easytravel 1-14
2018-04-08 20:09:07,708 INFO o.a.j.t.JMeterThread: Thread finished: LT-Easytravel 1-14
2018-04-08 20:09:07,699 WARN o.a.j.p.h.s.HTTPSamplerBase: Interrupted fetching embedded resources
java.lang.InterruptedException: null
	at java.util.concurrent.locks.AbstractQueuedSynchronizer$ConditionObject.reportInterruptAfterWait(AbstractQueuedSynchronizer.java:2014) ~[?:1.8.0_91]
	at java.util.concurrent.locks.AbstractQueuedSynchronizer$ConditionObject.await(AbstractQueuedSynchronizer.java:2048) ~[?:1.8.0_91]
	at java.util.concurrent.LinkedBlockingQueue.take(LinkedBlockingQueue.java:442) ~[?:1.8.0_91]
	at java.util.concurrent.ExecutorCompletionService.take(ExecutorCompletionService.java:193) ~[?:1.8.0_91]
	at org.apache.jmeter.protocol.http.sampler.ResourcesDownloader.invokeAllAndAwaitTermination(ResourcesDownloader.java:178) ~[ApacheJMeter_http.jar:4.0 r1823414]
	at org.apache.jmeter.protocol.http.sampler.HTTPSamplerBase.downloadPageResources(HTTPSamplerBase.java:1343) [ApacheJMeter_http.jar:4.0 r1823414]
	at org.apache.jmeter.protocol.http.sampler.HTTPSamplerBase.resultProcessing(HTTPSamplerBase.java:1657) [ApacheJMeter_http.jar:4.0 r1823414]
	at org.apache.jmeter.protocol.http.sampler.HTTPAbstractImpl.resultProcessing(HTTPAbstractImpl.java:525) [ApacheJMeter_http.jar:4.0 r1823414]
	at org.apache.jmeter.protocol.http.sampler.HTTPHC4Impl.sample(HTTPHC4Impl.java:536) [ApacheJMeter_http.jar:4.0 r1823414]
	at org.apache.jmeter.protocol.http.sampler.HTTPSamplerProxy.sample(HTTPSamplerProxy.java:74) [ApacheJMeter_http.jar:4.0 r1823414]
	at org.apache.jmeter.protocol.http.sampler.HTTPSamplerBase.sample(HTTPSamplerBase.java:1189) [ApacheJMeter_http.jar:4.0 r1823414]
	at org.apache.jmeter.protocol.http.sampler.HTTPSamplerBase.sample(HTTPSamplerBase.java:1178) [ApacheJMeter_http.jar:4.0 r1823414]
	at org.apache.jmeter.threads.JMeterThread.executeSamplePackage(JMeterThread.java:490) [ApacheJMeter_core.jar:4.0 r1823414]
	at org.apache.jmeter.threads.JMeterThread.processSampler(JMeterThread.java:416) [ApacheJMeter_core.jar:4.0 r1823414]
	at org.apache.jmeter.threads.JMeterThread.run(JMeterThread.java:250) [ApacheJMeter_core.jar:4.0 r1823414]
	at java.lang.Thread.run(Thread.java:745) [?:1.8.0_91]
2018-04-08 20:09:07,699 WARN o.a.j.p.h.s.HTTPSamplerBase: Interrupted fetching embedded resources
java.lang.InterruptedException: null
	at java.util.concurrent.locks.AbstractQueuedSynchronizer$ConditionObject.reportInterruptAfterWait(AbstractQueuedSynchronizer.java:2014) ~[?:1.8.0_91]
	at java.util.concurrent.locks.AbstractQueuedSynchronizer$ConditionObject.await(AbstractQueuedSynchronizer.java:2048) ~[?:1.8.0_91]
	at java.util.concurrent.LinkedBlockingQueue.take(LinkedBlockingQueue.java:442) ~[?:1.8.0_91]
	at java.util.concurrent.ExecutorCompletionService.take(ExecutorCompletionService.java:193) ~[?:1.8.0_91]
	at org.apache.jmeter.protocol.http.sampler.ResourcesDownloader.invokeAllAndAwaitTermination(ResourcesDownloader.java:178) ~[ApacheJMeter_http.jar:4.0 r1823414]
	at org.apache.jmeter.protocol.http.sampler.HTTPSamplerBase.downloadPageResources(HTTPSamplerBase.java:1343) [ApacheJMeter_http.jar:4.0 r1823414]
	at org.apache.jmeter.protocol.http.sampler.HTTPSamplerBase.resultProcessing(HTTPSamplerBase.java:1657) [ApacheJMeter_http.jar:4.0 r1823414]
	at org.apache.jmeter.protocol.http.sampler.HTTPAbstractImpl.resultProcessing(HTTPAbstractImpl.java:525) [ApacheJMeter_http.jar:4.0 r1823414]
	at org.apache.jmeter.protocol.http.sampler.HTTPHC4Impl.sample(HTTPHC4Impl.java:536) [ApacheJMeter_http.jar:4.0 r1823414]
	at org.apache.jmeter.protocol.http.sampler.HTTPSamplerProxy.sample(HTTPSamplerProxy.java:74) [ApacheJMeter_http.jar:4.0 r1823414]
	at org.apache.jmeter.protocol.http.sampler.HTTPSamplerBase.sample(HTTPSamplerBase.java:1189) [ApacheJMeter_http.jar:4.0 r1823414]
	at org.apache.jmeter.protocol.http.sampler.HTTPSamplerBase.sample(HTTPSamplerBase.java:1178) [ApacheJMeter_http.jar:4.0 r1823414]
	at org.apache.jmeter.threads.JMeterThread.executeSamplePackage(JMeterThread.java:490) [ApacheJMeter_core.jar:4.0 r1823414]
	at org.apache.jmeter.threads.JMeterThread.processSampler(JMeterThread.java:416) [ApacheJMeter_core.jar:4.0 r1823414]
	at org.apache.jmeter.threads.JMeterThread.run(JMeterThread.java:250) [ApacheJMeter_core.jar:4.0 r1823414]
	at java.lang.Thread.run(Thread.java:745) [?:1.8.0_91]
2018-04-08 20:09:07,702 WARN o.a.j.p.h.s.HTTPSamplerBase: Interrupted fetching embedded resources
java.lang.InterruptedException: null
	at java.util.concurrent.locks.AbstractQueuedSynchronizer$ConditionObject.reportInterruptAfterWait(AbstractQueuedSynchronizer.java:2014) ~[?:1.8.0_91]
	at java.util.concurrent.locks.AbstractQueuedSynchronizer$ConditionObject.await(AbstractQueuedSynchronizer.java:2048) ~[?:1.8.0_91]
	at java.util.concurrent.LinkedBlockingQueue.take(LinkedBlockingQueue.java:442) ~[?:1.8.0_91]
	at java.util.concurrent.ExecutorCompletionService.take(ExecutorCompletionService.java:193) ~[?:1.8.0_91]
	at org.apache.jmeter.protocol.http.sampler.ResourcesDownloader.invokeAllAndAwaitTermination(ResourcesDownloader.java:178) ~[ApacheJMeter_http.jar:4.0 r1823414]
	at org.apache.jmeter.protocol.http.sampler.HTTPSamplerBase.downloadPageResources(HTTPSamplerBase.java:1343) [ApacheJMeter_http.jar:4.0 r1823414]
	at org.apache.jmeter.protocol.http.sampler.HTTPSamplerBase.resultProcessing(HTTPSamplerBase.java:1657) [ApacheJMeter_http.jar:4.0 r1823414]
	at org.apache.jmeter.protocol.http.sampler.HTTPAbstractImpl.resultProcessing(HTTPAbstractImpl.java:525) [ApacheJMeter_http.jar:4.0 r1823414]
	at org.apache.jmeter.protocol.http.sampler.HTTPHC4Impl.sample(HTTPHC4Impl.java:536) [ApacheJMeter_http.jar:4.0 r1823414]
	at org.apache.jmeter.protocol.http.sampler.HTTPSamplerProxy.sample(HTTPSamplerProxy.java:74) [ApacheJMeter_http.jar:4.0 r1823414]
	at org.apache.jmeter.protocol.http.sampler.HTTPSamplerBase.sample(HTTPSamplerBase.java:1189) [ApacheJMeter_http.jar:4.0 r1823414]
	at org.apache.jmeter.protocol.http.sampler.HTTPSamplerBase.sample(HTTPSamplerBase.java:1178) [ApacheJMeter_http.jar:4.0 r1823414]
	at org.apache.jmeter.threads.JMeterThread.executeSamplePackage(JMeterThread.java:490) [ApacheJMeter_core.jar:4.0 r1823414]
	at org.apache.jmeter.threads.JMeterThread.processSampler(JMeterThread.java:416) [ApacheJMeter_core.jar:4.0 r1823414]
	at org.apache.jmeter.threads.JMeterThread.run(JMeterThread.java:250) [ApacheJMeter_core.jar:4.0 r1823414]
	at java.lang.Thread.run(Thread.java:745) [?:1.8.0_91]
2018-04-08 20:09:07,708 INFO o.a.j.t.JMeterThread: Thread is done: LT-Easytravel 1-1
2018-04-08 20:09:07,710 INFO o.a.j.t.JMeterThread: Thread finished: LT-Easytravel 1-1
2018-04-08 20:09:07,710 INFO o.a.j.t.JMeterThread: Thread is done: LT-Easytravel 1-12
2018-04-08 20:09:07,710 INFO o.a.j.t.JMeterThread: Thread finished: LT-Easytravel 1-12
2018-04-08 20:09:07,702 WARN o.a.j.p.h.s.HTTPSamplerBase: Interrupted fetching embedded resources
java.lang.InterruptedException: null
	at java.util.concurrent.locks.AbstractQueuedSynchronizer$ConditionObject.reportInterruptAfterWait(AbstractQueuedSynchronizer.java:2014) ~[?:1.8.0_91]
	at java.util.concurrent.locks.AbstractQueuedSynchronizer$ConditionObject.await(AbstractQueuedSynchronizer.java:2048) ~[?:1.8.0_91]
	at java.util.concurrent.LinkedBlockingQueue.take(LinkedBlockingQueue.java:442) ~[?:1.8.0_91]
	at java.util.concurrent.ExecutorCompletionService.take(ExecutorCompletionService.java:193) ~[?:1.8.0_91]
	at org.apache.jmeter.protocol.http.sampler.ResourcesDownloader.invokeAllAndAwaitTermination(ResourcesDownloader.java:186) ~[ApacheJMeter_http.jar:4.0 r1823414]
	at org.apache.jmeter.protocol.http.sampler.HTTPSamplerBase.downloadPageResources(HTTPSamplerBase.java:1343) [ApacheJMeter_http.jar:4.0 r1823414]
	at org.apache.jmeter.protocol.http.sampler.HTTPSamplerBase.resultProcessing(HTTPSamplerBase.java:1657) [ApacheJMeter_http.jar:4.0 r1823414]
	at org.apache.jmeter.protocol.http.sampler.HTTPAbstractImpl.resultProcessing(HTTPAbstractImpl.java:525) [ApacheJMeter_http.jar:4.0 r1823414]
	at org.apache.jmeter.protocol.http.sampler.HTTPHC4Impl.sample(HTTPHC4Impl.java:536) [ApacheJMeter_http.jar:4.0 r1823414]
	at org.apache.jmeter.protocol.http.sampler.HTTPSamplerProxy.sample(HTTPSamplerProxy.java:74) [ApacheJMeter_http.jar:4.0 r1823414]
	at org.apache.jmeter.protocol.http.sampler.HTTPSamplerBase.sample(HTTPSamplerBase.java:1189) [ApacheJMeter_http.jar:4.0 r1823414]
	at org.apache.jmeter.protocol.http.sampler.HTTPSamplerBase.sample(HTTPSamplerBase.java:1178) [ApacheJMeter_http.jar:4.0 r1823414]
	at org.apache.jmeter.threads.JMeterThread.executeSamplePackage(JMeterThread.java:490) [ApacheJMeter_core.jar:4.0 r1823414]
	at org.apache.jmeter.threads.JMeterThread.processSampler(JMeterThread.java:416) [ApacheJMeter_core.jar:4.0 r1823414]
	at org.apache.jmeter.threads.JMeterThread.run(JMeterThread.java:250) [ApacheJMeter_core.jar:4.0 r1823414]
	at java.lang.Thread.run(Thread.java:745) [?:1.8.0_91]
2018-04-08 20:09:07,709 INFO o.a.j.t.JMeterThread: Thread is done: LT-Easytravel 1-11
2018-04-08 20:09:07,712 INFO o.a.j.t.JMeterThread: Thread is done: LT-Easytravel 1-10
2018-04-08 20:09:07,712 INFO o.a.j.t.JMeterThread: Thread finished: LT-Easytravel 1-11
2018-04-08 20:09:07,712 INFO o.a.j.t.JMeterThread: Thread finished: LT-Easytravel 1-10
2018-04-08 20:09:07,712 INFO o.a.j.t.JMeterThread: Thread is done: LT-Easytravel 1-5
2018-04-08 20:09:07,712 INFO o.a.j.t.JMeterThread: Thread finished: LT-Easytravel 1-5
2018-04-08 20:09:07,715 INFO o.a.j.e.StandardJMeterEngine: Notifying test listeners of end of test
2018-04-08 20:09:07,699 WARN o.a.j.p.h.s.HTTPSamplerBase: Interrupted fetching embedded resources
java.lang.InterruptedException: null
	at java.util.concurrent.locks.AbstractQueuedSynchronizer$ConditionObject.reportInterruptAfterWait(AbstractQueuedSynchronizer.java:2014) ~[?:1.8.0_91]
	at java.util.concurrent.locks.AbstractQueuedSynchronizer$ConditionObject.await(AbstractQueuedSynchronizer.java:2048) ~[?:1.8.0_91]
	at java.util.concurrent.LinkedBlockingQueue.take(LinkedBlockingQueue.java:442) ~[?:1.8.0_91]
	at java.util.concurrent.ExecutorCompletionService.take(ExecutorCompletionService.java:193) ~[?:1.8.0_91]
	at org.apache.jmeter.protocol.http.sampler.ResourcesDownloader.invokeAllAndAwaitTermination(ResourcesDownloader.java:178) ~[ApacheJMeter_http.jar:4.0 r1823414]
	at org.apache.jmeter.protocol.http.sampler.HTTPSamplerBase.downloadPageResources(HTTPSamplerBase.java:1343) [ApacheJMeter_http.jar:4.0 r1823414]
	at org.apache.jmeter.protocol.http.sampler.HTTPSamplerBase.resultProcessing(HTTPSamplerBase.java:1657) [ApacheJMeter_http.jar:4.0 r1823414]
	at org.apache.jmeter.protocol.http.sampler.HTTPAbstractImpl.resultProcessing(HTTPAbstractImpl.java:525) [ApacheJMeter_http.jar:4.0 r1823414]
	at org.apache.jmeter.protocol.http.sampler.HTTPHC4Impl.sample(HTTPHC4Impl.java:536) [ApacheJMeter_http.jar:4.0 r1823414]
	at org.apache.jmeter.protocol.http.sampler.HTTPSamplerProxy.sample(HTTPSamplerProxy.java:74) [ApacheJMeter_http.jar:4.0 r1823414]
	at org.apache.jmeter.protocol.http.sampler.HTTPSamplerBase.sample(HTTPSamplerBase.java:1189) [ApacheJMeter_http.jar:4.0 r1823414]
	at org.apache.jmeter.protocol.http.sampler.HTTPSamplerBase.sample(HTTPSamplerBase.java:1178) [ApacheJMeter_http.jar:4.0 r1823414]
	at org.apache.jmeter.threads.JMeterThread.executeSamplePackage(JMeterThread.java:490) [ApacheJMeter_core.jar:4.0 r1823414]
	at org.apache.jmeter.threads.JMeterThread.processSampler(JMeterThread.java:416) [ApacheJMeter_core.jar:4.0 r1823414]
	at org.apache.jmeter.threads.JMeterThread.run(JMeterThread.java:250) [ApacheJMeter_core.jar:4.0 r1823414]
	at java.lang.Thread.run(Thread.java:745) [?:1.8.0_91]
2018-04-08 20:09:07,717 INFO o.a.j.e.StandardJMeterEngine: Forced JVM shutdown requested at end of test
2018-04-08 20:09:07,718 INFO o.a.j.t.JMeterThread: Thread is done: LT-Easytravel 1-3
2018-04-08 20:09:07,701 WARN o.a.j.p.h.s.HTTPSamplerBase: Interrupted fetching embedded resources
java.lang.InterruptedException: null
	at java.util.concurrent.locks.AbstractQueuedSynchronizer$ConditionObject.reportInterruptAfterWait(AbstractQueuedSynchronizer.java:2014) ~[?:1.8.0_91]
	at java.util.concurrent.locks.AbstractQueuedSynchronizer$ConditionObject.await(AbstractQueuedSynchronizer.java:2048) ~[?:1.8.0_91]
	at java.util.concurrent.LinkedBlockingQueue.take(LinkedBlockingQueue.java:442) ~[?:1.8.0_91]
	at java.util.concurrent.ExecutorCompletionService.take(ExecutorCompletionService.java:193) ~[?:1.8.0_91]
	at org.apache.jmeter.protocol.http.sampler.ResourcesDownloader.invokeAllAndAwaitTermination(ResourcesDownloader.java:178) ~[ApacheJMeter_http.jar:4.0 r1823414]
	at org.apache.jmeter.protocol.http.sampler.HTTPSamplerBase.downloadPageResources(HTTPSamplerBase.java:1343) [ApacheJMeter_http.jar:4.0 r1823414]
	at org.apache.jmeter.protocol.http.sampler.HTTPSamplerBase.resultProcessing(HTTPSamplerBase.java:1657) [ApacheJMeter_http.jar:4.0 r1823414]
	at org.apache.jmeter.protocol.http.sampler.HTTPAbstractImpl.resultProcessing(HTTPAbstractImpl.java:525) [ApacheJMeter_http.jar:4.0 r1823414]
	at org.apache.jmeter.protocol.http.sampler.HTTPHC4Impl.sample(HTTPHC4Impl.java:536) [ApacheJMeter_http.jar:4.0 r1823414]
	at org.apache.jmeter.protocol.http.sampler.HTTPSamplerProxy.sample(HTTPSamplerProxy.java:74) [ApacheJMeter_http.jar:4.0 r1823414]
	at org.apache.jmeter.protocol.http.sampler.HTTPSamplerBase.sample(HTTPSamplerBase.java:1189) [ApacheJMeter_http.jar:4.0 r1823414]
	at org.apache.jmeter.protocol.http.sampler.HTTPSamplerBase.sample(HTTPSamplerBase.java:1178) [ApacheJMeter_http.jar:4.0 r1823414]
	at org.apache.jmeter.threads.JMeterThread.executeSamplePackage(JMeterThread.java:490) [ApacheJMeter_core.jar:4.0 r1823414]
	at org.apache.jmeter.threads.JMeterThread.processSampler(JMeterThread.java:416) [ApacheJMeter_core.jar:4.0 r1823414]
	at org.apache.jmeter.threads.JMeterThread.run(JMeterThread.java:250) [ApacheJMeter_core.jar:4.0 r1823414]
	at java.lang.Thread.run(Thread.java:745) [?:1.8.0_91]
2018-04-08 20:09:07,718 INFO o.a.j.t.JMeterThread: Thread finished: LT-Easytravel 1-3
2018-04-08 20:09:07,718 INFO o.a.j.t.JMeterThread: Thread is done: LT-Easytravel 1-13
2018-04-08 20:09:07,718 INFO o.a.j.t.JMeterThread: Thread finished: LT-Easytravel 1-13
2018-04-08 20:09:07,699 WARN o.a.j.p.h.s.HTTPSamplerBase: Interrupted fetching embedded resources
java.lang.InterruptedException: null
	at java.util.concurrent.locks.AbstractQueuedSynchronizer$ConditionObject.reportInterruptAfterWait(AbstractQueuedSynchronizer.java:2014) ~[?:1.8.0_91]
	at java.util.concurrent.locks.AbstractQueuedSynchronizer$ConditionObject.await(AbstractQueuedSynchronizer.java:2048) ~[?:1.8.0_91]
	at java.util.concurrent.LinkedBlockingQueue.take(LinkedBlockingQueue.java:442) ~[?:1.8.0_91]
	at java.util.concurrent.ExecutorCompletionService.take(ExecutorCompletionService.java:193) ~[?:1.8.0_91]
	at org.apache.jmeter.protocol.http.sampler.ResourcesDownloader.invokeAllAndAwaitTermination(ResourcesDownloader.java:178) ~[ApacheJMeter_http.jar:4.0 r1823414]
	at org.apache.jmeter.protocol.http.sampler.HTTPSamplerBase.downloadPageResources(HTTPSamplerBase.java:1343) [ApacheJMeter_http.jar:4.0 r1823414]
	at org.apache.jmeter.protocol.http.sampler.HTTPSamplerBase.resultProcessing(HTTPSamplerBase.java:1657) [ApacheJMeter_http.jar:4.0 r1823414]
	at org.apache.jmeter.protocol.http.sampler.HTTPAbstractImpl.resultProcessing(HTTPAbstractImpl.java:525) [ApacheJMeter_http.jar:4.0 r1823414]
	at org.apache.jmeter.protocol.http.sampler.HTTPHC4Impl.sample(HTTPHC4Impl.java:536) [ApacheJMeter_http.jar:4.0 r1823414]
	at org.apache.jmeter.protocol.http.sampler.HTTPSamplerProxy.sample(HTTPSamplerProxy.java:74) [ApacheJMeter_http.jar:4.0 r1823414]
	at org.apache.jmeter.protocol.http.sampler.HTTPSamplerBase.sample(HTTPSamplerBase.java:1189) [ApacheJMeter_http.jar:4.0 r1823414]
	at org.apache.jmeter.protocol.http.sampler.HTTPSamplerBase.sample(HTTPSamplerBase.java:1178) [ApacheJMeter_http.jar:4.0 r1823414]
	at org.apache.jmeter.threads.JMeterThread.executeSamplePackage(JMeterThread.java:490) [ApacheJMeter_core.jar:4.0 r1823414]
	at org.apache.jmeter.threads.JMeterThread.processSampler(JMeterThread.java:416) [ApacheJMeter_core.jar:4.0 r1823414]
	at org.apache.jmeter.threads.JMeterThread.run(JMeterThread.java:250) [ApacheJMeter_core.jar:4.0 r1823414]
	at java.lang.Thread.run(Thread.java:745) [?:1.8.0_91]
2018-04-08 20:09:07,722 INFO o.a.j.t.JMeterThread: Thread is done: LT-Easytravel 1-9
2018-04-08 20:09:07,722 INFO o.a.j.t.JMeterThread: Thread finished: LT-Easytravel 1-9
2018-04-08 20:09:07,707 WARN o.a.j.p.h.s.HTTPSamplerBase: Interrupted fetching embedded resources
java.lang.InterruptedException: null
	at java.util.concurrent.locks.AbstractQueuedSynchronizer$ConditionObject.reportInterruptAfterWait(AbstractQueuedSynchronizer.java:2014) ~[?:1.8.0_91]
	at java.util.concurrent.locks.AbstractQueuedSynchronizer$ConditionObject.await(AbstractQueuedSynchronizer.java:2048) ~[?:1.8.0_91]
	at java.util.concurrent.LinkedBlockingQueue.take(LinkedBlockingQueue.java:442) ~[?:1.8.0_91]
	at java.util.concurrent.ExecutorCompletionService.take(ExecutorCompletionService.java:193) ~[?:1.8.0_91]
	at org.apache.jmeter.protocol.http.sampler.ResourcesDownloader.invokeAllAndAwaitTermination(ResourcesDownloader.java:178) ~[ApacheJMeter_http.jar:4.0 r1823414]
	at org.apache.jmeter.protocol.http.sampler.HTTPSamplerBase.downloadPageResources(HTTPSamplerBase.java:1343) [ApacheJMeter_http.jar:4.0 r1823414]
	at org.apache.jmeter.protocol.http.sampler.HTTPSamplerBase.resultProcessing(HTTPSamplerBase.java:1657) [ApacheJMeter_http.jar:4.0 r1823414]
	at org.apache.jmeter.protocol.http.sampler.HTTPAbstractImpl.resultProcessing(HTTPAbstractImpl.java:525) [ApacheJMeter_http.jar:4.0 r1823414]
	at org.apache.jmeter.protocol.http.sampler.HTTPHC4Impl.sample(HTTPHC4Impl.java:536) [ApacheJMeter_http.jar:4.0 r1823414]
	at org.apache.jmeter.protocol.http.sampler.HTTPSamplerProxy.sample(HTTPSamplerProxy.java:74) [ApacheJMeter_http.jar:4.0 r1823414]
	at org.apache.jmeter.protocol.http.sampler.HTTPSamplerBase.sample(HTTPSamplerBase.java:1189) [ApacheJMeter_http.jar:4.0 r1823414]
	at org.apache.jmeter.protocol.http.sampler.HTTPSamplerBase.sample(HTTPSamplerBase.java:1178) [ApacheJMeter_http.jar:4.0 r1823414]
	at org.apache.jmeter.threads.JMeterThread.executeSamplePackage(JMeterThread.java:490) [ApacheJMeter_core.jar:4.0 r1823414]
	at org.apache.jmeter.threads.JMeterThread.processSampler(JMeterThread.java:416) [ApacheJMeter_core.jar:4.0 r1823414]
	at org.apache.jmeter.threads.JMeterThread.run(JMeterThread.java:250) [ApacheJMeter_core.jar:4.0 r1823414]
	at java.lang.Thread.run(Thread.java:745) [?:1.8.0_91]
2018-04-08 20:09:07,723 INFO o.a.j.t.JMeterThread: Thread is done: LT-Easytravel 1-2
2018-04-08 20:09:07,723 INFO o.a.j.t.JMeterThread: Thread finished: LT-Easytravel 1-2
