2018-04-08 18:00:02,128 INFO o.a.j.u.JMeterUtils: Setting Locale to es_ES
2018-04-08 18:00:02,149 INFO o.a.j.u.JMeterUtils: Could not find resources for 'es_ES', using 'es'
2018-04-08 18:00:02,150 INFO o.a.j.JMeter: Loading user properties from: /Users/sergiomaurenzi/.bzt/jmeter-taurus/4.0/bin/user.properties
2018-04-08 18:00:02,150 INFO o.a.j.JMeter: Loading system properties from: /Users/sergiomaurenzi/.bzt/jmeter-taurus/4.0/bin/system.properties
2018-04-08 18:00:02,151 INFO o.a.j.JMeter: Setting System properties from file: /Users/sergiomaurenzi/Documents/GitHub/Taurus-Jenkins-ServiceNow-demo/2018-04-08_17-57-41.326742/system.properties
2018-04-08 18:00:02,157 INFO o.a.j.JMeter: Copyright (c) 1998-2018 The Apache Software Foundation
2018-04-08 18:00:02,157 INFO o.a.j.JMeter: Version 4.0 r1823414
2018-04-08 18:00:02,157 INFO o.a.j.JMeter: java.version=1.8.0_91
2018-04-08 18:00:02,157 INFO o.a.j.JMeter: java.vm.name=Java HotSpot(TM) 64-Bit Server VM
2018-04-08 18:00:02,157 INFO o.a.j.JMeter: os.name=Mac OS X
2018-04-08 18:00:02,157 INFO o.a.j.JMeter: os.arch=x86_64
2018-04-08 18:00:02,157 INFO o.a.j.JMeter: os.version=10.13.4
2018-04-08 18:00:02,157 INFO o.a.j.JMeter: file.encoding=UTF-8
2018-04-08 18:00:02,157 INFO o.a.j.JMeter: Max memory     =1908932608
2018-04-08 18:00:02,158 INFO o.a.j.JMeter: Available Processors =4
2018-04-08 18:00:02,164 INFO o.a.j.JMeter: Default Locale=espa単ol (Espa単a)
2018-04-08 18:00:02,164 INFO o.a.j.JMeter: JMeter  Locale=espa単ol (Espa単a)
2018-04-08 18:00:02,165 INFO o.a.j.JMeter: JMeterHome=/Users/sergiomaurenzi/.bzt/jmeter-taurus/4.0
2018-04-08 18:00:02,165 INFO o.a.j.JMeter: user.dir  =/Users/sergiomaurenzi/Documents/GitHub/Taurus-Jenkins-ServiceNow-demo
2018-04-08 18:00:02,165 INFO o.a.j.JMeter: PWD       =/Users/sergiomaurenzi/Documents/GitHub/Taurus-Jenkins-ServiceNow-demo
2018-04-08 18:00:02,166 INFO o.a.j.JMeter: IP: 192.168.1.13 Name: MacBook-Pro-de-Sergio-2.local FullName: 192.168.1.13
2018-04-08 18:00:02,166 INFO o.a.j.JMeter: user.classpath=/Users/sergiomaurenzi/Documents/GitHub/Taurus-Jenkins-ServiceNow-demo/2018-04-08_17-57-41.326742:/Users/sergiomaurenzi/Documents/GitHub/Taurus-Jenkins-ServiceNow-demo/2018-04-08_17-57-41.326742
2018-04-08 18:00:02,167 INFO o.a.j.JMeter: Adding to classpath and loader: /Users/sergiomaurenzi/Documents/GitHub/Taurus-Jenkins-ServiceNow-demo/2018-04-08_17-57-41.326742
2018-04-08 18:00:02,167 INFO o.a.j.JMeter: Adding to classpath and loader: /Users/sergiomaurenzi/Documents/GitHub/Taurus-Jenkins-ServiceNow-demo/2018-04-08_17-57-41.326742
2018-04-08 18:00:02,171 INFO o.a.j.s.FileServer: Default base='/Users/sergiomaurenzi/Documents/GitHub/Taurus-Jenkins-ServiceNow-demo'
2018-04-08 18:00:02,181 INFO o.a.j.s.FileServer: Set new base='/Users/sergiomaurenzi/Documents/GitHub/Taurus-Jenkins-ServiceNow-demo/2018-04-08_17-57-41.326742'
2018-04-08 18:00:02,323 INFO o.a.j.s.SaveService: Testplan (JMX) version: 2.2. Testlog (JTL) version: 2.2
2018-04-08 18:00:02,340 INFO o.a.j.s.SaveService: Using SaveService properties file encoding UTF-8
2018-04-08 18:00:02,344 INFO o.a.j.s.SaveService: Using SaveService properties version 4.0
2018-04-08 18:00:02,350 INFO o.a.j.s.SaveService: Loading file: /Users/sergiomaurenzi/Documents/GitHub/Taurus-Jenkins-ServiceNow-demo/2018-04-08_17-57-41.326742/modified_requests.jmx
2018-04-08 18:00:02,410 INFO o.a.j.p.h.c.CacheManager: Will only cache the following methods: [GET]
2018-04-08 18:00:02,412 INFO o.a.j.p.h.c.CookieManager: Settings: Delete null: true Check: true Allow variable: true Save: false Prefix: COOKIE_
2018-04-08 18:00:02,428 INFO o.a.j.p.h.s.HTTPSamplerBase: Parser for text/html is org.apache.jmeter.protocol.http.parser.LagartoBasedHtmlParser
2018-04-08 18:00:02,428 INFO o.a.j.p.h.s.HTTPSamplerBase: Parser for application/xhtml+xml is org.apache.jmeter.protocol.http.parser.LagartoBasedHtmlParser
2018-04-08 18:00:02,428 INFO o.a.j.p.h.s.HTTPSamplerBase: Parser for application/xml is org.apache.jmeter.protocol.http.parser.LagartoBasedHtmlParser
2018-04-08 18:00:02,428 INFO o.a.j.p.h.s.HTTPSamplerBase: Parser for text/xml is org.apache.jmeter.protocol.http.parser.LagartoBasedHtmlParser
2018-04-08 18:00:02,429 INFO o.a.j.p.h.s.HTTPSamplerBase: Parser for text/vnd.wap.wml is org.apache.jmeter.protocol.http.parser.RegexpHTMLParser
2018-04-08 18:00:02,429 INFO o.a.j.p.h.s.HTTPSamplerBase: Parser for text/css is org.apache.jmeter.protocol.http.parser.CssParser
2018-04-08 18:00:02,496 INFO o.a.j.e.StandardJMeterEngine: Running the test!
2018-04-08 18:00:02,497 INFO o.a.j.s.SampleEvent: List of sample_variables: []
2018-04-08 18:00:02,497 INFO o.a.j.s.SampleEvent: List of sample_variables: []
2018-04-08 18:00:02,501 INFO o.a.j.e.u.CompoundVariable: Note: Function class names must contain the string: '.functions.'
2018-04-08 18:00:02,501 INFO o.a.j.e.u.CompoundVariable: Note: Function class names must not contain the string: '.gui.'
2018-04-08 18:00:03,079 INFO o.a.j.JMeter: Test lanzado (1523221203079)
2018-04-08 18:00:03,133 INFO o.a.j.e.StandardJMeterEngine: Starting ThreadGroup: 1 : Test-Easytravel
2018-04-08 18:00:03,134 INFO o.a.j.e.StandardJMeterEngine: Starting 50 threads for group Test-Easytravel.
2018-04-08 18:00:03,134 INFO o.a.j.e.StandardJMeterEngine: Thread will continue on error
2018-04-08 18:00:03,140 INFO o.a.j.e.StandardJMeterEngine: All thread groups have been started
2018-04-08 18:00:03,141 INFO c.b.j.t.c.ConcurrencyThreadStarter: Start supplying threads
2018-04-08 18:00:03,747 INFO o.a.j.s.SampleResult: Note: Sample TimeStamps are START times
2018-04-08 18:00:03,747 INFO o.a.j.s.SampleResult: sampleresult.default.encoding is set to UTF-8
2018-04-08 18:00:03,747 INFO o.a.j.s.SampleResult: sampleresult.useNanoTime=true
2018-04-08 18:00:03,747 INFO o.a.j.s.SampleResult: sampleresult.nanoThreadSleep=5000
2018-04-08 18:00:03,747 INFO o.a.j.t.JMeterThread: Thread started: Test-Easytravel 1-1
2018-04-08 18:00:03,769 INFO o.a.j.p.h.s.HTTPHCAbstractImpl: Local host = MacBook-Pro-de-Sergio-2.local
2018-04-08 18:00:03,774 INFO o.a.j.p.h.s.HTTPHC4Impl: HTTP request retry count = 0
2018-04-08 18:00:05,242 INFO o.a.j.p.h.p.BaseParser: Created org.apache.jmeter.protocol.http.parser.LagartoBasedHtmlParser
2018-04-08 18:00:05,328 INFO o.a.j.p.h.s.ResourcesDownloader: Creating ResourcesDownloader with keepalive_inseconds : 60
2018-04-08 18:00:05,754 INFO o.a.j.t.JMeterThread: Thread started: Test-Easytravel 1-2
2018-04-08 18:00:05,764 INFO o.a.j.p.h.p.BaseParser: Created org.apache.jmeter.protocol.http.parser.CssParser
2018-04-08 18:00:05,764 INFO o.a.j.p.h.p.BaseParser: Created org.apache.jmeter.protocol.http.parser.CssParser
2018-04-08 18:00:05,765 INFO o.a.j.p.h.p.BaseParser: Created org.apache.jmeter.protocol.http.parser.CssParser
2018-04-08 18:00:06,052 WARN c.h.c.r.e.LoggingCSSParseErrorHandler: Browser compliant mode skipped CSS from [70:14] starting at token 'text-align' until [71:7] to token '}' (based on com.helger.css.parser.ParseException: Encountered unexpected token: ":" ":"
    at line 70, column 24.

Was expecting one of:

    "+"
    "-"
    "/"
    ";"
    "="
    "["
    "and"
    "expression("
    "from"
    "inherit"
    "not"
    "only"
    "or"
    "to"
    "}"
    <ANGLE_DEG>
    <ANGLE_GRAD>
    <ANGLE_RAD>
    <ANGLE_TURN>
    <CH>
    <COMMA>
    <DPCM>
    <DPI>
    <DPPX>
    <EM>
    <EX>
    <FR>
    <FREQ_HZ>
    <FREQ_KHZ>
    <FUNCTION>
    <FUNCTION_CALC>
    <HASH>
    <IDENT>
    <IMPORTANT_SYM>
    <LENGTH_CM>
    <LENGTH_IN>
    <LENGTH_MM>
    <LENGTH_PC>
    <LENGTH_PT>
    <LENGTH_Q>
    <NUMBER>
    <PERCENTAGE>
    <PX>
    <REM>
    <S>
    <STRING1>
    <STRING2>
    <TIME_MS>
    <TIME_S>
    <URANGE>
    <URL>
    <VH>
    <VMAX>
    <VMIN>
    <VW>
)
2018-04-08 18:00:06,762 INFO o.a.j.t.JMeterThread: Thread started: Test-Easytravel 1-3
2018-04-08 18:00:07,765 INFO o.a.j.t.JMeterThread: Thread started: Test-Easytravel 1-4
2018-04-08 18:00:08,324 INFO o.a.j.p.h.s.LazySchemeSocketFactory: Setting up HTTPS TrustAll Socket Factory
2018-04-08 18:00:08,333 INFO o.a.j.u.JsseSSLManager: Using default SSL protocol: TLS
2018-04-08 18:00:08,333 INFO o.a.j.u.JsseSSLManager: SSL session context: per-thread
2018-04-08 18:00:08,443 INFO o.a.j.u.SSLManager: JmeterKeyStore Location:  type JKS
2018-04-08 18:00:08,444 INFO o.a.j.u.SSLManager: KeyStore created OK
2018-04-08 18:00:08,444 WARN o.a.j.u.SSLManager: Keystore file not found, loading empty keystore
2018-04-08 18:00:08,769 INFO o.a.j.t.JMeterThread: Thread started: Test-Easytravel 1-5
2018-04-08 18:00:09,773 INFO o.a.j.t.JMeterThread: Thread started: Test-Easytravel 1-6
2018-04-08 18:00:11,780 INFO o.a.j.t.JMeterThread: Thread started: Test-Easytravel 1-7
2018-04-08 18:00:12,786 INFO o.a.j.t.JMeterThread: Thread started: Test-Easytravel 1-8
2018-04-08 18:00:13,789 INFO o.a.j.t.JMeterThread: Thread started: Test-Easytravel 1-9
2018-04-08 18:00:14,790 INFO o.a.j.t.JMeterThread: Thread started: Test-Easytravel 1-10
2018-04-08 18:00:15,793 INFO o.a.j.t.JMeterThread: Thread started: Test-Easytravel 1-11
2018-04-08 18:00:17,796 INFO o.a.j.t.JMeterThread: Thread started: Test-Easytravel 1-12
2018-04-08 18:00:18,798 INFO o.a.j.t.JMeterThread: Thread started: Test-Easytravel 1-13
2018-04-08 18:00:19,803 INFO o.a.j.t.JMeterThread: Thread started: Test-Easytravel 1-14
2018-04-08 18:00:20,806 INFO o.a.j.t.JMeterThread: Thread started: Test-Easytravel 1-15
2018-04-08 18:00:21,810 INFO o.a.j.t.JMeterThread: Thread started: Test-Easytravel 1-16
2018-04-08 18:00:23,815 INFO o.a.j.t.JMeterThread: Thread started: Test-Easytravel 1-17
2018-04-08 18:00:24,819 INFO o.a.j.t.JMeterThread: Thread started: Test-Easytravel 1-18
2018-04-08 18:00:25,821 INFO o.a.j.t.JMeterThread: Thread started: Test-Easytravel 1-19
2018-04-08 18:00:26,822 INFO o.a.j.t.JMeterThread: Thread started: Test-Easytravel 1-20
2018-04-08 18:00:27,825 INFO o.a.j.t.JMeterThread: Thread started: Test-Easytravel 1-21
2018-04-08 18:00:29,826 INFO o.a.j.t.JMeterThread: Thread started: Test-Easytravel 1-22
2018-04-08 18:00:30,828 INFO o.a.j.t.JMeterThread: Thread started: Test-Easytravel 1-23
2018-04-08 18:00:31,829 INFO o.a.j.t.JMeterThread: Thread started: Test-Easytravel 1-24
2018-04-08 18:00:32,831 INFO o.a.j.t.JMeterThread: Thread started: Test-Easytravel 1-25
2018-04-08 18:00:33,833 INFO o.a.j.t.JMeterThread: Thread started: Test-Easytravel 1-26
2018-04-08 18:00:35,837 INFO o.a.j.t.JMeterThread: Thread started: Test-Easytravel 1-27
2018-04-08 18:00:36,839 INFO o.a.j.t.JMeterThread: Thread started: Test-Easytravel 1-28
2018-04-08 18:00:37,844 INFO o.a.j.t.JMeterThread: Thread started: Test-Easytravel 1-29
2018-04-08 18:00:38,846 INFO o.a.j.t.JMeterThread: Thread started: Test-Easytravel 1-30
2018-04-08 18:00:39,541 INFO o.a.j.JMeter: Command: Shutdown received from /127.0.0.1
2018-04-08 18:00:39,542 INFO c.b.j.t.c.ConcurrencyThreadStarter: Done supplying threads
2018-04-08 18:00:39,542 WARN o.a.j.t.JMeterThread: Interrupting: Test-Easytravel 1-15 sampler: http://ec2-54-84-118-207.compute-1.amazonaws.com:8079/special-offers.jsp
2018-04-08 18:00:39,543 WARN o.a.j.t.JMeterThread: No operation pending
2018-04-08 18:00:39,543 WARN o.a.j.t.JMeterThread: Interrupting: Test-Easytravel 1-22 sampler: http://ec2-54-84-118-207.compute-1.amazonaws.com:8079/special-offers.jsp
2018-04-08 18:00:39,543 WARN o.a.j.t.JMeterThread: No operation pending
2018-04-08 18:00:39,543 WARN o.a.j.t.JMeterThread: Interrupting: Test-Easytravel 1-7 sampler: http://ec2-54-84-118-207.compute-1.amazonaws.com:8079/orange-booking-review.jsf
2018-04-08 18:00:39,543 WARN o.a.j.t.JMeterThread: No operation pending
2018-04-08 18:00:39,543 WARN o.a.j.t.JMeterThread: Interrupting: Test-Easytravel 1-18 sampler: http://ec2-54-84-118-207.compute-1.amazonaws.com:8079/special-offers.jsp
2018-04-08 18:00:39,543 WARN o.a.j.t.JMeterThread: No operation pending
2018-04-08 18:00:39,543 WARN o.a.j.t.JMeterThread: Interrupting: Test-Easytravel 1-21 sampler: http://ec2-54-84-118-207.compute-1.amazonaws.com:8079/special-offers.jsp
2018-04-08 18:00:39,543 WARN o.a.j.t.JMeterThread: No operation pending
2018-04-08 18:00:39,543 WARN o.a.j.t.JMeterThread: Interrupting: Test-Easytravel 1-10 sampler: http://ec2-54-84-118-207.compute-1.amazonaws.com:8079/orange-booking-review.jsf
2018-04-08 18:00:39,545 WARN o.a.j.t.JMeterThread: Interrupting: Test-Easytravel 1-2 sampler: http://ec2-54-84-118-207.compute-1.amazonaws.com:8079/orange-booking-review.jsf
2018-04-08 18:00:39,545 WARN o.a.j.t.JMeterThread: No operation pending
2018-04-08 18:00:39,545 WARN o.a.j.t.JMeterThread: Interrupting: Test-Easytravel 1-16 sampler: http://ec2-54-84-118-207.compute-1.amazonaws.com:8079/special-offers.jsp
2018-04-08 18:00:39,545 WARN o.a.j.t.JMeterThread: No operation pending
2018-04-08 18:00:39,545 WARN o.a.j.t.JMeterThread: Interrupting: Test-Easytravel 1-4 sampler: http://ec2-54-84-118-207.compute-1.amazonaws.com:8079/orange-booking-review.jsf
2018-04-08 18:00:39,545 WARN o.a.j.t.JMeterThread: No operation pending
2018-04-08 18:00:39,546 WARN o.a.j.t.JMeterThread: Interrupting: Test-Easytravel 1-29 sampler: http://ec2-54-84-118-207.compute-1.amazonaws.com:8079/special-offers.jsp
2018-04-08 18:00:39,547 WARN o.a.j.t.JMeterThread: Interrupting: Test-Easytravel 1-14 sampler: http://ec2-54-84-118-207.compute-1.amazonaws.com:8079/special-offers.jsp
2018-04-08 18:00:39,547 WARN o.a.j.t.JMeterThread: No operation pending
2018-04-08 18:00:39,547 WARN o.a.j.t.JMeterThread: Interrupting: Test-Easytravel 1-17 sampler: http://ec2-54-84-118-207.compute-1.amazonaws.com:8079/special-offers.jsp
2018-04-08 18:00:39,547 WARN o.a.j.t.JMeterThread: No operation pending
2018-04-08 18:00:39,547 WARN o.a.j.t.JMeterThread: Interrupting: Test-Easytravel 1-8 sampler: http://ec2-54-84-118-207.compute-1.amazonaws.com:8079/orange-booking-review.jsf
2018-04-08 18:00:39,547 WARN o.a.j.t.JMeterThread: No operation pending
2018-04-08 18:00:39,547 WARN o.a.j.t.JMeterThread: Interrupting: Test-Easytravel 1-3 sampler: http://ec2-54-84-118-207.compute-1.amazonaws.com:8079/orange-booking-review.jsf
2018-04-08 18:00:39,548 WARN o.a.j.t.JMeterThread: No operation pending
2018-04-08 18:00:39,548 WARN o.a.j.t.JMeterThread: Interrupting: Test-Easytravel 1-9 sampler: http://ec2-54-84-118-207.compute-1.amazonaws.com:8079/orange-booking-review.jsf
2018-04-08 18:00:39,550 WARN o.a.j.t.JMeterThread: Interrupting: Test-Easytravel 1-20 sampler: http://ec2-54-84-118-207.compute-1.amazonaws.com:8079/special-offers.jsp
2018-04-08 18:00:39,550 WARN o.a.j.t.JMeterThread: No operation pending
2018-04-08 18:00:39,551 WARN o.a.j.t.JMeterThread: Interrupting: Test-Easytravel 1-12 sampler: http://ec2-54-84-118-207.compute-1.amazonaws.com:8079/rb_ecc29184-1ae2-46dd-96fe-06997671fc57
2018-04-08 18:00:39,552 WARN o.a.j.t.JMeterThread: Interrupting: Test-Easytravel 1-13 sampler: http://ec2-54-84-118-207.compute-1.amazonaws.com:8079/rb_ecc29184-1ae2-46dd-96fe-06997671fc57
2018-04-08 18:00:39,553 WARN o.a.j.t.JMeterThread: Interrupting: Test-Easytravel 1-26 sampler: http://ec2-54-84-118-207.compute-1.amazonaws.com:8079/special-offers.jsp
2018-04-08 18:00:39,555 WARN o.a.j.t.JMeterThread: Interrupting: Test-Easytravel 1-1 sampler: http://ec2-54-84-118-207.compute-1.amazonaws.com:8079/orange-booking-review.jsf
2018-04-08 18:00:39,555 WARN o.a.j.t.JMeterThread: No operation pending
2018-04-08 18:00:39,555 WARN o.a.j.t.JMeterThread: Interrupting: Test-Easytravel 1-5 sampler: http://ec2-54-84-118-207.compute-1.amazonaws.com:8079/orange-booking-review.jsf
2018-04-08 18:00:39,556 WARN o.a.j.t.JMeterThread: No operation pending
2018-04-08 18:00:39,556 WARN o.a.j.t.JMeterThread: Interrupting: Test-Easytravel 1-28 sampler: http://ec2-54-84-118-207.compute-1.amazonaws.com:8079/special-offers.jsp
2018-04-08 18:00:39,557 WARN o.a.j.t.JMeterThread: Interrupting: Test-Easytravel 1-25 sampler: http://ec2-54-84-118-207.compute-1.amazonaws.com:8079/special-offers.jsp
2018-04-08 18:00:39,557 WARN o.a.j.t.JMeterThread: No operation pending
2018-04-08 18:00:39,557 WARN o.a.j.t.JMeterThread: Interrupting: Test-Easytravel 1-23 sampler: http://ec2-54-84-118-207.compute-1.amazonaws.com:8079/special-offers.jsp
2018-04-08 18:00:39,557 WARN o.a.j.t.JMeterThread: No operation pending
2018-04-08 18:00:39,557 WARN o.a.j.t.JMeterThread: Interrupting: Test-Easytravel 1-24 sampler: http://ec2-54-84-118-207.compute-1.amazonaws.com:8079/special-offers.jsp
2018-04-08 18:00:39,557 WARN o.a.j.t.JMeterThread: The delay timer was interrupted - probably did not wait as long as intended.
2018-04-08 18:00:39,545 WARN o.a.j.p.h.s.HTTPSamplerBase: Interrupted fetching embedded resources
java.lang.InterruptedException: null
	at java.util.concurrent.locks.AbstractQueuedSynchronizer$ConditionObject.reportInterruptAfterWait(AbstractQueuedSynchronizer.java:2014) ~[?:1.8.0_91]
	at java.util.concurrent.locks.AbstractQueuedSynchronizer$ConditionObject.await(AbstractQueuedSynchronizer.java:2048) ~[?:1.8.0_91]
	at java.util.concurrent.LinkedBlockingQueue.take(LinkedBlockingQueue.java:442) ~[?:1.8.0_91]
	at java.util.concurrent.ExecutorCompletionService.take(ExecutorCompletionService.java:193) ~[?:1.8.0_91]
	at org.apache.jmeter.protocol.http.sampler.ResourcesDownloader.invokeAllAndAwaitTermination(ResourcesDownloader.java:178) ~[ApacheJMeter_http.jar:4.0 r1823414]
	at org.apache.jmeter.protocol.http.sampler.HTTPSamplerBase.downloadPageResources(HTTPSamplerBase.java:1343) [ApacheJMeter_http.jar:4.0 r1823414]
	at org.apache.jmeter.protocol.http.sampler.HTTPSamplerBase.resultProcessing(HTTPSamplerBase.java:1657) [ApacheJMeter_http.jar:4.0 r1823414]
	at org.apache.jmeter.protocol.http.sampler.HTTPAbstractImpl.resultProcessing(HTTPAbstractImpl.java:525) [ApacheJMeter_http.jar:4.0 r1823414]
	at org.apache.jmeter.protocol.http.sampler.HTTPHC4Impl.sample(HTTPHC4Impl.java:536) [ApacheJMeter_http.jar:4.0 r1823414]
	at org.apache.jmeter.protocol.http.sampler.HTTPSamplerProxy.sample(HTTPSamplerProxy.java:74) [ApacheJMeter_http.jar:4.0 r1823414]
	at org.apache.jmeter.protocol.http.sampler.HTTPSamplerBase.sample(HTTPSamplerBase.java:1189) [ApacheJMeter_http.jar:4.0 r1823414]
	at org.apache.jmeter.protocol.http.sampler.HTTPSamplerBase.sample(HTTPSamplerBase.java:1178) [ApacheJMeter_http.jar:4.0 r1823414]
	at org.apache.jmeter.threads.JMeterThread.executeSamplePackage(JMeterThread.java:490) [ApacheJMeter_core.jar:4.0 r1823414]
	at org.apache.jmeter.threads.JMeterThread.processSampler(JMeterThread.java:416) [ApacheJMeter_core.jar:4.0 r1823414]
	at org.apache.jmeter.threads.JMeterThread.run(JMeterThread.java:250) [ApacheJMeter_core.jar:4.0 r1823414]
	at java.lang.Thread.run(Thread.java:745) [?:1.8.0_91]
2018-04-08 18:00:39,557 WARN o.a.j.t.JMeterThread: No operation pending
2018-04-08 18:00:39,558 WARN o.a.j.t.JMeterThread: Interrupting: Test-Easytravel 1-30 sampler: http://ec2-54-84-118-207.compute-1.amazonaws.com:8079/special-offers.jsp
2018-04-08 18:00:39,558 INFO o.a.j.t.JMeterThread: Thread is done: Test-Easytravel 1-2
2018-04-08 18:00:39,558 INFO o.a.j.t.JMeterThread: Thread finished: Test-Easytravel 1-2
2018-04-08 18:00:39,556 WARN o.a.j.p.h.s.HTTPSamplerBase: Interrupted fetching embedded resources
java.lang.InterruptedException: null
	at java.util.concurrent.locks.AbstractQueuedSynchronizer$ConditionObject.reportInterruptAfterWait(AbstractQueuedSynchronizer.java:2014) ~[?:1.8.0_91]
	at java.util.concurrent.locks.AbstractQueuedSynchronizer$ConditionObject.await(AbstractQueuedSynchronizer.java:2048) ~[?:1.8.0_91]
	at java.util.concurrent.LinkedBlockingQueue.take(LinkedBlockingQueue.java:442) ~[?:1.8.0_91]
	at java.util.concurrent.ExecutorCompletionService.take(ExecutorCompletionService.java:193) ~[?:1.8.0_91]
	at org.apache.jmeter.protocol.http.sampler.ResourcesDownloader.invokeAllAndAwaitTermination(ResourcesDownloader.java:178) ~[ApacheJMeter_http.jar:4.0 r1823414]
	at org.apache.jmeter.protocol.http.sampler.HTTPSamplerBase.downloadPageResources(HTTPSamplerBase.java:1343) [ApacheJMeter_http.jar:4.0 r1823414]
	at org.apache.jmeter.protocol.http.sampler.HTTPSamplerBase.resultProcessing(HTTPSamplerBase.java:1657) [ApacheJMeter_http.jar:4.0 r1823414]
	at org.apache.jmeter.protocol.http.sampler.HTTPAbstractImpl.resultProcessing(HTTPAbstractImpl.java:525) [ApacheJMeter_http.jar:4.0 r1823414]
	at org.apache.jmeter.protocol.http.sampler.HTTPHC4Impl.sample(HTTPHC4Impl.java:536) [ApacheJMeter_http.jar:4.0 r1823414]
	at org.apache.jmeter.protocol.http.sampler.HTTPSamplerProxy.sample(HTTPSamplerProxy.java:74) [ApacheJMeter_http.jar:4.0 r1823414]
	at org.apache.jmeter.protocol.http.sampler.HTTPSamplerBase.sample(HTTPSamplerBase.java:1189) [ApacheJMeter_http.jar:4.0 r1823414]
	at org.apache.jmeter.protocol.http.sampler.HTTPSamplerBase.sample(HTTPSamplerBase.java:1178) [ApacheJMeter_http.jar:4.0 r1823414]
	at org.apache.jmeter.threads.JMeterThread.executeSamplePackage(JMeterThread.java:490) [ApacheJMeter_core.jar:4.0 r1823414]
	at org.apache.jmeter.threads.JMeterThread.processSampler(JMeterThread.java:416) [ApacheJMeter_core.jar:4.0 r1823414]
	at org.apache.jmeter.threads.JMeterThread.run(JMeterThread.java:250) [ApacheJMeter_core.jar:4.0 r1823414]
	at java.lang.Thread.run(Thread.java:745) [?:1.8.0_91]
2018-04-08 18:00:39,543 WARN o.a.j.p.h.s.HTTPSamplerBase: Interrupted fetching embedded resources
java.lang.InterruptedException: null
	at java.util.concurrent.locks.AbstractQueuedSynchronizer$ConditionObject.reportInterruptAfterWait(AbstractQueuedSynchronizer.java:2014) ~[?:1.8.0_91]
	at java.util.concurrent.locks.AbstractQueuedSynchronizer$ConditionObject.await(AbstractQueuedSynchronizer.java:2048) ~[?:1.8.0_91]
	at java.util.concurrent.LinkedBlockingQueue.take(LinkedBlockingQueue.java:442) ~[?:1.8.0_91]
	at java.util.concurrent.ExecutorCompletionService.take(ExecutorCompletionService.java:193) ~[?:1.8.0_91]
	at org.apache.jmeter.protocol.http.sampler.ResourcesDownloader.invokeAllAndAwaitTermination(ResourcesDownloader.java:178) ~[ApacheJMeter_http.jar:4.0 r1823414]
	at org.apache.jmeter.protocol.http.sampler.HTTPSamplerBase.downloadPageResources(HTTPSamplerBase.java:1343) [ApacheJMeter_http.jar:4.0 r1823414]
	at org.apache.jmeter.protocol.http.sampler.HTTPSamplerBase.resultProcessing(HTTPSamplerBase.java:1657) [ApacheJMeter_http.jar:4.0 r1823414]
	at org.apache.jmeter.protocol.http.sampler.HTTPAbstractImpl.resultProcessing(HTTPAbstractImpl.java:525) [ApacheJMeter_http.jar:4.0 r1823414]
	at org.apache.jmeter.protocol.http.sampler.HTTPHC4Impl.sample(HTTPHC4Impl.java:536) [ApacheJMeter_http.jar:4.0 r1823414]
	at org.apache.jmeter.protocol.http.sampler.HTTPSamplerProxy.sample(HTTPSamplerProxy.java:74) [ApacheJMeter_http.jar:4.0 r1823414]
	at org.apache.jmeter.protocol.http.sampler.HTTPSamplerBase.sample(HTTPSamplerBase.java:1189) [ApacheJMeter_http.jar:4.0 r1823414]
	at org.apache.jmeter.protocol.http.sampler.HTTPSamplerBase.sample(HTTPSamplerBase.java:1178) [ApacheJMeter_http.jar:4.0 r1823414]
	at org.apache.jmeter.threads.JMeterThread.executeSamplePackage(JMeterThread.java:490) [ApacheJMeter_core.jar:4.0 r1823414]
	at org.apache.jmeter.threads.JMeterThread.processSampler(JMeterThread.java:416) [ApacheJMeter_core.jar:4.0 r1823414]
	at org.apache.jmeter.threads.JMeterThread.run(JMeterThread.java:250) [ApacheJMeter_core.jar:4.0 r1823414]
	at java.lang.Thread.run(Thread.java:745) [?:1.8.0_91]
2018-04-08 18:00:39,558 WARN o.a.j.p.h.s.HTTPSamplerBase: Interrupted fetching embedded resources
java.lang.InterruptedException: null
	at java.util.concurrent.locks.AbstractQueuedSynchronizer$ConditionObject.reportInterruptAfterWait(AbstractQueuedSynchronizer.java:2014) ~[?:1.8.0_91]
	at java.util.concurrent.locks.AbstractQueuedSynchronizer$ConditionObject.await(AbstractQueuedSynchronizer.java:2048) ~[?:1.8.0_91]
	at java.util.concurrent.LinkedBlockingQueue.take(LinkedBlockingQueue.java:442) ~[?:1.8.0_91]
	at java.util.concurrent.ExecutorCompletionService.take(ExecutorCompletionService.java:193) ~[?:1.8.0_91]
	at org.apache.jmeter.protocol.http.sampler.ResourcesDownloader.invokeAllAndAwaitTermination(ResourcesDownloader.java:178) ~[ApacheJMeter_http.jar:4.0 r1823414]
	at org.apache.jmeter.protocol.http.sampler.HTTPSamplerBase.downloadPageResources(HTTPSamplerBase.java:1343) [ApacheJMeter_http.jar:4.0 r1823414]
	at org.apache.jmeter.protocol.http.sampler.HTTPSamplerBase.resultProcessing(HTTPSamplerBase.java:1657) [ApacheJMeter_http.jar:4.0 r1823414]
	at org.apache.jmeter.protocol.http.sampler.HTTPAbstractImpl.resultProcessing(HTTPAbstractImpl.java:525) [ApacheJMeter_http.jar:4.0 r1823414]
	at org.apache.jmeter.protocol.http.sampler.HTTPHC4Impl.sample(HTTPHC4Impl.java:536) [ApacheJMeter_http.jar:4.0 r1823414]
	at org.apache.jmeter.protocol.http.sampler.HTTPSamplerProxy.sample(HTTPSamplerProxy.java:74) [ApacheJMeter_http.jar:4.0 r1823414]
	at org.apache.jmeter.protocol.http.sampler.HTTPSamplerBase.sample(HTTPSamplerBase.java:1189) [ApacheJMeter_http.jar:4.0 r1823414]
	at org.apache.jmeter.protocol.http.sampler.HTTPSamplerBase.sample(HTTPSamplerBase.java:1178) [ApacheJMeter_http.jar:4.0 r1823414]
	at org.apache.jmeter.threads.JMeterThread.executeSamplePackage(JMeterThread.java:490) [ApacheJMeter_core.jar:4.0 r1823414]
	at org.apache.jmeter.threads.JMeterThread.processSampler(JMeterThread.java:416) [ApacheJMeter_core.jar:4.0 r1823414]
	at org.apache.jmeter.threads.JMeterThread.run(JMeterThread.java:250) [ApacheJMeter_core.jar:4.0 r1823414]
	at java.lang.Thread.run(Thread.java:745) [?:1.8.0_91]
2018-04-08 18:00:39,559 INFO o.a.j.t.JMeterThread: Thread is done: Test-Easytravel 1-1
2018-04-08 18:00:39,559 INFO o.a.j.t.JMeterThread: Thread finished: Test-Easytravel 1-1
2018-04-08 18:00:39,559 INFO o.a.j.t.JMeterThread: Thread is done: Test-Easytravel 1-24
2018-04-08 18:00:39,545 WARN o.a.j.p.h.s.HTTPSamplerBase: Interrupted fetching embedded resources
java.lang.InterruptedException: null
	at java.util.concurrent.locks.AbstractQueuedSynchronizer$ConditionObject.reportInterruptAfterWait(AbstractQueuedSynchronizer.java:2014) ~[?:1.8.0_91]
	at java.util.concurrent.locks.AbstractQueuedSynchronizer$ConditionObject.await(AbstractQueuedSynchronizer.java:2048) ~[?:1.8.0_91]
	at java.util.concurrent.LinkedBlockingQueue.take(LinkedBlockingQueue.java:442) ~[?:1.8.0_91]
	at java.util.concurrent.ExecutorCompletionService.take(ExecutorCompletionService.java:193) ~[?:1.8.0_91]
	at org.apache.jmeter.protocol.http.sampler.ResourcesDownloader.invokeAllAndAwaitTermination(ResourcesDownloader.java:178) ~[ApacheJMeter_http.jar:4.0 r1823414]
	at org.apache.jmeter.protocol.http.sampler.HTTPSamplerBase.downloadPageResources(HTTPSamplerBase.java:1343) [ApacheJMeter_http.jar:4.0 r1823414]
	at org.apache.jmeter.protocol.http.sampler.HTTPSamplerBase.resultProcessing(HTTPSamplerBase.java:1657) [ApacheJMeter_http.jar:4.0 r1823414]
	at org.apache.jmeter.protocol.http.sampler.HTTPAbstractImpl.resultProcessing(HTTPAbstractImpl.java:525) [ApacheJMeter_http.jar:4.0 r1823414]
	at org.apache.jmeter.protocol.http.sampler.HTTPHC4Impl.sample(HTTPHC4Impl.java:536) [ApacheJMeter_http.jar:4.0 r1823414]
	at org.apache.jmeter.protocol.http.sampler.HTTPSamplerProxy.sample(HTTPSamplerProxy.java:74) [ApacheJMeter_http.jar:4.0 r1823414]
	at org.apache.jmeter.protocol.http.sampler.HTTPSamplerBase.sample(HTTPSamplerBase.java:1189) [ApacheJMeter_http.jar:4.0 r1823414]
	at org.apache.jmeter.protocol.http.sampler.HTTPSamplerBase.sample(HTTPSamplerBase.java:1178) [ApacheJMeter_http.jar:4.0 r1823414]
	at org.apache.jmeter.threads.JMeterThread.executeSamplePackage(JMeterThread.java:490) [ApacheJMeter_core.jar:4.0 r1823414]
	at org.apache.jmeter.threads.JMeterThread.processSampler(JMeterThread.java:416) [ApacheJMeter_core.jar:4.0 r1823414]
	at org.apache.jmeter.threads.JMeterThread.run(JMeterThread.java:250) [ApacheJMeter_core.jar:4.0 r1823414]
	at java.lang.Thread.run(Thread.java:745) [?:1.8.0_91]
2018-04-08 18:00:39,551 WARN o.a.j.p.h.s.HTTPSamplerBase: Interrupted fetching embedded resources
java.lang.InterruptedException: null
	at java.util.concurrent.locks.AbstractQueuedSynchronizer$ConditionObject.reportInterruptAfterWait(AbstractQueuedSynchronizer.java:2014) ~[?:1.8.0_91]
	at java.util.concurrent.locks.AbstractQueuedSynchronizer$ConditionObject.await(AbstractQueuedSynchronizer.java:2048) ~[?:1.8.0_91]
	at java.util.concurrent.LinkedBlockingQueue.take(LinkedBlockingQueue.java:442) ~[?:1.8.0_91]
	at java.util.concurrent.ExecutorCompletionService.take(ExecutorCompletionService.java:193) ~[?:1.8.0_91]
	at org.apache.jmeter.protocol.http.sampler.ResourcesDownloader.invokeAllAndAwaitTermination(ResourcesDownloader.java:178) ~[ApacheJMeter_http.jar:4.0 r1823414]
	at org.apache.jmeter.protocol.http.sampler.HTTPSamplerBase.downloadPageResources(HTTPSamplerBase.java:1343) [ApacheJMeter_http.jar:4.0 r1823414]
	at org.apache.jmeter.protocol.http.sampler.HTTPSamplerBase.resultProcessing(HTTPSamplerBase.java:1657) [ApacheJMeter_http.jar:4.0 r1823414]
	at org.apache.jmeter.protocol.http.sampler.HTTPAbstractImpl.resultProcessing(HTTPAbstractImpl.java:525) [ApacheJMeter_http.jar:4.0 r1823414]
	at org.apache.jmeter.protocol.http.sampler.HTTPHC4Impl.sample(HTTPHC4Impl.java:536) [ApacheJMeter_http.jar:4.0 r1823414]
	at org.apache.jmeter.protocol.http.sampler.HTTPSamplerProxy.sample(HTTPSamplerProxy.java:74) [ApacheJMeter_http.jar:4.0 r1823414]
	at org.apache.jmeter.protocol.http.sampler.HTTPSamplerBase.sample(HTTPSamplerBase.java:1189) [ApacheJMeter_http.jar:4.0 r1823414]
	at org.apache.jmeter.protocol.http.sampler.HTTPSamplerBase.sample(HTTPSamplerBase.java:1178) [ApacheJMeter_http.jar:4.0 r1823414]
	at org.apache.jmeter.threads.JMeterThread.executeSamplePackage(JMeterThread.java:490) [ApacheJMeter_core.jar:4.0 r1823414]
	at org.apache.jmeter.threads.JMeterThread.processSampler(JMeterThread.java:416) [ApacheJMeter_core.jar:4.0 r1823414]
	at org.apache.jmeter.threads.JMeterThread.run(JMeterThread.java:250) [ApacheJMeter_core.jar:4.0 r1823414]
	at java.lang.Thread.run(Thread.java:745) [?:1.8.0_91]
2018-04-08 18:00:39,559 INFO o.a.j.t.JMeterThread: Thread is done: Test-Easytravel 1-16
2018-04-08 18:00:39,556 WARN o.a.j.p.h.s.HTTPSamplerBase: Interrupted fetching embedded resources
java.lang.InterruptedException: null
	at java.util.concurrent.locks.AbstractQueuedSynchronizer$ConditionObject.reportInterruptAfterWait(AbstractQueuedSynchronizer.java:2014) ~[?:1.8.0_91]
	at java.util.concurrent.locks.AbstractQueuedSynchronizer$ConditionObject.await(AbstractQueuedSynchronizer.java:2048) ~[?:1.8.0_91]
	at java.util.concurrent.LinkedBlockingQueue.take(LinkedBlockingQueue.java:442) ~[?:1.8.0_91]
	at java.util.concurrent.ExecutorCompletionService.take(ExecutorCompletionService.java:193) ~[?:1.8.0_91]
	at org.apache.jmeter.protocol.http.sampler.ResourcesDownloader.invokeAllAndAwaitTermination(ResourcesDownloader.java:178) ~[ApacheJMeter_http.jar:4.0 r1823414]
	at org.apache.jmeter.protocol.http.sampler.HTTPSamplerBase.downloadPageResources(HTTPSamplerBase.java:1343) [ApacheJMeter_http.jar:4.0 r1823414]
	at org.apache.jmeter.protocol.http.sampler.HTTPSamplerBase.resultProcessing(HTTPSamplerBase.java:1657) [ApacheJMeter_http.jar:4.0 r1823414]
	at org.apache.jmeter.protocol.http.sampler.HTTPAbstractImpl.resultProcessing(HTTPAbstractImpl.java:525) [ApacheJMeter_http.jar:4.0 r1823414]
	at org.apache.jmeter.protocol.http.sampler.HTTPHC4Impl.sample(HTTPHC4Impl.java:536) [ApacheJMeter_http.jar:4.0 r1823414]
	at org.apache.jmeter.protocol.http.sampler.HTTPSamplerProxy.sample(HTTPSamplerProxy.java:74) [ApacheJMeter_http.jar:4.0 r1823414]
	at org.apache.jmeter.protocol.http.sampler.HTTPSamplerBase.sample(HTTPSamplerBase.java:1189) [ApacheJMeter_http.jar:4.0 r1823414]
	at org.apache.jmeter.protocol.http.sampler.HTTPSamplerBase.sample(HTTPSamplerBase.java:1178) [ApacheJMeter_http.jar:4.0 r1823414]
	at org.apache.jmeter.threads.JMeterThread.executeSamplePackage(JMeterThread.java:490) [ApacheJMeter_core.jar:4.0 r1823414]
	at org.apache.jmeter.threads.JMeterThread.processSampler(JMeterThread.java:416) [ApacheJMeter_core.jar:4.0 r1823414]
	at org.apache.jmeter.threads.JMeterThread.run(JMeterThread.java:250) [ApacheJMeter_core.jar:4.0 r1823414]
	at java.lang.Thread.run(Thread.java:745) [?:1.8.0_91]
2018-04-08 18:00:39,560 INFO o.a.j.t.JMeterThread: Thread finished: Test-Easytravel 1-16
2018-04-08 18:00:39,543 WARN o.a.j.p.h.s.HTTPSamplerBase: Interrupted fetching embedded resources
java.lang.InterruptedException: null
	at java.util.concurrent.locks.AbstractQueuedSynchronizer$ConditionObject.reportInterruptAfterWait(AbstractQueuedSynchronizer.java:2014) ~[?:1.8.0_91]
	at java.util.concurrent.locks.AbstractQueuedSynchronizer$ConditionObject.await(AbstractQueuedSynchronizer.java:2048) ~[?:1.8.0_91]
	at java.util.concurrent.LinkedBlockingQueue.take(LinkedBlockingQueue.java:442) ~[?:1.8.0_91]
	at java.util.concurrent.ExecutorCompletionService.take(ExecutorCompletionService.java:193) ~[?:1.8.0_91]
	at org.apache.jmeter.protocol.http.sampler.ResourcesDownloader.invokeAllAndAwaitTermination(ResourcesDownloader.java:178) ~[ApacheJMeter_http.jar:4.0 r1823414]
	at org.apache.jmeter.protocol.http.sampler.HTTPSamplerBase.downloadPageResources(HTTPSamplerBase.java:1343) [ApacheJMeter_http.jar:4.0 r1823414]
	at org.apache.jmeter.protocol.http.sampler.HTTPSamplerBase.resultProcessing(HTTPSamplerBase.java:1657) [ApacheJMeter_http.jar:4.0 r1823414]
	at org.apache.jmeter.protocol.http.sampler.HTTPAbstractImpl.resultProcessing(HTTPAbstractImpl.java:525) [ApacheJMeter_http.jar:4.0 r1823414]
	at org.apache.jmeter.protocol.http.sampler.HTTPHC4Impl.sample(HTTPHC4Impl.java:536) [ApacheJMeter_http.jar:4.0 r1823414]
	at org.apache.jmeter.protocol.http.sampler.HTTPSamplerProxy.sample(HTTPSamplerProxy.java:74) [ApacheJMeter_http.jar:4.0 r1823414]
	at org.apache.jmeter.protocol.http.sampler.HTTPSamplerBase.sample(HTTPSamplerBase.java:1189) [ApacheJMeter_http.jar:4.0 r1823414]
	at org.apache.jmeter.protocol.http.sampler.HTTPSamplerBase.sample(HTTPSamplerBase.java:1178) [ApacheJMeter_http.jar:4.0 r1823414]
	at org.apache.jmeter.threads.JMeterThread.executeSamplePackage(JMeterThread.java:490) [ApacheJMeter_core.jar:4.0 r1823414]
	at org.apache.jmeter.threads.JMeterThread.processSampler(JMeterThread.java:416) [ApacheJMeter_core.jar:4.0 r1823414]
	at org.apache.jmeter.threads.JMeterThread.run(JMeterThread.java:250) [ApacheJMeter_core.jar:4.0 r1823414]
	at java.lang.Thread.run(Thread.java:745) [?:1.8.0_91]
2018-04-08 18:00:39,547 WARN o.a.j.p.h.s.HTTPSamplerBase: Interrupted fetching embedded resources
java.lang.InterruptedException: null
	at java.util.concurrent.locks.AbstractQueuedSynchronizer$ConditionObject.reportInterruptAfterWait(AbstractQueuedSynchronizer.java:2014) ~[?:1.8.0_91]
	at java.util.concurrent.locks.AbstractQueuedSynchronizer$ConditionObject.await(AbstractQueuedSynchronizer.java:2048) ~[?:1.8.0_91]
	at java.util.concurrent.LinkedBlockingQueue.take(LinkedBlockingQueue.java:442) ~[?:1.8.0_91]
	at java.util.concurrent.ExecutorCompletionService.take(ExecutorCompletionService.java:193) ~[?:1.8.0_91]
	at org.apache.jmeter.protocol.http.sampler.ResourcesDownloader.invokeAllAndAwaitTermination(ResourcesDownloader.java:178) ~[ApacheJMeter_http.jar:4.0 r1823414]
	at org.apache.jmeter.protocol.http.sampler.HTTPSamplerBase.downloadPageResources(HTTPSamplerBase.java:1343) [ApacheJMeter_http.jar:4.0 r1823414]
	at org.apache.jmeter.protocol.http.sampler.HTTPSamplerBase.resultProcessing(HTTPSamplerBase.java:1657) [ApacheJMeter_http.jar:4.0 r1823414]
	at org.apache.jmeter.protocol.http.sampler.HTTPAbstractImpl.resultProcessing(HTTPAbstractImpl.java:525) [ApacheJMeter_http.jar:4.0 r1823414]
	at org.apache.jmeter.protocol.http.sampler.HTTPHC4Impl.sample(HTTPHC4Impl.java:536) [ApacheJMeter_http.jar:4.0 r1823414]
	at org.apache.jmeter.protocol.http.sampler.HTTPSamplerProxy.sample(HTTPSamplerProxy.java:74) [ApacheJMeter_http.jar:4.0 r1823414]
	at org.apache.jmeter.protocol.http.sampler.HTTPSamplerBase.sample(HTTPSamplerBase.java:1189) [ApacheJMeter_http.jar:4.0 r1823414]
	at org.apache.jmeter.protocol.http.sampler.HTTPSamplerBase.sample(HTTPSamplerBase.java:1178) [ApacheJMeter_http.jar:4.0 r1823414]
	at org.apache.jmeter.threads.JMeterThread.executeSamplePackage(JMeterThread.java:490) [ApacheJMeter_core.jar:4.0 r1823414]
	at org.apache.jmeter.threads.JMeterThread.processSampler(JMeterThread.java:416) [ApacheJMeter_core.jar:4.0 r1823414]
	at org.apache.jmeter.threads.JMeterThread.run(JMeterThread.java:250) [ApacheJMeter_core.jar:4.0 r1823414]
	at java.lang.Thread.run(Thread.java:745) [?:1.8.0_91]
2018-04-08 18:00:39,561 INFO o.a.j.t.JMeterThread: Thread is done: Test-Easytravel 1-20
2018-04-08 18:00:39,561 INFO o.a.j.t.JMeterThread: Thread finished: Test-Easytravel 1-20
2018-04-08 18:00:39,549 WARN o.a.j.p.h.s.HTTPSamplerBase: Interrupted fetching embedded resources
java.lang.InterruptedException: null
	at java.util.concurrent.locks.AbstractQueuedSynchronizer$ConditionObject.reportInterruptAfterWait(AbstractQueuedSynchronizer.java:2014) ~[?:1.8.0_91]
	at java.util.concurrent.locks.AbstractQueuedSynchronizer$ConditionObject.await(AbstractQueuedSynchronizer.java:2048) ~[?:1.8.0_91]
	at java.util.concurrent.LinkedBlockingQueue.take(LinkedBlockingQueue.java:442) ~[?:1.8.0_91]
	at java.util.concurrent.ExecutorCompletionService.take(ExecutorCompletionService.java:193) ~[?:1.8.0_91]
	at org.apache.jmeter.protocol.http.sampler.ResourcesDownloader.invokeAllAndAwaitTermination(ResourcesDownloader.java:178) ~[ApacheJMeter_http.jar:4.0 r1823414]
	at org.apache.jmeter.protocol.http.sampler.HTTPSamplerBase.downloadPageResources(HTTPSamplerBase.java:1343) [ApacheJMeter_http.jar:4.0 r1823414]
	at org.apache.jmeter.protocol.http.sampler.HTTPSamplerBase.resultProcessing(HTTPSamplerBase.java:1657) [ApacheJMeter_http.jar:4.0 r1823414]
	at org.apache.jmeter.protocol.http.sampler.HTTPAbstractImpl.resultProcessing(HTTPAbstractImpl.java:525) [ApacheJMeter_http.jar:4.0 r1823414]
	at org.apache.jmeter.protocol.http.sampler.HTTPHC4Impl.sample(HTTPHC4Impl.java:536) [ApacheJMeter_http.jar:4.0 r1823414]
	at org.apache.jmeter.protocol.http.sampler.HTTPSamplerProxy.sample(HTTPSamplerProxy.java:74) [ApacheJMeter_http.jar:4.0 r1823414]
	at org.apache.jmeter.protocol.http.sampler.HTTPSamplerBase.sample(HTTPSamplerBase.java:1189) [ApacheJMeter_http.jar:4.0 r1823414]
	at org.apache.jmeter.protocol.http.sampler.HTTPSamplerBase.sample(HTTPSamplerBase.java:1178) [ApacheJMeter_http.jar:4.0 r1823414]
	at org.apache.jmeter.threads.JMeterThread.executeSamplePackage(JMeterThread.java:490) [ApacheJMeter_core.jar:4.0 r1823414]
	at org.apache.jmeter.threads.JMeterThread.processSampler(JMeterThread.java:416) [ApacheJMeter_core.jar:4.0 r1823414]
	at org.apache.jmeter.threads.JMeterThread.run(JMeterThread.java:250) [ApacheJMeter_core.jar:4.0 r1823414]
	at java.lang.Thread.run(Thread.java:745) [?:1.8.0_91]
2018-04-08 18:00:39,548 WARN o.a.j.p.h.s.HTTPSamplerBase: Interrupted fetching embedded resources
java.lang.InterruptedException: null
	at java.util.concurrent.locks.AbstractQueuedSynchronizer$ConditionObject.reportInterruptAfterWait(AbstractQueuedSynchronizer.java:2014) ~[?:1.8.0_91]
	at java.util.concurrent.locks.AbstractQueuedSynchronizer$ConditionObject.await(AbstractQueuedSynchronizer.java:2048) ~[?:1.8.0_91]
	at java.util.concurrent.LinkedBlockingQueue.take(LinkedBlockingQueue.java:442) ~[?:1.8.0_91]
	at java.util.concurrent.ExecutorCompletionService.take(ExecutorCompletionService.java:193) ~[?:1.8.0_91]
	at org.apache.jmeter.protocol.http.sampler.ResourcesDownloader.invokeAllAndAwaitTermination(ResourcesDownloader.java:178) ~[ApacheJMeter_http.jar:4.0 r1823414]
	at org.apache.jmeter.protocol.http.sampler.HTTPSamplerBase.downloadPageResources(HTTPSamplerBase.java:1343) [ApacheJMeter_http.jar:4.0 r1823414]
	at org.apache.jmeter.protocol.http.sampler.HTTPSamplerBase.resultProcessing(HTTPSamplerBase.java:1657) [ApacheJMeter_http.jar:4.0 r1823414]
	at org.apache.jmeter.protocol.http.sampler.HTTPAbstractImpl.resultProcessing(HTTPAbstractImpl.java:525) [ApacheJMeter_http.jar:4.0 r1823414]
	at org.apache.jmeter.protocol.http.sampler.HTTPHC4Impl.sample(HTTPHC4Impl.java:536) [ApacheJMeter_http.jar:4.0 r1823414]
	at org.apache.jmeter.protocol.http.sampler.HTTPSamplerProxy.sample(HTTPSamplerProxy.java:74) [ApacheJMeter_http.jar:4.0 r1823414]
	at org.apache.jmeter.protocol.http.sampler.HTTPSamplerBase.sample(HTTPSamplerBase.java:1189) [ApacheJMeter_http.jar:4.0 r1823414]
	at org.apache.jmeter.protocol.http.sampler.HTTPSamplerBase.sample(HTTPSamplerBase.java:1178) [ApacheJMeter_http.jar:4.0 r1823414]
	at org.apache.jmeter.threads.JMeterThread.executeSamplePackage(JMeterThread.java:490) [ApacheJMeter_core.jar:4.0 r1823414]
	at org.apache.jmeter.threads.JMeterThread.processSampler(JMeterThread.java:416) [ApacheJMeter_core.jar:4.0 r1823414]
	at org.apache.jmeter.threads.JMeterThread.run(JMeterThread.java:250) [ApacheJMeter_core.jar:4.0 r1823414]
	at java.lang.Thread.run(Thread.java:745) [?:1.8.0_91]
2018-04-08 18:00:39,563 INFO o.a.j.t.JMeterThread: Thread is done: Test-Easytravel 1-18
2018-04-08 18:00:39,563 INFO o.a.j.t.JMeterThread: Thread finished: Test-Easytravel 1-18
2018-04-08 18:00:39,563 INFO o.a.j.t.JMeterThread: Thread is done: Test-Easytravel 1-17
2018-04-08 18:00:39,564 INFO o.a.j.t.JMeterThread: Thread finished: Test-Easytravel 1-17
2018-04-08 18:00:39,543 WARN o.a.j.p.h.s.HTTPSamplerBase: Interrupted fetching embedded resources
java.lang.InterruptedException: null
	at java.util.concurrent.locks.AbstractQueuedSynchronizer$ConditionObject.reportInterruptAfterWait(AbstractQueuedSynchronizer.java:2014) ~[?:1.8.0_91]
	at java.util.concurrent.locks.AbstractQueuedSynchronizer$ConditionObject.await(AbstractQueuedSynchronizer.java:2048) ~[?:1.8.0_91]
	at java.util.concurrent.LinkedBlockingQueue.take(LinkedBlockingQueue.java:442) ~[?:1.8.0_91]
	at java.util.concurrent.ExecutorCompletionService.take(ExecutorCompletionService.java:193) ~[?:1.8.0_91]
	at org.apache.jmeter.protocol.http.sampler.ResourcesDownloader.invokeAllAndAwaitTermination(ResourcesDownloader.java:178) ~[ApacheJMeter_http.jar:4.0 r1823414]
	at org.apache.jmeter.protocol.http.sampler.HTTPSamplerBase.downloadPageResources(HTTPSamplerBase.java:1343) [ApacheJMeter_http.jar:4.0 r1823414]
	at org.apache.jmeter.protocol.http.sampler.HTTPSamplerBase.resultProcessing(HTTPSamplerBase.java:1657) [ApacheJMeter_http.jar:4.0 r1823414]
	at org.apache.jmeter.protocol.http.sampler.HTTPAbstractImpl.resultProcessing(HTTPAbstractImpl.java:525) [ApacheJMeter_http.jar:4.0 r1823414]
	at org.apache.jmeter.protocol.http.sampler.HTTPHC4Impl.sample(HTTPHC4Impl.java:536) [ApacheJMeter_http.jar:4.0 r1823414]
	at org.apache.jmeter.protocol.http.sampler.HTTPSamplerProxy.sample(HTTPSamplerProxy.java:74) [ApacheJMeter_http.jar:4.0 r1823414]
	at org.apache.jmeter.protocol.http.sampler.HTTPSamplerBase.sample(HTTPSamplerBase.java:1189) [ApacheJMeter_http.jar:4.0 r1823414]
	at org.apache.jmeter.protocol.http.sampler.HTTPSamplerBase.sample(HTTPSamplerBase.java:1178) [ApacheJMeter_http.jar:4.0 r1823414]
	at org.apache.jmeter.threads.JMeterThread.executeSamplePackage(JMeterThread.java:490) [ApacheJMeter_core.jar:4.0 r1823414]
	at org.apache.jmeter.threads.JMeterThread.processSampler(JMeterThread.java:416) [ApacheJMeter_core.jar:4.0 r1823414]
	at org.apache.jmeter.threads.JMeterThread.run(JMeterThread.java:250) [ApacheJMeter_core.jar:4.0 r1823414]
	at java.lang.Thread.run(Thread.java:745) [?:1.8.0_91]
2018-04-08 18:00:39,564 INFO o.a.j.t.JMeterThread: Thread is done: Test-Easytravel 1-3
2018-04-08 18:00:39,564 INFO o.a.j.t.JMeterThread: Thread finished: Test-Easytravel 1-3
2018-04-08 18:00:39,561 INFO o.a.j.t.JMeterThread: Thread finished: Test-Easytravel 1-24
2018-04-08 18:00:39,564 INFO o.a.j.t.JMeterThread: Thread is done: Test-Easytravel 1-7
2018-04-08 18:00:39,565 INFO o.a.j.t.JMeterThread: Thread finished: Test-Easytravel 1-7
2018-04-08 18:00:39,561 WARN o.a.j.t.JMeterThread: Interrupting: Test-Easytravel 1-6 sampler: http://ec2-54-84-118-207.compute-1.amazonaws.com:8079/orange-booking-review.jsf
2018-04-08 18:00:39,549 WARN o.a.j.p.h.s.HTTPSamplerBase: Interrupted fetching embedded resources
java.lang.InterruptedException: null
	at java.util.concurrent.locks.AbstractQueuedSynchronizer$ConditionObject.reportInterruptAfterWait(AbstractQueuedSynchronizer.java:2014) ~[?:1.8.0_91]
	at java.util.concurrent.locks.AbstractQueuedSynchronizer$ConditionObject.await(AbstractQueuedSynchronizer.java:2048) ~[?:1.8.0_91]
	at java.util.concurrent.LinkedBlockingQueue.take(LinkedBlockingQueue.java:442) ~[?:1.8.0_91]
	at java.util.concurrent.ExecutorCompletionService.take(ExecutorCompletionService.java:193) ~[?:1.8.0_91]
	at org.apache.jmeter.protocol.http.sampler.ResourcesDownloader.invokeAllAndAwaitTermination(ResourcesDownloader.java:178) ~[ApacheJMeter_http.jar:4.0 r1823414]
	at org.apache.jmeter.protocol.http.sampler.HTTPSamplerBase.downloadPageResources(HTTPSamplerBase.java:1343) [ApacheJMeter_http.jar:4.0 r1823414]
	at org.apache.jmeter.protocol.http.sampler.HTTPSamplerBase.resultProcessing(HTTPSamplerBase.java:1657) [ApacheJMeter_http.jar:4.0 r1823414]
	at org.apache.jmeter.protocol.http.sampler.HTTPAbstractImpl.resultProcessing(HTTPAbstractImpl.java:525) [ApacheJMeter_http.jar:4.0 r1823414]
	at org.apache.jmeter.protocol.http.sampler.HTTPHC4Impl.sample(HTTPHC4Impl.java:536) [ApacheJMeter_http.jar:4.0 r1823414]
	at org.apache.jmeter.protocol.http.sampler.HTTPSamplerProxy.sample(HTTPSamplerProxy.java:74) [ApacheJMeter_http.jar:4.0 r1823414]
	at org.apache.jmeter.protocol.http.sampler.HTTPSamplerBase.sample(HTTPSamplerBase.java:1189) [ApacheJMeter_http.jar:4.0 r1823414]
	at org.apache.jmeter.protocol.http.sampler.HTTPSamplerBase.sample(HTTPSamplerBase.java:1178) [ApacheJMeter_http.jar:4.0 r1823414]
	at org.apache.jmeter.threads.JMeterThread.executeSamplePackage(JMeterThread.java:490) [ApacheJMeter_core.jar:4.0 r1823414]
	at org.apache.jmeter.threads.JMeterThread.processSampler(JMeterThread.java:416) [ApacheJMeter_core.jar:4.0 r1823414]
	at org.apache.jmeter.threads.JMeterThread.run(JMeterThread.java:250) [ApacheJMeter_core.jar:4.0 r1823414]
	at java.lang.Thread.run(Thread.java:745) [?:1.8.0_91]
2018-04-08 18:00:39,566 INFO o.a.j.t.JMeterThread: Thread is done: Test-Easytravel 1-8
2018-04-08 18:00:39,567 INFO o.a.j.t.JMeterThread: Thread finished: Test-Easytravel 1-8
2018-04-08 18:00:39,548 WARN o.a.j.p.h.s.HTTPSamplerBase: Interrupted fetching embedded resources
java.lang.InterruptedException: null
	at java.util.concurrent.locks.AbstractQueuedSynchronizer$ConditionObject.reportInterruptAfterWait(AbstractQueuedSynchronizer.java:2014) ~[?:1.8.0_91]
	at java.util.concurrent.locks.AbstractQueuedSynchronizer$ConditionObject.await(AbstractQueuedSynchronizer.java:2048) ~[?:1.8.0_91]
	at java.util.concurrent.LinkedBlockingQueue.take(LinkedBlockingQueue.java:442) ~[?:1.8.0_91]
	at java.util.concurrent.ExecutorCompletionService.take(ExecutorCompletionService.java:193) ~[?:1.8.0_91]
	at org.apache.jmeter.protocol.http.sampler.ResourcesDownloader.invokeAllAndAwaitTermination(ResourcesDownloader.java:186) ~[ApacheJMeter_http.jar:4.0 r1823414]
	at org.apache.jmeter.protocol.http.sampler.HTTPSamplerBase.downloadPageResources(HTTPSamplerBase.java:1343) [ApacheJMeter_http.jar:4.0 r1823414]
	at org.apache.jmeter.protocol.http.sampler.HTTPSamplerBase.resultProcessing(HTTPSamplerBase.java:1657) [ApacheJMeter_http.jar:4.0 r1823414]
	at org.apache.jmeter.protocol.http.sampler.HTTPAbstractImpl.resultProcessing(HTTPAbstractImpl.java:525) [ApacheJMeter_http.jar:4.0 r1823414]
	at org.apache.jmeter.protocol.http.sampler.HTTPHC4Impl.sample(HTTPHC4Impl.java:536) [ApacheJMeter_http.jar:4.0 r1823414]
	at org.apache.jmeter.protocol.http.sampler.HTTPSamplerProxy.sample(HTTPSamplerProxy.java:74) [ApacheJMeter_http.jar:4.0 r1823414]
	at org.apache.jmeter.protocol.http.sampler.HTTPSamplerBase.sample(HTTPSamplerBase.java:1189) [ApacheJMeter_http.jar:4.0 r1823414]
	at org.apache.jmeter.protocol.http.sampler.HTTPSamplerBase.sample(HTTPSamplerBase.java:1178) [ApacheJMeter_http.jar:4.0 r1823414]
	at org.apache.jmeter.threads.JMeterThread.executeSamplePackage(JMeterThread.java:490) [ApacheJMeter_core.jar:4.0 r1823414]
	at org.apache.jmeter.threads.JMeterThread.processSampler(JMeterThread.java:416) [ApacheJMeter_core.jar:4.0 r1823414]
	at org.apache.jmeter.threads.JMeterThread.run(JMeterThread.java:250) [ApacheJMeter_core.jar:4.0 r1823414]
	at java.lang.Thread.run(Thread.java:745) [?:1.8.0_91]
2018-04-08 18:00:39,563 INFO o.a.j.t.JMeterThread: Thread is done: Test-Easytravel 1-22
2018-04-08 18:00:39,568 INFO o.a.j.t.JMeterThread: Thread finished: Test-Easytravel 1-22
2018-04-08 18:00:39,568 INFO o.a.j.t.JMeterThread: Thread is done: Test-Easytravel 1-14
2018-04-08 18:00:39,563 INFO o.a.j.t.JMeterThread: Thread is done: Test-Easytravel 1-4
2018-04-08 18:00:39,570 INFO o.a.j.t.JMeterThread: Thread finished: Test-Easytravel 1-4
2018-04-08 18:00:39,563 INFO o.a.j.t.JMeterThread: Thread is done: Test-Easytravel 1-5
2018-04-08 18:00:39,571 INFO o.a.j.t.JMeterThread: Thread finished: Test-Easytravel 1-5
2018-04-08 18:00:39,566 WARN o.a.j.t.JMeterThread: No operation pending
2018-04-08 18:00:39,572 INFO o.a.j.t.JMeterThread: Thread finished: Test-Easytravel 1-14
2018-04-08 18:00:39,543 WARN o.a.j.p.h.s.HTTPSamplerBase: Interrupted fetching embedded resources
java.lang.InterruptedException: null
	at java.util.concurrent.locks.AbstractQueuedSynchronizer$ConditionObject.reportInterruptAfterWait(AbstractQueuedSynchronizer.java:2014) ~[?:1.8.0_91]
	at java.util.concurrent.locks.AbstractQueuedSynchronizer$ConditionObject.await(AbstractQueuedSynchronizer.java:2048) ~[?:1.8.0_91]
	at java.util.concurrent.LinkedBlockingQueue.take(LinkedBlockingQueue.java:442) ~[?:1.8.0_91]
	at java.util.concurrent.ExecutorCompletionService.take(ExecutorCompletionService.java:193) ~[?:1.8.0_91]
	at org.apache.jmeter.protocol.http.sampler.ResourcesDownloader.invokeAllAndAwaitTermination(ResourcesDownloader.java:178) ~[ApacheJMeter_http.jar:4.0 r1823414]
	at org.apache.jmeter.protocol.http.sampler.HTTPSamplerBase.downloadPageResources(HTTPSamplerBase.java:1343) [ApacheJMeter_http.jar:4.0 r1823414]
	at org.apache.jmeter.protocol.http.sampler.HTTPSamplerBase.resultProcessing(HTTPSamplerBase.java:1657) [ApacheJMeter_http.jar:4.0 r1823414]
	at org.apache.jmeter.protocol.http.sampler.HTTPAbstractImpl.resultProcessing(HTTPAbstractImpl.java:525) [ApacheJMeter_http.jar:4.0 r1823414]
	at org.apache.jmeter.protocol.http.sampler.HTTPHC4Impl.sample(HTTPHC4Impl.java:536) [ApacheJMeter_http.jar:4.0 r1823414]
	at org.apache.jmeter.protocol.http.sampler.HTTPSamplerProxy.sample(HTTPSamplerProxy.java:74) [ApacheJMeter_http.jar:4.0 r1823414]
	at org.apache.jmeter.protocol.http.sampler.HTTPSamplerBase.sample(HTTPSamplerBase.java:1189) [ApacheJMeter_http.jar:4.0 r1823414]
	at org.apache.jmeter.protocol.http.sampler.HTTPSamplerBase.sample(HTTPSamplerBase.java:1178) [ApacheJMeter_http.jar:4.0 r1823414]
	at org.apache.jmeter.threads.JMeterThread.executeSamplePackage(JMeterThread.java:490) [ApacheJMeter_core.jar:4.0 r1823414]
	at org.apache.jmeter.threads.JMeterThread.processSampler(JMeterThread.java:416) [ApacheJMeter_core.jar:4.0 r1823414]
	at org.apache.jmeter.threads.JMeterThread.run(JMeterThread.java:250) [ApacheJMeter_core.jar:4.0 r1823414]
	at java.lang.Thread.run(Thread.java:745) [?:1.8.0_91]
2018-04-08 18:00:39,573 INFO o.a.j.t.JMeterThread: Thread is done: Test-Easytravel 1-21
2018-04-08 18:00:39,573 WARN o.a.j.t.JMeterThread: Interrupting: Test-Easytravel 1-19 sampler: http://ec2-54-84-118-207.compute-1.amazonaws.com:8079/special-offers.jsp
2018-04-08 18:00:39,574 INFO o.a.j.t.JMeterThread: Thread finished: Test-Easytravel 1-21
2018-04-08 18:00:39,573 WARN o.a.j.p.h.s.HTTPSamplerBase: Interrupted fetching embedded resources
java.lang.InterruptedException: null
	at java.util.concurrent.locks.AbstractQueuedSynchronizer$ConditionObject.reportInterruptAfterWait(AbstractQueuedSynchronizer.java:2014) ~[?:1.8.0_91]
	at java.util.concurrent.locks.AbstractQueuedSynchronizer$ConditionObject.await(AbstractQueuedSynchronizer.java:2048) ~[?:1.8.0_91]
	at java.util.concurrent.LinkedBlockingQueue.take(LinkedBlockingQueue.java:442) ~[?:1.8.0_91]
	at java.util.concurrent.ExecutorCompletionService.take(ExecutorCompletionService.java:193) ~[?:1.8.0_91]
	at org.apache.jmeter.protocol.http.sampler.ResourcesDownloader.invokeAllAndAwaitTermination(ResourcesDownloader.java:178) ~[ApacheJMeter_http.jar:4.0 r1823414]
	at org.apache.jmeter.protocol.http.sampler.HTTPSamplerBase.downloadPageResources(HTTPSamplerBase.java:1343) [ApacheJMeter_http.jar:4.0 r1823414]
	at org.apache.jmeter.protocol.http.sampler.HTTPSamplerBase.resultProcessing(HTTPSamplerBase.java:1657) [ApacheJMeter_http.jar:4.0 r1823414]
	at org.apache.jmeter.protocol.http.sampler.HTTPAbstractImpl.resultProcessing(HTTPAbstractImpl.java:525) [ApacheJMeter_http.jar:4.0 r1823414]
	at org.apache.jmeter.protocol.http.sampler.HTTPHC4Impl.sample(HTTPHC4Impl.java:536) [ApacheJMeter_http.jar:4.0 r1823414]
	at org.apache.jmeter.protocol.http.sampler.HTTPSamplerProxy.sample(HTTPSamplerProxy.java:74) [ApacheJMeter_http.jar:4.0 r1823414]
	at org.apache.jmeter.protocol.http.sampler.HTTPSamplerBase.sample(HTTPSamplerBase.java:1189) [ApacheJMeter_http.jar:4.0 r1823414]
	at org.apache.jmeter.protocol.http.sampler.HTTPSamplerBase.sample(HTTPSamplerBase.java:1178) [ApacheJMeter_http.jar:4.0 r1823414]
	at org.apache.jmeter.threads.JMeterThread.executeSamplePackage(JMeterThread.java:490) [ApacheJMeter_core.jar:4.0 r1823414]
	at org.apache.jmeter.threads.JMeterThread.processSampler(JMeterThread.java:416) [ApacheJMeter_core.jar:4.0 r1823414]
	at org.apache.jmeter.threads.JMeterThread.run(JMeterThread.java:250) [ApacheJMeter_core.jar:4.0 r1823414]
	at java.lang.Thread.run(Thread.java:745) [?:1.8.0_91]
2018-04-08 18:00:39,578 INFO o.a.j.t.JMeterThread: Thread is done: Test-Easytravel 1-6
2018-04-08 18:00:39,578 INFO o.a.j.t.JMeterThread: Thread is done: Test-Easytravel 1-10
2018-04-08 18:00:39,578 INFO o.a.j.t.JMeterThread: Thread finished: Test-Easytravel 1-6
2018-04-08 18:00:39,543 WARN o.a.j.p.h.s.HTTPSamplerBase: Interrupted fetching embedded resources
java.lang.InterruptedException: null
	at java.util.concurrent.locks.AbstractQueuedSynchronizer$ConditionObject.reportInterruptAfterWait(AbstractQueuedSynchronizer.java:2014) ~[?:1.8.0_91]
	at java.util.concurrent.locks.AbstractQueuedSynchronizer$ConditionObject.await(AbstractQueuedSynchronizer.java:2048) ~[?:1.8.0_91]
	at java.util.concurrent.LinkedBlockingQueue.take(LinkedBlockingQueue.java:442) ~[?:1.8.0_91]
	at java.util.concurrent.ExecutorCompletionService.take(ExecutorCompletionService.java:193) ~[?:1.8.0_91]
	at org.apache.jmeter.protocol.http.sampler.ResourcesDownloader.invokeAllAndAwaitTermination(ResourcesDownloader.java:178) ~[ApacheJMeter_http.jar:4.0 r1823414]
	at org.apache.jmeter.protocol.http.sampler.HTTPSamplerBase.downloadPageResources(HTTPSamplerBase.java:1343) [ApacheJMeter_http.jar:4.0 r1823414]
	at org.apache.jmeter.protocol.http.sampler.HTTPSamplerBase.resultProcessing(HTTPSamplerBase.java:1657) [ApacheJMeter_http.jar:4.0 r1823414]
	at org.apache.jmeter.protocol.http.sampler.HTTPAbstractImpl.resultProcessing(HTTPAbstractImpl.java:525) [ApacheJMeter_http.jar:4.0 r1823414]
	at org.apache.jmeter.protocol.http.sampler.HTTPHC4Impl.sample(HTTPHC4Impl.java:536) [ApacheJMeter_http.jar:4.0 r1823414]
	at org.apache.jmeter.protocol.http.sampler.HTTPSamplerProxy.sample(HTTPSamplerProxy.java:74) [ApacheJMeter_http.jar:4.0 r1823414]
	at org.apache.jmeter.protocol.http.sampler.HTTPSamplerBase.sample(HTTPSamplerBase.java:1189) [ApacheJMeter_http.jar:4.0 r1823414]
	at org.apache.jmeter.protocol.http.sampler.HTTPSamplerBase.sample(HTTPSamplerBase.java:1178) [ApacheJMeter_http.jar:4.0 r1823414]
	at org.apache.jmeter.threads.JMeterThread.executeSamplePackage(JMeterThread.java:490) [ApacheJMeter_core.jar:4.0 r1823414]
	at org.apache.jmeter.threads.JMeterThread.processSampler(JMeterThread.java:416) [ApacheJMeter_core.jar:4.0 r1823414]
	at org.apache.jmeter.threads.JMeterThread.run(JMeterThread.java:250) [ApacheJMeter_core.jar:4.0 r1823414]
	at java.lang.Thread.run(Thread.java:745) [?:1.8.0_91]
2018-04-08 18:00:39,579 INFO o.a.j.t.JMeterThread: Thread is done: Test-Easytravel 1-15
2018-04-08 18:00:39,579 INFO o.a.j.t.JMeterThread: Thread finished: Test-Easytravel 1-15
2018-04-08 18:00:39,557 WARN o.a.j.p.h.s.HTTPSamplerBase: Interrupted fetching embedded resources
java.lang.InterruptedException: null
	at java.util.concurrent.locks.AbstractQueuedSynchronizer$ConditionObject.reportInterruptAfterWait(AbstractQueuedSynchronizer.java:2014) ~[?:1.8.0_91]
	at java.util.concurrent.locks.AbstractQueuedSynchronizer$ConditionObject.await(AbstractQueuedSynchronizer.java:2048) ~[?:1.8.0_91]
	at java.util.concurrent.LinkedBlockingQueue.take(LinkedBlockingQueue.java:442) ~[?:1.8.0_91]
	at java.util.concurrent.ExecutorCompletionService.take(ExecutorCompletionService.java:193) ~[?:1.8.0_91]
	at org.apache.jmeter.protocol.http.sampler.ResourcesDownloader.invokeAllAndAwaitTermination(ResourcesDownloader.java:178) ~[ApacheJMeter_http.jar:4.0 r1823414]
	at org.apache.jmeter.protocol.http.sampler.HTTPSamplerBase.downloadPageResources(HTTPSamplerBase.java:1343) [ApacheJMeter_http.jar:4.0 r1823414]
	at org.apache.jmeter.protocol.http.sampler.HTTPSamplerBase.resultProcessing(HTTPSamplerBase.java:1657) [ApacheJMeter_http.jar:4.0 r1823414]
	at org.apache.jmeter.protocol.http.sampler.HTTPAbstractImpl.resultProcessing(HTTPAbstractImpl.java:525) [ApacheJMeter_http.jar:4.0 r1823414]
	at org.apache.jmeter.protocol.http.sampler.HTTPHC4Impl.sample(HTTPHC4Impl.java:536) [ApacheJMeter_http.jar:4.0 r1823414]
	at org.apache.jmeter.protocol.http.sampler.HTTPSamplerProxy.sample(HTTPSamplerProxy.java:74) [ApacheJMeter_http.jar:4.0 r1823414]
	at org.apache.jmeter.protocol.http.sampler.HTTPSamplerBase.sample(HTTPSamplerBase.java:1189) [ApacheJMeter_http.jar:4.0 r1823414]
	at org.apache.jmeter.protocol.http.sampler.HTTPSamplerBase.sample(HTTPSamplerBase.java:1178) [ApacheJMeter_http.jar:4.0 r1823414]
	at org.apache.jmeter.threads.JMeterThread.executeSamplePackage(JMeterThread.java:490) [ApacheJMeter_core.jar:4.0 r1823414]
	at org.apache.jmeter.threads.JMeterThread.processSampler(JMeterThread.java:416) [ApacheJMeter_core.jar:4.0 r1823414]
	at org.apache.jmeter.threads.JMeterThread.run(JMeterThread.java:250) [ApacheJMeter_core.jar:4.0 r1823414]
	at java.lang.Thread.run(Thread.java:745) [?:1.8.0_91]
2018-04-08 18:00:39,580 INFO o.a.j.t.JMeterThread: Thread is done: Test-Easytravel 1-25
2018-04-08 18:00:39,580 INFO o.a.j.t.JMeterThread: Thread finished: Test-Easytravel 1-25
2018-04-08 18:00:39,583 INFO o.a.j.t.JMeterThread: Thread finished: Test-Easytravel 1-10
2018-04-08 18:00:39,585 INFO o.a.j.t.JMeterThread: Thread is done: Test-Easytravel 1-30
2018-04-08 18:00:39,585 INFO o.a.j.t.JMeterThread: Thread finished: Test-Easytravel 1-30
2018-04-08 18:00:39,583 INFO o.a.j.e.StandardJMeterEngine: Notifying test listeners of end of test
2018-04-08 18:00:39,557 WARN o.a.j.p.h.s.HTTPSamplerBase: Interrupted fetching embedded resources
java.lang.InterruptedException: null
	at java.util.concurrent.locks.AbstractQueuedSynchronizer$ConditionObject.reportInterruptAfterWait(AbstractQueuedSynchronizer.java:2014) ~[?:1.8.0_91]
	at java.util.concurrent.locks.AbstractQueuedSynchronizer$ConditionObject.await(AbstractQueuedSynchronizer.java:2048) ~[?:1.8.0_91]
	at java.util.concurrent.LinkedBlockingQueue.take(LinkedBlockingQueue.java:442) ~[?:1.8.0_91]
	at java.util.concurrent.ExecutorCompletionService.take(ExecutorCompletionService.java:193) ~[?:1.8.0_91]
	at org.apache.jmeter.protocol.http.sampler.ResourcesDownloader.invokeAllAndAwaitTermination(ResourcesDownloader.java:178) ~[ApacheJMeter_http.jar:4.0 r1823414]
	at org.apache.jmeter.protocol.http.sampler.HTTPSamplerBase.downloadPageResources(HTTPSamplerBase.java:1343) [ApacheJMeter_http.jar:4.0 r1823414]
	at org.apache.jmeter.protocol.http.sampler.HTTPSamplerBase.resultProcessing(HTTPSamplerBase.java:1657) [ApacheJMeter_http.jar:4.0 r1823414]
	at org.apache.jmeter.protocol.http.sampler.HTTPAbstractImpl.resultProcessing(HTTPAbstractImpl.java:525) [ApacheJMeter_http.jar:4.0 r1823414]
	at org.apache.jmeter.protocol.http.sampler.HTTPHC4Impl.sample(HTTPHC4Impl.java:536) [ApacheJMeter_http.jar:4.0 r1823414]
	at org.apache.jmeter.protocol.http.sampler.HTTPSamplerProxy.sample(HTTPSamplerProxy.java:74) [ApacheJMeter_http.jar:4.0 r1823414]
	at org.apache.jmeter.protocol.http.sampler.HTTPSamplerBase.sample(HTTPSamplerBase.java:1189) [ApacheJMeter_http.jar:4.0 r1823414]
	at org.apache.jmeter.protocol.http.sampler.HTTPSamplerBase.sample(HTTPSamplerBase.java:1178) [ApacheJMeter_http.jar:4.0 r1823414]
	at org.apache.jmeter.threads.JMeterThread.executeSamplePackage(JMeterThread.java:490) [ApacheJMeter_core.jar:4.0 r1823414]
	at org.apache.jmeter.threads.JMeterThread.processSampler(JMeterThread.java:416) [ApacheJMeter_core.jar:4.0 r1823414]
	at org.apache.jmeter.threads.JMeterThread.run(JMeterThread.java:250) [ApacheJMeter_core.jar:4.0 r1823414]
	at java.lang.Thread.run(Thread.java:745) [?:1.8.0_91]
2018-04-08 18:00:39,585 INFO o.a.j.t.JMeterThread: Thread is done: Test-Easytravel 1-23
2018-04-08 18:00:39,585 INFO o.a.j.t.JMeterThread: Thread finished: Test-Easytravel 1-23
2018-04-08 18:00:39,585 WARN o.a.j.t.JMeterThread: No operation pending
2018-04-08 18:00:39,586 INFO o.a.j.t.JMeterThread: Thread is done: Test-Easytravel 1-26
2018-04-08 18:00:39,586 INFO o.a.j.t.JMeterThread: Thread finished: Test-Easytravel 1-26
2018-04-08 18:00:39,586 WARN o.a.j.t.JMeterThread: Interrupting: Test-Easytravel 1-27 sampler: http://ec2-54-84-118-207.compute-1.amazonaws.com:8079/special-offers.jsp
2018-04-08 18:00:39,587 WARN o.a.j.t.JMeterThread: No operation pending
2018-04-08 18:00:39,587 INFO o.a.j.t.JMeterThread: Thread is done: Test-Easytravel 1-28
2018-04-08 18:00:39,587 INFO o.a.j.t.JMeterThread: Thread finished: Test-Easytravel 1-28
2018-04-08 18:00:39,586 WARN o.a.j.p.h.s.HTTPSamplerBase: Interrupted fetching embedded resources
java.lang.InterruptedException: null
	at java.util.concurrent.locks.AbstractQueuedSynchronizer$ConditionObject.reportInterruptAfterWait(AbstractQueuedSynchronizer.java:2014) ~[?:1.8.0_91]
	at java.util.concurrent.locks.AbstractQueuedSynchronizer$ConditionObject.await(AbstractQueuedSynchronizer.java:2048) ~[?:1.8.0_91]
	at java.util.concurrent.LinkedBlockingQueue.take(LinkedBlockingQueue.java:442) ~[?:1.8.0_91]
	at java.util.concurrent.ExecutorCompletionService.take(ExecutorCompletionService.java:193) ~[?:1.8.0_91]
	at org.apache.jmeter.protocol.http.sampler.ResourcesDownloader.invokeAllAndAwaitTermination(ResourcesDownloader.java:178) ~[ApacheJMeter_http.jar:4.0 r1823414]
	at org.apache.jmeter.protocol.http.sampler.HTTPSamplerBase.downloadPageResources(HTTPSamplerBase.java:1343) [ApacheJMeter_http.jar:4.0 r1823414]
	at org.apache.jmeter.protocol.http.sampler.HTTPSamplerBase.resultProcessing(HTTPSamplerBase.java:1657) [ApacheJMeter_http.jar:4.0 r1823414]
	at org.apache.jmeter.protocol.http.sampler.HTTPAbstractImpl.resultProcessing(HTTPAbstractImpl.java:525) [ApacheJMeter_http.jar:4.0 r1823414]
	at org.apache.jmeter.protocol.http.sampler.HTTPHC4Impl.sample(HTTPHC4Impl.java:536) [ApacheJMeter_http.jar:4.0 r1823414]
	at org.apache.jmeter.protocol.http.sampler.HTTPSamplerProxy.sample(HTTPSamplerProxy.java:74) [ApacheJMeter_http.jar:4.0 r1823414]
	at org.apache.jmeter.protocol.http.sampler.HTTPSamplerBase.sample(HTTPSamplerBase.java:1189) [ApacheJMeter_http.jar:4.0 r1823414]
	at org.apache.jmeter.protocol.http.sampler.HTTPSamplerBase.sample(HTTPSamplerBase.java:1178) [ApacheJMeter_http.jar:4.0 r1823414]
	at org.apache.jmeter.threads.JMeterThread.executeSamplePackage(JMeterThread.java:490) [ApacheJMeter_core.jar:4.0 r1823414]
	at org.apache.jmeter.threads.JMeterThread.processSampler(JMeterThread.java:416) [ApacheJMeter_core.jar:4.0 r1823414]
	at org.apache.jmeter.threads.JMeterThread.run(JMeterThread.java:250) [ApacheJMeter_core.jar:4.0 r1823414]
	at java.lang.Thread.run(Thread.java:745) [?:1.8.0_91]
2018-04-08 18:00:39,588 INFO o.a.j.t.JMeterThread: Thread is done: Test-Easytravel 1-19
2018-04-08 18:00:39,589 INFO o.a.j.t.JMeterThread: Thread finished: Test-Easytravel 1-19
2018-04-08 18:00:39,589 INFO o.a.j.t.JMeterThread: Thread is done: Test-Easytravel 1-13
2018-04-08 18:00:39,590 INFO o.a.j.t.JMeterThread: Thread finished: Test-Easytravel 1-13
2018-04-08 18:00:39,592 INFO o.a.j.t.JMeterThread: Thread is done: Test-Easytravel 1-12
2018-04-08 18:00:39,592 INFO o.a.j.t.JMeterThread: Thread finished: Test-Easytravel 1-12
2018-04-08 18:00:39,593 INFO o.a.j.t.JMeterThread: Thread is done: Test-Easytravel 1-9
2018-04-08 18:00:39,593 INFO o.a.j.t.JMeterThread: Thread finished: Test-Easytravel 1-9
2018-04-08 18:00:39,594 INFO o.a.j.t.JMeterThread: Thread is done: Test-Easytravel 1-29
2018-04-08 18:00:39,594 INFO o.a.j.t.JMeterThread: Thread finished: Test-Easytravel 1-29
2018-04-08 18:00:39,597 INFO o.a.j.e.StandardJMeterEngine: Forced JVM shutdown requested at end of test
2018-04-08 18:00:39,597 WARN o.a.j.p.h.s.HTTPSamplerBase: Interrupted fetching embedded resources
java.lang.InterruptedException: null
	at java.util.concurrent.locks.AbstractQueuedSynchronizer$ConditionObject.reportInterruptAfterWait(AbstractQueuedSynchronizer.java:2014) ~[?:1.8.0_91]
	at java.util.concurrent.locks.AbstractQueuedSynchronizer$ConditionObject.await(AbstractQueuedSynchronizer.java:2048) ~[?:1.8.0_91]
	at java.util.concurrent.LinkedBlockingQueue.take(LinkedBlockingQueue.java:442) ~[?:1.8.0_91]
	at java.util.concurrent.ExecutorCompletionService.take(ExecutorCompletionService.java:193) ~[?:1.8.0_91]
	at org.apache.jmeter.protocol.http.sampler.ResourcesDownloader.invokeAllAndAwaitTermination(ResourcesDownloader.java:178) ~[ApacheJMeter_http.jar:4.0 r1823414]
	at org.apache.jmeter.protocol.http.sampler.HTTPSamplerBase.downloadPageResources(HTTPSamplerBase.java:1343) [ApacheJMeter_http.jar:4.0 r1823414]
	at org.apache.jmeter.protocol.http.sampler.HTTPSamplerBase.resultProcessing(HTTPSamplerBase.java:1657) [ApacheJMeter_http.jar:4.0 r1823414]
	at org.apache.jmeter.protocol.http.sampler.HTTPAbstractImpl.resultProcessing(HTTPAbstractImpl.java:525) [ApacheJMeter_http.jar:4.0 r1823414]
	at org.apache.jmeter.protocol.http.sampler.HTTPHC4Impl.sample(HTTPHC4Impl.java:536) [ApacheJMeter_http.jar:4.0 r1823414]
	at org.apache.jmeter.protocol.http.sampler.HTTPSamplerProxy.sample(HTTPSamplerProxy.java:74) [ApacheJMeter_http.jar:4.0 r1823414]
	at org.apache.jmeter.protocol.http.sampler.HTTPSamplerBase.sample(HTTPSamplerBase.java:1189) [ApacheJMeter_http.jar:4.0 r1823414]
	at org.apache.jmeter.protocol.http.sampler.HTTPSamplerBase.sample(HTTPSamplerBase.java:1178) [ApacheJMeter_http.jar:4.0 r1823414]
	at org.apache.jmeter.threads.JMeterThread.executeSamplePackage(JMeterThread.java:490) [ApacheJMeter_core.jar:4.0 r1823414]
	at org.apache.jmeter.threads.JMeterThread.processSampler(JMeterThread.java:416) [ApacheJMeter_core.jar:4.0 r1823414]
	at org.apache.jmeter.threads.JMeterThread.run(JMeterThread.java:250) [ApacheJMeter_core.jar:4.0 r1823414]
	at java.lang.Thread.run(Thread.java:745) [?:1.8.0_91]
2018-04-08 18:00:39,598 INFO o.a.j.t.JMeterThread: Thread is done: Test-Easytravel 1-27
2018-04-08 18:00:39,598 INFO o.a.j.t.JMeterThread: Thread finished: Test-Easytravel 1-27
