[2018-04-08 18:07:08,989 INFO root] Taurus CLI Tool v1.11.0
[2018-04-08 18:07:08,989 DEBUG root] Command-line options: {'verbose': None, 'no_system_configs': None, 'quiet': None, 'log': '/var/folders/db/22vnvx8j4xz2xw6yvkfbmkr80000gn/T/bzt_JKqjWO.log', 'option': None, 'aliases': []}
[2018-04-08 18:07:08,989 DEBUG root] Python: CPython 2.7.12
[2018-04-08 18:07:08,989 DEBUG root] OS: ('Darwin', 'MacBook-Pro-de-Sergio-2.local', '17.5.0', 'Darwin Kernel Version 17.5.0: Mon Mar  5 22:24:32 PST 2018; root:xnu-4570.51.1~1/RELEASE_X86_64', 'x86_64', 'i386')
[2018-04-08 18:07:08,990 INFO root] Starting with configs: ['Test-Easytravel.yml', 'bzm-report-easytravel-demo.yml']
[2018-04-08 18:07:08,990 DEBUG root] Using personal config: /Users/sergiomaurenzi/.bzt-rc
[2018-04-08 18:07:08,990 INFO Engine] Configuring...
[2018-04-08 18:07:08,990 DEBUG Engine] Reading extension configs from: /usr/local/etc/bzt.d
[2018-04-08 18:07:08,991 DEBUG Engine] Base configs list: ['/usr/local/lib/python2.7/site-packages/bzt/resources/base-config.yml', '/usr/local/etc/bzt.d/99-installID.yml']
[2018-04-08 18:07:08,991 DEBUG Engine.Configuration] Configs: ['/usr/local/lib/python2.7/site-packages/bzt/resources/base-config.yml', '/usr/local/etc/bzt.d/99-installID.yml']
[2018-04-08 18:07:08,992 DEBUG Engine.Configuration] Reading /usr/local/lib/python2.7/site-packages/bzt/resources/base-config.yml as YAML
[2018-04-08 18:07:09,024 DEBUG Engine.Configuration] Reading /usr/local/etc/bzt.d/99-installID.yml as YAML
[2018-04-08 18:07:09,024 DEBUG Engine] User configs list: ['/Users/sergiomaurenzi/.bzt-rc', 'Test-Easytravel.yml', 'bzm-report-easytravel-demo.yml']
[2018-04-08 18:07:09,024 DEBUG Engine.Configuration] Configs: ['/Users/sergiomaurenzi/.bzt-rc', 'Test-Easytravel.yml', 'bzm-report-easytravel-demo.yml']
[2018-04-08 18:07:09,026 DEBUG Engine.Configuration] Reading /Users/sergiomaurenzi/.bzt-rc as YAML
[2018-04-08 18:07:09,048 DEBUG Engine.Configuration] Reading Test-Easytravel.yml as YAML
[2018-04-08 18:07:09,129 DEBUG Engine.Configuration] Reading bzm-report-easytravel-demo.yml as YAML
[2018-04-08 18:07:09,131 DEBUG Engine.Configuration] Configs: ['/Users/sergiomaurenzi/.bzt-rc', 'Test-Easytravel.yml', 'bzm-report-easytravel-demo.yml']
[2018-04-08 18:07:09,132 DEBUG Engine.Configuration] Reading /Users/sergiomaurenzi/.bzt-rc as YAML
[2018-04-08 18:07:09,137 DEBUG Engine.Configuration] Reading Test-Easytravel.yml as YAML
[2018-04-08 18:07:09,213 DEBUG Engine.Configuration] Reading bzm-report-easytravel-demo.yml as YAML
[2018-04-08 18:07:09,226 DEBUG Engine] Requesting updates info: http://gettaurus.org/updates/?version=1.11.0&installID=a45e60ee260f
[2018-04-08 18:07:09,230 INFO Engine] Artifacts dir: /Users/sergiomaurenzi/Documents/GitHub/Taurus-Jenkins-ServiceNow-demo/2018-04-08_18-07-09.226362
[2018-04-08 18:07:09,231 DEBUG Engine] New artifact filename: /Users/sergiomaurenzi/Documents/GitHub/Taurus-Jenkins-ServiceNow-demo/2018-04-08_18-07-09.226362/effective
[2018-04-08 18:07:09,236 DEBUG Engine.Configuration] Dumping YAML config into /Users/sergiomaurenzi/Documents/GitHub/Taurus-Jenkins-ServiceNow-demo/2018-04-08_18-07-09.226362/effective.yml
[2018-04-08 18:07:09,349 DEBUG Engine.Configuration] Dumping JSON config into /Users/sergiomaurenzi/Documents/GitHub/Taurus-Jenkins-ServiceNow-demo/2018-04-08_18-07-09.226362/effective.json
[2018-04-08 18:07:09,354 DEBUG Engine] New artifact filename: /Users/sergiomaurenzi/Documents/GitHub/Taurus-Jenkins-ServiceNow-demo/2018-04-08_18-07-09.226362/merged.yml
[2018-04-08 18:07:09,355 DEBUG Engine.Configuration] Dumping YAML config into /Users/sergiomaurenzi/Documents/GitHub/Taurus-Jenkins-ServiceNow-demo/2018-04-08_18-07-09.226362/merged.yml
[2018-04-08 18:07:09,445 DEBUG Engine] New artifact filename: /Users/sergiomaurenzi/Documents/GitHub/Taurus-Jenkins-ServiceNow-demo/2018-04-08_18-07-09.226362/merged.json
[2018-04-08 18:07:09,447 DEBUG Engine.Configuration] Dumping JSON config into /Users/sergiomaurenzi/Documents/GitHub/Taurus-Jenkins-ServiceNow-demo/2018-04-08_18-07-09.226362/merged.json
[2018-04-08 18:07:09,451 DEBUG Engine] Add existing artifact (move=False): Test-Easytravel.yml
[2018-04-08 18:07:09,451 DEBUG Engine] Copying Test-Easytravel.yml to /Users/sergiomaurenzi/Documents/GitHub/Taurus-Jenkins-ServiceNow-demo/2018-04-08_18-07-09.226362/Test-Easytravel.yml
[2018-04-08 18:07:09,451 DEBUG Engine] Add existing artifact (move=False): bzm-report-easytravel-demo.yml
[2018-04-08 18:07:09,451 DEBUG Engine] Copying bzm-report-easytravel-demo.yml to /Users/sergiomaurenzi/Documents/GitHub/Taurus-Jenkins-ServiceNow-demo/2018-04-08_18-07-09.226362/bzm-report-easytravel-demo.yml
[2018-04-08 18:07:09,452 DEBUG root] Closing log handler: /var/folders/db/22vnvx8j4xz2xw6yvkfbmkr80000gn/T/bzt_JKqjWO.log
[2018-04-08 18:07:09,453 DEBUG root] Switched writing logs to /Users/sergiomaurenzi/Documents/GitHub/Taurus-Jenkins-ServiceNow-demo/2018-04-08_18-07-09.226362/bzt.log
[2018-04-08 18:07:09,453 DEBUG root] Linting config
[2018-04-08 18:07:09,457 WARNING root] at path 'execution': 'execution' should be a list
[2018-04-08 18:07:09,457 INFO Engine] Preparing...
[2018-04-08 18:07:09,458 DEBUG Engine] Module config: consolidator defaultdict(None, {'class': 'bzt.modules.aggregator.ConsolidatingAggregator'})
[2018-04-08 18:07:09,458 DEBUG root] Importing module: bzt.modules.aggregator
[2018-04-08 18:07:09,663 DEBUG root] Loading class: 'ConsolidatingAggregator' from <module 'bzt.modules.aggregator' from '/usr/local/lib/python2.7/site-packages/bzt/modules/aggregator.pyc'>
[2018-04-08 18:07:09,663 DEBUG Engine.consolidator] Buffer scaling setup: percentile 95.0 from [0.0, 50.0, 90.0, 95.0, 99.0, 99.9, 100.0] selected
[2018-04-08 18:07:09,664 DEBUG Engine] Module config: monitoring defaultdict(None, {'class': 'bzt.modules.monitoring.Monitoring'})
[2018-04-08 18:07:09,664 DEBUG root] Importing module: bzt.modules.monitoring
[2018-04-08 18:07:09,667 DEBUG root] Loading class: 'Monitoring' from <module 'bzt.modules.monitoring' from '/usr/local/lib/python2.7/site-packages/bzt/modules/monitoring.pyc'>
[2018-04-08 18:07:09,667 DEBUG Engine] Module config: passfail defaultdict(None, {'class': 'bzt.modules.passfail.PassFailStatus'})
[2018-04-08 18:07:09,667 DEBUG root] Importing module: bzt.modules.passfail
[2018-04-08 18:07:09,667 DEBUG root] Loading class: 'PassFailStatus' from <module 'bzt.modules.passfail' from '/usr/local/lib/python2.7/site-packages/bzt/modules/passfail.pyc'>
[2018-04-08 18:07:09,669 DEBUG root] Importing module: bzt.modules.passfail
[2018-04-08 18:07:09,669 DEBUG root] Loading class: 'DataCriterion' from <module 'bzt.modules.passfail' from '/usr/local/lib/python2.7/site-packages/bzt/modules/passfail.pyc'>
[2018-04-08 18:07:09,669 DEBUG root] Importing module: bzt.modules.passfail
[2018-04-08 18:07:09,669 DEBUG root] Loading class: 'DataCriterion' from <module 'bzt.modules.passfail' from '/usr/local/lib/python2.7/site-packages/bzt/modules/passfail.pyc'>
[2018-04-08 18:07:09,669 DEBUG Engine] Module config: local defaultdict(None, {'class': 'bzt.modules.provisioning.Local'})
[2018-04-08 18:07:09,669 DEBUG root] Importing module: bzt.modules.provisioning
[2018-04-08 18:07:09,670 DEBUG root] Loading class: 'Local' from <module 'bzt.modules.provisioning' from '/usr/local/lib/python2.7/site-packages/bzt/modules/provisioning.pyc'>
[2018-04-08 18:07:09,670 DEBUG Engine] Module config: jmeter defaultdict(None, {'properties': defaultdict(None, {'jmeter.save.saveservice.autoflush': 'true', 'jmeter.save.saveservice.connect_time': 'true', 'summariser.name': '', 'jmeterengine.force.system.exit': 'true'}), 'class': 'bzt.modules.jmeter.JMeterExecutor', 'plugins': ['jpgc-casutg', 'jpgc-dummy', 'jpgc-ffw', 'jpgc-fifo', 'jpgc-functions', 'jpgc-json', 'jpgc-perfmon', 'jpgc-prmctl', 'jpgc-tst']})
[2018-04-08 18:07:09,670 DEBUG root] Importing module: bzt.modules.jmeter
[2018-04-08 18:07:09,714 DEBUG root] Loading class: 'JMeterExecutor' from <module 'bzt.modules.jmeter' from '/usr/local/lib/python2.7/site-packages/bzt/modules/jmeter.pyc'>
[2018-04-08 18:07:09,714 DEBUG Engine.local] Preparing executor: None/4575682064
[2018-04-08 18:07:09,714 DEBUG Engine] New artifact filename: /Users/sergiomaurenzi/Documents/GitHub/Taurus-Jenkins-ServiceNow-demo/2018-04-08_18-07-09.226362/jmeter.log
[2018-04-08 18:07:09,715 DEBUG Engine.jmeter] Checking if port 4445 is free
[2018-04-08 18:07:09,715 DEBUG Engine.jmeter] Port 4445 is free
[2018-04-08 18:07:09,715 DEBUG Engine.jmeter] Using port 4445 for management
[2018-04-08 18:07:09,716 DEBUG Engine.jmeter.JavaVM] Trying JavaVM: ['java', '-version']
[2018-04-08 18:07:09,874 DEBUG Engine.jmeter.JavaVM] JavaVM output: java version "1.8.0_91"
Java(TM) SE Runtime Environment (build 1.8.0_91-b14)
Java HotSpot(TM) 64-Bit Server VM (build 25.91-b14, mixed mode)
[2018-04-08 18:07:09,874 DEBUG Engine.jmeter.TclLibrary] We don't need to check tcl library on this platform
[2018-04-08 18:07:09,874 DEBUG Engine.jmeter.JMeter] Trying jmeter: /Users/sergiomaurenzi/.bzt/jmeter-taurus/4.0/bin/jmeter.sh
[2018-04-08 18:07:09,875 DEBUG bzt.utils] Executing shell: ['/Users/sergiomaurenzi/.bzt/jmeter-taurus/4.0/bin/jmeter.sh', '-j', '/var/folders/db/22vnvx8j4xz2xw6yvkfbmkr80000gn/T/jmeterPWjnldlog', '--version'] at .
[2018-04-08 18:07:10,208 DEBUG Engine] Taurus updates info: {"latest":"1.11.0","needsUpgrade":false}
[2018-04-08 18:07:10,209 DEBUG Engine] Installation is up-to-date
[2018-04-08 18:07:11,550 DEBUG Engine.jmeter.JMeter] JMeter check:     _    ____   _    ____ _   _ _____       _ __  __ _____ _____ _____ ____     
   / \  |  _ \ / \  / ___| | | | ____|     | |  \/  | ____|_   _| ____|  _ \   
  / _ \ | |_) / _ \| |   | |_| |  _|    _  | | |\/| |  _|   | | |  _| | |_) | 
 / ___ \|  __/ ___ \ |___|  _  | |___  | |_| | |  | | |___  | | | |___|  _ <  
/_/   \_\_| /_/   \_\____|_| |_|_____|  \___/|_|  |_|_____| |_| |_____|_| \_\ 4.0 r1823414  

Copyright (c) 1999-2018 The Apache Software Foundation

 / None
[2018-04-08 18:07:11,550 DEBUG Engine] New artifact filename: /Users/sergiomaurenzi/Documents/GitHub/Taurus-Jenkins-ServiceNow-demo/2018-04-08_18-07-09.226362/requests.jmx
[2018-04-08 18:07:11,564 DEBUG JMeterScenarioBuilder] Saving JMX to: /Users/sergiomaurenzi/Documents/GitHub/Taurus-Jenkins-ServiceNow-demo/2018-04-08_18-07-09.226362/requests.jmx
[2018-04-08 18:07:11,566 DEBUG Engine.jmeter] Load: LoadSpec(concurrency=50, throughput=None, ramp_up=60.0, hold=300.0, iterations=0, duration=360.0, steps=None)
[2018-04-08 18:07:11,574 DEBUG Engine] New artifact filename: /Users/sergiomaurenzi/Documents/GitHub/Taurus-Jenkins-ServiceNow-demo/2018-04-08_18-07-09.226362/kpi.jtl
[2018-04-08 18:07:11,574 DEBUG Engine] New artifact filename: /Users/sergiomaurenzi/Documents/GitHub/Taurus-Jenkins-ServiceNow-demo/2018-04-08_18-07-09.226362/error.jtl
[2018-04-08 18:07:11,580 DEBUG Engine.jmeter.LoadSettingsProcessor.ThreadGroupHandler] Converting ThreadGroup (Test-Easytravel) to ConcurrencyThreadGroup and apply load parameters
[2018-04-08 18:07:11,580 DEBUG Engine] New artifact filename: /Users/sergiomaurenzi/Documents/GitHub/Taurus-Jenkins-ServiceNow-demo/2018-04-08_18-07-09.226362/modified_requests.jmx
[2018-04-08 18:07:11,580 DEBUG JMX] Saving JMX to: /Users/sergiomaurenzi/Documents/GitHub/Taurus-Jenkins-ServiceNow-demo/2018-04-08_18-07-09.226362/modified_requests.jmx
[2018-04-08 18:07:11,581 DEBUG Engine.jmeter] Additional properties: defaultdict(None, {'jmeter.save.saveservice.autoflush': 'true', 'jmeter.save.saveservice.connect_time': 'true', 'user.classpath': '/Users/sergiomaurenzi/Documents/GitHub/Taurus-Jenkins-ServiceNow-demo/2018-04-08_18-07-09.226362:/Users/sergiomaurenzi/Documents/GitHub/Taurus-Jenkins-ServiceNow-demo/2018-04-08_18-07-09.226362', 'sampleresult.default.encoding': 'UTF-8', 'summariser.name': '', 'jmeterengine.force.system.exit': 'true', 'jmeter.save.saveservice.timestamp_format': 'ms', 'jmeterengine.nongui.maxport': 4445, 'jmeterengine.nongui.port': 4445})
[2018-04-08 18:07:11,581 DEBUG Engine] New artifact filename: /Users/sergiomaurenzi/Documents/GitHub/Taurus-Jenkins-ServiceNow-demo/2018-04-08_18-07-09.226362/jmeter-bzt.properties
[2018-04-08 18:07:11,582 DEBUG Engine.jmeter] Additional system properties defaultdict(None, {'sun.net.inetaddr.ttl': 0})
[2018-04-08 18:07:11,582 DEBUG Engine] New artifact filename: /Users/sergiomaurenzi/Documents/GitHub/Taurus-Jenkins-ServiceNow-demo/2018-04-08_18-07-09.226362/system.properties
[2018-04-08 18:07:11,582 DEBUG bzt.utils] Executing shell: ['/Users/sergiomaurenzi/.bzt/jmeter-taurus/4.0/bin/PluginsManagerCMD.sh', 'install-for-jmx', '/Users/sergiomaurenzi/Documents/GitHub/Taurus-Jenkins-ServiceNow-demo/2018-04-08_18-07-09.226362/modified_requests.jmx'] at .
[2018-04-08 18:07:21,676 DEBUG Engine.jmeter.JMeter] Try to detect plugins for /Users/sergiomaurenzi/Documents/GitHub/Taurus-Jenkins-ServiceNow-demo/2018-04-08_18-07-09.226362/modified_requests.jmx
18:07:20.559 [main] INFO  org.jmeterplugins.repository.PluginManager - Plugins Status: [jpgc-functions=2.0, jpgc-casutg=2.5, jpgc-dummy=0.2, jpgc-ffw=2.0, jpgc-fifo=0.2, jpgc-json=2.6, jpgc-prmctl=0.3, jpgc-perfmon=2.1, jpgc-plugins-manager=0.20, jpgc-tst=2.3, jmeter-core=4.0, jmeter-ftp=4.0, jmeter-http=4.0, jmeter-jdbc=4.0, jmeter-jms=4.0, jmeter-junit=4.0, jmeter-java=4.0, jmeter-ldap=4.0, jmeter-mail=4.0, jmeter-mongodb=4.0, jmeter-native=4.0, jmeter-tcp=4.0, jmeter-components=4.0]
2018-04-08 18:07:20,559 INFO o.j.r.PluginManager: Plugins Status: [jpgc-functions=2.0, jpgc-casutg=2.5, jpgc-dummy=0.2, jpgc-ffw=2.0, jpgc-fifo=0.2, jpgc-json=2.6, jpgc-prmctl=0.3, jpgc-perfmon=2.1, jpgc-plugins-manager=0.20, jpgc-tst=2.3, jmeter-core=4.0, jmeter-ftp=4.0, jmeter-http=4.0, jmeter-jdbc=4.0, jmeter-jms=4.0, jmeter-junit=4.0, jmeter-java=4.0, jmeter-ldap=4.0, jmeter-mail=4.0, jmeter-mongodb=4.0, jmeter-native=4.0, jmeter-tcp=4.0, jmeter-components=4.0]
18:07:21.059 [main] INFO  org.apache.jmeter.save.SaveService - Testplan (JMX) version: 2.2. Testlog (JTL) version: 2.2
2018-04-08 18:07:21,059 INFO o.a.j.s.SaveService: Testplan (JMX) version: 2.2. Testlog (JTL) version: 2.2
18:07:21.080 [main] INFO  org.apache.jmeter.save.SaveService - Using SaveService properties file encoding UTF-8
2018-04-08 18:07:21,080 INFO o.a.j.s.SaveService: Using SaveService properties file encoding UTF-8
18:07:21.086 [main] INFO  org.apache.jmeter.save.SaveService - Using SaveService properties version 4.0
2018-04-08 18:07:21,086 INFO o.a.j.s.SaveService: Using SaveService properties version 4.0
18:07:21.129 [main] INFO  org.apache.jmeter.protocol.http.control.CacheManager - Will only cache the following methods: [GET]
2018-04-08 18:07:21,129 INFO o.a.j.p.h.c.CacheManager: Will only cache the following methods: [GET]
18:07:21.133 [main] INFO  org.apache.jmeter.protocol.http.control.CookieManager - Settings: Delete null: true Check: true Allow variable: true Save: false Prefix: COOKIE_
2018-04-08 18:07:21,133 INFO o.a.j.p.h.c.CookieManager: Settings: Delete null: true Check: true Allow variable: true Save: false Prefix: COOKIE_
18:07:21.245 [main] INFO  org.jmeterplugins.repository.PluginManager - Restarting JMeter...
2018-04-08 18:07:21,245 INFO o.j.r.PluginManager: Restarting JMeter...

ERROR StatusLogger No log4j2 configuration file found. Using default configuration: logging only errors to the console. Set system property 'log4j2.debug' to show Log4j2 internal initialization logging.

[2018-04-08 18:07:26,681 DEBUG Engine] New artifact filename: /Users/sergiomaurenzi/Documents/GitHub/Taurus-Jenkins-ServiceNow-demo/2018-04-08_18-07-09.226362/jmeter.out
[2018-04-08 18:07:26,682 DEBUG Engine] New artifact filename: /Users/sergiomaurenzi/Documents/GitHub/Taurus-Jenkins-ServiceNow-demo/2018-04-08_18-07-09.226362/jmeter.err
[2018-04-08 18:07:26,686 DEBUG Engine] Module config: final-stats defaultdict(None, {'class': 'bzt.modules.reporting.FinalStatus'})
[2018-04-08 18:07:26,686 DEBUG root] Importing module: bzt.modules.reporting
[2018-04-08 18:07:26,830 DEBUG easyprocess] version=0.2.3
[2018-04-08 18:07:26,839 DEBUG pyvirtualdisplay] version=0.2.1
[2018-04-08 18:07:26,841 DEBUG root] Loading class: 'FinalStatus' from <module 'bzt.modules.reporting' from '/usr/local/lib/python2.7/site-packages/bzt/modules/reporting.pyc'>
[2018-04-08 18:07:26,841 DEBUG Engine] Module config: console defaultdict(None, {'class': 'bzt.modules.console.ConsoleStatusReporter'})
[2018-04-08 18:07:26,841 DEBUG root] Importing module: bzt.modules.console
[2018-04-08 18:07:26,841 DEBUG root] Loading class: 'ConsoleStatusReporter' from <module 'bzt.modules.console' from '/usr/local/lib/python2.7/site-packages/bzt/modules/console.pyc'>
[2018-04-08 18:07:26,841 DEBUG Engine] Module config: junit-xml defaultdict(None, {'class': 'bzt.modules.reporting.JUnitXMLReporter'})
[2018-04-08 18:07:26,841 DEBUG root] Importing module: bzt.modules.reporting
[2018-04-08 18:07:26,841 DEBUG root] Loading class: 'JUnitXMLReporter' from <module 'bzt.modules.reporting' from '/usr/local/lib/python2.7/site-packages/bzt/modules/reporting.pyc'>
[2018-04-08 18:07:26,842 DEBUG Engine] Module config: blazemeter defaultdict(None, {'token': '********', 'class': 'bzt.modules.blazemeter.BlazeMeterUploader'})
[2018-04-08 18:07:26,842 DEBUG root] Importing module: bzt.modules.blazemeter
[2018-04-08 18:07:26,842 DEBUG root] Loading class: 'BlazeMeterUploader' from <module 'bzt.modules.blazemeter' from '/usr/local/lib/python2.7/site-packages/bzt/modules/blazemeter.pyc'>
[2018-04-08 18:07:26,850 DEBUG User] Request: GET https://a.blazemeter.com/api/v4/web/version None
[2018-04-08 18:07:27,379 DEBUG urllib3.connectionpool] Starting new HTTPS connection (1): a.blazemeter.com
[2018-04-08 18:07:28,313 DEBUG urllib3.connectionpool] https://a.blazemeter.com:443 "GET /api/v4/web/version HTTP/1.1" 200 198
[2018-04-08 18:07:28,315 DEBUG User] Response [200]: {
    "api_version": 4,
    "error": null,
    "result": "packages_backendPackageBuild 10844 release/2018-04-02_92 B10844  Sun Apr 8 17:00:37 2018 +0300 af26941fa9dcd0131574ef71f62d84bf229295a6\n"
}
[2018-04-08 18:07:28,315 DEBUG User] Request: GET https://a.blazemeter.com/api/v4/accounts None
[2018-04-08 18:07:28,609 DEBUG urllib3.connectionpool] https://a.blazemeter.com:443 "GET /api/v4/accounts HTTP/1.1" 200 983
[2018-04-08 18:07:28,610 DEBUG User] Response [200]: {
    "limit": 10,
    "skip": 0,
    "total": 1,
    "hidden": 0,
    "api_version": 4,
    "error": null,
    "result": [
        {
            "id": 163653,
            "name": "Sergio@Performen.com.ar Account",
            "thumbnailUrl": "",
         
[2018-04-08 18:07:28,612 DEBUG User] Request: GET https://a.blazemeter.com/api/v4/workspaces?accountId=163653&enabled=true&limit=100 None
[2018-04-08 18:07:28,960 DEBUG urllib3.connectionpool] https://a.blazemeter.com:443 "GET /api/v4/workspaces?accountId=163653&enabled=true&limit=100 HTTP/1.1" 200 816
[2018-04-08 18:07:28,961 DEBUG User] Response [200]: {
    "limit": 100,
    "skip": 0,
    "total": 1,
    "hidden": 0,
    "api_version": 4,
    "error": null,
    "result": [
        {
            "id": 157232,
            "name": "Default workspace",
            "userId": 379105,
            "created": 1
[2018-04-08 18:07:28,962 DEBUG User] Request: GET https://a.blazemeter.com/api/v4/projects?workspaceId=157232&name=Default None
[2018-04-08 18:07:29,262 DEBUG urllib3.connectionpool] https://a.blazemeter.com:443 "GET /api/v4/projects?workspaceId=157232&name=Default HTTP/1.1" 200 412
[2018-04-08 18:07:29,263 DEBUG User] Response [200]: {
    "limit": 10,
    "skip": 0,
    "total": 1,
    "hidden": 0,
    "api_version": 4,
    "error": null,
    "result": [
        {
            "id": 206749,
            "name": "Default project",
            "userId": 379105,
            "description": 
[2018-04-08 18:07:29,263 DEBUG User] Request: POST https://a.blazemeter.com/api/v4/projects {
 "workspaceId": 157232, 
 "name": "Default"
}
[2018-04-08 18:07:29,581 DEBUG urllib3.connectionpool] https://a.blazemeter.com:443 "POST /api/v4/projects HTTP/1.1" 201 294
[2018-04-08 18:07:29,582 DEBUG User] Response [201]: {
    "api_version": 4,
    "error": null,
    "result": {
        "id": 270298,
        "name": "Default",
        "userId": 379105,
        "description": null,
        "created": 1523221649,
        "updated": 1523221649,
        "organizationId": null,
[2018-04-08 18:07:29,583 DEBUG User] Request: GET https://a.blazemeter.com/api/v4/tests?projectId=270298&name=Test-Easytravel.yml None
[2018-04-08 18:07:29,920 DEBUG urllib3.connectionpool] https://a.blazemeter.com:443 "GET /api/v4/tests?projectId=270298&name=Test-Easytravel.yml HTTP/1.1" 200 126
[2018-04-08 18:07:29,921 DEBUG User] Response [200]: {
    "limit": 10,
    "skip": 0,
    "total": 0,
    "hidden": 0,
    "api_version": 4,
    "error": null,
    "result": []
}
[2018-04-08 18:07:29,921 DEBUG User] Creating new test
[2018-04-08 18:07:29,921 DEBUG User] Request: POST https://a.blazemeter.com/api/v4/tests {
 "projectId": 270298, 
 "configuration": {
  "type": "external"
 }, 
 "name": "Test-Easytravel.yml"
}
[2018-04-08 18:07:30,361 DEBUG urllib3.connectionpool] https://a.blazemeter.com:443 "POST /api/v4/tests HTTP/1.1" 201 456
[2018-04-08 18:07:30,362 DEBUG User] Response [201]: {
    "api_version": 4,
    "error": null,
    "result": {
        "id": 6013956,
        "name": "Test-Easytravel.yml",
        "userId": 379105,
        "created": 1523221650,
        "updated": 1523221650,
        "creatorClientId": "Taurus",
        "p
[2018-04-08 18:07:30,367 DEBUG Engine.Configuration] Dumping YAML config into /Users/sergiomaurenzi/Documents/GitHub/Taurus-Jenkins-ServiceNow-demo/2018-04-08_18-07-09.226362/effective.yml
[2018-04-08 18:07:30,483 DEBUG Engine.Configuration] Dumping JSON config into /Users/sergiomaurenzi/Documents/GitHub/Taurus-Jenkins-ServiceNow-demo/2018-04-08_18-07-09.226362/effective.json
[2018-04-08 18:07:30,487 INFO Engine] Starting...
[2018-04-08 18:07:30,487 DEBUG Engine] Startup <bzt.modules.monitoring.Monitoring object at 0x10fa96ad0>
[2018-04-08 18:07:30,488 DEBUG Engine] Startup <bzt.modules.passfail.PassFailStatus object at 0x110b7ea90>
[2018-04-08 18:07:30,488 DEBUG Engine] Startup <bzt.modules.aggregator.ConsolidatingAggregator object at 0x10fa96490>
[2018-04-08 18:07:30,488 DEBUG Engine] Startup <bzt.modules.reporting.FinalStatus object at 0x110c21e50>
[2018-04-08 18:07:30,488 DEBUG Engine] Startup <bzt.modules.console.ConsoleStatusReporter object at 0x110c21f10>
[2018-04-08 18:07:30,488 INFO Engine.console] Waiting for results...
[2018-04-08 18:07:30,488 DEBUG Engine] Startup <bzt.modules.reporting.JUnitXMLReporter object at 0x10fa52910>
[2018-04-08 18:07:30,488 DEBUG Engine] Startup <bzt.modules.blazemeter.BlazeMeterUploader object at 0x110f6cb10>
[2018-04-08 18:07:30,489 INFO Engine.blazemeter] Initiating data feeding...
[2018-04-08 18:07:30,489 DEBUG User] Request: POST https://a.blazemeter.com/api/v4/tests/6013956/start-external None
[2018-04-08 18:07:30,853 DEBUG urllib3.connectionpool] https://a.blazemeter.com:443 "POST /api/v4/tests/6013956/start-external HTTP/1.1" 202 1618
[2018-04-08 18:07:30,854 DEBUG User] Response [202]: {
    "api_version": 4,
    "error": null,
    "result": {
        "session": {
            "id": "r-ext-5aca8492a77bf",
            "name": "Test-Easytravel.yml",
            "userId": 379105,
            "offset": 0,
            "statusCode": 15,
       
[2018-04-08 18:07:30,855 DEBUG User] Request: PATCH https://a.blazemeter.com/api/v4/sessions/r-ext-5aca8492a77bf {
 "name": "Easytravel-LoadTest-Demo"
}
[2018-04-08 18:07:31,385 DEBUG urllib3.connectionpool] https://a.blazemeter.com:443 "PATCH /api/v4/sessions/r-ext-5aca8492a77bf HTTP/1.1" 200 871
[2018-04-08 18:07:31,386 DEBUG User] Response [200]: {
    "api_version": 4,
    "error": null,
    "result": {
        "id": "r-ext-5aca8492a77bf",
        "name": "Easytravel-LoadTest-Demo",
        "userId": 379105,
        "offset": 0,
        "statusCode": 15,
        "status": "INITIALIZING",
        "
[2018-04-08 18:07:31,387 INFO Engine.blazemeter] Started data feeding: https://a.blazemeter.com/app/#/masters/17472363
[2018-04-08 18:07:31,715 DEBUG Engine] Startup <bzt.modules.provisioning.Local object at 0x10f5fe450>
[2018-04-08 18:07:31,715 DEBUG Engine.local] Delay setup for None/Test-Easytravel: 0(start-at) + 0(delay) = 0
[2018-04-08 18:07:31,723 DEBUG Engine.Configuration] Dumping YAML config into /Users/sergiomaurenzi/Documents/GitHub/Taurus-Jenkins-ServiceNow-demo/2018-04-08_18-07-09.226362/effective.yml
[2018-04-08 18:07:32,093 DEBUG Engine.Configuration] Dumping JSON config into /Users/sergiomaurenzi/Documents/GitHub/Taurus-Jenkins-ServiceNow-demo/2018-04-08_18-07-09.226362/effective.json
[2018-04-08 18:07:32,102 DEBUG root] Leveling down log file verbosity, use -v option to have DEBUG messages enabled
[2018-04-08 18:07:32,102 DEBUG root] Leveled up log file verbosity
[2018-04-08 18:07:32,103 DEBUG bzt.utils] Executing shell: ['/Users/sergiomaurenzi/.bzt/jmeter-taurus/4.0/bin/jmeter.sh', '-n', '-t', '/Users/sergiomaurenzi/Documents/GitHub/Taurus-Jenkins-ServiceNow-demo/2018-04-08_18-07-09.226362/modified_requests.jmx', '-j', '/Users/sergiomaurenzi/Documents/GitHub/Taurus-Jenkins-ServiceNow-demo/2018-04-08_18-07-09.226362/jmeter.log', '-q', '/Users/sergiomaurenzi/Documents/GitHub/Taurus-Jenkins-ServiceNow-demo/2018-04-08_18-07-09.226362/jmeter-bzt.properties', '-S', '/Users/sergiomaurenzi/Documents/GitHub/Taurus-Jenkins-ServiceNow-demo/2018-04-08_18-07-09.226362/system.properties'] at /Users/sergiomaurenzi/Documents/GitHub/Taurus-Jenkins-ServiceNow-demo
[2018-04-08 18:07:32,112 DEBUG root] Leveling down log file verbosity, use -v option to have DEBUG messages enabled
[2018-04-08 18:07:32,369 INFO Engine.console] Waiting for finish...
[2018-04-08 18:07:47,465 INFO Engine.jmeter.JTLReader] Changed data analysis delay to 18s
[2018-04-08 18:08:01,496 INFO Engine.jmeter.JTLReader] Changed data analysis delay to 20s
[2018-04-08 18:08:08,305 INFO Engine.jmeter.JTLReader] Changed data analysis delay to 25s
[2018-04-08 18:08:18,458 WARNING root] Alert: avg-rt>50ms for 10 sec
[2018-04-08 18:08:18,481 INFO root] Pass/Fail criterion triggered shutdown: Failed: avg-rt>50ms for 10 sec
[2018-04-08 18:08:18,505 WARNING Engine] Please wait for graceful shutdown...
[2018-04-08 18:08:18,510 DEBUG root] Leveled up log file verbosity
[2018-04-08 18:08:18,510 INFO Engine] Shutting down...
[2018-04-08 18:08:18,515 DEBUG Engine] Current stop reason: Failed: avg-rt>50ms for 10 sec
[2018-04-08 18:08:18,516 DEBUG Engine.local] Shutdown None/Test-Easytravel
[2018-04-08 18:08:19,518 INFO Engine.jmeter] Sending Shutdown command to JMeter on port 4445...
[2018-04-08 18:08:20,528 DEBUG Engine.jmeter] JMeter stopped on Shutdown command
[2018-04-08 18:08:20,528 DEBUG Engine.console] Restoring logging streams, [<logging.StreamHandler object at 0x10f5f7a50>]/{<logging.StreamHandler object at 0x10f5f7a50>: <open file '<stdout>', mode 'w' at 0x10e2f9150>}
[2018-04-08 18:08:20,534 DEBUG Engine.Configuration] Dumping YAML config into /Users/sergiomaurenzi/Documents/GitHub/Taurus-Jenkins-ServiceNow-demo/2018-04-08_18-07-09.226362/effective.yml
[2018-04-08 18:08:20,654 DEBUG Engine.Configuration] Dumping JSON config into /Users/sergiomaurenzi/Documents/GitHub/Taurus-Jenkins-ServiceNow-demo/2018-04-08_18-07-09.226362/effective.json
[2018-04-08 18:08:20,659 WARNING root] Automated shutdown
[2018-04-08 18:08:20,661 DEBUG root] AutomatedShutdown: Failed: avg-rt>50ms for 10 sec
Traceback (most recent call last):
  File "/usr/local/lib/python2.7/site-packages/bzt/cli.py", line 250, in perform
    self.engine.run()
  File "/usr/local/lib/python2.7/site-packages/bzt/engine.py", line 219, in run
    reraise(exc_info)
  File "/usr/local/lib/python2.7/site-packages/bzt/engine.py", line 201, in run
    self._wait()
  File "/usr/local/lib/python2.7/site-packages/bzt/engine.py", line 240, in _wait
    while not self._check_modules_list():
  File "/usr/local/lib/python2.7/site-packages/bzt/engine.py", line 227, in _check_modules_list
    finished = bool(module.check())
  File "/usr/local/lib/python2.7/site-packages/bzt/modules/passfail.py", line 96, in check
    res = res or crit.check()
  File "/usr/local/lib/python2.7/site-packages/bzt/modules/passfail.py", line 202, in check
    raise AutomatedShutdown("%s" % self)
AutomatedShutdown: Failed: avg-rt>50ms for 10 sec
[2018-04-08 18:08:20,661 INFO Engine] Post-processing...
[2018-04-08 18:08:20,662 DEBUG Engine.local] Post-process None/Test-Easytravel
[2018-04-08 18:08:20,662 DEBUG Engine] Add existing artifact (move=True): /Users/sergiomaurenzi/Documents/GitHub/Taurus-Jenkins-ServiceNow-demo/2018-04-08_18-07-09.226362/modified_requests.jmx
[2018-04-08 18:08:20,662 DEBUG Engine] No need to copy /Users/sergiomaurenzi/Documents/GitHub/Taurus-Jenkins-ServiceNow-demo/2018-04-08_18-07-09.226362/modified_requests.jmx
[2018-04-08 18:08:20,662 DEBUG Engine.jmeter.JTLErrorsReader.FileReader] Opening file: /Users/sergiomaurenzi/Documents/GitHub/Taurus-Jenkins-ServiceNow-demo/2018-04-08_18-07-09.226362/error.jtl
[2018-04-08 18:08:20,663 DEBUG Engine.jmeter.JTLErrorsReader.FileReader] Reading: /Users/sergiomaurenzi/Documents/GitHub/Taurus-Jenkins-ServiceNow-demo/2018-04-08_18-07-09.226362/error.jtl
[2018-04-08 18:08:20,665 DEBUG Engine.jmeter.JTLErrorsReader.FileReader] Reading: /Users/sergiomaurenzi/Documents/GitHub/Taurus-Jenkins-ServiceNow-demo/2018-04-08_18-07-09.226362/error.jtl
[2018-04-08 18:08:20,665 DEBUG Engine.jmeter.JTLReader.IncrementalCSVReader.FileReader] Reading: /Users/sergiomaurenzi/Documents/GitHub/Taurus-Jenkins-ServiceNow-demo/2018-04-08_18-07-09.226362/kpi.jtl
[2018-04-08 18:08:20,665 DEBUG Engine.jmeter.JTLReader.IncrementalCSVReader] Read: 20 lines / 3784 bytes (at speed 1048576)
[2018-04-08 18:08:20,666 DEBUG Engine.jmeter.JTLReader] Buffer len: 29
[2018-04-08 18:08:20,666 INFO Engine.jmeter.JTLReader] Changed data analysis delay to 26s
[2018-04-08 18:08:20,666 DEBUG Engine.jmeter.JTLReader] Aggregating: 1523221668
[2018-04-08 18:08:20,710 DEBUG Engine.jmeter.JTLReader] Aggregating: 1523221669
[2018-04-08 18:08:20,731 DEBUG Engine.jmeter.JTLReader] Aggregating: 1523221670
[2018-04-08 18:08:20,772 DEBUG Engine.jmeter.JTLReader] Aggregating: 1523221671
[2018-04-08 18:08:20,814 DEBUG Engine.jmeter.JTLReader] Aggregating: 1523221672
[2018-04-08 18:08:20,865 DEBUG Engine.jmeter.JTLReader] Aggregating: 1523221673
[2018-04-08 18:08:20,911 DEBUG Engine.jmeter.JTLReader] Aggregating: 1523221674
[2018-04-08 18:08:20,947 DEBUG Engine.jmeter.JTLReader] Aggregating: 1523221676
[2018-04-08 18:08:20,979 DEBUG Engine.jmeter.JTLReader] Aggregating: 1523221677
[2018-04-08 18:08:21,023 DEBUG Engine.jmeter.JTLReader] Aggregating: 1523221678
[2018-04-08 18:08:21,057 DEBUG Engine.jmeter.JTLReader] Aggregating: 1523221679
[2018-04-08 18:08:21,098 DEBUG Engine.jmeter.JTLReader] Aggregating: 1523221680
[2018-04-08 18:08:21,129 DEBUG Engine.jmeter.JTLReader] Aggregating: 1523221681
[2018-04-08 18:08:21,157 DEBUG Engine.jmeter.JTLReader] Aggregating: 1523221682
[2018-04-08 18:08:21,193 DEBUG Engine.jmeter.JTLReader] Aggregating: 1523221683
[2018-04-08 18:08:21,231 DEBUG Engine.jmeter.JTLReader] Aggregating: 1523221684
[2018-04-08 18:08:21,263 DEBUG Engine.jmeter.JTLReader] Aggregating: 1523221685
[2018-04-08 18:08:21,308 DEBUG Engine.jmeter.JTLReader] Aggregating: 1523221686
[2018-04-08 18:08:21,339 DEBUG Engine.jmeter.JTLReader] Aggregating: 1523221687
[2018-04-08 18:08:21,369 DEBUG Engine.jmeter.JTLReader] Aggregating: 1523221689
[2018-04-08 18:08:21,425 DEBUG Engine.jmeter.JTLReader] Aggregating: 1523221690
[2018-04-08 18:08:21,459 DEBUG Engine.jmeter.JTLReader] Aggregating: 1523221691
[2018-04-08 18:08:21,489 DEBUG Engine.jmeter.JTLReader] Aggregating: 1523221692
[2018-04-08 18:08:21,540 DEBUG Engine.jmeter.JTLReader] Aggregating: 1523221694
[2018-04-08 18:08:21,579 DEBUG Engine.jmeter.JTLReader] Aggregating: 1523221695
[2018-04-08 18:08:21,612 DEBUG Engine.jmeter.JTLReader] Aggregating: 1523221696
[2018-04-08 18:08:21,644 DEBUG Engine.jmeter.JTLReader] Aggregating: 1523221697
[2018-04-08 18:08:21,674 DEBUG Engine.jmeter.JTLReader] Aggregating: 1523221698
[2018-04-08 18:08:21,701 DEBUG Engine.jmeter.JTLReader] Aggregating: 1523221699
[2018-04-08 18:08:21,723 DEBUG Engine.consolidator] Consolidator buffer[31]: [1523221666, 1523221667, 1523221668, 1523221669, 1523221670, 1523221671, 1523221672, 1523221673, 1523221674, 1523221676, 1523221677, 1523221678, 1523221679, 1523221680, 1523221681, 1523221682, 1523221683, 1523221684, 1523221685, 1523221686, 1523221687, 1523221689, 1523221690, 1523221691, 1523221692, 1523221694, 1523221695, 1523221696, 1523221697, 1523221698, 1523221699]
[2018-04-08 18:08:21,724 DEBUG Engine.consolidator] Merging into 1523221666
[2018-04-08 18:08:21,724 DEBUG Engine.consolidator] Merging 1523221666
[2018-04-08 18:08:21,812 DEBUG root] 1523221666 Failed: avg-rt>50ms for 11 sec: True
[2018-04-08 18:08:21,812 DEBUG root] No label reserve  in ['', u'http://ec2-54-84-118-207.compute-1.amazonaws.com:8079/special-offers.jsp', u'http://ec2-54-84-118-207.compute-1.amazonaws.com:8079/rb_ecc29184-1ae2-46dd-96fe-06997671fc57']
[2018-04-08 18:08:21,814 DEBUG Engine.consolidator] Processed datapoint: 1523221666/None
[2018-04-08 18:08:21,814 DEBUG Engine.consolidator] Merging into 1523221667
[2018-04-08 18:08:21,814 DEBUG Engine.consolidator] Merging 1523221667
[2018-04-08 18:08:21,901 DEBUG root] 1523221667 Failed: avg-rt>50ms for 12 sec: True
[2018-04-08 18:08:21,901 DEBUG root] No label reserve  in ['', u'http://ec2-54-84-118-207.compute-1.amazonaws.com:8079/special-offers.jsp', u'http://ec2-54-84-118-207.compute-1.amazonaws.com:8079/rb_ecc29184-1ae2-46dd-96fe-06997671fc57']
[2018-04-08 18:08:21,902 DEBUG Engine.consolidator] Processed datapoint: 1523221667/None
[2018-04-08 18:08:21,903 DEBUG Engine.consolidator] Merging into 1523221668
[2018-04-08 18:08:21,903 DEBUG Engine.consolidator] Merging 1523221668
[2018-04-08 18:08:21,989 DEBUG root] 1523221668 Failed: avg-rt>50ms for 13 sec: True
[2018-04-08 18:08:21,989 DEBUG root] No label reserve  in ['', u'http://ec2-54-84-118-207.compute-1.amazonaws.com:8079/special-offers.jsp', u'http://ec2-54-84-118-207.compute-1.amazonaws.com:8079/rb_ecc29184-1ae2-46dd-96fe-06997671fc57']
[2018-04-08 18:08:21,990 DEBUG Engine.consolidator] Processed datapoint: 1523221668/None
[2018-04-08 18:08:21,991 DEBUG Engine.consolidator] Merging into 1523221669
[2018-04-08 18:08:21,991 DEBUG Engine.consolidator] Merging 1523221669
[2018-04-08 18:08:22,043 DEBUG root] 1523221669 Failed: avg-rt>50ms for 14 sec: True
[2018-04-08 18:08:22,043 DEBUG root] No label reserve  in ['', u'http://ec2-54-84-118-207.compute-1.amazonaws.com:8079/rb_ecc29184-1ae2-46dd-96fe-06997671fc57']
[2018-04-08 18:08:22,045 DEBUG Engine.consolidator] Processed datapoint: 1523221669/None
[2018-04-08 18:08:22,045 DEBUG Engine.consolidator] Merging into 1523221670
[2018-04-08 18:08:22,045 DEBUG Engine.consolidator] Merging 1523221670
[2018-04-08 18:08:22,137 DEBUG root] 1523221670 Failed: avg-rt>50ms for 15 sec: True
[2018-04-08 18:08:22,138 DEBUG root] No label reserve  in ['', u'http://ec2-54-84-118-207.compute-1.amazonaws.com:8079/special-offers.jsp', u'http://ec2-54-84-118-207.compute-1.amazonaws.com:8079/rb_ecc29184-1ae2-46dd-96fe-06997671fc57']
[2018-04-08 18:08:22,141 DEBUG Engine.consolidator] Processed datapoint: 1523221670/None
[2018-04-08 18:08:22,141 DEBUG Engine.consolidator] Merging into 1523221671
[2018-04-08 18:08:22,142 DEBUG Engine.consolidator] Merging 1523221671
[2018-04-08 18:08:22,230 DEBUG root] 1523221671 Failed: avg-rt>50ms for 16 sec: True
[2018-04-08 18:08:22,230 DEBUG root] No label reserve  in ['', u'http://ec2-54-84-118-207.compute-1.amazonaws.com:8079/special-offers.jsp', u'http://ec2-54-84-118-207.compute-1.amazonaws.com:8079/rb_ecc29184-1ae2-46dd-96fe-06997671fc57']
[2018-04-08 18:08:22,231 DEBUG Engine.consolidator] Processed datapoint: 1523221671/None
[2018-04-08 18:08:22,231 DEBUG Engine.consolidator] Merging into 1523221672
[2018-04-08 18:08:22,232 DEBUG Engine.consolidator] Merging 1523221672
[2018-04-08 18:08:22,338 DEBUG root] 1523221672 Failed: avg-rt>50ms for 17 sec: True
[2018-04-08 18:08:22,338 DEBUG root] No label reserve  in ['', u'http://ec2-54-84-118-207.compute-1.amazonaws.com:8079/special-offers.jsp', u'http://ec2-54-84-118-207.compute-1.amazonaws.com:8079/rb_ecc29184-1ae2-46dd-96fe-06997671fc57', u'http://ec2-54-84-118-207.compute-1.amazonaws.com:8079/orange-booking-review.jsf']
[2018-04-08 18:08:22,340 DEBUG Engine.consolidator] Processed datapoint: 1523221672/None
[2018-04-08 18:08:22,340 DEBUG Engine.consolidator] Merging into 1523221673
[2018-04-08 18:08:22,340 DEBUG Engine.consolidator] Merging 1523221673
[2018-04-08 18:08:22,445 DEBUG root] 1523221673 Failed: avg-rt>50ms for 18 sec: True
[2018-04-08 18:08:22,445 DEBUG root] No label reserve  in ['', u'http://ec2-54-84-118-207.compute-1.amazonaws.com:8079/special-offers.jsp', u'http://ec2-54-84-118-207.compute-1.amazonaws.com:8079/rb_ecc29184-1ae2-46dd-96fe-06997671fc57']
[2018-04-08 18:08:22,447 DEBUG Engine.consolidator] Processed datapoint: 1523221673/None
[2018-04-08 18:08:22,447 DEBUG Engine.consolidator] Merging into 1523221674
[2018-04-08 18:08:22,447 DEBUG Engine.consolidator] Merging 1523221674
[2018-04-08 18:08:22,527 DEBUG root] 1523221674 Failed: avg-rt>50ms for 19 sec: True
[2018-04-08 18:08:22,527 DEBUG root] No label reserve  in ['', u'http://ec2-54-84-118-207.compute-1.amazonaws.com:8079/special-offers.jsp', u'http://ec2-54-84-118-207.compute-1.amazonaws.com:8079/rb_ecc29184-1ae2-46dd-96fe-06997671fc57']
[2018-04-08 18:08:22,529 DEBUG Engine.consolidator] Processed datapoint: 1523221674/None
[2018-04-08 18:08:22,529 DEBUG Engine.consolidator] Merging into 1523221676
[2018-04-08 18:08:22,529 DEBUG Engine.consolidator] Merging 1523221676
[2018-04-08 18:08:22,593 DEBUG root] 1523221676 Failed: avg-rt>50ms for 21 sec: True
[2018-04-08 18:08:22,594 DEBUG root] No label reserve  in ['', u'http://ec2-54-84-118-207.compute-1.amazonaws.com:8079/rb_ecc29184-1ae2-46dd-96fe-06997671fc57']
[2018-04-08 18:08:22,595 DEBUG Engine.consolidator] Processed datapoint: 1523221676/None
[2018-04-08 18:08:22,595 DEBUG Engine.consolidator] Merging into 1523221677
[2018-04-08 18:08:22,595 DEBUG Engine.consolidator] Merging 1523221677
[2018-04-08 18:08:22,684 DEBUG root] 1523221677 Failed: avg-rt>50ms for 22 sec: True
[2018-04-08 18:08:22,684 DEBUG root] No label reserve  in ['', u'http://ec2-54-84-118-207.compute-1.amazonaws.com:8079/special-offers.jsp', u'http://ec2-54-84-118-207.compute-1.amazonaws.com:8079/rb_ecc29184-1ae2-46dd-96fe-06997671fc57', u'http://ec2-54-84-118-207.compute-1.amazonaws.com:8079/orange-booking-review.jsf']
[2018-04-08 18:08:22,686 DEBUG Engine.consolidator] Processed datapoint: 1523221677/None
[2018-04-08 18:08:22,686 DEBUG Engine.consolidator] Merging into 1523221678
[2018-04-08 18:08:22,686 DEBUG Engine.consolidator] Merging 1523221678
[2018-04-08 18:08:22,762 DEBUG root] 1523221678 Failed: avg-rt>50ms for 23 sec: True
[2018-04-08 18:08:22,762 DEBUG root] No label reserve  in ['', u'http://ec2-54-84-118-207.compute-1.amazonaws.com:8079/special-offers.jsp', u'http://ec2-54-84-118-207.compute-1.amazonaws.com:8079/rb_ecc29184-1ae2-46dd-96fe-06997671fc57']
[2018-04-08 18:08:22,763 DEBUG Engine.consolidator] Processed datapoint: 1523221678/None
[2018-04-08 18:08:22,764 DEBUG Engine.consolidator] Merging into 1523221679
[2018-04-08 18:08:22,764 DEBUG Engine.consolidator] Merging 1523221679
[2018-04-08 18:08:22,843 DEBUG root] 1523221679 Failed: avg-rt>50ms for 24 sec: True
[2018-04-08 18:08:22,843 DEBUG root] No label reserve  in ['', u'http://ec2-54-84-118-207.compute-1.amazonaws.com:8079/special-offers.jsp', u'http://ec2-54-84-118-207.compute-1.amazonaws.com:8079/rb_ecc29184-1ae2-46dd-96fe-06997671fc57']
[2018-04-08 18:08:22,845 DEBUG Engine.consolidator] Processed datapoint: 1523221679/None
[2018-04-08 18:08:22,845 DEBUG Engine.consolidator] Merging into 1523221680
[2018-04-08 18:08:22,845 DEBUG Engine.consolidator] Merging 1523221680
[2018-04-08 18:08:22,914 DEBUG root] 1523221680 Failed: avg-rt>50ms for 25 sec: True
[2018-04-08 18:08:22,914 DEBUG root] No label reserve  in ['', u'http://ec2-54-84-118-207.compute-1.amazonaws.com:8079/special-offers.jsp']
[2018-04-08 18:08:22,916 DEBUG Engine.consolidator] Processed datapoint: 1523221680/None
[2018-04-08 18:08:22,916 DEBUG Engine.consolidator] Merging into 1523221681
[2018-04-08 18:08:22,916 DEBUG Engine.consolidator] Merging 1523221681
[2018-04-08 18:08:22,988 DEBUG root] 1523221681 Failed: avg-rt>50ms for 26 sec: True
[2018-04-08 18:08:22,988 DEBUG root] No label reserve  in ['', u'http://ec2-54-84-118-207.compute-1.amazonaws.com:8079/rb_ecc29184-1ae2-46dd-96fe-06997671fc57']
[2018-04-08 18:08:22,989 DEBUG Engine.consolidator] Processed datapoint: 1523221681/None
[2018-04-08 18:08:22,990 DEBUG Engine.consolidator] Merging into 1523221682
[2018-04-08 18:08:22,990 DEBUG Engine.consolidator] Merging 1523221682
[2018-04-08 18:08:23,067 DEBUG root] 1523221682 Failed: avg-rt>50ms for 27 sec: True
[2018-04-08 18:08:23,067 DEBUG root] No label reserve  in ['', u'http://ec2-54-84-118-207.compute-1.amazonaws.com:8079/special-offers.jsp', u'http://ec2-54-84-118-207.compute-1.amazonaws.com:8079/rb_ecc29184-1ae2-46dd-96fe-06997671fc57']
[2018-04-08 18:08:23,069 DEBUG Engine.consolidator] Processed datapoint: 1523221682/None
[2018-04-08 18:08:23,069 DEBUG Engine.consolidator] Merging into 1523221683
[2018-04-08 18:08:23,069 DEBUG Engine.consolidator] Merging 1523221683
[2018-04-08 18:08:23,150 DEBUG root] 1523221683 Failed: avg-rt>50ms for 28 sec: True
[2018-04-08 18:08:23,150 DEBUG root] No label reserve  in ['', u'http://ec2-54-84-118-207.compute-1.amazonaws.com:8079/special-offers.jsp', u'http://ec2-54-84-118-207.compute-1.amazonaws.com:8079/rb_ecc29184-1ae2-46dd-96fe-06997671fc57']
[2018-04-08 18:08:23,152 DEBUG Engine.consolidator] Processed datapoint: 1523221683/None
[2018-04-08 18:08:23,152 DEBUG Engine.consolidator] Merging into 1523221684
[2018-04-08 18:08:23,152 DEBUG Engine.consolidator] Merging 1523221684
[2018-04-08 18:08:23,220 DEBUG root] 1523221684 Failed: avg-rt>50ms for 29 sec: True
[2018-04-08 18:08:23,220 DEBUG root] No label reserve  in ['', u'http://ec2-54-84-118-207.compute-1.amazonaws.com:8079/rb_ecc29184-1ae2-46dd-96fe-06997671fc57']
[2018-04-08 18:08:23,222 DEBUG Engine.consolidator] Processed datapoint: 1523221684/None
[2018-04-08 18:08:23,222 DEBUG Engine.consolidator] Merging into 1523221685
[2018-04-08 18:08:23,222 DEBUG Engine.consolidator] Merging 1523221685
[2018-04-08 18:08:23,338 DEBUG root] 1523221685 Failed: avg-rt>50ms for 30 sec: True
[2018-04-08 18:08:23,338 DEBUG root] No label reserve  in ['', u'http://ec2-54-84-118-207.compute-1.amazonaws.com:8079/special-offers.jsp', u'http://ec2-54-84-118-207.compute-1.amazonaws.com:8079/rb_ecc29184-1ae2-46dd-96fe-06997671fc57']
[2018-04-08 18:08:23,340 DEBUG Engine.consolidator] Processed datapoint: 1523221685/None
[2018-04-08 18:08:23,340 DEBUG Engine.consolidator] Merging into 1523221686
[2018-04-08 18:08:23,340 DEBUG Engine.consolidator] Merging 1523221686
[2018-04-08 18:08:23,418 DEBUG root] 1523221686 Failed: avg-rt>50ms for 31 sec: True
[2018-04-08 18:08:23,418 DEBUG root] No label reserve  in ['', u'http://ec2-54-84-118-207.compute-1.amazonaws.com:8079/special-offers.jsp']
[2018-04-08 18:08:23,420 DEBUG Engine.consolidator] Processed datapoint: 1523221686/None
[2018-04-08 18:08:23,420 DEBUG Engine.consolidator] Merging into 1523221687
[2018-04-08 18:08:23,420 DEBUG Engine.consolidator] Merging 1523221687
[2018-04-08 18:08:23,497 DEBUG root] 1523221687 Failed: avg-rt>50ms for 32 sec: True
[2018-04-08 18:08:23,497 DEBUG root] No label reserve  in ['', u'http://ec2-54-84-118-207.compute-1.amazonaws.com:8079/rb_ecc29184-1ae2-46dd-96fe-06997671fc57']
[2018-04-08 18:08:23,499 DEBUG Engine.consolidator] Processed datapoint: 1523221687/None
[2018-04-08 18:08:23,499 DEBUG Engine.consolidator] Merging into 1523221689
[2018-04-08 18:08:23,499 DEBUG Engine.consolidator] Merging 1523221689
[2018-04-08 18:08:23,616 DEBUG root] 1523221689 Failed: avg-rt>50ms for 34 sec: True
[2018-04-08 18:08:23,616 DEBUG root] No label reserve  in ['', u'http://ec2-54-84-118-207.compute-1.amazonaws.com:8079/special-offers.jsp', u'http://ec2-54-84-118-207.compute-1.amazonaws.com:8079/rb_ecc29184-1ae2-46dd-96fe-06997671fc57', u'http://ec2-54-84-118-207.compute-1.amazonaws.com:8079/orange-booking-review.jsf']
[2018-04-08 18:08:23,618 DEBUG Engine.consolidator] Processed datapoint: 1523221689/None
[2018-04-08 18:08:23,618 DEBUG Engine.consolidator] Merging into 1523221690
[2018-04-08 18:08:23,618 DEBUG Engine.consolidator] Merging 1523221690
[2018-04-08 18:08:23,705 DEBUG root] 1523221690 Failed: avg-rt>50ms for 35 sec: True
[2018-04-08 18:08:23,705 DEBUG root] No label reserve  in ['', u'http://ec2-54-84-118-207.compute-1.amazonaws.com:8079/rb_ecc29184-1ae2-46dd-96fe-06997671fc57']
[2018-04-08 18:08:23,707 DEBUG Engine.consolidator] Processed datapoint: 1523221690/None
[2018-04-08 18:08:23,707 DEBUG Engine.consolidator] Merging into 1523221691
[2018-04-08 18:08:23,707 DEBUG Engine.consolidator] Merging 1523221691
[2018-04-08 18:08:23,789 DEBUG root] 1523221691 Failed: avg-rt>50ms for 36 sec: True
[2018-04-08 18:08:23,789 DEBUG root] No label reserve  in ['', u'http://ec2-54-84-118-207.compute-1.amazonaws.com:8079/rb_ecc29184-1ae2-46dd-96fe-06997671fc57']
[2018-04-08 18:08:23,791 DEBUG Engine.consolidator] Processed datapoint: 1523221691/None
[2018-04-08 18:08:23,791 DEBUG Engine.consolidator] Merging into 1523221692
[2018-04-08 18:08:23,791 DEBUG Engine.consolidator] Merging 1523221692
[2018-04-08 18:08:23,894 DEBUG root] 1523221692 Failed: avg-rt>50ms for 37 sec: True
[2018-04-08 18:08:23,894 DEBUG root] No label reserve  in ['', u'http://ec2-54-84-118-207.compute-1.amazonaws.com:8079/special-offers.jsp', u'http://ec2-54-84-118-207.compute-1.amazonaws.com:8079/rb_ecc29184-1ae2-46dd-96fe-06997671fc57']
[2018-04-08 18:08:23,896 DEBUG Engine.consolidator] Processed datapoint: 1523221692/None
[2018-04-08 18:08:23,896 DEBUG Engine.consolidator] Merging into 1523221694
[2018-04-08 18:08:23,896 DEBUG Engine.consolidator] Merging 1523221694
[2018-04-08 18:08:23,987 DEBUG root] 1523221694 Failed: avg-rt>50ms for 39 sec: True
[2018-04-08 18:08:23,987 DEBUG root] No label reserve  in ['', u'http://ec2-54-84-118-207.compute-1.amazonaws.com:8079/special-offers.jsp']
[2018-04-08 18:08:23,989 DEBUG Engine.consolidator] Processed datapoint: 1523221694/None
[2018-04-08 18:08:23,989 DEBUG Engine.consolidator] Merging into 1523221695
[2018-04-08 18:08:23,989 DEBUG Engine.consolidator] Merging 1523221695
[2018-04-08 18:08:24,069 DEBUG root] 1523221695 Failed: avg-rt>50ms for 40 sec: True
[2018-04-08 18:08:24,069 DEBUG root] No label reserve  in ['', u'http://ec2-54-84-118-207.compute-1.amazonaws.com:8079/special-offers.jsp']
[2018-04-08 18:08:24,072 DEBUG Engine.consolidator] Processed datapoint: 1523221695/None
[2018-04-08 18:08:24,072 DEBUG Engine.consolidator] Merging into 1523221696
[2018-04-08 18:08:24,072 DEBUG Engine.consolidator] Merging 1523221696
[2018-04-08 18:08:24,157 DEBUG root] 1523221696 Failed: avg-rt>50ms for 41 sec: True
[2018-04-08 18:08:24,157 DEBUG root] No label reserve  in ['', u'http://ec2-54-84-118-207.compute-1.amazonaws.com:8079/special-offers.jsp']
[2018-04-08 18:08:24,159 DEBUG Engine.consolidator] Processed datapoint: 1523221696/None
[2018-04-08 18:08:24,159 DEBUG Engine.consolidator] Merging into 1523221697
[2018-04-08 18:08:24,159 DEBUG Engine.consolidator] Merging 1523221697
[2018-04-08 18:08:24,235 DEBUG root] 1523221697 Failed: avg-rt>50ms for 42 sec: True
[2018-04-08 18:08:24,235 DEBUG root] No label reserve  in ['', u'http://ec2-54-84-118-207.compute-1.amazonaws.com:8079/special-offers.jsp']
[2018-04-08 18:08:24,237 DEBUG Engine.consolidator] Processed datapoint: 1523221697/None
[2018-04-08 18:08:24,237 DEBUG Engine.consolidator] Merging into 1523221698
[2018-04-08 18:08:24,237 DEBUG Engine.consolidator] Merging 1523221698
[2018-04-08 18:08:24,306 DEBUG root] 1523221698 Failed: avg-rt>50ms for 43 sec: True
[2018-04-08 18:08:24,306 DEBUG root] No label reserve  in ['', u'http://ec2-54-84-118-207.compute-1.amazonaws.com:8079/special-offers.jsp']
[2018-04-08 18:08:24,308 DEBUG Engine.consolidator] Processed datapoint: 1523221698/None
[2018-04-08 18:08:24,308 DEBUG Engine.consolidator] Merging into 1523221699
[2018-04-08 18:08:24,308 DEBUG Engine.consolidator] Merging 1523221699
[2018-04-08 18:08:24,372 DEBUG root] 1523221699 Failed: avg-rt>50ms for 44 sec: True
[2018-04-08 18:08:24,372 DEBUG root] No label reserve  in ['', u'http://ec2-54-84-118-207.compute-1.amazonaws.com:8079/orange-booking-review.jsf']
[2018-04-08 18:08:24,374 DEBUG Engine.consolidator] Processed datapoint: 1523221699/None
[2018-04-08 18:08:24,374 INFO Engine.final-stats] Test duration: 0:00:50
[2018-04-08 18:08:24,374 INFO Engine.final-stats] Samples count: 62, 6.45% failures
[2018-04-08 18:08:24,374 INFO Engine.final-stats] Average times: total 5.053, latency 1.875, connect 0.000
[2018-04-08 18:08:24,374 INFO Engine.final-stats] Percentile 0.0%: 0.200
[2018-04-08 18:08:24,375 INFO Engine.final-stats] Percentile 50.0%: 2.427
[2018-04-08 18:08:24,375 INFO Engine.final-stats] Percentile 90.0%: 13.199
[2018-04-08 18:08:24,375 INFO Engine.final-stats] Percentile 95.0%: 16.991
[2018-04-08 18:08:24,375 INFO Engine.final-stats] Percentile 99.0%: 19.487
[2018-04-08 18:08:24,375 INFO Engine.final-stats] Percentile 99.9%: 23.455
[2018-04-08 18:08:24,375 INFO Engine.final-stats] Percentile 100.0%: 23.455
[2018-04-08 18:08:24,376 DEBUG Engine.console] No logger_handler or orig_stream was detected
[2018-04-08 18:08:24,376 DEBUG Engine.junit-xml] Processing passfail objects: [<bzt.modules.passfail.PassFailStatus object at 0x110b7ea90>]
[2018-04-08 18:08:24,377 DEBUG Engine] post_process: Cannot create file /var/lib/jenkins/workspace/Taurus-Jenkins-ServiceNow-Demo/junit-report.xml
Traceback (most recent call last):
  File "/usr/local/lib/python2.7/site-packages/bzt/engine.py", line 287, in post_process
    module.post_process()
  File "/usr/local/lib/python2.7/site-packages/bzt/modules/reporting.py", line 337, in post_process
    writer.save_report(filename)
  File "/usr/local/lib/python2.7/site-packages/bzt/modules/reporting.py", line 505, in save_report
    raise TaurusInternalException("Cannot create file %s" % fname)
TaurusInternalException: Cannot create file /var/lib/jenkins/workspace/Taurus-Jenkins-ServiceNow-Demo/junit-report.xml

[2018-04-08 18:08:24,377 DEBUG Engine.blazemeter] KPI bulk buffer len in post-proc: 37
[2018-04-08 18:08:24,377 INFO Engine.blazemeter] Sending remaining KPI data to server...
[2018-04-08 18:08:24,390 DEBUG User] Request: POST https://data.blazemeter.com/submit.php?session_id=r-ext-5aca8492a77bf&signature=898f99edb71948881e9eb89d3ae17a6b&test_id=6013956&user_id=379105&pq=0&target=labels_bulk&update=1 {
 "sourceID": 4579576592, 
 "labels": [
  {
   "percentileHistogramBytes": [], 
   "errors": [], 
   "name": "ALL", 
   "interval": 1, 
   "otherErrorsCount": 0, 
   "n": 62, 
   "percentileHistogramLatency": [], 
   "intervals": [
    {
     "by": {
    
[2018-04-08 18:08:25,236 DEBUG urllib3.connectionpool] https://data.blazemeter.com:443 "POST /submit.php?session_id=r-ext-5aca8492a77bf&signature=898f99edb71948881e9eb89d3ae17a6b&test_id=6013956&user_id=379105&pq=0&target=labels_bulk&update=1 HTTP/1.1" 200 156
[2018-04-08 18:08:25,237 DEBUG User] Response [200]: {"api_version":2,"error":null,"result":{"session":{"_id":"r-ext-5aca8492a77bf","name":"Easytravel-LoadTest-Demo","statusCode":100,"status":"INITIALIZING"}}}
[2018-04-08 18:08:25,250 DEBUG User] Request: POST https://data.blazemeter.com/api/v4/image/r-ext-5aca8492a77bf/files?signature=898f99edb71948881e9eb89d3ae17a6b --===============4457200869244960707==
Content-Disposition: file; name="file"; filename="r-ext-5aca8492a77bf-0-c.monitoring.json"
Content-Type: application/json

{
 "kpis": {
  "Connections": "Connections", 
  "CPU": "CPU", 
  "Network I/O": "Network I
[2018-04-08 18:08:26,066 DEBUG urllib3.connectionpool] https://data.blazemeter.com:443 "POST /api/v4/image/r-ext-5aca8492a77bf/files?signature=898f99edb71948881e9eb89d3ae17a6b HTTP/1.1" 200 116
[2018-04-08 18:08:26,067 DEBUG User] Response [200]: {
    "api_version": 4,
    "error": null,
    "result": [
        "r-ext-5aca8492a77bf-0-c.monitoring.json"
    ]
}
[2018-04-08 18:08:26,146 INFO Engine.blazemeter] Uploading all artifacts as artifacts.zip ...
[2018-04-08 18:08:26,146 DEBUG User] Request: POST https://data.blazemeter.com/api/v4/image/r-ext-5aca8492a77bf/files?signature=898f99edb71948881e9eb89d3ae17a6b --===============5129408983654453146==
Content-Disposition: file; name="file"; filename="artifacts.zip"
Content-Type: application/zip

PK    L/0!       merged.json]ksHv>BLL&<^g7[	"A@p ,' 	]f
[2018-04-08 18:08:27,487 DEBUG urllib3.connectionpool] https://data.blazemeter.com:443 "POST /api/v4/image/r-ext-5aca8492a77bf/files?signature=898f99edb71948881e9eb89d3ae17a6b HTTP/1.1" 200 90
[2018-04-08 18:08:27,488 DEBUG User] Response [200]: {
    "api_version": 4,
    "error": null,
    "result": [
        "artifacts.zip"
    ]
}
[2018-04-08 18:08:27,488 DEBUG User] Request: POST https://data.blazemeter.com/api/v4/image/r-ext-5aca8492a77bf/files?signature=898f99edb71948881e9eb89d3ae17a6b --===============2471717902836314462==
Content-Disposition: file; name="file"; filename="artifacts.zip.tail.bz"
Content-Type: application/x-bzip

45K Test-Easytravel.yml
307  bzm-report-easytravel-demo.yml
51K bzt.log
52K effective.json
49K effective.y
[2018-04-08 18:08:28,019 DEBUG urllib3.connectionpool] https://data.blazemeter.com:443 "POST /api/v4/image/r-ext-5aca8492a77bf/files?signature=898f99edb71948881e9eb89d3ae17a6b HTTP/1.1" 200 98
[2018-04-08 18:08:28,020 DEBUG User] Response [200]: {
    "api_version": 4,
    "error": null,
    "result": [
        "artifacts.zip.tail.bz"
    ]
}
[2018-04-08 18:08:28,020 INFO Engine.blazemeter] Uploading /Users/sergiomaurenzi/Documents/GitHub/Taurus-Jenkins-ServiceNow-demo/2018-04-08_18-07-09.226362/bzt.log
[2018-04-08 18:08:28,023 DEBUG User] Request: POST https://data.blazemeter.com/api/v4/image/r-ext-5aca8492a77bf/files?signature=898f99edb71948881e9eb89d3ae17a6b --===============3348032218324792353==
Content-Disposition: file; name="file"; filename="bzt.log"
Content-Type: text/plain

[2018-04-08 18:07:08,989 INFO root] Taurus CLI Tool v1.11.0
[2018-04-08 18:07:08,989 DEBUG root] Command-line options: {'verbose
[2018-04-08 18:08:29,053 DEBUG urllib3.connectionpool] https://data.blazemeter.com:443 "POST /api/v4/image/r-ext-5aca8492a77bf/files?signature=898f99edb71948881e9eb89d3ae17a6b HTTP/1.1" 200 84
[2018-04-08 18:08:29,054 DEBUG User] Response [200]: {
    "api_version": 4,
    "error": null,
    "result": [
        "bzt.log"
    ]
}
[2018-04-08 18:08:29,055 DEBUG User] Request: POST https://data.blazemeter.com/api/v4/image/r-ext-5aca8492a77bf/files?signature=898f99edb71948881e9eb89d3ae17a6b --===============1059263335080331296==
Content-Disposition: file; name="file"; filename="bzt.log.tail.bz"
Content-Type: application/x-bzip

 "sourceID": 4579576592, 
 "labels": [
  {
   "percentileHistogramBytes": [], 
   "errors": [], 
   "name": "ALL
[2018-04-08 18:08:29,560 DEBUG urllib3.connectionpool] https://data.blazemeter.com:443 "POST /api/v4/image/r-ext-5aca8492a77bf/files?signature=898f99edb71948881e9eb89d3ae17a6b HTTP/1.1" 200 92
[2018-04-08 18:08:29,561 DEBUG User] Response [200]: {
    "api_version": 4,
    "error": null,
    "result": [
        "bzt.log.tail.bz"
    ]
}
[2018-04-08 18:08:29,561 DEBUG Engine.blazemeter] Set last check time to: 1523221646.84
[2018-04-08 18:08:29,561 INFO Engine.blazemeter] Ending data feeding...
[2018-04-08 18:08:29,562 DEBUG User] Request: POST https://a.blazemeter.com/api/v4/sessions/r-ext-5aca8492a77bf/stop None
[2018-04-08 18:08:30,045 DEBUG urllib3.connectionpool] https://a.blazemeter.com:443 "POST /api/v4/sessions/r-ext-5aca8492a77bf/stop HTTP/1.1" 202 63
[2018-04-08 18:08:30,046 DEBUG User] Response [202]: {
    "api_version": 4,
    "error": null,
    "result": true
}
[2018-04-08 18:08:30,046 DEBUG User] Request: GET https://a.blazemeter.com/api/v4/sessions/r-ext-5aca8492a77bf None
[2018-04-08 18:08:30,420 DEBUG urllib3.connectionpool] https://a.blazemeter.com:443 "GET /api/v4/sessions/r-ext-5aca8492a77bf HTTP/1.1" 200 2312
[2018-04-08 18:08:30,422 DEBUG User] Response [200]: {
    "api_version": 4,
    "error": null,
    "result": {
        "id": "r-ext-5aca8492a77bf",
        "name": "Easytravel-LoadTest-Demo",
        "userId": 379105,
        "offset": 0,
        "statusCode": 140,
        "status": "ENDED",
        "ended"
[2018-04-08 18:08:30,422 DEBUG User] Request: PATCH https://a.blazemeter.com/api/v4/sessions/r-ext-5aca8492a77bf {
 "note": "AutomatedShutdown: Failed: avg-rt>50ms for 10 sec"
}
[2018-04-08 18:08:30,804 DEBUG urllib3.connectionpool] https://a.blazemeter.com:443 "PATCH /api/v4/sessions/r-ext-5aca8492a77bf HTTP/1.1" 200 2130
[2018-04-08 18:08:30,805 DEBUG User] Response [200]: {
    "api_version": 4,
    "error": null,
    "result": {
        "id": "r-ext-5aca8492a77bf",
        "name": "Easytravel-LoadTest-Demo",
        "userId": 379105,
        "offset": 0,
        "statusCode": 140,
        "status": "ENDED",
        "ended"
[2018-04-08 18:08:30,805 DEBUG User] Request: GET https://a.blazemeter.com/api/v4/masters/17472363 None
[2018-04-08 18:08:31,177 DEBUG urllib3.connectionpool] https://a.blazemeter.com:443 "GET /api/v4/masters/17472363 HTTP/1.1" 200 1713
[2018-04-08 18:08:31,177 DEBUG User] Response [200]: {
    "api_version": 4,
    "error": null,
    "result": {
        "id": 17472363,
        "name": "Easytravel-LoadTest-Demo",
        "userId": 379105,
        "ended": 1523221709,
        "maxUsers": 36,
        "created": 1523221650,
        "updated": 
[2018-04-08 18:08:31,177 DEBUG User] Request: PATCH https://a.blazemeter.com/api/v4/masters/17472363 {
 "note": "AutomatedShutdown: Failed: avg-rt>50ms for 10 sec"
}
[2018-04-08 18:08:31,551 DEBUG urllib3.connectionpool] https://a.blazemeter.com:443 "PATCH /api/v4/masters/17472363 HTTP/1.1" 200 453
[2018-04-08 18:08:31,552 DEBUG User] Response [200]: {
    "api_version": 4,
    "error": null,
    "result": {
        "id": 17472363,
        "name": "Easytravel-LoadTest-Demo",
        "userId": 379105,
        "ended": 1523221709,
        "maxUsers": 36,
        "isSandbox": false,
        "executorClien
[2018-04-08 18:08:31,552 INFO Engine.blazemeter] Online report link: https://a.blazemeter.com/app/#/masters/17472363
[2018-04-08 18:08:31,557 DEBUG Engine.Configuration] Dumping YAML config into /Users/sergiomaurenzi/Documents/GitHub/Taurus-Jenkins-ServiceNow-demo/2018-04-08_18-07-09.226362/effective.yml
[2018-04-08 18:08:31,673 DEBUG Engine.Configuration] Dumping JSON config into /Users/sergiomaurenzi/Documents/GitHub/Taurus-Jenkins-ServiceNow-demo/2018-04-08_18-07-09.226362/effective.json
[2018-04-08 18:08:31,678 DEBUG root] Internal Error: Cannot create file /var/lib/jenkins/workspace/Taurus-Jenkins-ServiceNow-Demo/junit-report.xml
[2018-04-08 18:08:31,678 DEBUG root] TaurusInternalException: Cannot create file /var/lib/jenkins/workspace/Taurus-Jenkins-ServiceNow-Demo/junit-report.xml
Traceback (most recent call last):
  File "/usr/local/lib/python2.7/site-packages/bzt/cli.py", line 257, in perform
    self.engine.post_process()
  File "/usr/local/lib/python2.7/site-packages/bzt/engine.py", line 300, in post_process
    reraise(exc_info)
  File "/usr/local/lib/python2.7/site-packages/bzt/engine.py", line 287, in post_process
    module.post_process()
  File "/usr/local/lib/python2.7/site-packages/bzt/modules/reporting.py", line 337, in post_process
    writer.save_report(filename)
  File "/usr/local/lib/python2.7/site-packages/bzt/modules/reporting.py", line 505, in save_report
    raise TaurusInternalException("Cannot create file %s" % fname)
TaurusInternalException: Cannot create file /var/lib/jenkins/workspace/Taurus-Jenkins-ServiceNow-Demo/junit-report.xml
[2018-04-08 18:08:31,678 INFO root] Artifacts dir: /Users/sergiomaurenzi/Documents/GitHub/Taurus-Jenkins-ServiceNow-demo/2018-04-08_18-07-09.226362
[2018-04-08 18:08:31,678 WARNING root] Done performing with code: 3
[2018-04-08 18:08:31,679 DEBUG root] Closing log handler: /Users/sergiomaurenzi/Documents/GitHub/Taurus-Jenkins-ServiceNow-demo/2018-04-08_18-07-09.226362/bzt.log
