2018-04-08 18:07:34,417 INFO o.a.j.u.JMeterUtils: Setting Locale to es_ES
2018-04-08 18:07:34,467 INFO o.a.j.u.JMeterUtils: Could not find resources for 'es_ES', using 'es'
2018-04-08 18:07:34,470 INFO o.a.j.JMeter: Loading user properties from: /Users/sergiomaurenzi/.bzt/jmeter-taurus/4.0/bin/user.properties
2018-04-08 18:07:34,471 INFO o.a.j.JMeter: Loading system properties from: /Users/sergiomaurenzi/.bzt/jmeter-taurus/4.0/bin/system.properties
2018-04-08 18:07:34,473 INFO o.a.j.JMeter: Setting System properties from file: /Users/sergiomaurenzi/Documents/GitHub/Taurus-Jenkins-ServiceNow-demo/2018-04-08_18-07-09.226362/system.properties
2018-04-08 18:07:34,485 INFO o.a.j.JMeter: Copyright (c) 1998-2018 The Apache Software Foundation
2018-04-08 18:07:34,485 INFO o.a.j.JMeter: Version 4.0 r1823414
2018-04-08 18:07:34,486 INFO o.a.j.JMeter: java.version=1.8.0_91
2018-04-08 18:07:34,486 INFO o.a.j.JMeter: java.vm.name=Java HotSpot(TM) 64-Bit Server VM
2018-04-08 18:07:34,486 INFO o.a.j.JMeter: os.name=Mac OS X
2018-04-08 18:07:34,492 INFO o.a.j.JMeter: os.arch=x86_64
2018-04-08 18:07:34,492 INFO o.a.j.JMeter: os.version=10.13.4
2018-04-08 18:07:34,492 INFO o.a.j.JMeter: file.encoding=UTF-8
2018-04-08 18:07:34,493 INFO o.a.j.JMeter: Max memory     =1908932608
2018-04-08 18:07:34,493 INFO o.a.j.JMeter: Available Processors =4
2018-04-08 18:07:34,506 INFO o.a.j.JMeter: Default Locale=espa単ol (Espa単a)
2018-04-08 18:07:34,506 INFO o.a.j.JMeter: JMeter  Locale=espa単ol (Espa単a)
2018-04-08 18:07:34,506 INFO o.a.j.JMeter: JMeterHome=/Users/sergiomaurenzi/.bzt/jmeter-taurus/4.0
2018-04-08 18:07:34,506 INFO o.a.j.JMeter: user.dir  =/Users/sergiomaurenzi/Documents/GitHub/Taurus-Jenkins-ServiceNow-demo
2018-04-08 18:07:34,507 INFO o.a.j.JMeter: PWD       =/Users/sergiomaurenzi/Documents/GitHub/Taurus-Jenkins-ServiceNow-demo
2018-04-08 18:07:34,515 INFO o.a.j.JMeter: IP: 192.168.1.13 Name: MacBook-Pro-de-Sergio-2.local FullName: 192.168.1.13
2018-04-08 18:07:34,516 INFO o.a.j.JMeter: user.classpath=/Users/sergiomaurenzi/Documents/GitHub/Taurus-Jenkins-ServiceNow-demo/2018-04-08_18-07-09.226362:/Users/sergiomaurenzi/Documents/GitHub/Taurus-Jenkins-ServiceNow-demo/2018-04-08_18-07-09.226362
2018-04-08 18:07:34,516 INFO o.a.j.JMeter: Adding to classpath and loader: /Users/sergiomaurenzi/Documents/GitHub/Taurus-Jenkins-ServiceNow-demo/2018-04-08_18-07-09.226362
2018-04-08 18:07:34,517 INFO o.a.j.JMeter: Adding to classpath and loader: /Users/sergiomaurenzi/Documents/GitHub/Taurus-Jenkins-ServiceNow-demo/2018-04-08_18-07-09.226362
2018-04-08 18:07:34,524 INFO o.a.j.s.FileServer: Default base='/Users/sergiomaurenzi/Documents/GitHub/Taurus-Jenkins-ServiceNow-demo'
2018-04-08 18:07:34,549 INFO o.a.j.s.FileServer: Set new base='/Users/sergiomaurenzi/Documents/GitHub/Taurus-Jenkins-ServiceNow-demo/2018-04-08_18-07-09.226362'
2018-04-08 18:07:34,765 INFO o.a.j.s.SaveService: Testplan (JMX) version: 2.2. Testlog (JTL) version: 2.2
2018-04-08 18:07:34,784 INFO o.a.j.s.SaveService: Using SaveService properties file encoding UTF-8
2018-04-08 18:07:34,789 INFO o.a.j.s.SaveService: Using SaveService properties version 4.0
2018-04-08 18:07:34,799 INFO o.a.j.s.SaveService: Loading file: /Users/sergiomaurenzi/Documents/GitHub/Taurus-Jenkins-ServiceNow-demo/2018-04-08_18-07-09.226362/modified_requests.jmx
2018-04-08 18:07:34,879 INFO o.a.j.p.h.c.CacheManager: Will only cache the following methods: [GET]
2018-04-08 18:07:34,881 INFO o.a.j.p.h.c.CookieManager: Settings: Delete null: true Check: true Allow variable: true Save: false Prefix: COOKIE_
2018-04-08 18:07:34,899 INFO o.a.j.p.h.s.HTTPSamplerBase: Parser for text/html is org.apache.jmeter.protocol.http.parser.LagartoBasedHtmlParser
2018-04-08 18:07:34,899 INFO o.a.j.p.h.s.HTTPSamplerBase: Parser for application/xhtml+xml is org.apache.jmeter.protocol.http.parser.LagartoBasedHtmlParser
2018-04-08 18:07:34,899 INFO o.a.j.p.h.s.HTTPSamplerBase: Parser for application/xml is org.apache.jmeter.protocol.http.parser.LagartoBasedHtmlParser
2018-04-08 18:07:34,899 INFO o.a.j.p.h.s.HTTPSamplerBase: Parser for text/xml is org.apache.jmeter.protocol.http.parser.LagartoBasedHtmlParser
2018-04-08 18:07:34,899 INFO o.a.j.p.h.s.HTTPSamplerBase: Parser for text/vnd.wap.wml is org.apache.jmeter.protocol.http.parser.RegexpHTMLParser
2018-04-08 18:07:34,899 INFO o.a.j.p.h.s.HTTPSamplerBase: Parser for text/css is org.apache.jmeter.protocol.http.parser.CssParser
2018-04-08 18:07:34,969 INFO o.a.j.e.StandardJMeterEngine: Running the test!
2018-04-08 18:07:34,970 INFO o.a.j.s.SampleEvent: List of sample_variables: []
2018-04-08 18:07:34,970 INFO o.a.j.s.SampleEvent: List of sample_variables: []
2018-04-08 18:07:34,975 INFO o.a.j.e.u.CompoundVariable: Note: Function class names must contain the string: '.functions.'
2018-04-08 18:07:34,975 INFO o.a.j.e.u.CompoundVariable: Note: Function class names must not contain the string: '.gui.'
2018-04-08 18:07:35,622 INFO o.a.j.JMeter: Test lanzado (1523221655622)
2018-04-08 18:07:35,686 INFO o.a.j.e.StandardJMeterEngine: Starting ThreadGroup: 1 : Test-Easytravel
2018-04-08 18:07:35,692 INFO o.a.j.e.StandardJMeterEngine: Starting 50 threads for group Test-Easytravel.
2018-04-08 18:07:35,705 INFO o.a.j.e.StandardJMeterEngine: Thread will continue on error
2018-04-08 18:07:35,711 INFO o.a.j.e.StandardJMeterEngine: All thread groups have been started
2018-04-08 18:07:35,712 INFO c.b.j.t.c.ConcurrencyThreadStarter: Start supplying threads
2018-04-08 18:07:36,318 INFO o.a.j.s.SampleResult: Note: Sample TimeStamps are START times
2018-04-08 18:07:36,318 INFO o.a.j.s.SampleResult: sampleresult.default.encoding is set to UTF-8
2018-04-08 18:07:36,318 INFO o.a.j.t.JMeterThread: Thread started: Test-Easytravel 1-1
2018-04-08 18:07:36,318 INFO o.a.j.s.SampleResult: sampleresult.useNanoTime=true
2018-04-08 18:07:36,318 INFO o.a.j.s.SampleResult: sampleresult.nanoThreadSleep=5000
2018-04-08 18:07:36,341 INFO o.a.j.p.h.s.HTTPHCAbstractImpl: Local host = MacBook-Pro-de-Sergio-2.local
2018-04-08 18:07:36,345 INFO o.a.j.p.h.s.HTTPHC4Impl: HTTP request retry count = 0
2018-04-08 18:07:38,327 INFO o.a.j.t.JMeterThread: Thread started: Test-Easytravel 1-2
2018-04-08 18:07:38,450 INFO o.a.j.p.h.p.BaseParser: Created org.apache.jmeter.protocol.http.parser.LagartoBasedHtmlParser
2018-04-08 18:07:38,554 INFO o.a.j.p.h.s.ResourcesDownloader: Creating ResourcesDownloader with keepalive_inseconds : 60
2018-04-08 18:07:38,993 INFO o.a.j.p.h.p.BaseParser: Created org.apache.jmeter.protocol.http.parser.CssParser
2018-04-08 18:07:39,321 WARN c.h.c.r.e.LoggingCSSParseErrorHandler: Browser compliant mode skipped CSS from [70:14] starting at token 'text-align' until [71:7] to token '}' (based on com.helger.css.parser.ParseException: Encountered unexpected token: ":" ":"
    at line 70, column 24.

Was expecting one of:

    "+"
    "-"
    "/"
    ";"
    "="
    "["
    "and"
    "expression("
    "from"
    "inherit"
    "not"
    "only"
    "or"
    "to"
    "}"
    <ANGLE_DEG>
    <ANGLE_GRAD>
    <ANGLE_RAD>
    <ANGLE_TURN>
    <CH>
    <COMMA>
    <DPCM>
    <DPI>
    <DPPX>
    <EM>
    <EX>
    <FR>
    <FREQ_HZ>
    <FREQ_KHZ>
    <FUNCTION>
    <FUNCTION_CALC>
    <HASH>
    <IDENT>
    <IMPORTANT_SYM>
    <LENGTH_CM>
    <LENGTH_IN>
    <LENGTH_MM>
    <LENGTH_PC>
    <LENGTH_PT>
    <LENGTH_Q>
    <NUMBER>
    <PERCENTAGE>
    <PX>
    <REM>
    <S>
    <STRING1>
    <STRING2>
    <TIME_MS>
    <TIME_S>
    <URANGE>
    <URL>
    <VH>
    <VMAX>
    <VMIN>
    <VW>
)
2018-04-08 18:07:39,333 INFO o.a.j.t.JMeterThread: Thread started: Test-Easytravel 1-3
2018-04-08 18:07:40,336 INFO o.a.j.t.JMeterThread: Thread started: Test-Easytravel 1-4
2018-04-08 18:07:41,339 INFO o.a.j.t.JMeterThread: Thread started: Test-Easytravel 1-5
2018-04-08 18:07:42,275 INFO o.a.j.p.h.s.LazySchemeSocketFactory: Setting up HTTPS TrustAll Socket Factory
2018-04-08 18:07:42,283 INFO o.a.j.u.JsseSSLManager: Using default SSL protocol: TLS
2018-04-08 18:07:42,284 INFO o.a.j.u.JsseSSLManager: SSL session context: per-thread
2018-04-08 18:07:42,344 INFO o.a.j.t.JMeterThread: Thread started: Test-Easytravel 1-6
2018-04-08 18:07:42,406 INFO o.a.j.u.SSLManager: JmeterKeyStore Location:  type JKS
2018-04-08 18:07:42,408 INFO o.a.j.u.SSLManager: KeyStore created OK
2018-04-08 18:07:42,408 WARN o.a.j.u.SSLManager: Keystore file not found, loading empty keystore
2018-04-08 18:07:44,347 INFO o.a.j.t.JMeterThread: Thread started: Test-Easytravel 1-7
2018-04-08 18:07:45,352 INFO o.a.j.t.JMeterThread: Thread started: Test-Easytravel 1-8
2018-04-08 18:07:46,356 INFO o.a.j.t.JMeterThread: Thread started: Test-Easytravel 1-9
2018-04-08 18:07:47,362 INFO o.a.j.t.JMeterThread: Thread started: Test-Easytravel 1-10
2018-04-08 18:07:48,365 INFO o.a.j.t.JMeterThread: Thread started: Test-Easytravel 1-11
2018-04-08 18:07:50,369 INFO o.a.j.t.JMeterThread: Thread started: Test-Easytravel 1-12
2018-04-08 18:07:51,370 INFO o.a.j.t.JMeterThread: Thread started: Test-Easytravel 1-13
2018-04-08 18:07:52,373 INFO o.a.j.t.JMeterThread: Thread started: Test-Easytravel 1-14
2018-04-08 18:07:53,379 INFO o.a.j.t.JMeterThread: Thread started: Test-Easytravel 1-15
2018-04-08 18:07:54,382 INFO o.a.j.t.JMeterThread: Thread started: Test-Easytravel 1-16
2018-04-08 18:07:56,384 INFO o.a.j.t.JMeterThread: Thread started: Test-Easytravel 1-17
2018-04-08 18:07:57,386 INFO o.a.j.t.JMeterThread: Thread started: Test-Easytravel 1-18
2018-04-08 18:07:58,388 INFO o.a.j.t.JMeterThread: Thread started: Test-Easytravel 1-19
2018-04-08 18:07:59,390 INFO o.a.j.t.JMeterThread: Thread started: Test-Easytravel 1-20
2018-04-08 18:08:00,395 INFO o.a.j.t.JMeterThread: Thread started: Test-Easytravel 1-21
2018-04-08 18:08:02,401 INFO o.a.j.t.JMeterThread: Thread started: Test-Easytravel 1-22
2018-04-08 18:08:03,405 INFO o.a.j.t.JMeterThread: Thread started: Test-Easytravel 1-23
2018-04-08 18:08:04,406 INFO o.a.j.t.JMeterThread: Thread started: Test-Easytravel 1-24
2018-04-08 18:08:05,411 INFO o.a.j.t.JMeterThread: Thread started: Test-Easytravel 1-25
2018-04-08 18:08:06,416 INFO o.a.j.t.JMeterThread: Thread started: Test-Easytravel 1-26
2018-04-08 18:08:08,425 INFO o.a.j.t.JMeterThread: Thread started: Test-Easytravel 1-27
2018-04-08 18:08:09,429 INFO o.a.j.t.JMeterThread: Thread started: Test-Easytravel 1-28
2018-04-08 18:08:10,431 INFO o.a.j.t.JMeterThread: Thread started: Test-Easytravel 1-29
2018-04-08 18:08:11,433 INFO o.a.j.t.JMeterThread: Thread started: Test-Easytravel 1-30
2018-04-08 18:08:12,434 INFO o.a.j.t.JMeterThread: Thread started: Test-Easytravel 1-31
2018-04-08 18:08:14,438 INFO o.a.j.t.JMeterThread: Thread started: Test-Easytravel 1-32
2018-04-08 18:08:15,439 INFO o.a.j.t.JMeterThread: Thread started: Test-Easytravel 1-33
2018-04-08 18:08:16,443 INFO o.a.j.t.JMeterThread: Thread started: Test-Easytravel 1-34
2018-04-08 18:08:17,446 INFO o.a.j.t.JMeterThread: Thread started: Test-Easytravel 1-35
2018-04-08 18:08:18,448 INFO o.a.j.t.JMeterThread: Thread started: Test-Easytravel 1-36
2018-04-08 18:08:19,529 INFO o.a.j.JMeter: Command: Shutdown received from /127.0.0.1
2018-04-08 18:08:19,530 INFO c.b.j.t.c.ConcurrencyThreadStarter: Done supplying threads
2018-04-08 18:08:19,530 WARN o.a.j.t.JMeterThread: Interrupting: Test-Easytravel 1-20 sampler: http://ec2-54-84-118-207.compute-1.amazonaws.com:8079/special-offers.jsp
2018-04-08 18:08:19,530 WARN o.a.j.t.JMeterThread: No operation pending
2018-04-08 18:08:19,530 WARN o.a.j.t.JMeterThread: Interrupting: Test-Easytravel 1-23 sampler: http://ec2-54-84-118-207.compute-1.amazonaws.com:8079/special-offers.jsp
2018-04-08 18:08:19,530 WARN o.a.j.t.JMeterThread: No operation pending
2018-04-08 18:08:19,530 WARN o.a.j.t.JMeterThread: Interrupting: Test-Easytravel 1-22 sampler: http://ec2-54-84-118-207.compute-1.amazonaws.com:8079/special-offers.jsp
2018-04-08 18:08:19,530 WARN o.a.j.t.JMeterThread: No operation pending
2018-04-08 18:08:19,530 WARN o.a.j.t.JMeterThread: Interrupting: Test-Easytravel 1-2 sampler: http://ec2-54-84-118-207.compute-1.amazonaws.com:8079/orange-booking-review.jsf
2018-04-08 18:08:19,531 WARN o.a.j.t.JMeterThread: No operation pending
2018-04-08 18:08:19,531 WARN o.a.j.t.JMeterThread: Interrupting: Test-Easytravel 1-36 sampler: http://ec2-54-84-118-207.compute-1.amazonaws.com:8079/special-offers.jsp
2018-04-08 18:08:19,532 WARN o.a.j.t.JMeterThread: Interrupting: Test-Easytravel 1-28 sampler: http://ec2-54-84-118-207.compute-1.amazonaws.com:8079/special-offers.jsp
2018-04-08 18:08:19,532 WARN o.a.j.t.JMeterThread: No operation pending
2018-04-08 18:08:19,532 WARN o.a.j.t.JMeterThread: Interrupting: Test-Easytravel 1-5 sampler: http://ec2-54-84-118-207.compute-1.amazonaws.com:8079/orange-booking-review.jsf
2018-04-08 18:08:19,532 WARN o.a.j.t.JMeterThread: No operation pending
2018-04-08 18:08:19,532 WARN o.a.j.t.JMeterThread: Interrupting: Test-Easytravel 1-16 sampler: http://ec2-54-84-118-207.compute-1.amazonaws.com:8079/special-offers.jsp
2018-04-08 18:08:19,532 WARN o.a.j.t.JMeterThread: No operation pending
2018-04-08 18:08:19,532 WARN o.a.j.t.JMeterThread: Interrupting: Test-Easytravel 1-7 sampler: http://ec2-54-84-118-207.compute-1.amazonaws.com:8079/orange-booking-review.jsf
2018-04-08 18:08:19,533 WARN o.a.j.t.JMeterThread: No operation pending
2018-04-08 18:08:19,533 WARN o.a.j.t.JMeterThread: Interrupting: Test-Easytravel 1-34 sampler: http://ec2-54-84-118-207.compute-1.amazonaws.com:8079/special-offers.jsp
2018-04-08 18:08:19,534 WARN o.a.j.t.JMeterThread: Interrupting: Test-Easytravel 1-19 sampler: http://ec2-54-84-118-207.compute-1.amazonaws.com:8079/special-offers.jsp
2018-04-08 18:08:19,534 WARN o.a.j.t.JMeterThread: No operation pending
2018-04-08 18:08:19,535 WARN o.a.j.t.JMeterThread: Interrupting: Test-Easytravel 1-29 sampler: http://ec2-54-84-118-207.compute-1.amazonaws.com:8079/special-offers.jsp
2018-04-08 18:08:19,535 WARN o.a.j.t.JMeterThread: No operation pending
2018-04-08 18:08:19,535 WARN o.a.j.t.JMeterThread: Interrupting: Test-Easytravel 1-21 sampler: http://ec2-54-84-118-207.compute-1.amazonaws.com:8079/special-offers.jsp
2018-04-08 18:08:19,535 WARN o.a.j.t.JMeterThread: No operation pending
2018-04-08 18:08:19,535 WARN o.a.j.t.JMeterThread: Interrupting: Test-Easytravel 1-18 sampler: http://ec2-54-84-118-207.compute-1.amazonaws.com:8079/special-offers.jsp
2018-04-08 18:08:19,536 WARN o.a.j.t.JMeterThread: No operation pending
2018-04-08 18:08:19,536 WARN o.a.j.t.JMeterThread: Interrupting: Test-Easytravel 1-17 sampler: http://ec2-54-84-118-207.compute-1.amazonaws.com:8079/special-offers.jsp
2018-04-08 18:08:19,536 WARN o.a.j.t.JMeterThread: No operation pending
2018-04-08 18:08:19,536 WARN o.a.j.t.JMeterThread: Interrupting: Test-Easytravel 1-24 sampler: http://ec2-54-84-118-207.compute-1.amazonaws.com:8079/special-offers.jsp
2018-04-08 18:08:19,536 WARN o.a.j.t.JMeterThread: No operation pending
2018-04-08 18:08:19,536 WARN o.a.j.t.JMeterThread: Interrupting: Test-Easytravel 1-33 sampler: http://ec2-54-84-118-207.compute-1.amazonaws.com:8079/special-offers.jsp
2018-04-08 18:08:19,536 WARN o.a.j.t.JMeterThread: No operation pending
2018-04-08 18:08:19,536 WARN o.a.j.t.JMeterThread: Interrupting: Test-Easytravel 1-31 sampler: http://ec2-54-84-118-207.compute-1.amazonaws.com:8079/special-offers.jsp
2018-04-08 18:08:19,536 WARN o.a.j.t.JMeterThread: No operation pending
2018-04-08 18:08:19,537 WARN o.a.j.t.JMeterThread: Interrupting: Test-Easytravel 1-10 sampler: http://ec2-54-84-118-207.compute-1.amazonaws.com:8079/orange-booking-review.jsf
2018-04-08 18:08:19,537 WARN o.a.j.t.JMeterThread: No operation pending
2018-04-08 18:08:19,537 WARN o.a.j.t.JMeterThread: Interrupting: Test-Easytravel 1-32 sampler: http://ec2-54-84-118-207.compute-1.amazonaws.com:8079/special-offers.jsp
2018-04-08 18:08:19,537 WARN o.a.j.t.JMeterThread: No operation pending
2018-04-08 18:08:19,537 WARN o.a.j.t.JMeterThread: Interrupting: Test-Easytravel 1-9 sampler: http://ec2-54-84-118-207.compute-1.amazonaws.com:8079/orange-booking-review.jsf
2018-04-08 18:08:19,537 WARN o.a.j.t.JMeterThread: No operation pending
2018-04-08 18:08:19,537 WARN o.a.j.t.JMeterThread: Interrupting: Test-Easytravel 1-35 sampler: http://ec2-54-84-118-207.compute-1.amazonaws.com:8079/special-offers.jsp
2018-04-08 18:08:19,538 WARN o.a.j.t.JMeterThread: The delay timer was interrupted - probably did not wait as long as intended.
2018-04-08 18:08:19,539 WARN o.a.j.t.JMeterThread: Interrupting: Test-Easytravel 1-27 sampler: http://ec2-54-84-118-207.compute-1.amazonaws.com:8079/special-offers.jsp
2018-04-08 18:08:19,539 WARN o.a.j.t.JMeterThread: No operation pending
2018-04-08 18:08:19,539 WARN o.a.j.t.JMeterThread: Interrupting: Test-Easytravel 1-4 sampler: http://ec2-54-84-118-207.compute-1.amazonaws.com:8079/orange-booking-review.jsf
2018-04-08 18:08:19,539 WARN o.a.j.t.JMeterThread: No operation pending
2018-04-08 18:08:19,540 WARN o.a.j.t.JMeterThread: Interrupting: Test-Easytravel 1-25 sampler: http://ec2-54-84-118-207.compute-1.amazonaws.com:8079/special-offers.jsp
2018-04-08 18:08:19,540 WARN o.a.j.t.JMeterThread: The delay timer was interrupted - probably did not wait as long as intended.
2018-04-08 18:08:19,540 WARN o.a.j.t.JMeterThread: No operation pending
2018-04-08 18:08:19,541 WARN o.a.j.t.JMeterThread: Interrupting: Test-Easytravel 1-26 sampler: http://ec2-54-84-118-207.compute-1.amazonaws.com:8079/special-offers.jsp
2018-04-08 18:08:19,541 WARN o.a.j.t.JMeterThread: No operation pending
2018-04-08 18:08:19,541 WARN o.a.j.t.JMeterThread: Interrupting: Test-Easytravel 1-1 sampler: http://ec2-54-84-118-207.compute-1.amazonaws.com:8079/orange-booking-review.jsf
2018-04-08 18:08:19,541 WARN o.a.j.t.JMeterThread: No operation pending
2018-04-08 18:08:19,542 WARN o.a.j.t.JMeterThread: Interrupting: Test-Easytravel 1-11 sampler: http://ec2-54-84-118-207.compute-1.amazonaws.com:8079/orange-booking-review.jsf
2018-04-08 18:08:19,532 WARN o.a.j.p.h.s.HTTPSamplerBase: Interrupted fetching embedded resources
java.lang.InterruptedException: null
	at java.util.concurrent.locks.AbstractQueuedSynchronizer$ConditionObject.reportInterruptAfterWait(AbstractQueuedSynchronizer.java:2014) ~[?:1.8.0_91]
	at java.util.concurrent.locks.AbstractQueuedSynchronizer$ConditionObject.await(AbstractQueuedSynchronizer.java:2048) ~[?:1.8.0_91]
	at java.util.concurrent.LinkedBlockingQueue.take(LinkedBlockingQueue.java:442) ~[?:1.8.0_91]
	at java.util.concurrent.ExecutorCompletionService.take(ExecutorCompletionService.java:193) ~[?:1.8.0_91]
	at org.apache.jmeter.protocol.http.sampler.ResourcesDownloader.invokeAllAndAwaitTermination(ResourcesDownloader.java:186) ~[ApacheJMeter_http.jar:4.0 r1823414]
	at org.apache.jmeter.protocol.http.sampler.HTTPSamplerBase.downloadPageResources(HTTPSamplerBase.java:1343) [ApacheJMeter_http.jar:4.0 r1823414]
	at org.apache.jmeter.protocol.http.sampler.HTTPSamplerBase.resultProcessing(HTTPSamplerBase.java:1657) [ApacheJMeter_http.jar:4.0 r1823414]
	at org.apache.jmeter.protocol.http.sampler.HTTPAbstractImpl.resultProcessing(HTTPAbstractImpl.java:525) [ApacheJMeter_http.jar:4.0 r1823414]
	at org.apache.jmeter.protocol.http.sampler.HTTPHC4Impl.sample(HTTPHC4Impl.java:536) [ApacheJMeter_http.jar:4.0 r1823414]
	at org.apache.jmeter.protocol.http.sampler.HTTPSamplerProxy.sample(HTTPSamplerProxy.java:74) [ApacheJMeter_http.jar:4.0 r1823414]
	at org.apache.jmeter.protocol.http.sampler.HTTPSamplerBase.sample(HTTPSamplerBase.java:1189) [ApacheJMeter_http.jar:4.0 r1823414]
	at org.apache.jmeter.protocol.http.sampler.HTTPSamplerBase.sample(HTTPSamplerBase.java:1178) [ApacheJMeter_http.jar:4.0 r1823414]
	at org.apache.jmeter.threads.JMeterThread.executeSamplePackage(JMeterThread.java:490) [ApacheJMeter_core.jar:4.0 r1823414]
	at org.apache.jmeter.threads.JMeterThread.processSampler(JMeterThread.java:416) [ApacheJMeter_core.jar:4.0 r1823414]
	at org.apache.jmeter.threads.JMeterThread.run(JMeterThread.java:250) [ApacheJMeter_core.jar:4.0 r1823414]
	at java.lang.Thread.run(Thread.java:745) [?:1.8.0_91]
2018-04-08 18:08:19,531 WARN o.a.j.p.h.s.HTTPSamplerBase: Interrupted fetching embedded resources
java.lang.InterruptedException: null
	at java.util.concurrent.locks.AbstractQueuedSynchronizer$ConditionObject.reportInterruptAfterWait(AbstractQueuedSynchronizer.java:2014) ~[?:1.8.0_91]
	at java.util.concurrent.locks.AbstractQueuedSynchronizer$ConditionObject.await(AbstractQueuedSynchronizer.java:2048) ~[?:1.8.0_91]
	at java.util.concurrent.LinkedBlockingQueue.take(LinkedBlockingQueue.java:442) ~[?:1.8.0_91]
	at java.util.concurrent.ExecutorCompletionService.take(ExecutorCompletionService.java:193) ~[?:1.8.0_91]
	at org.apache.jmeter.protocol.http.sampler.ResourcesDownloader.invokeAllAndAwaitTermination(ResourcesDownloader.java:178) ~[ApacheJMeter_http.jar:4.0 r1823414]
	at org.apache.jmeter.protocol.http.sampler.HTTPSamplerBase.downloadPageResources(HTTPSamplerBase.java:1343) [ApacheJMeter_http.jar:4.0 r1823414]
	at org.apache.jmeter.protocol.http.sampler.HTTPSamplerBase.resultProcessing(HTTPSamplerBase.java:1657) [ApacheJMeter_http.jar:4.0 r1823414]
	at org.apache.jmeter.protocol.http.sampler.HTTPAbstractImpl.resultProcessing(HTTPAbstractImpl.java:525) [ApacheJMeter_http.jar:4.0 r1823414]
	at org.apache.jmeter.protocol.http.sampler.HTTPHC4Impl.sample(HTTPHC4Impl.java:536) [ApacheJMeter_http.jar:4.0 r1823414]
	at org.apache.jmeter.protocol.http.sampler.HTTPSamplerProxy.sample(HTTPSamplerProxy.java:74) [ApacheJMeter_http.jar:4.0 r1823414]
	at org.apache.jmeter.protocol.http.sampler.HTTPSamplerBase.sample(HTTPSamplerBase.java:1189) [ApacheJMeter_http.jar:4.0 r1823414]
	at org.apache.jmeter.protocol.http.sampler.HTTPSamplerBase.sample(HTTPSamplerBase.java:1178) [ApacheJMeter_http.jar:4.0 r1823414]
	at org.apache.jmeter.threads.JMeterThread.executeSamplePackage(JMeterThread.java:490) [ApacheJMeter_core.jar:4.0 r1823414]
	at org.apache.jmeter.threads.JMeterThread.processSampler(JMeterThread.java:416) [ApacheJMeter_core.jar:4.0 r1823414]
	at org.apache.jmeter.threads.JMeterThread.run(JMeterThread.java:250) [ApacheJMeter_core.jar:4.0 r1823414]
	at java.lang.Thread.run(Thread.java:745) [?:1.8.0_91]
2018-04-08 18:08:19,542 INFO o.a.j.t.JMeterThread: Thread is done: Test-Easytravel 1-22
2018-04-08 18:08:19,530 WARN o.a.j.p.h.s.HTTPSamplerBase: Interrupted fetching embedded resources
java.lang.InterruptedException: null
	at java.util.concurrent.locks.AbstractQueuedSynchronizer$ConditionObject.reportInterruptAfterWait(AbstractQueuedSynchronizer.java:2014) ~[?:1.8.0_91]
	at java.util.concurrent.locks.AbstractQueuedSynchronizer$ConditionObject.await(AbstractQueuedSynchronizer.java:2048) ~[?:1.8.0_91]
	at java.util.concurrent.LinkedBlockingQueue.take(LinkedBlockingQueue.java:442) ~[?:1.8.0_91]
	at java.util.concurrent.ExecutorCompletionService.take(ExecutorCompletionService.java:193) ~[?:1.8.0_91]
	at org.apache.jmeter.protocol.http.sampler.ResourcesDownloader.invokeAllAndAwaitTermination(ResourcesDownloader.java:178) ~[ApacheJMeter_http.jar:4.0 r1823414]
	at org.apache.jmeter.protocol.http.sampler.HTTPSamplerBase.downloadPageResources(HTTPSamplerBase.java:1343) [ApacheJMeter_http.jar:4.0 r1823414]
	at org.apache.jmeter.protocol.http.sampler.HTTPSamplerBase.resultProcessing(HTTPSamplerBase.java:1657) [ApacheJMeter_http.jar:4.0 r1823414]
	at org.apache.jmeter.protocol.http.sampler.HTTPAbstractImpl.resultProcessing(HTTPAbstractImpl.java:525) [ApacheJMeter_http.jar:4.0 r1823414]
	at org.apache.jmeter.protocol.http.sampler.HTTPHC4Impl.sample(HTTPHC4Impl.java:536) [ApacheJMeter_http.jar:4.0 r1823414]
	at org.apache.jmeter.protocol.http.sampler.HTTPSamplerProxy.sample(HTTPSamplerProxy.java:74) [ApacheJMeter_http.jar:4.0 r1823414]
	at org.apache.jmeter.protocol.http.sampler.HTTPSamplerBase.sample(HTTPSamplerBase.java:1189) [ApacheJMeter_http.jar:4.0 r1823414]
	at org.apache.jmeter.protocol.http.sampler.HTTPSamplerBase.sample(HTTPSamplerBase.java:1178) [ApacheJMeter_http.jar:4.0 r1823414]
	at org.apache.jmeter.threads.JMeterThread.executeSamplePackage(JMeterThread.java:490) [ApacheJMeter_core.jar:4.0 r1823414]
	at org.apache.jmeter.threads.JMeterThread.processSampler(JMeterThread.java:416) [ApacheJMeter_core.jar:4.0 r1823414]
	at org.apache.jmeter.threads.JMeterThread.run(JMeterThread.java:250) [ApacheJMeter_core.jar:4.0 r1823414]
	at java.lang.Thread.run(Thread.java:745) [?:1.8.0_91]
2018-04-08 18:08:19,542 INFO o.a.j.t.JMeterThread: Thread finished: Test-Easytravel 1-22
2018-04-08 18:08:19,542 INFO o.a.j.t.JMeterThread: Thread is done: Test-Easytravel 1-23
2018-04-08 18:08:19,538 WARN o.a.j.p.h.s.HTTPSamplerBase: Interrupted fetching embedded resources
java.lang.InterruptedException: null
	at java.util.concurrent.locks.AbstractQueuedSynchronizer$ConditionObject.reportInterruptAfterWait(AbstractQueuedSynchronizer.java:2014) ~[?:1.8.0_91]
	at java.util.concurrent.locks.AbstractQueuedSynchronizer$ConditionObject.await(AbstractQueuedSynchronizer.java:2048) ~[?:1.8.0_91]
	at java.util.concurrent.LinkedBlockingQueue.take(LinkedBlockingQueue.java:442) ~[?:1.8.0_91]
	at java.util.concurrent.ExecutorCompletionService.take(ExecutorCompletionService.java:193) ~[?:1.8.0_91]
	at org.apache.jmeter.protocol.http.sampler.ResourcesDownloader.invokeAllAndAwaitTermination(ResourcesDownloader.java:178) ~[ApacheJMeter_http.jar:4.0 r1823414]
	at org.apache.jmeter.protocol.http.sampler.HTTPSamplerBase.downloadPageResources(HTTPSamplerBase.java:1343) [ApacheJMeter_http.jar:4.0 r1823414]
	at org.apache.jmeter.protocol.http.sampler.HTTPSamplerBase.resultProcessing(HTTPSamplerBase.java:1657) [ApacheJMeter_http.jar:4.0 r1823414]
	at org.apache.jmeter.protocol.http.sampler.HTTPAbstractImpl.resultProcessing(HTTPAbstractImpl.java:525) [ApacheJMeter_http.jar:4.0 r1823414]
	at org.apache.jmeter.protocol.http.sampler.HTTPHC4Impl.sample(HTTPHC4Impl.java:536) [ApacheJMeter_http.jar:4.0 r1823414]
	at org.apache.jmeter.protocol.http.sampler.HTTPSamplerProxy.sample(HTTPSamplerProxy.java:74) [ApacheJMeter_http.jar:4.0 r1823414]
	at org.apache.jmeter.protocol.http.sampler.HTTPSamplerBase.sample(HTTPSamplerBase.java:1189) [ApacheJMeter_http.jar:4.0 r1823414]
	at org.apache.jmeter.protocol.http.sampler.HTTPSamplerBase.sample(HTTPSamplerBase.java:1178) [ApacheJMeter_http.jar:4.0 r1823414]
	at org.apache.jmeter.threads.JMeterThread.executeSamplePackage(JMeterThread.java:490) [ApacheJMeter_core.jar:4.0 r1823414]
	at org.apache.jmeter.threads.JMeterThread.processSampler(JMeterThread.java:416) [ApacheJMeter_core.jar:4.0 r1823414]
	at org.apache.jmeter.threads.JMeterThread.run(JMeterThread.java:250) [ApacheJMeter_core.jar:4.0 r1823414]
	at java.lang.Thread.run(Thread.java:745) [?:1.8.0_91]
2018-04-08 18:08:19,543 INFO o.a.j.t.JMeterThread: Thread finished: Test-Easytravel 1-23
2018-04-08 18:08:19,543 INFO o.a.j.t.JMeterThread: Thread is done: Test-Easytravel 1-9
2018-04-08 18:08:19,543 INFO o.a.j.t.JMeterThread: Thread finished: Test-Easytravel 1-9
2018-04-08 18:08:19,543 WARN o.a.j.p.h.s.HTTPSamplerBase: Interrupted fetching embedded resources
java.lang.InterruptedException: null
	at java.util.concurrent.locks.AbstractQueuedSynchronizer$ConditionObject.reportInterruptAfterWait(AbstractQueuedSynchronizer.java:2014) ~[?:1.8.0_91]
	at java.util.concurrent.locks.AbstractQueuedSynchronizer$ConditionObject.await(AbstractQueuedSynchronizer.java:2048) ~[?:1.8.0_91]
	at java.util.concurrent.LinkedBlockingQueue.take(LinkedBlockingQueue.java:442) ~[?:1.8.0_91]
	at java.util.concurrent.ExecutorCompletionService.take(ExecutorCompletionService.java:193) ~[?:1.8.0_91]
	at org.apache.jmeter.protocol.http.sampler.ResourcesDownloader.invokeAllAndAwaitTermination(ResourcesDownloader.java:178) ~[ApacheJMeter_http.jar:4.0 r1823414]
	at org.apache.jmeter.protocol.http.sampler.HTTPSamplerBase.downloadPageResources(HTTPSamplerBase.java:1343) [ApacheJMeter_http.jar:4.0 r1823414]
	at org.apache.jmeter.protocol.http.sampler.HTTPSamplerBase.resultProcessing(HTTPSamplerBase.java:1657) [ApacheJMeter_http.jar:4.0 r1823414]
	at org.apache.jmeter.protocol.http.sampler.HTTPAbstractImpl.resultProcessing(HTTPAbstractImpl.java:525) [ApacheJMeter_http.jar:4.0 r1823414]
	at org.apache.jmeter.protocol.http.sampler.HTTPHC4Impl.sample(HTTPHC4Impl.java:536) [ApacheJMeter_http.jar:4.0 r1823414]
	at org.apache.jmeter.protocol.http.sampler.HTTPSamplerProxy.sample(HTTPSamplerProxy.java:74) [ApacheJMeter_http.jar:4.0 r1823414]
	at org.apache.jmeter.protocol.http.sampler.HTTPSamplerBase.sample(HTTPSamplerBase.java:1189) [ApacheJMeter_http.jar:4.0 r1823414]
	at org.apache.jmeter.protocol.http.sampler.HTTPSamplerBase.sample(HTTPSamplerBase.java:1178) [ApacheJMeter_http.jar:4.0 r1823414]
	at org.apache.jmeter.threads.JMeterThread.executeSamplePackage(JMeterThread.java:490) [ApacheJMeter_core.jar:4.0 r1823414]
	at org.apache.jmeter.threads.JMeterThread.processSampler(JMeterThread.java:416) [ApacheJMeter_core.jar:4.0 r1823414]
	at org.apache.jmeter.threads.JMeterThread.run(JMeterThread.java:250) [ApacheJMeter_core.jar:4.0 r1823414]
	at java.lang.Thread.run(Thread.java:745) [?:1.8.0_91]
2018-04-08 18:08:19,544 INFO o.a.j.t.JMeterThread: Thread is done: Test-Easytravel 1-26
2018-04-08 18:08:19,544 INFO o.a.j.t.JMeterThread: Thread finished: Test-Easytravel 1-26
2018-04-08 18:08:19,544 INFO o.a.j.t.JMeterThread: Thread is done: Test-Easytravel 1-16
2018-04-08 18:08:19,542 WARN o.a.j.p.h.s.HTTPSamplerBase: Interrupted fetching embedded resources
java.lang.InterruptedException: null
	at java.util.concurrent.locks.AbstractQueuedSynchronizer$ConditionObject.reportInterruptAfterWait(AbstractQueuedSynchronizer.java:2014) ~[?:1.8.0_91]
	at java.util.concurrent.locks.AbstractQueuedSynchronizer$ConditionObject.await(AbstractQueuedSynchronizer.java:2048) ~[?:1.8.0_91]
	at java.util.concurrent.LinkedBlockingQueue.take(LinkedBlockingQueue.java:442) ~[?:1.8.0_91]
	at java.util.concurrent.ExecutorCompletionService.take(ExecutorCompletionService.java:193) ~[?:1.8.0_91]
	at org.apache.jmeter.protocol.http.sampler.ResourcesDownloader.invokeAllAndAwaitTermination(ResourcesDownloader.java:178) ~[ApacheJMeter_http.jar:4.0 r1823414]
	at org.apache.jmeter.protocol.http.sampler.HTTPSamplerBase.downloadPageResources(HTTPSamplerBase.java:1343) [ApacheJMeter_http.jar:4.0 r1823414]
	at org.apache.jmeter.protocol.http.sampler.HTTPSamplerBase.resultProcessing(HTTPSamplerBase.java:1657) [ApacheJMeter_http.jar:4.0 r1823414]
	at org.apache.jmeter.protocol.http.sampler.HTTPAbstractImpl.resultProcessing(HTTPAbstractImpl.java:525) [ApacheJMeter_http.jar:4.0 r1823414]
	at org.apache.jmeter.protocol.http.sampler.HTTPHC4Impl.sample(HTTPHC4Impl.java:536) [ApacheJMeter_http.jar:4.0 r1823414]
	at org.apache.jmeter.protocol.http.sampler.HTTPSamplerProxy.sample(HTTPSamplerProxy.java:74) [ApacheJMeter_http.jar:4.0 r1823414]
	at org.apache.jmeter.protocol.http.sampler.HTTPSamplerBase.sample(HTTPSamplerBase.java:1189) [ApacheJMeter_http.jar:4.0 r1823414]
	at org.apache.jmeter.protocol.http.sampler.HTTPSamplerBase.sample(HTTPSamplerBase.java:1178) [ApacheJMeter_http.jar:4.0 r1823414]
	at org.apache.jmeter.threads.JMeterThread.executeSamplePackage(JMeterThread.java:490) [ApacheJMeter_core.jar:4.0 r1823414]
	at org.apache.jmeter.threads.JMeterThread.processSampler(JMeterThread.java:416) [ApacheJMeter_core.jar:4.0 r1823414]
	at org.apache.jmeter.threads.JMeterThread.run(JMeterThread.java:250) [ApacheJMeter_core.jar:4.0 r1823414]
	at java.lang.Thread.run(Thread.java:745) [?:1.8.0_91]
2018-04-08 18:08:19,546 INFO o.a.j.t.JMeterThread: Thread finished: Test-Easytravel 1-16
2018-04-08 18:08:19,531 WARN o.a.j.p.h.s.HTTPSamplerBase: Interrupted fetching embedded resources
java.lang.InterruptedException: null
	at java.util.concurrent.locks.AbstractQueuedSynchronizer$ConditionObject.reportInterruptAfterWait(AbstractQueuedSynchronizer.java:2014) ~[?:1.8.0_91]
	at java.util.concurrent.locks.AbstractQueuedSynchronizer$ConditionObject.await(AbstractQueuedSynchronizer.java:2048) ~[?:1.8.0_91]
	at java.util.concurrent.LinkedBlockingQueue.take(LinkedBlockingQueue.java:442) ~[?:1.8.0_91]
	at java.util.concurrent.ExecutorCompletionService.take(ExecutorCompletionService.java:193) ~[?:1.8.0_91]
	at org.apache.jmeter.protocol.http.sampler.ResourcesDownloader.invokeAllAndAwaitTermination(ResourcesDownloader.java:178) ~[ApacheJMeter_http.jar:4.0 r1823414]
	at org.apache.jmeter.protocol.http.sampler.HTTPSamplerBase.downloadPageResources(HTTPSamplerBase.java:1343) [ApacheJMeter_http.jar:4.0 r1823414]
	at org.apache.jmeter.protocol.http.sampler.HTTPSamplerBase.resultProcessing(HTTPSamplerBase.java:1657) [ApacheJMeter_http.jar:4.0 r1823414]
	at org.apache.jmeter.protocol.http.sampler.HTTPAbstractImpl.resultProcessing(HTTPAbstractImpl.java:525) [ApacheJMeter_http.jar:4.0 r1823414]
	at org.apache.jmeter.protocol.http.sampler.HTTPHC4Impl.sample(HTTPHC4Impl.java:536) [ApacheJMeter_http.jar:4.0 r1823414]
	at org.apache.jmeter.protocol.http.sampler.HTTPSamplerProxy.sample(HTTPSamplerProxy.java:74) [ApacheJMeter_http.jar:4.0 r1823414]
	at org.apache.jmeter.protocol.http.sampler.HTTPSamplerBase.sample(HTTPSamplerBase.java:1189) [ApacheJMeter_http.jar:4.0 r1823414]
	at org.apache.jmeter.protocol.http.sampler.HTTPSamplerBase.sample(HTTPSamplerBase.java:1178) [ApacheJMeter_http.jar:4.0 r1823414]
	at org.apache.jmeter.threads.JMeterThread.executeSamplePackage(JMeterThread.java:490) [ApacheJMeter_core.jar:4.0 r1823414]
	at org.apache.jmeter.threads.JMeterThread.processSampler(JMeterThread.java:416) [ApacheJMeter_core.jar:4.0 r1823414]
	at org.apache.jmeter.threads.JMeterThread.run(JMeterThread.java:250) [ApacheJMeter_core.jar:4.0 r1823414]
	at java.lang.Thread.run(Thread.java:745) [?:1.8.0_91]
2018-04-08 18:08:19,547 INFO o.a.j.t.JMeterThread: Thread is done: Test-Easytravel 1-2
2018-04-08 18:08:19,532 WARN o.a.j.p.h.s.HTTPSamplerBase: Interrupted fetching embedded resources
java.lang.InterruptedException: null
	at java.util.concurrent.locks.AbstractQueuedSynchronizer$ConditionObject.reportInterruptAfterWait(AbstractQueuedSynchronizer.java:2014) ~[?:1.8.0_91]
	at java.util.concurrent.locks.AbstractQueuedSynchronizer$ConditionObject.await(AbstractQueuedSynchronizer.java:2048) ~[?:1.8.0_91]
	at java.util.concurrent.LinkedBlockingQueue.take(LinkedBlockingQueue.java:442) ~[?:1.8.0_91]
	at java.util.concurrent.ExecutorCompletionService.take(ExecutorCompletionService.java:193) ~[?:1.8.0_91]
	at org.apache.jmeter.protocol.http.sampler.ResourcesDownloader.invokeAllAndAwaitTermination(ResourcesDownloader.java:178) ~[ApacheJMeter_http.jar:4.0 r1823414]
	at org.apache.jmeter.protocol.http.sampler.HTTPSamplerBase.downloadPageResources(HTTPSamplerBase.java:1343) [ApacheJMeter_http.jar:4.0 r1823414]
	at org.apache.jmeter.protocol.http.sampler.HTTPSamplerBase.resultProcessing(HTTPSamplerBase.java:1657) [ApacheJMeter_http.jar:4.0 r1823414]
	at org.apache.jmeter.protocol.http.sampler.HTTPAbstractImpl.resultProcessing(HTTPAbstractImpl.java:525) [ApacheJMeter_http.jar:4.0 r1823414]
	at org.apache.jmeter.protocol.http.sampler.HTTPHC4Impl.sample(HTTPHC4Impl.java:536) [ApacheJMeter_http.jar:4.0 r1823414]
	at org.apache.jmeter.protocol.http.sampler.HTTPSamplerProxy.sample(HTTPSamplerProxy.java:74) [ApacheJMeter_http.jar:4.0 r1823414]
	at org.apache.jmeter.protocol.http.sampler.HTTPSamplerBase.sample(HTTPSamplerBase.java:1189) [ApacheJMeter_http.jar:4.0 r1823414]
	at org.apache.jmeter.protocol.http.sampler.HTTPSamplerBase.sample(HTTPSamplerBase.java:1178) [ApacheJMeter_http.jar:4.0 r1823414]
	at org.apache.jmeter.threads.JMeterThread.executeSamplePackage(JMeterThread.java:490) [ApacheJMeter_core.jar:4.0 r1823414]
	at org.apache.jmeter.threads.JMeterThread.processSampler(JMeterThread.java:416) [ApacheJMeter_core.jar:4.0 r1823414]
	at org.apache.jmeter.threads.JMeterThread.run(JMeterThread.java:250) [ApacheJMeter_core.jar:4.0 r1823414]
	at java.lang.Thread.run(Thread.java:745) [?:1.8.0_91]
2018-04-08 18:08:19,538 WARN o.a.j.p.h.s.HTTPSamplerBase: Interrupted fetching embedded resources
java.lang.InterruptedException: null
	at java.util.concurrent.locks.AbstractQueuedSynchronizer$ConditionObject.reportInterruptAfterWait(AbstractQueuedSynchronizer.java:2014) ~[?:1.8.0_91]
	at java.util.concurrent.locks.AbstractQueuedSynchronizer$ConditionObject.await(AbstractQueuedSynchronizer.java:2048) ~[?:1.8.0_91]
	at java.util.concurrent.LinkedBlockingQueue.take(LinkedBlockingQueue.java:442) ~[?:1.8.0_91]
	at java.util.concurrent.ExecutorCompletionService.take(ExecutorCompletionService.java:193) ~[?:1.8.0_91]
	at org.apache.jmeter.protocol.http.sampler.ResourcesDownloader.invokeAllAndAwaitTermination(ResourcesDownloader.java:178) ~[ApacheJMeter_http.jar:4.0 r1823414]
	at org.apache.jmeter.protocol.http.sampler.HTTPSamplerBase.downloadPageResources(HTTPSamplerBase.java:1343) [ApacheJMeter_http.jar:4.0 r1823414]
	at org.apache.jmeter.protocol.http.sampler.HTTPSamplerBase.resultProcessing(HTTPSamplerBase.java:1657) [ApacheJMeter_http.jar:4.0 r1823414]
	at org.apache.jmeter.protocol.http.sampler.HTTPAbstractImpl.resultProcessing(HTTPAbstractImpl.java:525) [ApacheJMeter_http.jar:4.0 r1823414]
	at org.apache.jmeter.protocol.http.sampler.HTTPHC4Impl.sample(HTTPHC4Impl.java:536) [ApacheJMeter_http.jar:4.0 r1823414]
	at org.apache.jmeter.protocol.http.sampler.HTTPSamplerProxy.sample(HTTPSamplerProxy.java:74) [ApacheJMeter_http.jar:4.0 r1823414]
	at org.apache.jmeter.protocol.http.sampler.HTTPSamplerBase.sample(HTTPSamplerBase.java:1189) [ApacheJMeter_http.jar:4.0 r1823414]
	at org.apache.jmeter.protocol.http.sampler.HTTPSamplerBase.sample(HTTPSamplerBase.java:1178) [ApacheJMeter_http.jar:4.0 r1823414]
	at org.apache.jmeter.threads.JMeterThread.executeSamplePackage(JMeterThread.java:490) [ApacheJMeter_core.jar:4.0 r1823414]
	at org.apache.jmeter.threads.JMeterThread.processSampler(JMeterThread.java:416) [ApacheJMeter_core.jar:4.0 r1823414]
	at org.apache.jmeter.threads.JMeterThread.run(JMeterThread.java:250) [ApacheJMeter_core.jar:4.0 r1823414]
	at java.lang.Thread.run(Thread.java:745) [?:1.8.0_91]
2018-04-08 18:08:19,548 INFO o.a.j.t.JMeterThread: Thread is done: Test-Easytravel 1-28
2018-04-08 18:08:19,537 WARN o.a.j.p.h.s.HTTPSamplerBase: Interrupted fetching embedded resources
java.lang.InterruptedException: null
	at java.util.concurrent.locks.AbstractQueuedSynchronizer$ConditionObject.reportInterruptAfterWait(AbstractQueuedSynchronizer.java:2014) ~[?:1.8.0_91]
	at java.util.concurrent.locks.AbstractQueuedSynchronizer$ConditionObject.await(AbstractQueuedSynchronizer.java:2048) ~[?:1.8.0_91]
	at java.util.concurrent.LinkedBlockingQueue.take(LinkedBlockingQueue.java:442) ~[?:1.8.0_91]
	at java.util.concurrent.ExecutorCompletionService.take(ExecutorCompletionService.java:193) ~[?:1.8.0_91]
	at org.apache.jmeter.protocol.http.sampler.ResourcesDownloader.invokeAllAndAwaitTermination(ResourcesDownloader.java:178) ~[ApacheJMeter_http.jar:4.0 r1823414]
	at org.apache.jmeter.protocol.http.sampler.HTTPSamplerBase.downloadPageResources(HTTPSamplerBase.java:1343) [ApacheJMeter_http.jar:4.0 r1823414]
	at org.apache.jmeter.protocol.http.sampler.HTTPSamplerBase.resultProcessing(HTTPSamplerBase.java:1657) [ApacheJMeter_http.jar:4.0 r1823414]
	at org.apache.jmeter.protocol.http.sampler.HTTPAbstractImpl.resultProcessing(HTTPAbstractImpl.java:525) [ApacheJMeter_http.jar:4.0 r1823414]
	at org.apache.jmeter.protocol.http.sampler.HTTPHC4Impl.sample(HTTPHC4Impl.java:536) [ApacheJMeter_http.jar:4.0 r1823414]
	at org.apache.jmeter.protocol.http.sampler.HTTPSamplerProxy.sample(HTTPSamplerProxy.java:74) [ApacheJMeter_http.jar:4.0 r1823414]
	at org.apache.jmeter.protocol.http.sampler.HTTPSamplerBase.sample(HTTPSamplerBase.java:1189) [ApacheJMeter_http.jar:4.0 r1823414]
	at org.apache.jmeter.protocol.http.sampler.HTTPSamplerBase.sample(HTTPSamplerBase.java:1178) [ApacheJMeter_http.jar:4.0 r1823414]
	at org.apache.jmeter.threads.JMeterThread.executeSamplePackage(JMeterThread.java:490) [ApacheJMeter_core.jar:4.0 r1823414]
	at org.apache.jmeter.threads.JMeterThread.processSampler(JMeterThread.java:416) [ApacheJMeter_core.jar:4.0 r1823414]
	at org.apache.jmeter.threads.JMeterThread.run(JMeterThread.java:250) [ApacheJMeter_core.jar:4.0 r1823414]
	at java.lang.Thread.run(Thread.java:745) [?:1.8.0_91]
2018-04-08 18:08:19,548 INFO o.a.j.t.JMeterThread: Thread finished: Test-Easytravel 1-28
2018-04-08 18:08:19,548 INFO o.a.j.t.JMeterThread: Thread is done: Test-Easytravel 1-32
2018-04-08 18:08:19,548 INFO o.a.j.t.JMeterThread: Thread finished: Test-Easytravel 1-32
2018-04-08 18:08:19,548 INFO o.a.j.t.JMeterThread: Thread is done: Test-Easytravel 1-31
2018-04-08 18:08:19,548 INFO o.a.j.t.JMeterThread: Thread finished: Test-Easytravel 1-31
2018-04-08 18:08:19,549 WARN o.a.j.t.JMeterThread: Interrupting: Test-Easytravel 1-30 sampler: http://ec2-54-84-118-207.compute-1.amazonaws.com:8079/special-offers.jsp
2018-04-08 18:08:19,537 WARN o.a.j.p.h.s.HTTPSamplerBase: Interrupted fetching embedded resources
java.lang.InterruptedException: null
	at java.util.concurrent.locks.AbstractQueuedSynchronizer$ConditionObject.reportInterruptAfterWait(AbstractQueuedSynchronizer.java:2014) ~[?:1.8.0_91]
	at java.util.concurrent.locks.AbstractQueuedSynchronizer$ConditionObject.await(AbstractQueuedSynchronizer.java:2048) ~[?:1.8.0_91]
	at java.util.concurrent.LinkedBlockingQueue.take(LinkedBlockingQueue.java:442) ~[?:1.8.0_91]
	at java.util.concurrent.ExecutorCompletionService.take(ExecutorCompletionService.java:193) ~[?:1.8.0_91]
	at org.apache.jmeter.protocol.http.sampler.ResourcesDownloader.invokeAllAndAwaitTermination(ResourcesDownloader.java:178) ~[ApacheJMeter_http.jar:4.0 r1823414]
	at org.apache.jmeter.protocol.http.sampler.HTTPSamplerBase.downloadPageResources(HTTPSamplerBase.java:1343) [ApacheJMeter_http.jar:4.0 r1823414]
	at org.apache.jmeter.protocol.http.sampler.HTTPSamplerBase.resultProcessing(HTTPSamplerBase.java:1657) [ApacheJMeter_http.jar:4.0 r1823414]
	at org.apache.jmeter.protocol.http.sampler.HTTPAbstractImpl.resultProcessing(HTTPAbstractImpl.java:525) [ApacheJMeter_http.jar:4.0 r1823414]
	at org.apache.jmeter.protocol.http.sampler.HTTPHC4Impl.sample(HTTPHC4Impl.java:536) [ApacheJMeter_http.jar:4.0 r1823414]
	at org.apache.jmeter.protocol.http.sampler.HTTPSamplerProxy.sample(HTTPSamplerProxy.java:74) [ApacheJMeter_http.jar:4.0 r1823414]
	at org.apache.jmeter.protocol.http.sampler.HTTPSamplerBase.sample(HTTPSamplerBase.java:1189) [ApacheJMeter_http.jar:4.0 r1823414]
	at org.apache.jmeter.protocol.http.sampler.HTTPSamplerBase.sample(HTTPSamplerBase.java:1178) [ApacheJMeter_http.jar:4.0 r1823414]
	at org.apache.jmeter.threads.JMeterThread.executeSamplePackage(JMeterThread.java:490) [ApacheJMeter_core.jar:4.0 r1823414]
	at org.apache.jmeter.threads.JMeterThread.processSampler(JMeterThread.java:416) [ApacheJMeter_core.jar:4.0 r1823414]
	at org.apache.jmeter.threads.JMeterThread.run(JMeterThread.java:250) [ApacheJMeter_core.jar:4.0 r1823414]
	at java.lang.Thread.run(Thread.java:745) [?:1.8.0_91]
2018-04-08 18:08:19,550 INFO o.a.j.t.JMeterThread: Thread finished: Test-Easytravel 1-2
2018-04-08 18:08:19,547 INFO o.a.j.t.JMeterThread: Thread is done: Test-Easytravel 1-25
2018-04-08 18:08:19,537 WARN o.a.j.p.h.s.HTTPSamplerBase: Interrupted fetching embedded resources
java.lang.InterruptedException: null
	at java.util.concurrent.locks.AbstractQueuedSynchronizer$ConditionObject.reportInterruptAfterWait(AbstractQueuedSynchronizer.java:2014) ~[?:1.8.0_91]
	at java.util.concurrent.locks.AbstractQueuedSynchronizer$ConditionObject.await(AbstractQueuedSynchronizer.java:2048) ~[?:1.8.0_91]
	at java.util.concurrent.LinkedBlockingQueue.take(LinkedBlockingQueue.java:442) ~[?:1.8.0_91]
	at java.util.concurrent.ExecutorCompletionService.take(ExecutorCompletionService.java:193) ~[?:1.8.0_91]
	at org.apache.jmeter.protocol.http.sampler.ResourcesDownloader.invokeAllAndAwaitTermination(ResourcesDownloader.java:178) ~[ApacheJMeter_http.jar:4.0 r1823414]
	at org.apache.jmeter.protocol.http.sampler.HTTPSamplerBase.downloadPageResources(HTTPSamplerBase.java:1343) [ApacheJMeter_http.jar:4.0 r1823414]
	at org.apache.jmeter.protocol.http.sampler.HTTPSamplerBase.resultProcessing(HTTPSamplerBase.java:1657) [ApacheJMeter_http.jar:4.0 r1823414]
	at org.apache.jmeter.protocol.http.sampler.HTTPAbstractImpl.resultProcessing(HTTPAbstractImpl.java:525) [ApacheJMeter_http.jar:4.0 r1823414]
	at org.apache.jmeter.protocol.http.sampler.HTTPHC4Impl.sample(HTTPHC4Impl.java:536) [ApacheJMeter_http.jar:4.0 r1823414]
	at org.apache.jmeter.protocol.http.sampler.HTTPSamplerProxy.sample(HTTPSamplerProxy.java:74) [ApacheJMeter_http.jar:4.0 r1823414]
	at org.apache.jmeter.protocol.http.sampler.HTTPSamplerBase.sample(HTTPSamplerBase.java:1189) [ApacheJMeter_http.jar:4.0 r1823414]
	at org.apache.jmeter.protocol.http.sampler.HTTPSamplerBase.sample(HTTPSamplerBase.java:1178) [ApacheJMeter_http.jar:4.0 r1823414]
	at org.apache.jmeter.threads.JMeterThread.executeSamplePackage(JMeterThread.java:490) [ApacheJMeter_core.jar:4.0 r1823414]
	at org.apache.jmeter.threads.JMeterThread.processSampler(JMeterThread.java:416) [ApacheJMeter_core.jar:4.0 r1823414]
	at org.apache.jmeter.threads.JMeterThread.run(JMeterThread.java:250) [ApacheJMeter_core.jar:4.0 r1823414]
	at java.lang.Thread.run(Thread.java:745) [?:1.8.0_91]
2018-04-08 18:08:19,551 INFO o.a.j.t.JMeterThread: Thread finished: Test-Easytravel 1-25
2018-04-08 18:08:19,552 INFO o.a.j.t.JMeterThread: Thread is done: Test-Easytravel 1-18
2018-04-08 18:08:19,536 WARN o.a.j.p.h.s.HTTPSamplerBase: Interrupted fetching embedded resources
java.lang.InterruptedException: null
	at java.util.concurrent.locks.AbstractQueuedSynchronizer$ConditionObject.reportInterruptAfterWait(AbstractQueuedSynchronizer.java:2014) ~[?:1.8.0_91]
	at java.util.concurrent.locks.AbstractQueuedSynchronizer$ConditionObject.await(AbstractQueuedSynchronizer.java:2048) ~[?:1.8.0_91]
	at java.util.concurrent.LinkedBlockingQueue.take(LinkedBlockingQueue.java:442) ~[?:1.8.0_91]
	at java.util.concurrent.ExecutorCompletionService.take(ExecutorCompletionService.java:193) ~[?:1.8.0_91]
	at org.apache.jmeter.protocol.http.sampler.ResourcesDownloader.invokeAllAndAwaitTermination(ResourcesDownloader.java:178) ~[ApacheJMeter_http.jar:4.0 r1823414]
	at org.apache.jmeter.protocol.http.sampler.HTTPSamplerBase.downloadPageResources(HTTPSamplerBase.java:1343) [ApacheJMeter_http.jar:4.0 r1823414]
	at org.apache.jmeter.protocol.http.sampler.HTTPSamplerBase.resultProcessing(HTTPSamplerBase.java:1657) [ApacheJMeter_http.jar:4.0 r1823414]
	at org.apache.jmeter.protocol.http.sampler.HTTPAbstractImpl.resultProcessing(HTTPAbstractImpl.java:525) [ApacheJMeter_http.jar:4.0 r1823414]
	at org.apache.jmeter.protocol.http.sampler.HTTPHC4Impl.sample(HTTPHC4Impl.java:536) [ApacheJMeter_http.jar:4.0 r1823414]
	at org.apache.jmeter.protocol.http.sampler.HTTPSamplerProxy.sample(HTTPSamplerProxy.java:74) [ApacheJMeter_http.jar:4.0 r1823414]
	at org.apache.jmeter.protocol.http.sampler.HTTPSamplerBase.sample(HTTPSamplerBase.java:1189) [ApacheJMeter_http.jar:4.0 r1823414]
	at org.apache.jmeter.protocol.http.sampler.HTTPSamplerBase.sample(HTTPSamplerBase.java:1178) [ApacheJMeter_http.jar:4.0 r1823414]
	at org.apache.jmeter.threads.JMeterThread.executeSamplePackage(JMeterThread.java:490) [ApacheJMeter_core.jar:4.0 r1823414]
	at org.apache.jmeter.threads.JMeterThread.processSampler(JMeterThread.java:416) [ApacheJMeter_core.jar:4.0 r1823414]
	at org.apache.jmeter.threads.JMeterThread.run(JMeterThread.java:250) [ApacheJMeter_core.jar:4.0 r1823414]
	at java.lang.Thread.run(Thread.java:745) [?:1.8.0_91]
2018-04-08 18:08:19,552 INFO o.a.j.t.JMeterThread: Thread finished: Test-Easytravel 1-18
2018-04-08 18:08:19,553 INFO o.a.j.t.JMeterThread: Thread is done: Test-Easytravel 1-21
2018-04-08 18:08:19,553 INFO o.a.j.t.JMeterThread: Thread finished: Test-Easytravel 1-21
2018-04-08 18:08:19,540 WARN o.a.j.p.h.s.HTTPSamplerBase: Interrupted fetching embedded resources
java.lang.InterruptedException: null
	at java.util.concurrent.locks.AbstractQueuedSynchronizer$ConditionObject.reportInterruptAfterWait(AbstractQueuedSynchronizer.java:2014) ~[?:1.8.0_91]
	at java.util.concurrent.locks.AbstractQueuedSynchronizer$ConditionObject.await(AbstractQueuedSynchronizer.java:2048) ~[?:1.8.0_91]
	at java.util.concurrent.LinkedBlockingQueue.take(LinkedBlockingQueue.java:442) ~[?:1.8.0_91]
	at java.util.concurrent.ExecutorCompletionService.take(ExecutorCompletionService.java:193) ~[?:1.8.0_91]
	at org.apache.jmeter.protocol.http.sampler.ResourcesDownloader.invokeAllAndAwaitTermination(ResourcesDownloader.java:178) ~[ApacheJMeter_http.jar:4.0 r1823414]
	at org.apache.jmeter.protocol.http.sampler.HTTPSamplerBase.downloadPageResources(HTTPSamplerBase.java:1343) [ApacheJMeter_http.jar:4.0 r1823414]
	at org.apache.jmeter.protocol.http.sampler.HTTPSamplerBase.resultProcessing(HTTPSamplerBase.java:1657) [ApacheJMeter_http.jar:4.0 r1823414]
	at org.apache.jmeter.protocol.http.sampler.HTTPAbstractImpl.resultProcessing(HTTPAbstractImpl.java:525) [ApacheJMeter_http.jar:4.0 r1823414]
	at org.apache.jmeter.protocol.http.sampler.HTTPHC4Impl.sample(HTTPHC4Impl.java:536) [ApacheJMeter_http.jar:4.0 r1823414]
	at org.apache.jmeter.protocol.http.sampler.HTTPSamplerProxy.sample(HTTPSamplerProxy.java:74) [ApacheJMeter_http.jar:4.0 r1823414]
	at org.apache.jmeter.protocol.http.sampler.HTTPSamplerBase.sample(HTTPSamplerBase.java:1189) [ApacheJMeter_http.jar:4.0 r1823414]
	at org.apache.jmeter.protocol.http.sampler.HTTPSamplerBase.sample(HTTPSamplerBase.java:1178) [ApacheJMeter_http.jar:4.0 r1823414]
	at org.apache.jmeter.threads.JMeterThread.executeSamplePackage(JMeterThread.java:490) [ApacheJMeter_core.jar:4.0 r1823414]
	at org.apache.jmeter.threads.JMeterThread.processSampler(JMeterThread.java:416) [ApacheJMeter_core.jar:4.0 r1823414]
	at org.apache.jmeter.threads.JMeterThread.run(JMeterThread.java:250) [ApacheJMeter_core.jar:4.0 r1823414]
	at java.lang.Thread.run(Thread.java:745) [?:1.8.0_91]
2018-04-08 18:08:19,536 WARN o.a.j.p.h.s.HTTPSamplerBase: Interrupted fetching embedded resources
java.lang.InterruptedException: null
	at java.util.concurrent.locks.AbstractQueuedSynchronizer$ConditionObject.reportInterruptAfterWait(AbstractQueuedSynchronizer.java:2014) ~[?:1.8.0_91]
	at java.util.concurrent.locks.AbstractQueuedSynchronizer$ConditionObject.await(AbstractQueuedSynchronizer.java:2048) ~[?:1.8.0_91]
	at java.util.concurrent.LinkedBlockingQueue.take(LinkedBlockingQueue.java:442) ~[?:1.8.0_91]
	at java.util.concurrent.ExecutorCompletionService.take(ExecutorCompletionService.java:193) ~[?:1.8.0_91]
	at org.apache.jmeter.protocol.http.sampler.ResourcesDownloader.invokeAllAndAwaitTermination(ResourcesDownloader.java:178) ~[ApacheJMeter_http.jar:4.0 r1823414]
	at org.apache.jmeter.protocol.http.sampler.HTTPSamplerBase.downloadPageResources(HTTPSamplerBase.java:1343) [ApacheJMeter_http.jar:4.0 r1823414]
	at org.apache.jmeter.protocol.http.sampler.HTTPSamplerBase.resultProcessing(HTTPSamplerBase.java:1657) [ApacheJMeter_http.jar:4.0 r1823414]
	at org.apache.jmeter.protocol.http.sampler.HTTPAbstractImpl.resultProcessing(HTTPAbstractImpl.java:525) [ApacheJMeter_http.jar:4.0 r1823414]
	at org.apache.jmeter.protocol.http.sampler.HTTPHC4Impl.sample(HTTPHC4Impl.java:536) [ApacheJMeter_http.jar:4.0 r1823414]
	at org.apache.jmeter.protocol.http.sampler.HTTPSamplerProxy.sample(HTTPSamplerProxy.java:74) [ApacheJMeter_http.jar:4.0 r1823414]
	at org.apache.jmeter.protocol.http.sampler.HTTPSamplerBase.sample(HTTPSamplerBase.java:1189) [ApacheJMeter_http.jar:4.0 r1823414]
	at org.apache.jmeter.protocol.http.sampler.HTTPSamplerBase.sample(HTTPSamplerBase.java:1178) [ApacheJMeter_http.jar:4.0 r1823414]
	at org.apache.jmeter.threads.JMeterThread.executeSamplePackage(JMeterThread.java:490) [ApacheJMeter_core.jar:4.0 r1823414]
	at org.apache.jmeter.threads.JMeterThread.processSampler(JMeterThread.java:416) [ApacheJMeter_core.jar:4.0 r1823414]
	at org.apache.jmeter.threads.JMeterThread.run(JMeterThread.java:250) [ApacheJMeter_core.jar:4.0 r1823414]
	at java.lang.Thread.run(Thread.java:745) [?:1.8.0_91]
2018-04-08 18:08:19,551 INFO o.a.j.t.JMeterThread: Thread is done: Test-Easytravel 1-33
2018-04-08 18:08:19,557 INFO o.a.j.t.JMeterThread: Thread is done: Test-Easytravel 1-19
2018-04-08 18:08:19,557 INFO o.a.j.t.JMeterThread: Thread finished: Test-Easytravel 1-19
2018-04-08 18:08:19,557 INFO o.a.j.t.JMeterThread: Thread finished: Test-Easytravel 1-33
2018-04-08 18:08:19,550 WARN o.a.j.t.JMeterThread: No operation pending
2018-04-08 18:08:19,530 WARN o.a.j.p.h.s.HTTPSamplerBase: Interrupted fetching embedded resources
java.lang.InterruptedException: null
	at java.util.concurrent.locks.AbstractQueuedSynchronizer$ConditionObject.reportInterruptAfterWait(AbstractQueuedSynchronizer.java:2014) ~[?:1.8.0_91]
	at java.util.concurrent.locks.AbstractQueuedSynchronizer$ConditionObject.await(AbstractQueuedSynchronizer.java:2048) ~[?:1.8.0_91]
	at java.util.concurrent.LinkedBlockingQueue.take(LinkedBlockingQueue.java:442) ~[?:1.8.0_91]
	at java.util.concurrent.ExecutorCompletionService.take(ExecutorCompletionService.java:193) ~[?:1.8.0_91]
	at org.apache.jmeter.protocol.http.sampler.ResourcesDownloader.invokeAllAndAwaitTermination(ResourcesDownloader.java:178) ~[ApacheJMeter_http.jar:4.0 r1823414]
	at org.apache.jmeter.protocol.http.sampler.HTTPSamplerBase.downloadPageResources(HTTPSamplerBase.java:1343) [ApacheJMeter_http.jar:4.0 r1823414]
	at org.apache.jmeter.protocol.http.sampler.HTTPSamplerBase.resultProcessing(HTTPSamplerBase.java:1657) [ApacheJMeter_http.jar:4.0 r1823414]
	at org.apache.jmeter.protocol.http.sampler.HTTPAbstractImpl.resultProcessing(HTTPAbstractImpl.java:525) [ApacheJMeter_http.jar:4.0 r1823414]
	at org.apache.jmeter.protocol.http.sampler.HTTPHC4Impl.sample(HTTPHC4Impl.java:536) [ApacheJMeter_http.jar:4.0 r1823414]
	at org.apache.jmeter.protocol.http.sampler.HTTPSamplerProxy.sample(HTTPSamplerProxy.java:74) [ApacheJMeter_http.jar:4.0 r1823414]
	at org.apache.jmeter.protocol.http.sampler.HTTPSamplerBase.sample(HTTPSamplerBase.java:1189) [ApacheJMeter_http.jar:4.0 r1823414]
	at org.apache.jmeter.protocol.http.sampler.HTTPSamplerBase.sample(HTTPSamplerBase.java:1178) [ApacheJMeter_http.jar:4.0 r1823414]
	at org.apache.jmeter.threads.JMeterThread.executeSamplePackage(JMeterThread.java:490) [ApacheJMeter_core.jar:4.0 r1823414]
	at org.apache.jmeter.threads.JMeterThread.processSampler(JMeterThread.java:416) [ApacheJMeter_core.jar:4.0 r1823414]
	at org.apache.jmeter.threads.JMeterThread.run(JMeterThread.java:250) [ApacheJMeter_core.jar:4.0 r1823414]
	at java.lang.Thread.run(Thread.java:745) [?:1.8.0_91]
2018-04-08 18:08:19,560 INFO o.a.j.t.JMeterThread: Thread is done: Test-Easytravel 1-20
2018-04-08 18:08:19,561 INFO o.a.j.t.JMeterThread: Thread finished: Test-Easytravel 1-20
2018-04-08 18:08:19,561 INFO o.a.j.t.JMeterThread: Thread is done: Test-Easytravel 1-4
2018-04-08 18:08:19,561 INFO o.a.j.t.JMeterThread: Thread finished: Test-Easytravel 1-4
2018-04-08 18:08:19,561 INFO o.a.j.e.StandardJMeterEngine: Notifying test listeners of end of test
2018-04-08 18:08:19,563 INFO o.a.j.e.StandardJMeterEngine: Forced JVM shutdown requested at end of test
2018-04-08 18:08:19,532 WARN o.a.j.p.h.s.HTTPSamplerBase: Interrupted fetching embedded resources
java.lang.InterruptedException: null
	at java.util.concurrent.locks.AbstractQueuedSynchronizer$ConditionObject.reportInterruptAfterWait(AbstractQueuedSynchronizer.java:2014) ~[?:1.8.0_91]
	at java.util.concurrent.locks.AbstractQueuedSynchronizer$ConditionObject.await(AbstractQueuedSynchronizer.java:2048) ~[?:1.8.0_91]
	at java.util.concurrent.LinkedBlockingQueue.take(LinkedBlockingQueue.java:442) ~[?:1.8.0_91]
	at java.util.concurrent.ExecutorCompletionService.take(ExecutorCompletionService.java:193) ~[?:1.8.0_91]
	at org.apache.jmeter.protocol.http.sampler.ResourcesDownloader.invokeAllAndAwaitTermination(ResourcesDownloader.java:178) ~[ApacheJMeter_http.jar:4.0 r1823414]
	at org.apache.jmeter.protocol.http.sampler.HTTPSamplerBase.downloadPageResources(HTTPSamplerBase.java:1343) [ApacheJMeter_http.jar:4.0 r1823414]
	at org.apache.jmeter.protocol.http.sampler.HTTPSamplerBase.resultProcessing(HTTPSamplerBase.java:1657) [ApacheJMeter_http.jar:4.0 r1823414]
	at org.apache.jmeter.protocol.http.sampler.HTTPAbstractImpl.resultProcessing(HTTPAbstractImpl.java:525) [ApacheJMeter_http.jar:4.0 r1823414]
	at org.apache.jmeter.protocol.http.sampler.HTTPHC4Impl.sample(HTTPHC4Impl.java:536) [ApacheJMeter_http.jar:4.0 r1823414]
	at org.apache.jmeter.protocol.http.sampler.HTTPSamplerProxy.sample(HTTPSamplerProxy.java:74) [ApacheJMeter_http.jar:4.0 r1823414]
	at org.apache.jmeter.protocol.http.sampler.HTTPSamplerBase.sample(HTTPSamplerBase.java:1189) [ApacheJMeter_http.jar:4.0 r1823414]
	at org.apache.jmeter.protocol.http.sampler.HTTPSamplerBase.sample(HTTPSamplerBase.java:1178) [ApacheJMeter_http.jar:4.0 r1823414]
	at org.apache.jmeter.threads.JMeterThread.executeSamplePackage(JMeterThread.java:490) [ApacheJMeter_core.jar:4.0 r1823414]
	at org.apache.jmeter.threads.JMeterThread.processSampler(JMeterThread.java:416) [ApacheJMeter_core.jar:4.0 r1823414]
	at org.apache.jmeter.threads.JMeterThread.run(JMeterThread.java:250) [ApacheJMeter_core.jar:4.0 r1823414]
	at java.lang.Thread.run(Thread.java:745) [?:1.8.0_91]
2018-04-08 18:08:19,563 INFO o.a.j.t.JMeterThread: Thread is done: Test-Easytravel 1-5
2018-04-08 18:08:19,563 INFO o.a.j.t.JMeterThread: Thread finished: Test-Easytravel 1-5
2018-04-08 18:08:19,533 WARN o.a.j.p.h.s.HTTPSamplerBase: Interrupted fetching embedded resources
java.lang.InterruptedException: null
	at java.util.concurrent.locks.AbstractQueuedSynchronizer$ConditionObject.reportInterruptAfterWait(AbstractQueuedSynchronizer.java:2014) ~[?:1.8.0_91]
	at java.util.concurrent.locks.AbstractQueuedSynchronizer$ConditionObject.await(AbstractQueuedSynchronizer.java:2048) ~[?:1.8.0_91]
	at java.util.concurrent.LinkedBlockingQueue.take(LinkedBlockingQueue.java:442) ~[?:1.8.0_91]
	at java.util.concurrent.ExecutorCompletionService.take(ExecutorCompletionService.java:193) ~[?:1.8.0_91]
	at org.apache.jmeter.protocol.http.sampler.ResourcesDownloader.invokeAllAndAwaitTermination(ResourcesDownloader.java:178) ~[ApacheJMeter_http.jar:4.0 r1823414]
	at org.apache.jmeter.protocol.http.sampler.HTTPSamplerBase.downloadPageResources(HTTPSamplerBase.java:1343) [ApacheJMeter_http.jar:4.0 r1823414]
	at org.apache.jmeter.protocol.http.sampler.HTTPSamplerBase.resultProcessing(HTTPSamplerBase.java:1657) [ApacheJMeter_http.jar:4.0 r1823414]
	at org.apache.jmeter.protocol.http.sampler.HTTPAbstractImpl.resultProcessing(HTTPAbstractImpl.java:525) [ApacheJMeter_http.jar:4.0 r1823414]
	at org.apache.jmeter.protocol.http.sampler.HTTPHC4Impl.sample(HTTPHC4Impl.java:536) [ApacheJMeter_http.jar:4.0 r1823414]
	at org.apache.jmeter.protocol.http.sampler.HTTPSamplerProxy.sample(HTTPSamplerProxy.java:74) [ApacheJMeter_http.jar:4.0 r1823414]
	at org.apache.jmeter.protocol.http.sampler.HTTPSamplerBase.sample(HTTPSamplerBase.java:1189) [ApacheJMeter_http.jar:4.0 r1823414]
	at org.apache.jmeter.protocol.http.sampler.HTTPSamplerBase.sample(HTTPSamplerBase.java:1178) [ApacheJMeter_http.jar:4.0 r1823414]
	at org.apache.jmeter.threads.JMeterThread.executeSamplePackage(JMeterThread.java:490) [ApacheJMeter_core.jar:4.0 r1823414]
	at org.apache.jmeter.threads.JMeterThread.processSampler(JMeterThread.java:416) [ApacheJMeter_core.jar:4.0 r1823414]
	at org.apache.jmeter.threads.JMeterThread.run(JMeterThread.java:250) [ApacheJMeter_core.jar:4.0 r1823414]
	at java.lang.Thread.run(Thread.java:745) [?:1.8.0_91]
2018-04-08 18:08:19,563 INFO o.a.j.t.JMeterThread: Thread is done: Test-Easytravel 1-7
2018-04-08 18:08:19,563 INFO o.a.j.t.JMeterThread: Thread finished: Test-Easytravel 1-7
2018-04-08 18:08:19,560 WARN o.a.j.p.h.s.HTTPSamplerBase: Interrupted fetching embedded resources
java.lang.InterruptedException: null
	at java.util.concurrent.locks.AbstractQueuedSynchronizer$ConditionObject.reportInterruptAfterWait(AbstractQueuedSynchronizer.java:2014) ~[?:1.8.0_91]
	at java.util.concurrent.locks.AbstractQueuedSynchronizer$ConditionObject.await(AbstractQueuedSynchronizer.java:2048) ~[?:1.8.0_91]
	at java.util.concurrent.LinkedBlockingQueue.take(LinkedBlockingQueue.java:442) ~[?:1.8.0_91]
	at java.util.concurrent.ExecutorCompletionService.take(ExecutorCompletionService.java:193) ~[?:1.8.0_91]
	at org.apache.jmeter.protocol.http.sampler.ResourcesDownloader.invokeAllAndAwaitTermination(ResourcesDownloader.java:178) ~[ApacheJMeter_http.jar:4.0 r1823414]
	at org.apache.jmeter.protocol.http.sampler.HTTPSamplerBase.downloadPageResources(HTTPSamplerBase.java:1343) [ApacheJMeter_http.jar:4.0 r1823414]
	at org.apache.jmeter.protocol.http.sampler.HTTPSamplerBase.resultProcessing(HTTPSamplerBase.java:1657) [ApacheJMeter_http.jar:4.0 r1823414]
	at org.apache.jmeter.protocol.http.sampler.HTTPAbstractImpl.resultProcessing(HTTPAbstractImpl.java:525) [ApacheJMeter_http.jar:4.0 r1823414]
	at org.apache.jmeter.protocol.http.sampler.HTTPHC4Impl.sample(HTTPHC4Impl.java:536) [ApacheJMeter_http.jar:4.0 r1823414]
	at org.apache.jmeter.protocol.http.sampler.HTTPSamplerProxy.sample(HTTPSamplerProxy.java:74) [ApacheJMeter_http.jar:4.0 r1823414]
	at org.apache.jmeter.protocol.http.sampler.HTTPSamplerBase.sample(HTTPSamplerBase.java:1189) [ApacheJMeter_http.jar:4.0 r1823414]
	at org.apache.jmeter.protocol.http.sampler.HTTPSamplerBase.sample(HTTPSamplerBase.java:1178) [ApacheJMeter_http.jar:4.0 r1823414]
	at org.apache.jmeter.threads.JMeterThread.executeSamplePackage(JMeterThread.java:490) [ApacheJMeter_core.jar:4.0 r1823414]
	at org.apache.jmeter.threads.JMeterThread.processSampler(JMeterThread.java:416) [ApacheJMeter_core.jar:4.0 r1823414]
	at org.apache.jmeter.threads.JMeterThread.run(JMeterThread.java:250) [ApacheJMeter_core.jar:4.0 r1823414]
	at java.lang.Thread.run(Thread.java:745) [?:1.8.0_91]
2018-04-08 18:08:19,565 INFO o.a.j.t.JMeterThread: Thread is done: Test-Easytravel 1-30
2018-04-08 18:08:19,565 INFO o.a.j.t.JMeterThread: Thread finished: Test-Easytravel 1-30
2018-04-08 18:08:19,544 WARN o.a.j.p.h.s.HTTPSamplerBase: Interrupted fetching embedded resources
java.lang.InterruptedException: null
	at java.util.concurrent.locks.AbstractQueuedSynchronizer$ConditionObject.reportInterruptAfterWait(AbstractQueuedSynchronizer.java:2014) ~[?:1.8.0_91]
	at java.util.concurrent.locks.AbstractQueuedSynchronizer$ConditionObject.await(AbstractQueuedSynchronizer.java:2048) ~[?:1.8.0_91]
	at java.util.concurrent.LinkedBlockingQueue.take(LinkedBlockingQueue.java:442) ~[?:1.8.0_91]
	at java.util.concurrent.ExecutorCompletionService.take(ExecutorCompletionService.java:193) ~[?:1.8.0_91]
	at org.apache.jmeter.protocol.http.sampler.ResourcesDownloader.invokeAllAndAwaitTermination(ResourcesDownloader.java:178) ~[ApacheJMeter_http.jar:4.0 r1823414]
	at org.apache.jmeter.protocol.http.sampler.HTTPSamplerBase.downloadPageResources(HTTPSamplerBase.java:1343) [ApacheJMeter_http.jar:4.0 r1823414]
	at org.apache.jmeter.protocol.http.sampler.HTTPSamplerBase.resultProcessing(HTTPSamplerBase.java:1657) [ApacheJMeter_http.jar:4.0 r1823414]
	at org.apache.jmeter.protocol.http.sampler.HTTPAbstractImpl.resultProcessing(HTTPAbstractImpl.java:525) [ApacheJMeter_http.jar:4.0 r1823414]
	at org.apache.jmeter.protocol.http.sampler.HTTPHC4Impl.sample(HTTPHC4Impl.java:536) [ApacheJMeter_http.jar:4.0 r1823414]
	at org.apache.jmeter.protocol.http.sampler.HTTPSamplerProxy.sample(HTTPSamplerProxy.java:74) [ApacheJMeter_http.jar:4.0 r1823414]
	at org.apache.jmeter.protocol.http.sampler.HTTPSamplerBase.sample(HTTPSamplerBase.java:1189) [ApacheJMeter_http.jar:4.0 r1823414]
	at org.apache.jmeter.protocol.http.sampler.HTTPSamplerBase.sample(HTTPSamplerBase.java:1178) [ApacheJMeter_http.jar:4.0 r1823414]
	at org.apache.jmeter.threads.JMeterThread.executeSamplePackage(JMeterThread.java:490) [ApacheJMeter_core.jar:4.0 r1823414]
	at org.apache.jmeter.threads.JMeterThread.processSampler(JMeterThread.java:416) [ApacheJMeter_core.jar:4.0 r1823414]
	at org.apache.jmeter.threads.JMeterThread.run(JMeterThread.java:250) [ApacheJMeter_core.jar:4.0 r1823414]
	at java.lang.Thread.run(Thread.java:745) [?:1.8.0_91]
2018-04-08 18:08:19,537 WARN o.a.j.p.h.s.HTTPSamplerBase: Interrupted fetching embedded resources
java.lang.InterruptedException: null
	at java.util.concurrent.locks.AbstractQueuedSynchronizer$ConditionObject.reportInterruptAfterWait(AbstractQueuedSynchronizer.java:2014) ~[?:1.8.0_91]
	at java.util.concurrent.locks.AbstractQueuedSynchronizer$ConditionObject.await(AbstractQueuedSynchronizer.java:2048) ~[?:1.8.0_91]
	at java.util.concurrent.LinkedBlockingQueue.take(LinkedBlockingQueue.java:442) ~[?:1.8.0_91]
	at java.util.concurrent.ExecutorCompletionService.take(ExecutorCompletionService.java:193) ~[?:1.8.0_91]
	at org.apache.jmeter.protocol.http.sampler.ResourcesDownloader.invokeAllAndAwaitTermination(ResourcesDownloader.java:178) ~[ApacheJMeter_http.jar:4.0 r1823414]
	at org.apache.jmeter.protocol.http.sampler.HTTPSamplerBase.downloadPageResources(HTTPSamplerBase.java:1343) [ApacheJMeter_http.jar:4.0 r1823414]
	at org.apache.jmeter.protocol.http.sampler.HTTPSamplerBase.resultProcessing(HTTPSamplerBase.java:1657) [ApacheJMeter_http.jar:4.0 r1823414]
	at org.apache.jmeter.protocol.http.sampler.HTTPAbstractImpl.resultProcessing(HTTPAbstractImpl.java:525) [ApacheJMeter_http.jar:4.0 r1823414]
	at org.apache.jmeter.protocol.http.sampler.HTTPHC4Impl.sample(HTTPHC4Impl.java:536) [ApacheJMeter_http.jar:4.0 r1823414]
	at org.apache.jmeter.protocol.http.sampler.HTTPSamplerProxy.sample(HTTPSamplerProxy.java:74) [ApacheJMeter_http.jar:4.0 r1823414]
	at org.apache.jmeter.protocol.http.sampler.HTTPSamplerBase.sample(HTTPSamplerBase.java:1189) [ApacheJMeter_http.jar:4.0 r1823414]
	at org.apache.jmeter.protocol.http.sampler.HTTPSamplerBase.sample(HTTPSamplerBase.java:1178) [ApacheJMeter_http.jar:4.0 r1823414]
	at org.apache.jmeter.threads.JMeterThread.executeSamplePackage(JMeterThread.java:490) [ApacheJMeter_core.jar:4.0 r1823414]
	at org.apache.jmeter.threads.JMeterThread.processSampler(JMeterThread.java:416) [ApacheJMeter_core.jar:4.0 r1823414]
	at org.apache.jmeter.threads.JMeterThread.run(JMeterThread.java:250) [ApacheJMeter_core.jar:4.0 r1823414]
	at java.lang.Thread.run(Thread.java:745) [?:1.8.0_91]
2018-04-08 18:08:19,538 WARN o.a.j.p.h.s.HTTPSamplerBase: Interrupted fetching embedded resources
java.lang.InterruptedException: null
	at java.util.concurrent.locks.AbstractQueuedSynchronizer$ConditionObject.reportInterruptAfterWait(AbstractQueuedSynchronizer.java:2014) ~[?:1.8.0_91]
	at java.util.concurrent.locks.AbstractQueuedSynchronizer$ConditionObject.await(AbstractQueuedSynchronizer.java:2048) ~[?:1.8.0_91]
	at java.util.concurrent.LinkedBlockingQueue.take(LinkedBlockingQueue.java:442) ~[?:1.8.0_91]
	at java.util.concurrent.ExecutorCompletionService.take(ExecutorCompletionService.java:193) ~[?:1.8.0_91]
	at org.apache.jmeter.protocol.http.sampler.ResourcesDownloader.invokeAllAndAwaitTermination(ResourcesDownloader.java:178) ~[ApacheJMeter_http.jar:4.0 r1823414]
	at org.apache.jmeter.protocol.http.sampler.HTTPSamplerBase.downloadPageResources(HTTPSamplerBase.java:1343) [ApacheJMeter_http.jar:4.0 r1823414]
	at org.apache.jmeter.protocol.http.sampler.HTTPSamplerBase.resultProcessing(HTTPSamplerBase.java:1657) [ApacheJMeter_http.jar:4.0 r1823414]
	at org.apache.jmeter.protocol.http.sampler.HTTPAbstractImpl.resultProcessing(HTTPAbstractImpl.java:525) [ApacheJMeter_http.jar:4.0 r1823414]
	at org.apache.jmeter.protocol.http.sampler.HTTPHC4Impl.sample(HTTPHC4Impl.java:536) [ApacheJMeter_http.jar:4.0 r1823414]
	at org.apache.jmeter.protocol.http.sampler.HTTPSamplerProxy.sample(HTTPSamplerProxy.java:74) [ApacheJMeter_http.jar:4.0 r1823414]
	at org.apache.jmeter.protocol.http.sampler.HTTPSamplerBase.sample(HTTPSamplerBase.java:1189) [ApacheJMeter_http.jar:4.0 r1823414]
	at org.apache.jmeter.protocol.http.sampler.HTTPSamplerBase.sample(HTTPSamplerBase.java:1178) [ApacheJMeter_http.jar:4.0 r1823414]
	at org.apache.jmeter.threads.JMeterThread.executeSamplePackage(JMeterThread.java:490) [ApacheJMeter_core.jar:4.0 r1823414]
	at org.apache.jmeter.threads.JMeterThread.processSampler(JMeterThread.java:416) [ApacheJMeter_core.jar:4.0 r1823414]
	at org.apache.jmeter.threads.JMeterThread.run(JMeterThread.java:250) [ApacheJMeter_core.jar:4.0 r1823414]
	at java.lang.Thread.run(Thread.java:745) [?:1.8.0_91]
2018-04-08 18:08:19,537 WARN o.a.j.p.h.s.HTTPSamplerBase: Interrupted fetching embedded resources
java.lang.InterruptedException: null
	at java.util.concurrent.locks.AbstractQueuedSynchronizer$ConditionObject.reportInterruptAfterWait(AbstractQueuedSynchronizer.java:2014) ~[?:1.8.0_91]
	at java.util.concurrent.locks.AbstractQueuedSynchronizer$ConditionObject.await(AbstractQueuedSynchronizer.java:2048) ~[?:1.8.0_91]
	at java.util.concurrent.LinkedBlockingQueue.take(LinkedBlockingQueue.java:442) ~[?:1.8.0_91]
	at java.util.concurrent.ExecutorCompletionService.take(ExecutorCompletionService.java:193) ~[?:1.8.0_91]
	at org.apache.jmeter.protocol.http.sampler.ResourcesDownloader.invokeAllAndAwaitTermination(ResourcesDownloader.java:186) ~[ApacheJMeter_http.jar:4.0 r1823414]
	at org.apache.jmeter.protocol.http.sampler.HTTPSamplerBase.downloadPageResources(HTTPSamplerBase.java:1343) [ApacheJMeter_http.jar:4.0 r1823414]
	at org.apache.jmeter.protocol.http.sampler.HTTPSamplerBase.resultProcessing(HTTPSamplerBase.java:1657) [ApacheJMeter_http.jar:4.0 r1823414]
	at org.apache.jmeter.protocol.http.sampler.HTTPAbstractImpl.resultProcessing(HTTPAbstractImpl.java:525) [ApacheJMeter_http.jar:4.0 r1823414]
	at org.apache.jmeter.protocol.http.sampler.HTTPHC4Impl.sample(HTTPHC4Impl.java:536) [ApacheJMeter_http.jar:4.0 r1823414]
	at org.apache.jmeter.protocol.http.sampler.HTTPSamplerProxy.sample(HTTPSamplerProxy.java:74) [ApacheJMeter_http.jar:4.0 r1823414]
	at org.apache.jmeter.protocol.http.sampler.HTTPSamplerBase.sample(HTTPSamplerBase.java:1189) [ApacheJMeter_http.jar:4.0 r1823414]
	at org.apache.jmeter.protocol.http.sampler.HTTPSamplerBase.sample(HTTPSamplerBase.java:1178) [ApacheJMeter_http.jar:4.0 r1823414]
	at org.apache.jmeter.threads.JMeterThread.executeSamplePackage(JMeterThread.java:490) [ApacheJMeter_core.jar:4.0 r1823414]
	at org.apache.jmeter.threads.JMeterThread.processSampler(JMeterThread.java:416) [ApacheJMeter_core.jar:4.0 r1823414]
	at org.apache.jmeter.threads.JMeterThread.run(JMeterThread.java:250) [ApacheJMeter_core.jar:4.0 r1823414]
	at java.lang.Thread.run(Thread.java:745) [?:1.8.0_91]
2018-04-08 18:08:19,540 WARN o.a.j.p.h.s.HTTPSamplerBase: Interrupted fetching embedded resources
java.lang.InterruptedException: null
	at java.util.concurrent.locks.AbstractQueuedSynchronizer$ConditionObject.reportInterruptAfterWait(AbstractQueuedSynchronizer.java:2014) ~[?:1.8.0_91]
	at java.util.concurrent.locks.AbstractQueuedSynchronizer$ConditionObject.await(AbstractQueuedSynchronizer.java:2048) ~[?:1.8.0_91]
	at java.util.concurrent.LinkedBlockingQueue.take(LinkedBlockingQueue.java:442) ~[?:1.8.0_91]
	at java.util.concurrent.ExecutorCompletionService.take(ExecutorCompletionService.java:193) ~[?:1.8.0_91]
	at org.apache.jmeter.protocol.http.sampler.ResourcesDownloader.invokeAllAndAwaitTermination(ResourcesDownloader.java:178) ~[ApacheJMeter_http.jar:4.0 r1823414]
	at org.apache.jmeter.protocol.http.sampler.HTTPSamplerBase.downloadPageResources(HTTPSamplerBase.java:1343) [ApacheJMeter_http.jar:4.0 r1823414]
	at org.apache.jmeter.protocol.http.sampler.HTTPSamplerBase.resultProcessing(HTTPSamplerBase.java:1657) [ApacheJMeter_http.jar:4.0 r1823414]
	at org.apache.jmeter.protocol.http.sampler.HTTPAbstractImpl.resultProcessing(HTTPAbstractImpl.java:525) [ApacheJMeter_http.jar:4.0 r1823414]
	at org.apache.jmeter.protocol.http.sampler.HTTPHC4Impl.sample(HTTPHC4Impl.java:536) [ApacheJMeter_http.jar:4.0 r1823414]
	at org.apache.jmeter.protocol.http.sampler.HTTPSamplerProxy.sample(HTTPSamplerProxy.java:74) [ApacheJMeter_http.jar:4.0 r1823414]
	at org.apache.jmeter.protocol.http.sampler.HTTPSamplerBase.sample(HTTPSamplerBase.java:1189) [ApacheJMeter_http.jar:4.0 r1823414]
	at org.apache.jmeter.protocol.http.sampler.HTTPSamplerBase.sample(HTTPSamplerBase.java:1178) [ApacheJMeter_http.jar:4.0 r1823414]
	at org.apache.jmeter.threads.JMeterThread.executeSamplePackage(JMeterThread.java:490) [ApacheJMeter_core.jar:4.0 r1823414]
	at org.apache.jmeter.threads.JMeterThread.processSampler(JMeterThread.java:416) [ApacheJMeter_core.jar:4.0 r1823414]
	at org.apache.jmeter.threads.JMeterThread.run(JMeterThread.java:250) [ApacheJMeter_core.jar:4.0 r1823414]
	at java.lang.Thread.run(Thread.java:745) [?:1.8.0_91]
2018-04-08 18:08:19,536 WARN o.a.j.p.h.s.HTTPSamplerBase: Interrupted fetching embedded resources
java.lang.InterruptedException: null
	at java.util.concurrent.locks.AbstractQueuedSynchronizer$ConditionObject.reportInterruptAfterWait(AbstractQueuedSynchronizer.java:2014) ~[?:1.8.0_91]
	at java.util.concurrent.locks.AbstractQueuedSynchronizer$ConditionObject.await(AbstractQueuedSynchronizer.java:2048) ~[?:1.8.0_91]
	at java.util.concurrent.LinkedBlockingQueue.take(LinkedBlockingQueue.java:442) ~[?:1.8.0_91]
	at java.util.concurrent.ExecutorCompletionService.take(ExecutorCompletionService.java:193) ~[?:1.8.0_91]
	at org.apache.jmeter.protocol.http.sampler.ResourcesDownloader.invokeAllAndAwaitTermination(ResourcesDownloader.java:178) ~[ApacheJMeter_http.jar:4.0 r1823414]
	at org.apache.jmeter.protocol.http.sampler.HTTPSamplerBase.downloadPageResources(HTTPSamplerBase.java:1343) [ApacheJMeter_http.jar:4.0 r1823414]
	at org.apache.jmeter.protocol.http.sampler.HTTPSamplerBase.resultProcessing(HTTPSamplerBase.java:1657) [ApacheJMeter_http.jar:4.0 r1823414]
	at org.apache.jmeter.protocol.http.sampler.HTTPAbstractImpl.resultProcessing(HTTPAbstractImpl.java:525) [ApacheJMeter_http.jar:4.0 r1823414]
	at org.apache.jmeter.protocol.http.sampler.HTTPHC4Impl.sample(HTTPHC4Impl.java:536) [ApacheJMeter_http.jar:4.0 r1823414]
	at org.apache.jmeter.protocol.http.sampler.HTTPSamplerProxy.sample(HTTPSamplerProxy.java:74) [ApacheJMeter_http.jar:4.0 r1823414]
	at org.apache.jmeter.protocol.http.sampler.HTTPSamplerBase.sample(HTTPSamplerBase.java:1189) [ApacheJMeter_http.jar:4.0 r1823414]
	at org.apache.jmeter.protocol.http.sampler.HTTPSamplerBase.sample(HTTPSamplerBase.java:1178) [ApacheJMeter_http.jar:4.0 r1823414]
	at org.apache.jmeter.threads.JMeterThread.executeSamplePackage(JMeterThread.java:490) [ApacheJMeter_core.jar:4.0 r1823414]
	at org.apache.jmeter.threads.JMeterThread.processSampler(JMeterThread.java:416) [ApacheJMeter_core.jar:4.0 r1823414]
	at org.apache.jmeter.threads.JMeterThread.run(JMeterThread.java:250) [ApacheJMeter_core.jar:4.0 r1823414]
	at java.lang.Thread.run(Thread.java:745) [?:1.8.0_91]
2018-04-08 18:08:19,559 WARN o.a.j.t.JMeterThread: Interrupting: Test-Easytravel 1-6 sampler: http://ec2-54-84-118-207.compute-1.amazonaws.com:8079/orange-booking-review.jsf
